eoY8b509QDBEiPqW+jBCT9IGpLpCUPIZEHYyW20565i3TCWaN0CiPJybWje69vVBPwYwI9ULl86PpokIk5SFsOnoS4koDCJWjeLaEXML5p7ws86w/M8sBEMtROhViyjsy1twh18C+pnX/87VA+BJSHlc8hJl+QyILdIQ4Ol9KG5MjcYDJVKZ9zVMI/S7oq7J
rPtMzfKisTtGBEuP2aPWaWCR2vrVTlMYHgBshv4lqM67GEAym81JBph8AyRPVpGZktiB0Nwvu7FQRCYkA8tUWpL8aRxCo/+NZgREHSZSIHl8TgdzfDq5bQjW31V4hWMUCnPzwZanT6aJko2yWrD5j5wCqUzockXbSBQYww7B2YSp3VEyO8a3pK7T
MhqnmDlW5GgCIGvqkWF7W6nFxAh6/wJdBaflXSknw3nr+s+J4i9eWcdJhK3N4NSJGR8qagIQOSiUjh1vAaTuSbw0hHxyuP3mi9kBohjYSzBahzsdMhypxIz7MxUQYC7wU1/8nrL4QcjSN7epZiAMibaGCH1ciq/nLO6xSUhyV4EokUvQqvdbFYazBwIJNsWmSmRRCzzGgVi4ps1/CDAQF15VcUCJ2Xnmq1L/gK73
mUZIY+q7p17s4tTNpL6U8DlbEW+h2Ve2z9AkiO1XOL/tONWxk8LPHur6udt/YOp9aqC9xMMXxmpZiu0DYy72qcamzZbKwq/O6vTPvfzgX98WWI+dEkyovffygvnempJ5jen7/8Ue7bc8NKMzoxT3w0D4rbpkWoynx/GMew0X06Gvrto=
GoKUhKQVkLVRXyytDzYkBssLCryQht286drO3ruV10nsjFOy0+0UYSmn3CdhuFkp97uKVtbapdN7cM5FJuDxvKeHQuLFahHLpx7SscqmwY7u8msGFhRTNXhwO6daGMOlNlystevSvrGa6vbhAWl3ZyHuKX8AFL87pwTT+4w4YUKAyggvW5HwM0kn97mjrtY=
rzN4iFZ7UANX6tDgjCPqe8sLCryQht286drO3ruV10nsnVu81eIVMymn3CdhuFkp97qKVtbapdN7cM5FJuDxvKeHQuLFahHLpx7SscqmwY7u8msGFhRTNXhwO6daGMOlNlystevSvrGa6vbhAWl3ZyHuKX8AFL87pwTT+4w4YUKAyggvW5HwM0kn97mjrtY=
fE/CBfW/wq5fLJ6qJjU/OukqJgRFkTL2gjsmOp5BCzoDZV43j7vuNAzmYXTJ2sSgV1FwMykN+rP7g107DdeY/404NXEzSa5eyvpZGx/gSr2KoJ2Eo5dmqnmKjUPDrhZp5qbtVipCD46K9O99XGA/nzZYb12yzMh9F/Kiub4aMrlt6Zu/ZZ4Ndxw0w3NDlFeDIPiNeoTaLOfn8Wy7rZez4Y+u+g==
uk+D15gJqBBlgY9TVnqBcM22akoBpCZeRC1aXAhPJSk4yAUcG+hZRgt5wYIY+IuQ3Cf4PTJ8aSQMm/P1EABuENM/vH6y2AFoUpf3iWYATCk2JkhdXGrvh6wO8SlIkpfhqHGLsKrXm7UGE8ciCRYFBsrEkSs8pkG4OMYNnwhQUPfeNTGgifk5Rivyv6Cu1w==
KM5jzkklelrJt8S048dSLnY/NEjZY3GMdC/xlJ6X/BNBUXFB1NzkQS5I7Vu9F0jf/TjFUWMPHr56esm7z6A6nZqgjeSTV7bK6Qp947PuxonWpt22+gJ/Lnp0fx2MoA//Jlh/fcKMGN2HchJZDlpimZ3p65+1Xr0XrLRT0xNUp6Mw+J2atJp8B3dxHBtdV+OBv67K
RiLC2n9M5h4dxTkCosuzfo8VrqpeWPFKCnQsS35+97u3QSX1US7LJpWMQz+FwNgmd0picYxvgtKFzqQ9l5ewvvLqS4koDCJWjeLaEXML5p7ws86w/M8sBEMtROhViyjsy1twh18C+pnX/87VA+BJSHlc8hJl+QyILdIQ4Ol9KG5MjcYDJVKZ9zVMI/S7oq7J
p10LK1/csqyhoK0AClYWkr3vOUQ294SD+dGJ0XN2wkMjwyWrlTdQr+U43aF7LTbOMjoBaycAgg3iIDV0a7cemqFKNdNbDt65zqbFhuLilx4yNDdNJED3b57YB+16LPANTzJaKSZ6emmF6fPvrX6V52R0G4N79B8zyHglCsz61Ne/sdQrNTf7saeu0g==
Npys2tTHWvAW3X55kqHxFu7D2JqtgqhXU574gZxyyJ4rQdGKGPCbqP3+CPXytNl8bONjfZCI/ugz5ww28pBxMHKv54FmCFwRFn44FRwiX19M9mGhyBoHmcgpO3hqH2ttJivXKgkeFT7qHGHj/G7x4Fi+nReI2MAPPu2B6MmxSR4Lyq+ort8=
bnX4Afw6uAf5FdzzaZcI+2+RPVQmfysA9j9AKRNbx5GzejkFWlT5mERulArP4wnj0Yf0V3m4Qdnfn/MGHhptYyMQZtXeYEkszyeaEg0qWZuf/jqB0qbZvgYSU1ZeVJvFoNBTN+KYOzWePPQFIxJ24eLK3hEZaW8XCc7Rr0hU94t/5Htr9LjZ0mhqUF8TUTjjcUefibuuzg==
Cuw46sbduPo3Csv7ZWhx4cG3ZkcY5W8WWzoDUUQQeXs60UQcG+hZRgt5wYIY+IuQ2yb4PTJ8aSQMm/P1EABuENM/vH6y2AFoUpf3iWYATCk2JkhdXGrvh6wO8SlIkpfhqHGLsKrXm7UGE8ciCRYFBsrEkSs8pkG4OMYNnwhQUPfeNTGgifk5Rivyv6Cu1w==
AF8ep1oXMaYR10jOi2hBJPIWSXmZT2YTXIOOSnDawIRxgDgYA2yaFaewnQd64lavRPEaTA3yMGHq8doWxfMYUcJ4EzIpuhDcN3GkWVI+CL7prxHC6WHfDeN310I26O8SxdgaJQ1beES6+w2ae6X53piks0yp+sFh0mBRuHyHy2nQHNaMoyME4lKEubQiS0/VZlz09Ub68AG89leb3JJJNYgOr/3Y7bOsSoujaXbP/36JSj3auhipd9y6eSRI2jUDyEzoa64piTxppYGaWy4H/K6L
bneTrGujufXms6L7yu03B0/+YkCFgyxQLl9lCfAE2l0PKudxbncHMIHA4b62+Vam9wLaZ2X3YM/1OM1BS2NHb4K6kct3QNItEiAFFDv3znoxykWz684umd6m1aYSIid+QrSnrfQApw+u2PfNKmygrd+y6olWOkqJlenjj52+ZUfU9IsjqzTPE7h4FeocOoS3LzEky4V3i5G3rsI=
FyKJ5kSNN/pFbhdMIB3cfbi1ixOmoFJW4XgeCjZncNTFmoMnSJL0lLUhk9p75XkemGQzDKa5QaHSoNF4fMdLKdDcVkyjY4SiUsQ5dCKLz5VmHHQ1RjpwQby219vcUsn1iE4vvdgtM2xKSyMpdo9/vomKvZq6WCm33Hr55EiatUPIjGirrmkJfGnlAVpb7oe8rss=
zwccdNfajnSUcmiD7Gb0g2Xn4oF9wo7trqiercr9QqRg7LCnNoPjbxZjI/gbbT1yRoxkiteH0dgkoYRAU9jNL+h2N/qjXy2WWDVIJkMKZHrhkqSEoaHS2FHD+LhhQdz0BuGZggxlUCI8pUMpNSPrJuOrMkTNb40sOR+uGEMm6uIiO6mBwidDL/29oa7U
+97nUt7vYRwOs8cU/IsnEmcF+LRg/r3TL6+nH3L7r3iX9dmBgkS4quuP1chA2cgAH2Bpv2z+yxp/l+mmfC1EJk8SQEolWnhkXSlWSPV7tPgtObjkAumlotCtlNLYPc+pubuPVqfjbmTxZ4k83edi2I+eTnKms9Xhnm8HH9mlra7Y
+CsfPaweqkRm9I/PV/mMSJdrMfZ+Nku2NTyD72Uw2DZXeiQn4h8CQiV+ZO13Z7Cu0toL2Uh8osYtUhrBk/vmjtCDjuCcv6yU452EOLV7KPzrazDXP3J6CXdPDgXjEElYWWyyQgWJjBiNYtAwCY0ofmy9hlNFIhlnlfzjJFtSrtk=
H3kOOx0N5/XV99HeLFBckWUF+KVi6LnTL6+nH3L7r3iX9dmHgkS4quuP1chA2cgAH2Bpv2z+yxp/l+mmfC1EJk8SQEolWnhkXSlWSPV7tPgtObjkAumlotCtlNLYPc+pubuPVqfjbmTxZ4k83edi2I+eTnKms9Xhnm8HH9mlra7Y
LKo0DCS81JZA0PpN2m2lUpdrN+BiK0u2NTyD72Uw2DZXeiIn4h8CQiV+ZO13Z7Cu0toL2Uh8osYtUhrBk/vmjtCDjuCcv6yU452EOLV7KPzrazDXP3J6CXdPDgXjEElYWWyyQgWJjBiNYtAwCY0ofmy9hlNFIhlnlfzjJFtSrtk=
ctILxPcFEMc2Y1LVk2fcfJdrNvZwLku2NTyD72Uw2DZXeiEn4h8CQiV+ZO13Z7Cu0toL2Uh8osYtUhrBk/vmjtCDjuCcv6yU452EOLV7KPzrazDXP3J6CXdPDgXjEElYWWyyQgWJjBiNYtAwCY0ofmy9hlNFIhlnlfzjJFtSrtk=
55+kkbEVz2bD66SrsgDJH3l0M6ggQCRgaQftDA0vTjz+nEBVVBQr9Y/VeUJtxabcFW8fv7oLt3iPhZEgPdVQasO/zagIiXCA57Chn3SOo1rXBxFGtB1cJlciiKrdytAkNVlOaD2rTHiVafCEGtmNYjg9LHKQTdepoUtH9h9zBiTZV5HcFTfaWPfOBlK+Qz0hNv9/f5GVta7A
BQcfMgEf7M54/LitwTJ4Bgygxang5NBnvJ70v9NYKDK00f6rovxyydRywLxTwFkt6MPfniXa5CNoVew9Qei0ja83jUOQmJ64c1fsxnIg0UAy/8eRZhh8QVYOmKWc0r/vDKYBscgK50kImVsI6q/Lneb79zoJDjXuKuzBU3wekVCYbn0HiMigX35dYRhJAeluS5qPuK7P
h6TZvj1ywnu2ggJtXzGfpAygxang5NBnvJ70v9NYKDK00f6rovxyydRywLxTwFkt6MPfniXa5CNoVew9Qei0ja83jUOQmJ64c1fsxnIg0UAy/8eRZhh8QVYOmKWc0r/vDKYBscgK50kImVsI6q/Lneb79zoJDjXuKuzBU3wekVCYbn0Bi8iiX35dYRhJAeluS5qPuK7P
pjHsoExKJp2gZBoFxOq47S4ahC0439hnhZr9vtbjtnspJb+xL6E3OoUGY8eKJIlV4N3llIazbD9nZU0lpf37NWEbO//cXluaj3c5ZkwNVCZfMnCK9bqI5M2J5gilG8T4HRloJPIJNSJgDcSSqF3fqalbf5Z3Q97kYQf5fI3HUdp/fJ6yFhNFYe4PV1/phb2uyA==
