6CH7ppM80/W3DNLFrsSYytFZMP7an4n1pM/P0aiT1HXsxB6U4c0oKSC9yEBXhnM9rO7YB5HmsNw8WOR4LtLxrq6+KuCdbS/Dyh7Y3c6p24fg8X4BGS1VN2lzI75HAOiKK1uusODdiIKW+uzrPkZ2cDfIIBl5d6U1oQbR6Zk9bkmFwQAlS4P2M0kn97mip9E=
F5b18rczxl5rryo/B7i3rh17bEUmOpy05/sVGMslVGXXCz7yZ4SucJiW0vrpPN+ys8wwKP9hTLGijINk7CxL3XmvrIZuUUgpXQtWaRhtT52D+6+rFZIhYI6mHUOovPbtnu7woton+IawvIGQRnXvxzO5J55nRf9dCOUzGcbpnbOgXy8/wbWkp9c=
Q7XIvZIZNusPytLaWowPczMxitYmsbOGGnA1o7245kdhVAtqw9HMT9YdLVl9WQHk37mUh5umq3MLJv6n3HPjM9U4lPM6V2fie8zK8HxezuogwVnS99Q8GIPpqHGGhL+UYLQP/X2X4BbymWwpecPK+VRVS73HYyNbKZoFoGouYXOkpLKNGhY8ssbvHAbU9J2ACg1rJ/ehK66bzZsdLO0PaUpxWZOkZ+OvXf2Ap/M=
Bph2I9oRhWLSBhzNt+JV556J9Rkkj1A1L9dYebbYNgeQc2AvdmeiTwoQYmV8sCM14fmqrljbJkrVilFJYrGDgWkWXQsFfxc+BQB1Gh+6MPiQdWDQn3+W18WN8PWmpVWRppuKvFyBrz4/0FeyCujHRs2Tg15lsaPc+5NhChvep62n3A==
pPPC03dMecf/Whkk+X6aWY3uWxVO/DwBWSZBGhBLJyt9xkhVT6YMFAZ0rosQ//iDxiL7I2p8emlMnPv5ITVyAuhXvia15gkFUp2bjWkaRSc1M09SZWztlq8W6DRQubj8r3OOu6XhqLkWCc0dJhcSEOzN91JfvE++OsQfig1fW/LVPTuwm/85Rivyv6Gn0A==
4p4+jaoRs0Hy4a88o2AFrY3uWxVO/DwBWSZBGhBLJyt910BbSakNRgZ0rosQ//iDxiP7I2p8emlMnPv5ITVyAuhXvia15gkFUp2bjWkaRSc1M09SZWztlq8W6DRQubj8r3OOu6XhqLkWCc0dJhcSEOzN91JfvE++OsQfig1fW/LVPTuwm/85Rivyv6Gn0A==
4tHnqv2I4jmg5+5FM3FSYpgRqrpkBHcBrrWrI/ePpID42vQZPQLDmS6w5O1tOldw0OO0pYw73VB75EGqNjj2J5BToM/2zOMvCjCihfwQY1XhGWoO2LtmatVqkeni0cOhaTYda4Xf194FIDV6nxrwGJAVIHAfn1b3xe2wVSZFlbGmu0pc3CHvXj/wl1KKSIcmzXND/uXR4/z7c6Gqm77njaf8
4P+Srkgeg/a0+WwuRqoygivw9Id4spTlu6WZ9PW4SLNx5PXzc+fjYhsMKvAcHi5qRoF60teUnJgjqYhxZsTfFIB0b/2dV0CWUllMKVkDann0lau9p6PD20na5aBKbsHzBOSSjTpWXDImr3wGNDT9AOrNSyfXYYsuOw27HUwt7+kqMbmTxCdDL/29oKfT
ixwA0DWy/EWitCW3JWOU172wzlb76gwRpmkEXSpnf9PWk4UnQZrzkr4/4dp26BYXkGNAH7a6Q7+KoMI1PMBDJeHpSl6YC4b6VfoxGSKBo5FpBn07RS93ToWw1crfStDokGUAoN8vNmdFfRAlZpV1gaaLqoycUU/Ov2D34kqYp1bNg2OupWEDbHvjAVpb7oe9p8w=
EW8xTnLer2UPRtkYIi4njoxKOu7Gl4qmvs3RwbvUyFbsyR77h6NBMymq0UhosF5a5KKKVciCpcA2MMlNKtHEoLW8KuCdbS/Dyh7Y3c6p24fg8X4BGS1VN2lzI75HAOiKK1uusODdiIKW+uzrPkZ2cDfIIBl5d6U1oQbR6Zk9bkmFwQAlS4P2M0kn97mip9E=
2fm4SiCFoKMmpjpcGU07H2eR1PWKDw9LVgt1z/447bi7TDEylsAmD5B7cDdWUJOHytiSnZwos71hcTo2OKNWApXCYXFCqZOJaR5NEyVHJ3ZFSAVifyKgcBD98Eh/h2YfBUXAzYa9RZmmk5qkfLmf9v8Yp0rqcFfOTRsTxgXJ05S721EyO8a3pafU
/tzOCDkPEjNDFRf1j31pAhlDAzpYTf3VAprg5gxlWoLzHCLwFA5GCh/QQhIPZGR4ixkA8e60t7Q4xLc9ZYeYtnpJRClRE0JZLEVTfX8Te3shqm0gwt5pE/wUSk0CBgRSTr90BjwkFeAyHXNnjxHzTpO9M53E3QdJkoHh07x3Gw/Vrain2w==
cwTBs5oDqSf9lPLTYrHdzifx+Iph892tpLLA+bnnF+Fz/bTzc+fjYhsMKvAcHi5qQYB60teUnJgjqYhxZsTfFIB0b/2dV0CWUllMKVkDann0lau9p6PD20na5aBKbsHzBOSSjTpWXDImr3wGNDT9AOrNSyfXYYsuOw27HUwt7+kqMbmTxCdDL/29oKfT
RvDpE5N1N2Wq6jc0ymSPGE+OFfyMPMCulAvtJSTbNIHSz8p0/j1QUwcl8kxS8sz3dAj9sFPSCmMa64dhfsCsE4qDmqDHgGCj+hu6w8fuJTYlkkgjq1OVfNZVKbUNJOhmROu784AD3BeewFvST/R2cMBm+toXaNdyO/woSFdxNDGanGvE9NzDnXH/FGYG4ZAphbs+iaA9R90LC7cL/YIZ4Pa2tSOwjH4tlr4IgvLXoIZozKmwPqXnh7uJP37PVQfdMPVbud6ZFXOoj5dfKQX8p48=
ck6ekykpEYCUCIYvDgPnVWvo9wEkhcui7diHf5p1j9ilZPrQwp+8CB4KDdArh0lNf33e7lYQBh+Qa1Dnlu4y9kpocm1ceNOtYWHa5njTNrIVMsHBAvmzmWkObUNl94eGxfhlEj/yQGAQ7ZAYv3eGr4U1YH1GbWWJpoO6dLwJP4Z/qEe6KiA33k0L8xZFubMkOyvxgnuWl7WnxA==
kcWR6m8RxYv6BdTPoujbqpx5Dh5LjN8VNJHDpu3cj2uKYae8hYDShJJLdExeTsUEe9Phqd8ZdnrGhI6bEO/YcwZ6mpLqjNo5DKwb6SElEjIohx5WNVbp1RLtu51pCmVXdeOv4uUcTUZvJogkUKlYzO8jLkslUcjp1vntDSYHMuAsnZfi30zv7nr0/5oNTzvCFe2bwBtP2ZZrgp+xp8A=
syrxK6fEi8vkGgUzeeHEIgkE75aL0wVVmrgURSVtXQ3sDuwpNw0ZSBsO3uLfzj9388+uX1JncNyVauEoeLBOutTi1/Q5AjWghvAZbVrR9EBl/FpADe2fo5reKP3eqcunEDEuYamtxZcZM/NedwCYqvubHtBwXXgixrrcCy5GZhAHCPC5Cfc11RFGgclpPV4p1QHwhdsDRtOZZ4eZsqfB
BfAZV1OZEW+NfiwKgC0fidOFiWcQA1uC0x88l8ek7eLzUXJX0451rr6uem0Qbr6QmV6jBbX7D9c6MA5CytnQEWQJvowu4FpidlOkSr+LgbuOqLARisSl2GVfmms/H+m0me0NVVtQlbKh7AeAbIYw94QWt3X6mXUfBCOevynPZnkOGhTroxDvIsMEUpLbeC1RJ9gN+4/SC0HVnGOEm7On/g==
XZLMbGwMGIIwNnxxypEgajRIkjIk0thnlJqgvc3rt2AEaeKxBYoQB9FaBdKPdLZwgOa62tjrF3J7fGhIl/H0MVocK8S0XAOdsX9UZkZhUClFO36J4L2H3cuL9wu9AtngNjZ1I/AMPi1WPsiCslfghqhMabB+JaeHewn/fo/VR91wdZu5HhlVc+gPV1/phbynzw==
mwk+x73SrXH6jkgQqHSW4SJsHvmadSwTJ243cTyV0RxtCS7OSBzevmJNUL28zY6ZIdu6rs43NPZXX8HXlqxAzcKwBVSd+8oXFwvpmMGpvcnT5PX+mQgXvATS8BsckscpMm1VE3wHTkOBW+bV1t4k96skD+57YMIuM6xtPT/c/SfHpqvNLTgz+LOnp9I=
uyhEZf0GOGXlrmOqdFdEeoVxf+BhBz+2NTyO4go50DEkaT4m6Q9aQjYzJOp/a4GbzsgwsUokpfglPxrL///plNmNjfWbsJWS4YyHIKxmMNfEdjfVOnl1P0RDHh/pL2ZZTnqUS2Pw7wKDZNIyG5gtcWe4jVtPMgthlfzjJFtTp94=
pWDcwRCuz0jpFjF8uR8cvBwTmgh4S9FTWeqBaFiwbno0YnyzVgIVYGZwuS060dSAhXz6AG3tv2N6Xoi9vqmr57CxzqGJraXXubMTnlcA+OpbG/4QUF0YYmY6PMsORkZQZ4hQeen3FZVxxiEJiT1+abWBUEU7A2aT+ecnWVKnIQ==
MaSknWm5jsEybCzz0Cph4Ydxf/FjETu2NTyO4go50DEkaT4g6Q9aQjYzJOp/a4GbzsgwsUokpfglPxrL///plNmNjfWbsJWS4YyHIKxmMNfEdjfVOnl1P0RDHh/pL2ZZTnqUS2Pw7wKDZNIyG5gtcWe4jVtPMgthlfzjJFtTp94=
KDakY9oULXmfgBUi82UW6BwTnB5kVtFTWeqBaFiwbno0YnqzVgIVYGZwuS060dSAhXz6AG3tv2N6Xoi9vqmr57CxzqGJraXXubMTnlcA+OpbG/4QUF0YYmY6PMsORkZQZ4hQeen3FZVxxiEJiT1+abWBUEU7A2aT+ecnWVKnIQ==
0JF2lNi8WpvGV2hUfz5eaRwTnQh2U9FTWeqBaFiwbno0YnmzVgIVYGZwuS060dSAhXz6AG3tv2N6Xoi9vqmr57CxzqGJraXXubMTnlcA+OpbG/4QUF0YYmY6PMsORkZQZ4hQeen3FZVxxiEJiT1+abWBUEU7A2aT+ecnWVKnIQ==
C79f/8IEndjsVu2novRrxWsRwSEuzN9igtPuudHt8WYEZ7LiE4ILFNBdJ9KPdLZwgOa62tnqGXJ7fGhIl/H0MVocK8S0XAOdsX9UZkZhUClFO36J4L2H3cuL9wu9AtngNjZ1I/AMPi1WPsiCslfghqhMabB+JaeHewn/fo/VR9JwdZu5HhlVc+gPV1/phbynzw==
682WFvmbDRaVuY4N9DSm3NLb4Z9YEdHudwppfmkF5AfbXn4LFFF/EDuT/qfAftbmCoYRIaITwCIr7DrwDH4eqpEj5VJndGxYc8m4cZbkj1Qw1J99DTcQVqJ5XClJI5q5pPU7PVcDc5sZ+hWgeg6RM/QEIg2q9ozyFs9sBiTUzUC6bdunZwH7buvtixI8DT8pmpHJE1THk2+NnbCnww==
bcvRKt8BsMX9cllhknJLKozefQtx1FnJTpyPlT4K80D2OudCNBddaVouxtHzVq6vc+/CnhZ0LfGep7W3eDpxfUX+mGjDXTUFnu84MFc87dlgIHDWeJRosvdCeOZMbGvdWe/MBo6RaCl9y7bpeC1vnaO7Dyv1UkFgrma9w8h8Fu3+rlAiemeYhlB8IRDmtQ/HU/nHHscF31LopVOZZim9s4Cfz7+h9YSn9w==
bcvRKt8BsMX9cllhknJLKozefQtx1FnJTpyPlT4K80D2OudCNBddaVouxtHzVq6vc+/CnhZ0LfGep7W3eDpxfUX+mGjDXTUFnu84MFc87dlgIHDWeJRosvdCeOZMbGvdWe/MBo6RaCl9y7bpeC1vnaO7Dyv1UkFgrma9w8h8Fu3+rlAiemeYhlB8IRDmtQ/HU/nHHscF31LopVOZZim9s4Cfz7+h9YSn9w==
8snBt4QEaTcB63ohIu6ou6YKvgqREZJsx/RdTPxAzLaYHUDsCx6GVq+dT1iEEA0iXjcOikEaUvBR/fBVmYvioznh1Kq18iaXMC7a7CNUrbcBoG214d1FpPC3ze7Y4uVchOduODuZMy6q+X6xyq+C7kATMvHK5KW4pf8ai38/6dRZTY21G3CV0mFMh2AspjCXRLY3lbq5dX/Egx5fae9mGc66lAvjMO9CA6TScptYKzTneY0bz/ILIRU842Tbk6ee
kGxbsLq0xlA+Ogeqy/veqlFP9bj1LbeRmde+LoclrSHPIEIYnMBf5FXsna7cDDtp8/7VIQTr9z5V3Xm4RvKNUwd6w280pIrzfmIor0B4HXe//vTeV97jOXGdiEdxMVKTIM03bh55URK3BTdy5mIvGbQL7eQgGl6wKhJ15qKOthi5Tctb9g6UVQqpHw+s4UKZ/Q1xz/VDL/bDwOxCpyuyiIQ9rJpqaqDjesayePtYXAFdF0ENvfZdoZ1774GI8Zxdb6OSq3U3OzHmp5U=
Pi1szh8MRocKCwbp2rlPDmciLFTLKC/LI3C0jpWQ4UBUWm4b0dXrWj9KozK9F0jf/TjFUWMIGbljIsmoguA9lZaRuPiBbN7IsQ1D697uzOXSqce/9AFqKXVNeR+doxfmO0BUUt+LGtiMfSRqAkp4k6LG6oijeLRx1ddJ3RVWpbEl+5eRsJF0DWdjGhtdV+OBvqfN
wG6urZ5rN7KvUw4tvKvb49xM7+AQWPMNEHQ0Rio56r3tCGm0GHqCaPyMQz+FwNgmd0pvdot22tKWg+Q6n5uBi+74cOEqVCVohY/aGx8P6YT5vc2l+8AVAkE8R/BMljDH5EZ3hVoJ9a/k897PCd9mSW5K1BsDgG+SI9QS4vtoK2RHic0LL0KL8TVMI/S7o6fO
8lj4Zy+7xtsOBXatxUMvBxHwceNAc3KpuDEXxJ2rN7XGfkhz0iuOF6vpTz6fdbfdxRWKee45BfPY78cfmSVspx8=
0CW0J7JKgbyQJ4GMxbch1mPs+wkhsZi44+XIb4A87Nr2Xsb+84qvGh1PS889xANNd2nVzTtJVjmkRkqe47FoqBZoa3wRZeapYlTU/XrTNrIVMsHBAvmzmWkObUNl94eGxfhlEj/yQGAQ7ZAYv3eGr4U1YH1GbWWJpoO6dLwJP4Z/qEe6KiA33k0O8xdFubMkOyvxgnuWl7WnxA==
2oaVQXEmivFyeItvW0YmbqgYI3yLrPX5ec+lHswmd+J3uIFER3wz0mW8btjMmqL8V7gQLYUeCHhJSwumI6tuAT1kG4quR0q8/UWJn9EFjsfkPtl3VmZ4RdUae/DocH128fUwNWTLnp3ybBMk/MybXclPnMbesXgpbevmKSiN/x1TG7/rhXJxYF4GjQO4nKZtbs6A4iqHiIZAHPFQtlWfR+OZN1735a9T3YWi2daJzTMQPx//cdWUp+c=
BWhYLnRIw34NeRXXkRJseyld1vo8sT8wEDoMD3CO6dQUHX2Wli7e34zSDVJ/wTfc/9gnCuow1w5DXpMHBQlT1Lsb0fI7hjdlpxQ=
iTkwyU/i+plsF4WKNTQAvZyzTw1KpHa8NZdfPKyFLM6+mdZMJwQ87vO+ipIeRCnpyy1xpKqO52G9GRFlQwDo1E201QNUR4eDlRVfhuso4ibjROPQ79Xdb1fO66U9cJNwY0+nOg==
yiJW+NHUmO9BcVLUdG8RFjHe5PvT8cM9bd3TNrhiRmGEUl4WDWXH+KO1gUJbRB/lHPVaIXV43ZNcSzZJPGnr1LFjUzUiNmRjrvMKd2/RU84z/VOS4R3myXJBwdPcN3uPdW1Ipzs=
3LOthgsUhOP9iUrV5Fk7Xiy9lQathGIWMZ3jiGd9LSL3zJt1uC0GYamguYNYQ1pp0KGvZFXbL7XejgDTartmV4PZV97XpQ9SPUVCWfbJbTNwfz9/URV0pwc=
dQcXq3paCbaFG+j9Xu9cNskSiGRQhmA3s5FmFjWV/5iLRUkCE5S3hYRlwqHt6EUzNJv+CXRZA/TJU6s1WgacQ8bDwrcngbtuq23LEnmNfinaEQkTlEdTb00dcKcD
PXVQc2DT/fe02SJZUQvZmuAhp0FhtEEthJFmFjWV/5iLRUkCE5S3hYRlwqHt6EUzNJv+CXRZA/TJU6s1WgacQ8bDwrcngbtuq23LEnmNfinaEQkTlEdTb00dcKcD
bVEVWRSYNyb4NiWChAD0YvrAoBn2jzM/4JazGXkAHcm/smU4IR0iiWTBSwTja+I3iLmCFVUsDx/t9RxKWpuQjzSHUa1tNo2B7XJfYVgxzD1/I2JLRXdLEXanBQ==
/wBz91CKWFydwTg109OEDozefQtx1FnJTpyPlT4K80D2OudCNBddaVouxtHzVq6vc+/CnhZ0LfGep7W3eDpxfUX+mGjDXTUFnu84MFc87dlgIHDWeJRosvdCeOZMbGvdWe/MBo6RaCl9y7bpeC1vnaO7Dyv1UkFgrma9w8h8Fu3+rlAiemeYhlB8IRDmtQ/HU/nHHscF31LtpVKZZim9s4Cfz7+h9YSn9w==
oPy4w8BDRbvekeIYn4+9Kild1vs8sT8wEDoMD3CO6dQUHX2Wli7e34zSDVJ/wTfc/9gnCuow1w5CXpMHBQlT1Lsb0fI7hjdlpxQ=
8Cw1ik2yDk2N4qDu+JixLMvM6Du3WBEOAIHfG2KgVsver/CqBRhlblEtP1kzcTHdIeB5kRN0f0afnFwhlLZYZPvQOKo7Tqnof2/tSALMQTGlu7XE4NVlXlGNdJzgDOcar5cROYd+exGFyoCAAC9+tGVcNX2XavPuHv4yLVaaBEeY0vwvv/psO+Npu9A4xeD46vbxEUjPhdGM2n3V8JIe9sx0gtyZm/bg0Y9GVmxgvl9bMPB8n96jr/1k9//vNckxp2V7wGpoj55o/jDOQ/Afh2YVPNK3DN3oj6wEsl7mc3/gstRea992/91FNb8ZjPeh98FP75bMEiXQGUhBbwQ4czlKdhKf+lwb/per5gLO7uMKmtOj5fOJfLielZiWEWwdxr2J3s2CA8TVO4XnVcJMJaXQzIglyugldlb/A0Potou2L75lopiMsUo/7p51HtktMvWrlWkCdU9VG5+qpdS9/g++GKzQIchUD5teA+WZ+JH24f0FJg8i+AzlpyofBJ9WmmxvEoLCq1t1VWsIWwfpbkuaj7mnyA==
wVQNMX7Syucah+xMHWM98g9OlSRCJvtnz5OG5UAd+MpR/qBkKxBeKliuyNM7Nk/8sgOydcaesyhJQa++vWhEmdBEcNSxfrAxOp3xk0yPLSo7l2DR8G8JoJo7l61eJulY6wG7ywy7xDfh9agJSQIFiLiIBfE3j5A3xY1Hwg2AeA5dwobcqbbyb8UCYs+KmfVQ8vbp3v3rHEjAm9iwyW/giLU4F+gv6OFpRLiZnUyEkyQ3CK6Pm4rRfzEdxmHXBWp3sk+wI97xXfqXIQcEXdIr64dJVpLeZp93wwOh8//WR2aBFV4Eqf4jW8B4xtFGN7oRm4GQ4yp1grbj7AyManqUt0N+Mv2xvE/PRbLCUvQJQ+p5eHK+EUkuZXwX9QQNBy1utsp8YmZjY73dzT0ZeMeinRV6VPH7NqVFpdbMamWNFlvvsIqyFLR4sueiqKYcjPtd6Q98Rr5xWClNK4apyM3fHTNbX2slslFgvkbtgxjchm0ODiBiikfohqBcUdAWFX9Hw1mX3hclz1L9xQJZtkktMzD/f3+RlbSnxw==
q89V1J4VPvUBJx8iKbi0whPCAhZ7VcAPZEVA1y2I15rv8w4FW/RtVs0FtSF90eAwX+D9tjzfw9b2b6HvsZWbLjABElMhd817hDcJVxpNmaye5UF+tsajsiSuVx9maLH1AYZy5kUH3flJemBvkRg5v3iysMYDjDc1zWenZG93zRgsDrDFusJdXgkDV5BHaLYMfkNGkCARQDBgsV8gOB3re9eeyG9kThI0jS9I9fEXZGjxeyDYeuDUVt4COQFiBhndalhcCvqp47JMgt+kl6nVFjsRf79t5/8HZ94KMls44GzcADPaG7EeV8BsN7YprueeCJwOLJfpeBAIAEvFYpmVl5kxqWYz18/Dc5FWNqajeOsEL38OHCXhqOqMfyAIPfaFx6jyZGpV8livneXJ/bpQLBk2RlsIC96f1QBtGJciHWmp6WWoCNMdUnB2ZbDcI14kM+3TYhJd7k2ie8LCWBfCrQJQBTTdG0q3VyvpuIEJPSmThPUeWWiXHMTy8DvcMkdJ8o1VczznzuPBe+b1ln6kF+tEDw67AEKO84xiGP99fUcHRqutbdizWPOHp/I=
2C19GkeIJ5wPse2djASw7BgueL9qpfK0ltLX5GW4KUYWE22jx4UZrMcPhTD35k9nh9R2YS/PUhsjPIwMBQMN8PbWbsr7QO4xVmuYvrO+5GPxOAopx2ytD2daeedutNvlOLfZiq8P/IG8hz2grtPb/cK+ffgfOcf7AJOQ9zWdJPn1ejForJAZIXsnZLexJYuSEZhsbmk6OqwlXqYvESpu/3ahgfBmbnUOMYMoSPTzFGBV93QowQDr2CPANSkQUBXt8HynRCMQst9XIqX/xbWKscsdfpeGNwzTUpmJOsMJCzQh6t9LE9HKwpKOq3f36+2jY07TxnUtIjSl1nebFBBKIfpPjvGPmYwzZt12NpdEwNx2YoDXd4aOjT1UG4+Rms5iCDE3Su3g7m7dIRplSH851JGfuc7C8oBSaku3/YklsWnEP5b9AWJIoTee0cVRfoC6eZUCu9vINkKY3Kxys4qklmC0D/19l+AW8plsKXnDyvlUVUu9x2MjWymaBaBqLmFzpKSyjRoWPLLG7xwG1PSdgAoNayf3oSuum82bEintDmlKcVmTpGfjr139gKfz
wcwdwQk1NAWEBNFN44MyQKGW7p5HQQJuNSdchFRluZigtafz1wW2RIukhaRXS/EDDGx80ZGGhkpxnFeFVYrTHzX2WtGgqa6tX6KBzTGZd4h6febI3d3bN5E6b77yV0KDF2kV+6u5kMU3vizuL/4rSdkd7vO7UWpjeI3P/oaZGUJfBV+iLgK3iczLNZQY+hYAwpLdFuquTijhjXPLbq7chSKpN9/kQdoJRc0p/w1jZwZrQATy78uK+Fz91AryCmgzEsZaKLO4xJGlVxn9hZaVEfXyR/FA0eRtt+MqO+2X82HOp70=
x1zyBz29YW2cp9lQVZNGmWCd7nT4dSBz7JjXBrZ02+HtO2iYQSuaxaVPauArBO/gOjwEVM6A6IctPjT3crK7l1q9+gxGDNPkSiinpgXqHunNF3qiaS65GqL2JHXbzwWU6ZR5JD0VW6w2pWTYQlb/Ko1/YSTF/w3TdXaEIXW0JPylvgBBplI3t2PcPk+my9aR4mzkVdr75irVKhGp4pFD4Wl2nSuFn1eeBWC1Op9acFiQ1aCwH1/WN8UtMJUmhRVxpnvKnNzhb54/MBeSiogH5sI2w7/lkWO8+zMh6pv+Z82nvA==
SFYqvAhyYsfAVdfoW0UXSngvVA8xVSLDRMw4k/ABfdIN9uC5IGyBbSL6bJpaGZ7DlFrSSeZQBm35OgN8QNaT/XRlJqN3bD8DV74Mro9+S4n5HQW2HNEKI5iN7z7mGbkCvwU/Yo6CV8nsy1VU+Hq2wKKS/VYKLu7owY2Ti84uvEUCqRcfhMF6SaXNCT+t44dGS0BkMk9Lajg8/fRKEorI83LGumgTOKRRhVf5veUWNVEV+2YxIFFELZfjSvtNFxMh7qed
cUBGDvMQvGJ/ySaky9hmsB6xsbMxk8X0llc8/2MlUXl3fXP9THkp7egC7kp9dG9cOznVK8yPX5lxa4nLsdMMWMnZKbw5TJ+y59rgqOpUivZxYuZWuJumkslJNExlzJKMAJvD3QmS6Z5tOhX3Z9pmf6CXLusNjC0c1NpNfZFFhczgj61maLrldNQfznDLgXPGOkGeufp3AkaQaxI5unxl0LXHegPPZ+n8CbUt/eto1Trx9GdoHH6wP5TOF13KIbUX1Lt+19m3ZjGeQjRDEyivqpMcMnqrgKudNwGt079qy0kFBIPsa8untg==
uiv/HquZxqA2UfmLHjLDSx6xsbMxk8X0llc8/2MlUXl3fXP9THkp7egC7kp9dG9cOznVK8yPX5l2aYnLsdMMWMnZKLw5TJ+y59rgqOpUivZxYuZWuJumkslJNExlzJKMAJvD3QmS6Z5tOhX3Z9pmf6CXLusNjC0c1NpNfZFFhczgj61maLrldNQfznDLgXPGOkGeufp3AkaQaxI5unxl0LXHegPPZ+n8CbUt/eto1Trx9GdoHH6wP5TOF13KIbUX1Lt+19m3ZjGeQjRDEyivqpMcMnqrgKudNwGt079qy0kFBIPsa8untg==
sCkoiercCyCxtu/J7foDGx6xsbMxk8X0llc8/2MlUXl3fXP9THkp7egC7kp9dG9cOznVK8yPX5lxa4nLsdMMWMnZJ7w5TJ+y59rgqOpUivZxYuZWuJumkslJNExlzJKMAJvD3QmS6Z5tOhX3Z9pmf6CXLusNjC0c1NpNfZFFhczgj61maLrldNQfznDLgXPGOkGeufp3AkaQaxI5unxl0LXHegPPZ+n8CbUt/eto1Trx9GdoHH6wP5TOF13KIbUX1Lt+19m3ZjGeQjRDEyivqpMcMnqrgKudNwGt079qy0kFBIPsa8untg==
gMaKRPPxMLicMvxRk3FaTh6xsbMxk8X0llc8/2MlUXl3fXP9THkp7egC7kp9dG9cOznVK8yPX5l2aYnLsdMMWMnZJrw5TJ+y59rgqOpUivZxYuZWuJumkslJNExlzJKMAJvD3QmS6Z5tOhX3Z9pmf6CXLusNjC0c1NpNfZFFhczgj61maLrldNQfznDLgXPGOkGeufp3AkaQaxI5unxl0LXHegPPZ+n8CbUt/eto1Trx9GdoHH6wP5TOF13KIbUX1Lt+19m3ZjGeQjRDEyivqpMcMnqrgKudNwGt079qy0kFBIPsa8untg==
4LhcEJnzRBVcVYCATieNTB6xsbMxk8X0llc8/2MlUXl3fXP9THkp7egC7kp9dG9cOznVK8yPX5lxa4nLsdMMWMnZJbw5TJ+y59rgqOpUivZxYuZWuJumkslJNExlzJKMAJvD3QmS6Z5tOhX3Z9pmf6CXLusNjC0c1NpNfZFFhczgj61maLrldNQfznDLgXPGOkGeufp3AkaQaxI5unxl0LXHegPPZ+n8CbUt/eto1Trx9GdoHH6wP5TOF13KIbUX1Lt+19m3ZjGeQjRDEyivqpMcMnqrgKudNwGt079qy0kFBIPsa8untg==
ni2mtYG1m3vz7TQCMTcXrB6xsbMxk8X0llc8/2MlUXl3fXP9THkp7egC7kp9dG9cOznVK8yPX5l2aYnLsdMMWMnZJLw5TJ+y59rgqOpUivZxYuZWuJumkslJNExlzJKMAJvD3QmS6Z5tOhX3Z9pmf6CXLusNjC0c1NpNfZFFhczgj61maLrldNQfznDLgXPGOkGeufp3AkaQaxI5unxl0LXHegPPZ+n8CbUt/eto1Trx9GdoHH6wP5TOF13KIbUX1Lt+19m3ZjGeQjRDEyivqpMcMnqrgKudNwGt079qy0kFBIPsa8untg==
uAMnzkNgNRpiZFU8CyjSPB6xsbMxk8X0llc8/2MlUXl3fXP9THkp7egC7kp9dG9cOznVK8yPX5lxa4nLsdMMWMnZI7w5TJ+y59rgqOpUivZxYuZWuJumkslJNExlzJKMAJvD3QmS6Z5tOhX3Z9pmf6CXLusNjC0c1NpNfZFFhczgj61maLrldNQfznDLgXPGOkGeufp3AkaQaxI5unxl0LXHegPPZ+n8CbUt/eto1Trx9GdoHH6wP5TOF13KIbUX1Lt+19m3ZjGeQjRDEyivqpMcMnqrgKudNwGt079qy0kFBIPsa8untg==
6NsD8Ryi5SrkDSqOz0mvVR6xsbMxk8X0llc8/2MlUXl3fXP9THkp7egC7kp9dG9cOznVK8yPX5l2aYnLsdMMWMnZIrw5TJ+y59rgqOpUivZxYuZWuJumkslJNExlzJKMAJvD3QmS6Z5tOhX3Z9pmf6CXLusNjC0c1NpNfZFFhczgj61maLrldNQfznDLgXPGOkGeufp3AkaQaxI5unxl0LXHegPPZ+n8CbUt/eto1Trx9GdoHH6wP5TOF13KIbUX1Lt+19m3ZjGeQjRDEyivqpMcMnqrgKudNwGt079qy0kFBIPsa8untg==
a/7Q0ZT0VeE4aq13sFNNqB6xsbMxk8X0llc8/2MlUXl3fXP9THkp7egC7kp9dG9cOznVK8yPX5lxa4nLsdMMWMnZIbw5TJ+y59rgqOpUivZxYuZWuJumkslJNExlzJKMAJvD3QmS6Z5tOhX3Z9pmf6CXLusNjC0c1NpNfZFFhczgj61maLrldNQfznDLgXPGOkGeufp3AkaQaxI5unxl0LXHegPPZ+n8CbUt/eto1Trx9GdoHH6wP5TOF13KIbUX1Lt+19m3ZjGeQjRDEyivqpMcMnqrgKudNwGt079qy0kFBIPsa8untg==
vxbjpnK6TWl3dSpJNnelRx6xsbMxk8X0llc8/2MlUXl3fXP9THkp7egC7kp9dG9cOznVK8yPX5l2aYnLsdMMWMnZILw5TJ+y59rgqOpUivZxYuZWuJumkslJNExlzJKMAJvD3QmS6Z5tOhX3Z9pmf6CXLusNjC0c1NpNfZFFhczgj61maLrldNQfznDLgXPGOkGeufp3AkaQaxI5unxl0LXHegPPZ+n8CbUt/eto1Trx9GdoHH6wP5TOF13KIbUX1Lt+19m3ZjGeQjRDEyivqpMcMnqrgKudNwGt079qy0kFBIPsa8untg==
NeouQM49E2X6mCSG/WuWbR6xsbMxk8X0llc8/2MlUXl3fXP9THkp7egC7kp9dG9cOznVK8yPX5lxa4nLsdMMWMnZKb05TJ+y59rgqOpUivZxYuZWuJumkslJNExlzJKMAJvD3QmS6Z5tOhX3Z9pmf6CXLusNjC0c1NpNfZFFhczgj61maLrldNQfznDLgXPGOkGeufp3AkaQaxI5unxl0LXHegPPZ+n8CbUt/eto1Trx9GdoHH6wP5TOF13KIbUX1Lt+19m3ZjGeQjRDEyivqpMcMnqrgKudNwGt079qy0kFBIPsa8untg==
wqPKQWeBYHwx5lnUiFtWzR6xsbMxk8X0llc8/2MlUXl3fXP9THkp7egC7kp9dG9cOznVK8yPX5l2aYnLsdMMWMnZKL05TJ+y59rgqOpUivZxYuZWuJumkslJNExlzJKMAJvD3QmS6Z5tOhX3Z9pmf6CXLusNjC0c1NpNfZFFhczgj61maLrldNQfznDLgXPGOkGeufp3AkaQaxI5unxl0LXHegPPZ+n8CbUt/eto1Trx9GdoHH6wP5TOF13KIbUX1Lt+19m3ZjGeQjRDEyivqpMcMnqrgKudNwGt079qy0kFBIPsa8untg==
pcLyTxr4y9pwKH6yzKKL/x6xsbMxk8X0llc8/2MlUXl3fXP9THkp7egC7kp9dG9cOznVK8yPX5lxa4nLsdMMWMnZJ705TJ+y59rgqOpUivZxYuZWuJumkslJNExlzJKMAJvD3QmS6Z5tOhX3Z9pmf6CXLusNjC0c1NpNfZFFhczgj61maLrldNQfznDLgXPGOkGeufp3AkaQaxI5unxl0LXHegPPZ+n8CbUt/eto1Trx9GdoHH6wP5TOF13KIbUX1Lt+19m3ZjGeQjRDEyivqpMcMnqrgKudNwGt079qy0kFBIPsa8untg==
jXsC+ys27R33cXjDVLpNNR6xsbMxk8X0llc8/2MlUXl3fXP9THkp7egC7kp9dG9cOznVK8yPX5l2aYnLsdMMWMnZJr05TJ+y59rgqOpUivZxYuZWuJumkslJNExlzJKMAJvD3QmS6Z5tOhX3Z9pmf6CXLusNjC0c1NpNfZFFhczgj61maLrldNQfznDLgXPGOkGeufp3AkaQaxI5unxl0LXHegPPZ+n8CbUt/eto1Trx9GdoHH6wP5TOF13KIbUX1Lt+19m3ZjGeQjRDEyivqpMcMnqrgKudNwGt079qy0kFBIPsa8untg==
ugIHXYtB5F1w7cgk4T9wEgyWxxoKVKZa9MzR/CUay//VUbhuCEVDd5ASGbjrQWOHrdav0fsRDeI1Jibsn1OnNrmA3qCjQ6Vu6ZMIUITrCWC0+D0y3yDRYYGeMgJ5Ll5q3lbJj22IGZwCFCWxoUUkaL0wcjiI97OZMY7pikV2RZP/ZsaLaLoK4GvQbcE9Vt3ZyTnl+OhjXaLQJmXgfNMelNO9U7Jy7S49AqvCEvhnAh1igIVkPasKR/d76egh+X2Zc9R1zjnYV2xkIvDrfEKH+ZJd1SPcV44TYSvmpTaO5KcLFI/e27CC/lNca8lfDb33Z5Yr/Y1o86hT16ei
bHap69INRus5C1wDtPWDLB6xsbMxk8X0llc8/2MlUXl3fXP9THkp7egC7kp9dG9cOznVK8yPX5l2aYnLsdMMWMnZJb05TJ+y59rgqOpUivZxYuZWuJumkslJNExlzJKMAJvD3QmS6Z5tOhX3Z9pmf6CXLusNjC0c1NpNfZFFhczgj61maLrldNQfznDLgXPGOkGeufp3AkaQaxI5unxl0LXHegPPZ+n8CbUt/eto1Trx9GdoHH6wP5TOF13KIbUX1Lt+19m3ZjGeQjRDEyivqpMcMnqrgKudNwGt079qy0kFBIPsa8untg==
AMRtNPDoa4HxGCMew04a6ZLXMJHT68Xs3AbJP96BRj7rbVRSCknGnoEeNTJzcO7wMtSN0rS/7TfoE2fVRZbZIWCanbCYUd8s9FugeJWHiYCs9FPH5hfTtTmck9UQEwZwFas/SiFiPG8snxlpG+fFgV4Zec6CcsFGpdV3/UCv9WmEv1b9weKIoXcekcWR/kC6ORVCu5tI9kJYXOxy8wrklqA0z/09F6AWshmsKblDivkU1Qu9B+PjW2kaRaAqrqFzZCTyjVqWfLIGb9wGlHTdgMqNqyc3IWuu201bG+htzmkK8RmTZOcjr519wKez
ugIHXYtB5F1w7cgk4T9wEgyWxxoKVKZa9MzR/CUay//VUbhuCEVDd5ASGbjrQWOHrdav0fsRDeI1Jibsn1OnNrmA3qCjQ6Vu6ZMIUITrCWC0+D0y3yDRYYGeMgJ5Ll5q3lbJj22IGZwCFCWxoUUkaL0wcjiI97OZMY7pikV2RZP/ZsaLaLoK4GvQbcE9Vt3ZyTnl+OhjXaLQJmXgfNMelNO9U7Jy7S49AqvCEvhnAh1igIVkPasKR/d76egh+X2Zc9R1zjnYV2xkIvDrfEKH+ZJd1SPcV44TYSvmpTaO5KcLFI/e27CC/lNca8lfDb33Z5Yr/Y1o86hT16ei
AMRtNPDoa4HxGCMew04a6ZLXMJHT68Xs3AbJP96BRj7rbVRSCknGnoEeNTJzcO7wMtSN0rS/7TfoE2fVRZbZIWCanbCYUd8s9FugeJWHiYCs9FPH5hfTtTmck9UQEwZwFas/SiFiPG8snxlpG+fFgV4Zec6CcsFGpdV3/UCv9WmEv1b9weKIoXcekcWR/kC6ORVCu5tI9kJYXOxy8wrklqA0z/09F6AWshmsKblDivkU1Qu9B+PjW2kaRaAqrqFzZCTyjVqWfLIGb9wGlHTdgMqNqyc3IWuu201bG+htzmkK8RmTZOcjr519wKez
ugIHXYtB5F1w7cgk4T9wEgyWxxoKVKZa9MzR/CUay//VUbhuCEVDd5ASGbjrQWOHrdav0fsRDeI1Jibsn1OnNrmA3qCjQ6Vu6ZMIUITrCWC0+D0y3yDRYYGeMgJ5Ll5q3lbJj22IGZwCFCWxoUUkaL0wcjiI97OZMY7pikV2RZP/ZsaLaLoK4GvQbcE9Vt3ZyTnl+OhjXaLQJmXgfNMelNO9U7Jy7S49AqvCEvhnAh1igIVkPasKR/d76egh+X2Zc9R1zjnYV2xkIvDrfEKH+ZJd1SPcV44TYSvmpTaO5KcLFI/e27CC/lNca8lfDb33Z5Yr/Y1o86hT16ei
AMRtNPDoa4HxGCMew04a6ZLXMJHT68Xs3AbJP96BRj7rbVRSCknGnoEeNTJzcO7wMtSN0rS/7TfoE2fVRZbZIWCanbCYUd8s9FugeJWHiYCs9FPH5hfTtTmck9UQEwZwFas/SiFiPG8snxlpG+fFgV4Zec6CcsFGpdV3/UCv9WmEv1b9weKIoXcekcWR/kC6ORVCu5tI9kJYXOxy8wrklqA0z/09F6AWshmsKblDivkU1Qu9B+PjW2kaRaAqrqFzZCTyjVqWfLIGb9wGlHTdgMqNqyc3IWuu201bG+htzmkK8RmTZOcjr519wKez
ugIHXYtB5F1w7cgk4T9wEgyWxxoKVKZa9MzR/CUay//VUbhuCEVDd5ASGbjrQWOHrdav0fsRDeI1Jibsn1OnNrmA3qCjQ6Vu6ZMIUITrCWC0+D0y3yDRYYGeMgJ5Ll5q3lbJj22IGZwCFCWxoUUkaL0wcjiI97OZMY7pikV2RZP/ZsaLaLoK4GvQbcE9Vt3ZyTnl+OhjXaLQJmXgfNMelNO9U7Jy7S49AqvCEvhnAh1igIVkPasKR/d76egh+X2Zc9R1zjnYV2xkIvDrfEKH+ZJd1SPcV44TYSvmpTaO5KcLFI/e27CC/lNca8lfDb33Z5Yr/Y1o86hT16ei
AMRtNPDoa4HxGCMew04a6ZLXMJHT68Xs3AbJP96BRj7rbVRSCknGnoEeNTJzcO7wMtSN0rS/7TfoE2fVRZbZIWCanbCYUd8s9FugeJWHiYCs9FPH5hfTtTmck9UQEwZwFas/SiFiPG8snxlpG+fFgV4Zec6CcsFGpdV3/UCv9WmEv1b9weKIoXcekcWR/kC6ORVCu5tI9kJYXOxy8wrklqA0z/09F6AWshmsKblDivkU1Qu9B+PjW2kaRaAqrqFzZCTyjVqWfLIGb9wGlHTdgMqNqyc3IWuu201bG+htzmkK8RmTZOcjr519wKez
ugIHXYtB5F1w7cgk4T9wEgyWxxoKVKZa9MzR/CUay//VUbhuCEVDd5ASGbjrQWOHrdav0fsRDeI1Jibsn1OnNrmA3qCjQ6Vu6ZMIUITrCWC0+D0y3yDRYYGeMgJ5Ll5q3lbJj22IGZwCFCWxoUUkaL0wcjiI97OZMY7pikV2RZP/ZsaLaLoK4GvQbcE9Vt3ZyTnl+OhjXaLQJmXgfNMelNO9U7Jy7S49AqvCEvhnAh1igIVkPasKR/d76egh+X2Zc9R1zjnYV2xkIvDrfEKH+ZJd1SPcV44TYSvmpTaO5KcLFI/e27CC/lNca8lfDb33Z5Yr/Y1o86hT16ei
AMRtNPDoa4HxGCMew04a6ZLXMJHT68Xs3AbJP96BRj7rbVRSCknGnoEeNTJzcO7wMtSN0rS/7TfoE2fVRZbZIWCanbCYUd8s9FugeJWHiYCs9FPH5hfTtTmck9UQEwZwFas/SiFiPG8snxlpG+fFgV4Zec6CcsFGpdV3/UCv9WmEv1b9weKIoXcekcWR/kC6ORVCu5tI9kJYXOxy8wrklqA0z/09F6AWshmsKblDivkU1Qu9B+PjW2kaRaAqrqFzZCTyjVqWfLIGb9wGlHTdgMqNqyc3IWuu201bG+htzmkK8RmTZOcjr519wKez
ugIHXYtB5F1w7cgk4T9wEgyWxxoKVKZa9MzR/CUay//VUbhuCEVDd5ASGbjrQWOHrdav0fsRDeI1Jibsn1OnNrmA3qCjQ6Vu6ZMIUITrCWC0+D0y3yDRYYGeMgJ5Ll5q3lbJj22IGZwCFCWxoUUkaL0wcjiI97OZMY7pikV2RZP/ZsaLaLoK4GvQbcE9Vt3ZyTnl+OhjXaLQJmXgfNMelNO9U7Jy7S49AqvCEvhnAh1igIVkPasKR/d76egh+X2Zc9R1zjnYV2xkIvDrfEKH+ZJd1SPcV44TYSvmpTaO5KcLFI/e27CC/lNca8lfDb33Z5Yr/Y1o86hT16ei
AMRtNPDoa4HxGCMew04a6ZLXMJHT68Xs3AbJP96BRj7rbVRSCknGnoEeNTJzcO7wMtSN0rS/7TfoE2fVRZbZIWCanbCYUd8s9FugeJWHiYCs9FPH5hfTtTmck9UQEwZwFas/SiFiPG8snxlpG+fFgV4Zec6CcsFGpdV3/UCv9WmEv1b9weKIoXcekcWR/kC6ORVCu5tI9kJYXOxy8wrklqA0z/09F6AWshmsKblDivkU1Qu9B+PjW2kaRaAqrqFzZCTyjVqWfLIGb9wGlHTdgMqNqyc3IWuu201bG+htzmkK8RmTZOcjr519wKez
ugIHXYtB5F1w7cgk4T9wEgyWxxoKVKZa9MzR/CUay//VUbhuCEVDd5ASGbjrQWOHrdav0fsRDeI1Jibsn1OnNrmA3qCjQ6Vu6ZMIUITrCWC0+D0y3yDRYYGeMgJ5Ll5q3lbJj22IGZwCFCWxoUUkaL0wcjiI97OZMY7pikV2RZP/ZsaLaLoK4GvQbcE9Vt3ZyTnl+OhjXaLQJmXgfNMelNO9U7Jy7S49AqvCEvhnAh1igIVkPasKR/d76egh+X2Zc9R1zjnYV2xkIvDrfEKH+ZJd1SPcV44TYSvmpTaO5KcLFI/e27CC/lNca8lfDb33Z5Yr/Y1o86hT16ei
AMRtNPDoa4HxGCMew04a6ZLXMJHT68Xs3AbJP96BRj7rbVRSCknGnoEeNTJzcO7wMtSN0rS/7TfoE2fVRZbZIWCanbCYUd8s9FugeJWHiYCs9FPH5hfTtTmck9UQEwZwFas/SiFiPG8snxlpG+fFgV4Zec6CcsFGpdV3/UCv9WmEv1b9weKIoXcekcWR/kC6ORVCu5tI9kJYXOxy8wrklqA0z/09F6AWshmsKblDivkU1Qu9B+PjW2kaRaAqrqFzZCTyjVqWfLIGb9wGlHTdgMqNqyc3IWuu201bG+htzmkK8RmTZOcjr519wKez
AMRtNPDoa4HxGCMew04a6ZLXMJHT68Xs3AbJP96BRj7rbVRSCknGnoEeNTJzcO7wMtSN0rS/7TfoE2fVRZbZIWCanbCYUd8s9FugeJWHiYCs9FPH5hfTtTmck9UQEwZwFas/SiFiPG8snxlpG+fFgV4Zec6CcsFGpdV3/UCv9WmEv1b9weKIoXcekcWR/kC6ORVCu5tI9kJYXOxy8wrklqA0z/09F6AWshmsKblDivkU1Qu9B+PjW2kaRaAqrqFzZCTyjVqWfLIGb9wGlHTdgMqNqyc3IWuu201bG+htzmkK8RmTZOcjr519wKez
GMskwjA124ram+z4rKq3EJcBvR3SSuonovc+c4uISPXl7yg6kSUYe15Heb1lFrVRlf3mMaRUxC0X48r7zReTIW6nHQ==
MX+Im1nNwv+2RLSBBCaApTYhPAqwJDDm9gMU2HBjGo/KPpSxy//twgMk0vKb2C215/2Im89yC6EVvOPk2xOnHg==
e0TaoZ13YYr6d7PQecYUEM7RUkHLkaU+ij8oliEVVX1vSIfaqgD3Pk1vszPAWfNEO4sxovv21xWnZA==
/SBjUDcGHbZUmYp7H/1hoo9d8kREad3BNHTEIZs7jcWZZlk5Qb0ymQjkeJWjQ54jkcf/yRqnaQ==
ZlCy5roDcSJN5j5YP14V/A9OlSRCJvtnz5OG5UAd+MpR/qBkKxBeKliuyNM7Nk/8sgOydcaesyhJQa++vWhEmNBEcNSxfrAxOp3xk0yPLSo7l2DR8G8JoJo7l61eJulY6wG7ywy7xDfh9agJSQIFiLiIBfE3j5A3xY1Hwg2AeA5dwobcqbbyb8UCYs+KmfVQ8vbp3v3rHEjAm9iwyW/giLU4F+gv6OFpRLiZnUyEkyQ3CK6Pm4rRfzEdxmHXBWp3sk+wI97xXfqXIQcEXdIr64dJVpLeZp93wwOh8//WR2aBFV4Eqf4jW8B4xtFGN7oRm4GQ4yp1grbj7AyManqUt0N+Mv2xvE/PRbLCUvQJQ+p5eHK+EUkuZXwX9QQNBy1utsp8YmZjY73dzT0ZeMeinRV6VPH7NqVFpdbMamWNFlvvsIqyFLR4sueiqKYcjPtd6Q98Rr5xWClNK4apyM3fHTNbX2slslFgvkbtgxjchm0ODiBiikfohqBcUdAWFX9Hw1mX3hclz1z8xQZctkktMzD/f3+RlbSnxw==
knvID3Nrc2fhiCJFoIT4XXEEjoXFgsXaRU8MxGwT2GH86qNJnBrjAYcWhoqRn5Kg1Gsr6Y7bge2h0SUzs7pSemZ3F4T0OcYFtHXANBnuKLGiDZkztD9lavNHOLHYnzGgosu/zQb2IRijsUNrZCtct3llAOnxck1IcNhd0d+/6Dc9vS/i1VAwTpUyPrwBJmrvXZKKb/IpPZC6pjE+1ZskSPjr8FARP6hIfYhvSMd4eencKDH99HRbZH/Ydq/zuil/SS0uQY9Vorf6PwjDdmHFeg+xb6SlYmOrT5kO8vaWp3f784mTpwaPJsmlpqTBbrvbWOhuMf5H8tFT0cjDwkX6thvcZKyyqtz3i46KnRks10/dIiryjLmLKjEoql45ORZlRGfd5NVXZa5+egTCjvP7PUVdlXnAN2rdXaqM0ZMGXUXd5iRKPd3em6fAMlK8JOAyfzLABuQ8sx0h3yQmloFgKXXbrsmQHRdde+uny00iyeAm1kVjoKzOrcZeeEJid5CGWGw58M7FNwcLqS++v7VX3GRV7vzO+eXzeK+nn7nljKf/
Glgcpg0L/7Qgqh7rmzTCRfctNglVOD0TPI8UR9ypi1QRI7M1QvbE406zandPkbNOUz1zmANdQkzSASHT/PfbD5UtaKcb
4niF1tqu1y9WDbxJNpL1x/o9rNjSIJz2Symh8hiI68Cfll636uyamYxM28khBVJSqCfetjV2qbWSTXt9aeql9/WD78Ll/I3m70bIBFCJmCxvg24rJXEICVZZrW0mZ3JArH1Xwt8sr076FD+6CGh7p5BNWyAbb5n26yJfUacg
V9Er7mjqu6GjSKWUE1ktXfrAoBn2jzM/4JazGXkAHcm/smU4IR0iiWTBSwTja+IzireCFVUsDx/t9RxKWpuQjzSHUa1tNo2B7XhdYVw0zD1/I2JLRXdLEXanBQ==
MhnmHRUUbecK8t5/9rWYjuAhp0FhtEEthJFmFjWV/5iLRUkCE5S3hYRlwqHt6EUzNJ/8B3RZA/TJU6s1WgacQ8bDwrcngbtuq23LGHuNeizaEQkTlEdTb00dcKcD
cI4bfoy0pLnQUIUUcKTyuskSiGRQhmA3s5FmFjWV/5iLRUkCE5S3hYRlwqHt6EUzNJ/8B3RZA/TJU6s1WgacQ8bDwrcngbtuq23LGHuNeizaEQkTlEdTb00dcKcD
yVLFP7CWzvmCc60RrCqQ0iy9lQathGIWMZ3jiGd9LSL3zJt1uC0GYamguYNYR1hn0KGvZFXbL7XejgDTartmV4PZV97XpQ9YP0VGXPbJbTNwfz9/URV0pwc=
aFjw2S9vIILg3zjCMREYnjHe5PvT8cM9bd3TNrhiRmGEUl4WDWXH+KO1gUJbRB/lHPVaIXV43ZNcTzRHPGnr1LFjUzUiNmRjrvMKd2/RU84z/VOY4x3izHJBwdPcN3uPdW1Ipzs=
IaebYaqEdYmVJmchMVfNcJyzTw1KpHa8NZdfPKyFLM6+mdZMJwQ87vO+ipIeRCnpyy1xpKqO52G5Gx9lQwDo1E201QNUR4eDlRVfhuso4ibjROjS79HYb1fO66U9cJNwY0+nOg==
MHEcbnIu0U/GU0dlzWLKZz3aZQhjYmkb4zwOMwxOxZf8bSFcVxOtwBBoiAKCsUyX0Yf0V3m4Qdnfm/EABEJtcG5QYd3SUXww3RzyEFUtZ5Py/jDt1qnDtwgRRlFRbZ3HsdNLLv+AEBqDO/YAKB1A0u7axBsmRm4AH+jYyTE37YV55nl54bjR2WhkWFUDQz7jcUefibqnyQ==
mcpDjQJD7G5j2dToEV535Al+bz9ce25+TeGGoEQFOva3uedQLrXOPFEuKcXx5ApvievfN0sw48mJ2Sxxv2yiBHlox3oq4LceT0xzU0D5M2Q7a3FCe1YXdacE
I2cJr9Om7uRVRXkWwAvnmNPLyRgQhfdiZRSKLEWD28NihRGnB0Eb7sut6x+bzdqsutFpE7QHs+/t3RCnYw==
I2cJr9Om7uRVRXkWwAvnmNPLyRgQhfdiZRSKLEWD28NihRGnB0Eb7sut6x+bzdqsutFpE7QHs+/t3RCnYw==
