8LH7LK+l5PQ5ewG1j28vatFZMP7an4n1pM/P0aiT1HXsxB6U4c0oKSC9yEBXhnM9rO7YB5HmsNw8WOR4LtLxrq6+KuCdbS/Dyh7Y3c6p24fg8X4BGS1VN2lzI75HAOiKK1uusODdiIKW+uzrPkZ2cDfIIBl5d6U1oQbR6ZkzbkmFwQAlS4P2M0kn97mip9E=
L6vIa7E/o3xlU4lPccFsoB17bEUmOpy05/sVGMslVGXXCz7yZ4SucJiW0vrpPN+ys8wwKP9hTLGijINk7CxL3XmvrIZuUUgpXQtWaRhtT52D+6+rFZIhYI6mHUOovPbtnu7woton+IawvIGQRnXvxzO5J55nRf9TCOUzGcbpnbOgXy8/wbWkp9c=
HlqatKdv2P9o+YiVYumZkDMxitYmsbOGGnA1o7245kdhVAtqw9HMT9YdLVl9WQHk37mUh5umq3MLJv6n3HPjM9U4lPM6V2fie8zK8HxezuogwVnS99Q8GIPpqHGGhL+UYLQP/X2X4BbymWwpecPK+VRVS73HYyNbKZoFoGouYXOkpLKNGhY8ssbvHAbU9J2ACg1rJ/ehK66bzZsTLO0PaUpxWZOkZ+OvXf2Ap/M=
jnQCR1UjwIq+yVsRCYx9Cp6J9Rkkj1A1L9dYebbYNgeQc2AvdmeiTwoQYmV8sCM14fmqrljbJkrVilFJYrGDgWkWXQsFfxc+BQB1Gh+6MPiQdWDQn3+W18WN8PWmpVWRppuKvFyBrz4/0FeyCujHRsOTg15lsaPc+5NhChvep62n3A==
bvEeYfnMNH+1QnIBNyTcfI3uWxVO/DwBWSZBGhBLJyt9xkhVT6YMFAZ0rosQ//iDxiL7I2p8emlMnPv5ITVyAuhXvia15gkFUp2bjWkaRSc1M09SZWztlq8W6DRQubj8r3OOu6XhqLkWCc0dJhcSEOzN91JfvE++OsQfigNfW/LVPTuwm/85Rivyv6Gn0A==
9le0IfhAQQ9PVS0q5pvJ8I3uWxVO/DwBWSZBGhBLJyt910BbSakNRgZ0rosQ//iDxiP7I2p8emlMnPv5ITVyAuhXvia15gkFUp2bjWkaRSc1M09SZWztlq8W6DRQubj8r3OOu6XhqLkWCc0dJhcSEOzN91JfvE++OsQfigNfW/LVPTuwm/85Rivyv6Gn0A==
WIrIO5Oy4NoZws5PD7Mt+5gRqrpkBHcBrrWrI/ePpID42vQZPQLDmS6w5O1tOldw0OO0pYw73VB75EGqNjj2J5BToM/2zOMvCjCihfwQY1XhGWoO2LtmatVqkeni0cOhaTYda4Xf194FIDV6nxrwGJAVIHAfn1b3xe2wVSZFlbGmu0pc3CHvXj/wl1KKSIcmw3ND/uXR4/z7c6Gqm77njaf8
bT7GURtxicTQavrPQ2Jg7Cvw9Id4spTlu6WZ9PW4SLNx5PXzc+fjYhsMKvAcHi5qRoF60teUnJgjqYhxZsTfFIB0b/2dV0CWUllMKVkDann0lau9p6PD20na5aBKbsHzBOSSjTpWXDImr3wGNDT9AOrNSyfXYYsuOw27E0wt7+kqMbmTxCdDL/29oKfT
/5rHe8bvwpGvZ6D77Oas572wzlb76gwRpmkEXSpnf9PWk4UnQZrzkr4/4dp26BYXkGNAH7a6Q7+KoMI1PMBDJeHpSl6YC4b6VfoxGSKBo5FpBn07RS93ToWw1crfStDokGUAoN8vNmdFfRAlZpV1gaaLqoycUU/Ov2D34kqYp1bDg2OupWEDbHvjAVpb7oe9p8w=
2G5wpZPZNBhJZKFUfYfbhYxKOu7Gl4qmvs3RwbvUyFbsyR77h6NBMymq0UhosF5a5KKKVciCpcA2MMlNKtHEoLW8KuCdbS/Dyh7Y3c6p24fg8X4BGS1VN2lzI75HAOiKK1uusODdiIKW+uzrPkZ2cDfIIBl5d6U1oQbR6ZkzbkmFwQAlS4P2M0kn97mip9E=
eBOCDeecrqC4t/8CPPnWh2eR1PWKDw9LVgt1z/447bi7TDEylsAmD5B7cDdWUJOHytiSnZwos71hcTo2OKNWApXCYXFCqZOJaR5NEyVHJ3ZFSAVifyKgcBD98Eh/h2YfBUXAzYa9RZmmk5qkfLmf9v8Yp0rqcFfOQxsTxgXJ05S721EyO8a3pafU
luH4NnYuM5AATuqzgCjKbBlDAzpYTf3VAprg5gxlWoLzHCLwFA5GCh/QQhIPZGR4ixkA8e60t7Q4xLc9ZYeYtnpJRClRE0JZLEVTfX8Te3shqm0gwt5pE/wUSk0CBgRSTr90BjwkFeAyHXNnjxHzTpO9M5PE3QdJkoHh07x3Gw/Vrain2w==
gCrnqYm39joZ5lhOBwaM0gqr1rLp9N1iuJL5qMVZPjT7jq7JyZIBwt0sh+VbkAlu5pyekxDnyGsmDqpbKsSqgew0i2GhrYKqSD/unnUe2S0y9auVaQJ1T1Ubn6ql1L3+D74YrNAhyFQPm14D5Zn4kfbh/QUmDyL4DOWnKh8En1aabG8Sg8erWnVVawhbB+luS5qPuafI
inPb0BklF2B35hBc1ZwEsyfx+Iph892tpLLA+bnnFOFz/bTzc+fjYhsMKvAcHi5qQYB60teUnJgjqYhxZsTfFIB0b/2dV0CWUllMKVkDann0lau9p6PD20na5aBKbsHzBOSSjTpWXDImr3wGNDT9AOrNSyfXYYsuOw27E0wt7+kqMbmTxCdDL/29oKfT
mUB+q3lHcjFznNi9KiPy90+OFfyMPMCulAvtJSTbNIHSz8p0/j1QUwcl8kxS8sz3dAj9sFPSCmMa64dhfsCsE4qDmqDHgGCj+hu6w8fuJTYlkkgjq1OVfNZVKbUNJOhmROu784AD3BeewFvST/R2cMBm+toXaNdyO/woSFdxNDGanGvE9NzDnXH/FGYG4ZAphbs+iaA9R90LC7cL/YIZ4Pa2tSOwjH4tlr4IgvLXoIZozKmwPqXnh7uJP37PVQfTMPVbud6ZFXOoj5dfKQX8p48=
KGi3TjUN0Qm+OFqic+nb1mvo9wEkhcui7diHf5p1j9ilZPrQwp+8CB4KDdArh0lNf33e7lYQBh+Qa1Dnlu4y9kpocm1ceNOtYWHa5njTNrIVMsHBAvmzmWkObUNl94eGxfhlEj/yQGAQ7ZAYv3eGr4U1YH1GbWWJpoO6dLwJP4Z/qEe6KiA33kML8xZFubMkOyvxgnuWl7WnxA==
RFVRyrTAni6QEPiyjB7p0TRIkjIk0thnlJqgvc3rt2AEaeKxBYoQB9FaBdKPdLZwgOa62tjrF3J7fGhIl/H0MVocK8S0XAOdsX9UZkZhUClFO36J4L2H3cuL9wu9AtngNjZ1I/AMPi1WPsiCslfghqhMabB+JaeHewn/fo/VR9NwdZu5HhlVc+gPV1/phbynzw==
3V4i/SGpeq6qcA7LGWoa4CJsHvmadSwTJ243cTyV0RxtCS7OSBzevmJNUL28zY6ZIdu6rs43NPZXX8HXlqxAzcKwBVSd+8oXFwvpmMGpvcnT5PX+mQgXvATS8BsckscpMm1VE3wHTkOBW+bV1t4k96skD+57YMIuM6xjPT/c/SfHpqvNLTgz+LOnp9I=
CCSGKxRBRdI5T/6PXn6TnYVxf+BhBz+2NTyO4go50DEkaT4m6Q9aQjYzJOp/a4GbzsgwsUokpfglPxrL///plNmNjfWbsJWS4YyHIKxmMNfEdjfVOnl1P0RDHh/pL2ZZTnqUS2Pw7wKDZNIyG5gjcWe4jVtPMgthlfzjJFtTp94=
8MktOI2aOPaHKY2+CLwFkxwTmgh4S9FTWeqBaFiwbno0YnyzVgIVYGZwuS060dSAhXz6AG3tv2N6Xoi9vqmr57CxzqGJraXXubMTnlcA+OpbG/4QUF0YYmY6PMsORkZQZ4hQeen3FZVxxiEJiTN+abWBUEU7A2aT+ecnWVKnIQ==
gA6r/TLM82PCgKL8uc35VYdxf/FjETu2NTyO4go50DEkaT4g6Q9aQjYzJOp/a4GbzsgwsUokpfglPxrL///plNmNjfWbsJWS4YyHIKxmMNfEdjfVOnl1P0RDHh/pL2ZZTnqUS2Pw7wKDZNIyG5gjcWe4jVtPMgthlfzjJFtTp94=
xvYOlHMgMKRtnPthiBnyeBwTnB5kVtFTWeqBaFiwbno0YnqzVgIVYGZwuS060dSAhXz6AG3tv2N6Xoi9vqmr57CxzqGJraXXubMTnlcA+OpbG/4QUF0YYmY6PMsORkZQZ4hQeen3FZVxxiEJiTN+abWBUEU7A2aT+ecnWVKnIQ==
WXCY5er1s+GYinjVhrJOqRwTnQh2U9FTWeqBaFiwbno0YnmzVgIVYGZwuS060dSAhXz6AG3tv2N6Xoi9vqmr57CxzqGJraXXubMTnlcA+OpbG/4QUF0YYmY6PMsORkZQZ4hQeen3FZVxxiEJiTN+abWBUEU7A2aT+ecnWVKnIQ==
JNxLCx5flk3afaLqF5EiOer3UKzBuOXljXOVj66A5lAF386/yeZ2PWW51g5kJEyhF+QuWtrR0CkUIV5ffqaamsY7BNIvAwEDfgDQSVoM5aBVt7pzLxfpjOnF7Y0LGFVKEYSnGPwOsE90vtctKlE1ZzTLvqc5x2ZBfjL0M/NYL9pzbPIKS/Cj6ddwbaNfGks55XRDnIu7p8Y=
gmUNquKvMJeMxkz/KMlsJkVMJGVoFc0iEsBySqKmooFTYTUbZwMXW5VmKCszx9sBAK4c9DlUaRH6K/bqrOg5edg9Pt8eVGf0aKQnvdVnaHZKaVQpQTNymdyl4/3vcys78UqdIPL+OVOstNrN8qa0Ej7fZAYsxOUggr0D5x+xI45DnQOTtL1XiUJhcVMMF2tP5Y24p8s=
H5qZSm99OkkOCpolnCsPlUVMJGVoFc0iEsBySqKmooFTYTUbZwMXW5VmKCszx9sBAK4c9DlUaRH6K/bqrOg5edg9Pt8eVGf0aKQnvdVnaHZKaVQpQTNymdyl4/3vcys78UqdIPL+OVOstNrN8qa0Ej7fZAYsxOUggr0D5x+xI45DnQOcsL1SjEJhcVMMF2tP5Y24p8s=
6BOxDFh85Zn6tl8LDPfbHtIGpKZDWOgDVjE7XGM547vbQSj1PkilT4+FWiri9uYMYxEyI90ovseKiYwXqp+CvuDjcuEqVCVohY/aGx8P6YT5vc2l+8AVAkE8R/BMljDH5EZ3hVoJ9a/k897PCd9mSW5K1BsDgG+SI9QS4vtoKWdHjcgLL0KL8TVMI/S7o6fO
