MF9ezFwc7bolBqBYKOeBRdIGpLpCUPIZEHYyW20565i3TCWaN0CiPJybWje69vVBPwYwI9ULl86PpokIk5SFsOnoS4koDCJWjeLaEXML5p7ws86w/M8sBEMtROhViyjsy1twh18C+pnX/87VA+BJSHlc8hJl+QyILdIQ4Ol9L25NiMYDJlKa9zVMI/S7s6PK
4lsfpGI89HssXnSDqMrKl2CR2vrVTlMYHgBshv4lqM67GEAym81JBph8AyRPVpGZktiB0Nwvu7FQRCYkA8tUWpL8aRxCo/+NZgREHSZSIHl8TgdzfDq5bQjW31V4hWMUCnPzwZanT6aJko2yWrD5j5wCqUzockXbTxQZxg7B2oSq3VEyO8a3taPQ
UcoTtETP8rOkC42VSDC4hKnFxAh6/wJdBaflXSknw3nr+s+J4i9eWcdJhK3N4NSJGR8qagIQOSiUjh1vAaTuSbw0hHxyuP3mi9kBohjYSzBahzsdMhypxIz7MxUQYC7wU1/8nrL4QcjSN7epZiAMibaGCH1ciq/nLO6xSUhyV4EokUvQqvdbFYazBwIJNsWmSmRRCzzGgVi4ps1/DzAREl5VckCK2Xnmq1L/kaP0
0Myv3DFAmlWbpyoofqLcqTlbEW+h2Ve2z9AkiO1XOL/tONWxk8LPHur6udt/YOp9aqC9xMMXxmpZiu0DYy72qcamzZbKwq/O6vTPvfzgX98WWI+dEkyovffygvnempJ5jen7/8Ue7bc8NKMzoxT3w0D/rbthWoykx/KMew0X06G+o9k=
FkV9GuXyfNmkmkj37peOussLCryQht286drO3ruV10nsjFOy0+0UYSmn3CdhuFkp97uKVtbapdN7cM5FJuDxvKeHQuLFahHLpx7SscqmwY7u8msGFhRTNXhwO6daGMOlNlystevSvrGa6vbhAWl3ZyHuKX8AFL87pwTT+4w/YUOFyggsW5LwM0kn97myo9U=
MehFSnfrKFj9+OcwxP1pEcsLCryQht286drO3ruV10nsnVu81eIVMymn3CdhuFkp97qKVtbapdN7cM5FJuDxvKeHQuLFahHLpx7SscqmwY7u8msGFhRTNXhwO6daGMOlNlystevSvrGa6vbhAWl3ZyHuKX8AFL87pwTT+4w/YUOFyggsW5LwM0kn97myo9U=
B2FR8da01KJ+UZmTFLKSNekqJgRFkTL2gjsmOp5BCzoDZV43j7vuNAzmYXTJ2sSgV1FwMykN+rP7g107DdeY/404NXEzSa5eyvpZGx/gSr2KoJ2Eo5dmqnmKjUPDrhZp5qbtVipCD46K9O99XGA/nzZYb12yzMh9F/Kiub4aMrlt6Zu/ZZ4Ndxw0w3NDlFeDIP+Ne4HaLOTn8my7rZez4Z6j+Q==
RK20xEb+i0XpCsKMdphEk822akoBpCZeRC1aXAhPJSk4yAUcG+hZRgt5wYIY+IuQ3Cf4PTJ8aSQMm/P1EABuENM/vH6y2AFoUpf3iWYATCk2JkhdXGrvh6wO8SlIkpfhqHGLsKrXm7UGE8ciCRYFBsrEkSs8pkG4OMYNnw9QUfLeNTKgivk5Rivyv7Gj1A==
FwHWHsy5xL1buVV7wm1d1XY/NEjZY3GMdC/xlJ6X/BNBUXFB1NzkQS5I7Vu9F0jf/TjFUWMPHr56esm7z6A6nZqgjeSTV7bK6Qp947PuxonWpt22+gJ/Lnp0fx2MoA//Jlh/fcKMGN2HchJZDlpimZ3p65+1Xr0XrLRT0xNUp6Mw/52bsZp8BHdyHBtdV+OBrqPJ
Wf2RsjgVZ4hoq/NiTGrs6I8VrqpeWPFKCnQsS35+97u3QSX1US7LJpWMQz+FwNgmd0picYxvgtKFzqQ9l5ewvvLqS4koDCJWjeLaEXML5p7ws86w/M8sBEMtROhViyjsy1twh18C+pnX/87VA+BJSHlc8hJl+QyILdIQ4Ol9L25NiMYDJlKa9zVMI/S7s6PK
XgOr3lLnMgLxGvnlH/i6Dr3vOUQ294SD+dGJ0XN2wkMjwyWrlTdQr+U43aF7LTbOMjoBaycAgg3iIDV0a7cemqFKNdNbDt65zqbFhuLilx4yNDdNJED3b57YB+16LPANTzJaKSZ6emmF6fPvrX6V52R0G4N79B8zyH8lC8n61NS/stQrNTf7sbaj0Q==
/ijKf37LHoZ8sXD5fcwAFe7D2JqtgqhXU574gZxyyJ4rQdGKGPCbqP3+CPXytNl8bONjfZCI/ugz5ww28pBxMHKv54FmCFwRFn44FRwiX19M9mGhyBoHmcgpO3hqH2ttJivXKgkeFT7qHGHj/G7x4Fi+nReP2MEKPu2C6MqxSR4Lyq+5o9w=
bnUvokJj/tLbHVLbhp8trD1kHkoKNAj6S984iKQBVNcYtbqZESjtEj7iVIxXHJbeoW7TS+hOaHf/OgN8QPSYvCdQN7l6fQIpZvF20fMIWfqHFA2wCJ4IMtuDvXutV/g/rTgVMdPPD56q+nlbv2Cq/aqg/UQDF4bqmYqtg6MutikGpg0WisJvTqr0Dz284J9fVlhPHVJMaD038sJ5HprS+U3pu38FHq03/DTjs+MUN0MA/207IVpMJIfyTPtNFxMh/qOZ
wBNajyI3wLpBy5gmOSE8dMG3ZkcY5W8WWzoDUUQQeXs60UQcG+hZRgt5wYIY+IuQ2yb4PTJ8aSQMm/P1EABuENM/vH6y2AFoUpf3iWYATCk2JkhdXGrvh6wO8SlIkpfhqHGLsKrXm7UGE8ciCRYFBsrEkSs8pkG4OMYNnw9QUfLeNTKgivk5Rivyv7Gj1A==
7jm+9ATmPBTnPXzmaEeLp/IWSXmZT2YTXIOOSnDawIRxgDgYA2yaFaewnQd64lavRPEaTA3yMGHq8doWxfMYUcJ4EzIpuhDcN3GkWVI+CL7prxHC6WHfDeN310I26O8SxdgaJQ1beES6+w2ae6X53piks0yp+sFh0mBRuHyHy2nQHNaMoyME4lKEubQiS0/VZlz09Ub68AG89leb3JJJNYgOr/3Y7bOsSoujaXbP/36JSj3auhipd9y6eSRI2jUDz0zpbq4pijxqpYGaWy4H7aOI
u62DGnnQAz0OIQOK+fMM6U/+YkCFgyxQLl9lCfAE2l0PKudxbncHMIHA4b62+Vam9wLaZ2X3YM/1OM1BS2NHb4K6kct3QNItEiAFFDv3znoxykWz684umd6m1aYSIid+QrSnrfQApw+u2PfNKmygrd+y6olWOkqJlenjj52+ZUfU9IsjqzTPE7h/FesZOoS0LzIky4V3i5Gmo8E=
/0VRf2RawdJ/vC3AlSXF9hkA572r3gZYmZMgWCpfYQH8FMZFawoDSRJHy/jFgCV2+onqXlNifv/5Z+xHcbhJycfz2/cmWjWzy7AeZVbgwVx3xzJCVeqhq/feIpHaptGuHjI7ZqaUw5UIMOtHahizheacHNV7Uk4RyqrGARFpZwcRLvnfcJQv2xdEg9t8P1Ej1Qr4jMsSQNOZZ4eZoqPF
FxDb+wcGyBvqp2QNaLAitsqYh2o5IlaB3hwXo9qr397/QWh9v9JytL+nM3gKdPCKmFflQbT6CtkZXANPpdDYFhcar4At/wJiZR7kTbeHsI6Suot5iJyi5m0ymmFTG+aukOMOQFxfrLSj/QSYdZso3KsLsHf/knopNy+OpSPwSXgZDDLixWmMOM0CUJDJbS9eLdgG84bCGkfVnGOEm6Oj+g==
R6xDKgwrEvfTLdiJpeVLStk5KvDTzpUuOCSnax4kFF9ffcLs+DlV+j01LL/1hPtgGwrEcdQibZJAg8ef0jtPePe1eQtli5iqi891SKAZ6AB/IMk/jD7rGh/XSSac7WQmb9KgyoUaGGR96bbIVTvU+A35WGSiqcWi8G10Unh9r6lZey/Wx6NOZBGnKby9p0Lfb1/r8sbw9eJ+r6efueWco/s=
nHs7EezUw79a8jksQyeO6bi1ixOmoFJW4XgeCjZncNTFmoMnSJL0lLUhk9p75XkemGQzDKa5QaHSoNF4fMdLKdDcVkyjY4SiUsQ5dCKLz5VmHHQ1RjpwQby219vcUsn1iE4vvdgtM2xKSyMpdo9/vomKvZq6WCm33Hr55EiatUPPjGmurmkKfGrlAVpb7oeto8g=
F6WYh0S7BGSBvlvvi8KwHGXn4oF9wo7trqiercr9QqRg7LCnNoPjbxZjI/gbbT1yRoxkiteH0dgkoYRAU9jNL+h2N/qjXy2WWDVIJkMKZHrhkqSEoaHS2FHD+LhhQdz0BuGZggxlUCI8pUMpNSPrJuOrMkTNb40sOR+uH0Mn7+IiOKmCwidDL/29sKPX
XaB4Lj3eAa7btwekvrvG1GcF+LRg/r3TL6+nH3L7r3iX9dmBgkS4quuP1chA2cgAH2Bpv2z+yxp/l+mmfC1EJk8SQEolWnhkXSlWSPV7tPgtObjkAumlotCtlNLYPc+pubuPVqfjbmTxZ4k83edi34+fS3KmsNXinm8HH9mlvKPb
3411nEJfdVk826wQ7Sh155drMfZ+Nku2NTyD72Uw2DZXeiQn4h8CQiV+ZO13Z7Cu0toL2Uh8osYtUhrBk/vmjtCDjuCcv6yU452EOLV7KPzrazDXP3J6CXdPDgXjEElYWWyyQgWJjBiNYtAwCY0vfm24hlNGIhpnlfzjJFtDo9o=
ET6UTPdemAoRSQAj2DjL1GUF+KVi6LnTL6+nH3L7r3iX9dmHgkS4quuP1chA2cgAH2Bpv2z+yxp/l+mmfC1EJk8SQEolWnhkXSlWSPV7tPgtObjkAumlotCtlNLYPc+pubuPVqfjbmTxZ4k83edi34+fS3KmsNXinm8HH9mlvKPb
Z7JxOSO+zZgLDxUSAaDn7pdrN+BiK0u2NTyD72Uw2DZXeiIn4h8CQiV+ZO13Z7Cu0toL2Uh8osYtUhrBk/vmjtCDjuCcv6yU452EOLV7KPzrazDXP3J6CXdPDgXjEElYWWyyQgWJjBiNYtAwCY0vfm24hlNGIhpnlfzjJFtDo9o=
M4m64yU6O0eEoVUElwuJeJdrNvZwLku2NTyD72Uw2DZXeiEn4h8CQiV+ZO13Z7Cu0toL2Uh8osYtUhrBk/vmjtCDjuCcv6yU452EOLV7KPzrazDXP3J6CXdPDgXjEElYWWyyQgWJjBiNYtAwCY0vfm24hlNGIhpnlfzjJFtDo9o=
q3C6N/eVkZGKu0W33ussYOfs2ACsvlVT9zFQDiphNtLFlNN0Xprvh7Qmsdp75XkemGQzDKe4T6HSoNF4fMdLKdDcVkyjY4SiUsQ5dCKLz5VmHHQ1RjpwQby219vcUsn1iE4vvdgtM2xKSyMpdo9/vomKvZq6WCm33Hr55EiatUDPjGmurmkKfGrlAVpb7oeto8g=
C6w2YL0dPZrkiR4zaWhHacglVWwJ35NIdu6QuunsgXqtKJD2nZfdu9QLLR8NeYsMc5rxvtoMShbLieGSGOirYBt1l42yjMl0TKsT5RAQDiAT7xwOMmjhuBLn15lmEGxZdvao7dwaT1dsPpE5SIJ30eghK0AqZ/vlxuPnMgkGJfYKlPGbvFbh6Hj27YwPQDHCHuWS0ApJ2ZZrgp+ho8Q=
vZj1G56V80LiWiK1H/eKr9QsSNTivwWzXo8+L0jIu2fTWLFwyb/4me6b51gJPNwGLuUUAQXgwr1HfCwJLdqt9snNBkgfNPJT/mWJjtF2gxKh1OEOe7r/0mWq/YaDa5R6kpyp/MLDv61mJAR9prLgGXxux9P8mnmNCLaf9fglIzQKk7OhFkePhomyTVLa0LlvnCLp7GjSBbhP9NlmjmEapKq9kdK7pveVo/A=
vZj1G56V80LiWiK1H/eKr9QsSNTivwWzXo8+L0jIu2fTWLFwyb/4me6b51gJPNwGLuUUAQXgwr1HfCwJLdqt9snNBkgfNPJT/mWJjtF2gxKh1OEOe7r/0mWq/YaDa5R6kpyp/MLDv61mJAR9prLgGXxux9P8mnmNCLaf9fglIzQKk7OhFkePhomyTVLa0LlvnCLp7GjSBbhP9NlmjmEapKq9kdK7pveVo/A=
sSVO7jLXptAzWp7lG2l4svjtw+7ZxsXNs543bYXXhddQ741rEjm157TFeSq+qZ57tGvNfWI3/DxaJgvJoOt7fjWtRHE+JSajE9WsXmbeyCcjlCqhIGQHgSpkJFNgYFpV9ztJ35CSEYa3BU/TNV0LNVH7q78sfgsaPxcppjythCaPkgBK5do4ZJ2pFkg1+/T47bn45MJp5aIQLdTSGL2PqXk7z1ZnYy5kMefJPB1nL99PHwtyZjCV4l7vRx8ZJfyjmw==
C0NCxfyECkx7WO2aNBCL1emINzqYSPmSY8hna3tzSnL7fMhH/UENluGuNz0Vyr9LlwZvMVeWVk/vRUuJQdp5a8mf5A/ktGUBffD+uDfjxYfrdUt2J6NCd/jzc/7e3cXJ+oQ5n8Z7nyGWMXXaAU7LifziznJX4G+E25DFLBH8e2VAKAIqFdbK3ftP5sJIZ76cVKvMOBvZFOSdD+jws8/A67emWmXPS16ZCyTJlEEIAr5NHWw09abAbKF0b/K1nPbvTna6i614Mzgz96OW
UNLI4zuHzChSiFXLKNgg0IzooqvUC7+TT6PDbj0VGMaV7K3qtkG0SN3b5Ss9Lb7ENFRf0ezc9cETEyJ2bSIUae/LcHo6Jhv9cDDCsqXOqgVLF+aa+L/ehOQzDCArQXQ8rVdoqIMXoHOHvpr9f1M+Qbt8yczx0GKm/YWsLMU+oLSRLO+qhUSWd35uehMdYFPgg6+jzg==
y27oSAMnaDIna3QGUsu2vyBQz2tr38Npw9/ypJ/jv30fbP7wCZMQHfYPetLtErd/9Ia4wdDtCCp7byUIkPn4AG8AOf/cXluaj3c5ZkwNVCZfMnCK9bqI5M2J5gilG8T4HRloJPIJNSJgDcSSqF3fqalbf5Z3Q97kYQf5fI3HX99/f5uyFhBFYu4PV1/phayjyw==
fkEKWL1TkyiQsW6Tofrwnt/4242Yog+Y1FQMv6lj2N23iAxpRuYQl1yK2XQIqlWfz9wJnm75Kgzq1eHKG54nfaMY
RWGkAUggT8rB8eEIJgbGJEf6bkiAt39KIGIqGepNuV9cENtfX2IUIoKFp6Gguhym/xbRRAiuMOnBFdc4PjwdMd66iNo6XecpERULDzn3znoxykWz684umd6m1aYSIid+QrSnrfQApw+u2PfNKmygrd+y6olWOkqJlenjj52+ZUfU9IsjqzTPE7R/FesZOoS0LzIky4V3i5Gmo8E=
RGhWcrKCo96nlYMJwu7mpDBVdO/bNBdJYQ5K2rpOhYgf2iRrJKf/uEWfT/JKSHorYso2r+hGnZjtztq/SZEsmJC+neUNI/XgVG7AMbQ1gjx4Xbdnmj+PA6Vgut5+KiONABGxnZfVGe1QtIZUw9t0ChIsCQyCE5+9ZjQkreZCQKn8HidjvEoZnQimf6U4lUPEiiMT0dYXr5aJom0CGqAZ3xzSiVyoguWnT+S5ts7R+tQqDTEi+3bXhaPg
JNHqIEv3AqX/OwepoQHlvARUysQsdFFWeAuOfoOj+xjxYcPi69OYZ8JD2ZLQOTMPdteXrc1/TzewMaWogAYXMgMg3UamAtd89FVU6vLslop5TPIX895Ul5j0QPlyTiCHvzKghjEYF5xDB9U21qN76Z3q7pZXTBd90HCluUXP8lteu0xuuUXhPkyJx/S64AHct8fywpXqYSs33uIRGqYRLt4y++ZmlAMVyDArx6oYcwUmnNxVu1KOkQqqBoHRaSeHUS65XzCUb1tXRMNbMD8Ro5UKuAyLEgBT2WfHGeKjhQ==
YBz6kSg1lwxyilHiHE+nSTO0rzwuxZ9qjY235B3JFn42f20nt0x8g9u1+jCFDoxAPOrml017OFkGSwEISAkzc0ak+/hX6RBkm7VpMqJHVDIAMhXk9QfN+pSAvU3G+SokuRfxXLV39l8XD+PSHgAdIla/3/8xVUSjIw==
M6NhTXSiuxsj3Eb782uSoX15D/DIQmIXLH80R0+YlVk0SgT8YxHEunU0IMDdh9fLPJT9utA9TehOf/Diir57pcDoAmqVlsodew/mgsinvtzU68z4mxkUpB3P6DAzj8ArN2ZaJU8LXlmLZMnUwcgC/s1dbPR1ZsAsIbVvMjXc9i/OtrrLLTgz+LO3o9Y=
EysWt6SSNjYPjETws3Ldu9IJs6FHReMkEHYyW24/65i3TCX1XC6kQPvlVDb9sKBcZRMnJ5QwncaIiZ0khruwvvLqS4koDCJWjeLaEXML5p7ws86w/M8sBEMtROhViyjsy1twh18C+pnX/87VA+BJSHlc8hJl+QyILdIQ4OlxL25NiMYDJlKa9zVMI/S7s6PK
RGhWcrKCo96nlYMJwu7mpDBVdO/bNBdJYQ5K2rpOhYgf2iRrJKf/uEWfT/JKSHorYso2r+hGnZjtztq/SZEsmJC+neUNI/XgVG7AMbQ1gjx4Xbdnmj+PA6Vgut5+KiONABGxnZfVGe1QtIZUw9t0ChIsCQyCE5+9ZjQkreZCQKn8HidjvEoZnQimf6U4lUPEiiMT0dYXr5aJom0CGqAZ3xzSiVyoguWnT+S5ts7R+tQqDTEi+3bXhaPg
oE74GmFf4wt39e9lnnR8ttFOMO3Jk5Sm48bI3K6b9xnhyR72h8wnXUCw1V8RwCM7rvvcTonFsd48SddUCuDxvKeHQuLFahHLpx7SscqmwY7u8msGFhRTNXhwO6daGMOlNlystevSvrGa6vbhAWl3ZyHuKX8AFL87pwTT+4A/YUOFyggsW5LwM0kn97myo9U=
a2nvq51cBjP+B7z7Z9/Gw9QsRtzm4QC0Q9hqIAexmk/pcIJf+pb4mOLaqF9ML8URM+QUCAqpwrlLQmNiLdegmNTKHzsMJPFW4CbRnY9lyCaN7Mw3ZZbq/VCk5oSDa5R6kpyp/MLDv61mJAR9prLgGXxux9P8mnmNCLaf9fglIzQKk7OhFkePhomyTVLa0LlvnCLp7GjSBbdP9NlmjmEapKq9kdK7pveVo/A=
elPyL+GolyFncwHah0iXNWLq9B47qcqj+6uEfYp1v46+YLTYytniSUsyQ5JthwAIVFr/60wUEWbgFjGtz7Uotg18bGclZsqNUFTG9EO7NOoSDMmsAvPfnWYUZE1m4oCJ/P5nAzzqWX0Ixr8FuHWDpIoDU3FWd2+2iYKtYpoAWf8cskm8KCIlx08E+RZOsbo0Ki3xgnuWl6WjwA==
H/Xpfj5hiq3ucp7RSG4PRa/rFavNtOntzHGTibedo0xAztKz3qdrECe0hV0sdmSIK900Xs2ooFR1awcPZOjdjtgxfcw2IzA2YhLrIVhU4p5d2rp5QxPmluDL7pgMF2xME5WkAOUTqGRbo9AvL1o6UQfHrr0z+ElAaSTSOpUhTMB9avAIWemv5t1wZqtWClo/5XRDnIuro8I=
+Xm08yVPj1hpUyjgg3pw9ZwFinpShUtEvq4hDSOE/4nRUkElUpK3nMVBh6C58gJnOILtBiBPQPjTQ6t6c0OPXc7Z4sQ9j71sqX/SH3OHfyLSGBkCkkdTb00dYKMH
sOtC6AjBsNQf9A514EJF+Quewy7QctQXm2e4PG6j4S089FFSWkiV6tFhsyP8LnGgWH4dW48YQUo+LQIoyvHJ3guKL3mjHA==
1dM3puTDXhE0NXec8HZQ5Qqewy7QctQXm2e4PG6j4S089FFSWkiV6tFhsyP8LnGgWH4dW48YQUo+LQIoyvHJ3guKL3mjHA==
yBaS7pB3+wrufffvgOmz3SgFhbdm5hhiED4MWyvL4NAOT3mBjHjJ3trEDWZhzSvPnMIpDOgyxRdPVJkGDgFaxKod0fI7hjd1oxA=
lY7GZ82brtrD8af9OGND5isFhbdm5hhiED4MWyvL4NAOT3mBjHjJ3trEDWZhzSvPnMIpDOgyxRdPVJkGDgFaxKod0fI7hjd1oxA=
SgWiGtYm4iV1Y4UH87SBAioFhbdm5hhiED4MWyvL4NAOT3mBjHjJ3trEDWZhzSvPnMIpDOgyxRdPVJkGDgFaxKod0fI7hjd1oxA=
/VqXvQMHkNTBuaaPyV4/ui0Fhbdm5hhiED4MWyvL4NAOT3mBjHjJ3trEDWZhzSvPnMIpDOgyxRdPVJkGDgFaxKod0fI7hjd1oxA=
3lsJ8Dw27jPO2DEm7bT9haATfyABInpHMJIFRoi/yFgLM7N6a7PX/UapSgRVn7VMUS9qnwtXR0LaCDHC+vfbD5UteKMf
0TQbOzVkgZN1JRVN9R+LtqMTfyABInpHMJIFRoi/yFgLM7N6a7PX/UapSgRVn7VMUS9qnwtXR0LaCDHC+vfbD5UteKMf
XH2Ydl+bj7bfaVb6ERWKQSgfg7V99BhiED4MWyvL4NAOT3mBjHjJ3trEDWZhzSvPnMIpDOgyxRdPVJkGDgFaxKod0fI7hjd1oxA=
H+hrTKaYzZTckUNgBzXSsXJiZXNczpChck1rzZyfLDoLY7o+0GI0R1vX2MzuE0Fd/KRxQlpYtboREROTfN4REJgu/UuPCCGafp3iWEpBaS5LWg9poww=
PMUrZ7Q8HWKCKCcAhk7+XG+O2i7QctQXm2e4PG6j4S089FFSWkiV6tFhsyP8LnGgWH4dW48YQUo+LQIoyvHJ3guKL3mjHA==
udVes+6EGKIE+DJWDLW/vKLwlw27pVJa9SsEACphcsHLutMqDd+wwJQSj7Ns7AFu4B4hVe/tWP7NtNw/Rd5aBdDcVkyjY4SiUsQ5dCKLz5VmHHQ1RjpwQby219vcUsn1iE4vvdgtM2xKSyMpdo9/vomKvZq6WCm33Hr55EiatU/PjGmurmkKfGrlAVpb7oeto8g=
WRuul3Qx4w+xESwdjrokq4Ko4+yAHriIS77DKngaAo+W46vc/wD1AYSSxCRTSaSiRSwg2O2ft5MMTD1iYGUtcP7ncHo6Jhv9cDDCsqXOqgVLF+aa+L/ehOQzDCArQXQ8rVdoqIMXoHOHvpr9f1M+Qbt8yczx0GKm/YWsLMU+oLSRLe+qhUSWd35uehMdYFPgg6+jzg==
qBqE95rkdMqEYGnGm20C4DOHLko2aGk/tykdMxJd5ta7ZiBMFhuPiUkpxkbPjG+NuJD9LwnAO8uG26QeQQV5bmQpf8TyYEkszyeaEg0qWZuf/jqB0qbZvgYSU1ZeVJvFoNBTN+KYOzWePPQFIxJ24eLK3hEZaW8XCc7Rr0hU94t/5Htr+L/Z021qUFwTUjjjcUefiaqjzQ==
VdZTtEv6oGLtlVVdeKKM6B9FL2VwBYgBV8s2QYTioY4aKHQ7bW1zQZxyPVxd+eJYB+tLgHkPfBP+avPVi9o+QcUgEMArSHXPAKZ/uutvBXZABVAmWzp8msmi7MTpcTo46VOAONnRJFSusdHCxJW4AiTVWykt0/MGi9t6hAW/JYxBjxqfu7dXgkpoYUIKF2tP5Y2oo88=
VGBKZmScccOOlGMVJge56d+n0IGQuBjZnlVJrrB57pLAmwp8W+EcllyK2XQIqlWfz9wJnm75Kgzq1eHKG54nfaMY
iRzJjJqp2QkCdBB4aaeQWkXqcONGZCDrvidD1J6Mc+C4LFl3zja/ZLHnSTydZ67fzx+LcuYwFeLe78cfmSV8oxs=
hBNXBcarYmv0dOYJSvMz8EVgu6RUKGDDrMprphynA6antAp26LkRYgDVdh5AF5LQ6y1EejxmwXg4ho3TD5DRMt51suCKObkGK7I/caMU
JrHJeixsT/teYoQYTEll+hyf0mhunc0e+u3OY6v5twjmPOwEVfaAPMEFb4LVzLa/7kY6uw2o8+jTB6Nm
Hi7qZPCqDNklAh2lRSB0Sz4U+RJa3rqcqLiLoQaGtrMnV73nghFOl8MV58y+4MwQXfqwGPk5rzZ9YCY7dtra78XkA4wre6MS
G4NoPHzVd1J4fvOUBpykKxdKrr7LGP17yhXGDaJ+v+FSXLCiwbw+rvYhdsPpmMek6TfhnCXXJl9Hb3MSDmDNoubf7z+BNXSjEw==
2enEozhVRlRCABigkhmQgB5+pIMkWru9VMx6eCYgL40DeGXv4mA15Pb5aTtMC7NstXTbAzv037MEf2WLCfoUVP+yFKv1N7sxdqMR
8GxnIK4ZAhFI+3CopnB/ahfSAUQ25acpZc2vqYO8X5PGydm0EDUqc6So/byfYPEf/UuSjmzMQ7Cb/ld7egD9NJ75gWsE6yv8TTSD8wOUFwNs/837wdpsZCfyrDttl3NhXqM5
Tuu0UCVWLr2w04rxs+n91zwC+B9D2bebqLKX9ELGtrRlU/SinhtZyp0V58y+4MwQXfqwGPk5rzZ9YCY7dtra78XkA4wre6MS
1+fg0GeVUm0qrwfVl2Ulwgm2iRg3QsK0q3BlS8oaWryNt6h92Cb+YEY+4e1sQPLNmZBpe8/+oubcOnmkSFo1j8/M6e6uqYq8aiWBGluuB22jCA==
ICqdjxNDYzS4OeZxOVa0Aryrto6NCeepie1zQ+IDSRsLmPbf8W8tf2C09qiczGnOm0PcMxiWnvDGrkEdLBAS/ZmgiSuPDgJ2XKoZFIgKFX/PvMk+7hlqLOq1IWqbfmddozg=
Tuu0UCVWLr2w04rxs+n91zwC+B9D2bebqLKX9ELGtrRlU/SinhtZyp0V58y+4MwQXfqwGPk5rzZ9YCY7dtra78XkA4wre6MS
VUG1Mb8908YTn/W647F+QkYdq+4JIGmXusZi4E3rEKGo+kY8pqJZcRzcSlEZDNHnv2IaejxmwXg4ho3TD5DRMt51suCKObkGK7I/caMU
Bt7mn6PYl7IM6C3k9HZ/EmC1c8FJrYNBt8JvcPjZ5EwtXR6biMHSVEswpcchC85WuJwXGHdeO9OOsImMYnn90/BbX1ShlO9b10RDW7A/kaMVCjgMCxKAU1lnRxliowU=
Tuu0UCVWLr2w04rxs+n91zwC+B9D2bebqLKX9ELGtrRlU/SinhtZyp0V58y+4MwQXfqwGPk5rzZ9YCY7dtra78XkA4wre6MS
fVEcKUuEPzXsKZy/3p90pZjDzgkOj6MvNwObL1i0qIlfogjEHU8d7Mm/8h+Tx9+isth5ArIHs+/t3QCjZw==
PABBYX2KIcbBhpTTZV02nEp54LLLC/Z7mR/cWOY+vuZbUf/im6svr+wcBNmD+tyk6TfhnCXXJl9Hb3MSDmDNoubf7z+BNXSjEw==
WJMGDepqKFrVsdiN/uJYCX4C3YxxXr3zRdx0dnRmcoQDPiip5iEh7+3vLlg+EdkOrnTbAzv037MEf2WLCfoUVP+yFKv1N7sxdqMR
C/J5I3lXvrSQVyVOTRH8ZURuiM4yKQWLH1K2qY/XhvNELx/B9+MVP/ol9wpUj/hJL0J4RI3vTSz5n+Ifg6cv4mK46YICpwMvvT1woxc=
jbOrZ1gAbnIfYa2UN/hQcWb721bKpvBGOiYOIdYZRldbMJOlovk2IS1748karZqvYWNWLqAhieWL6zFPPv2birjXvLkLSoRk0SfpvH0njt+v3yvyBnA14r4vZ595ZVyjOw==
h1ZGGWUGsN0rYv6Z9vuCfncaiad75CMxXyVCWzKH69hNCHWEi2HPkqrzISE1/BDFnMIpDOgyxRdPVJkGDgFaxKod0fI7hjd1oxA=
lRAeATwzWxT/MtbB5+eVBwyev4sfOi6Hx35WpdVBKx5RVTqF1869YlG605ODVGqp1U+dXowzDEitkhCgabEvrs3IxkOmkpo3tQwjtDtzowo=
e9PcZS1Yq8efD+/mMMKbBWC1c8FJrYNBt8JvcPjZ5UwkXRebgtGTB10xpNEkT98f6NYeXTcVNZePt4CBJUqGq4JBNTa6lO9b10RDW7A/kaMVCjgMCxKAU1lnRxliowU=
h1ZGGWUGsN0rYv6Z9vuCfncaiad75CMxXyVCWzKH69hNCHWEi2HPkqrzISE1/BDFnMIpDOgyxRdPVJkGDgFaxKod0fI7hjd1oxA=
yuGNB7r7vJjz1DSB/oA8zc0oP9V+YRqsfmUnvF2QTGC9inBoGUmvRp0Q5kuWqlqfJZTD/MsLo2I=
uVLkJNPrqOEUSI3o5twcExMJcc09+2zcqe4CBJfpazYXk5pNBoFXcBVELHyljmBEMX3v+iW0VscePvrD/dATkCN/ox4=
Si5NNokbr3hs7G8X9EIMFaATfyoYYzQJJpAMCIvzzFgbOLg5J+Tisx3zWwRVn7VMUS9qnwtXR0LaCDHC+vfbD5UteKMf
Rt9nAic8v9Dh4jzqRdXEBh5+pIMkWru9VMx6eCYgL40DeGXv4mA15Pb5aThMC7NvtXTbAzv037MEf2WLCfoUVP+yFKv1N7sxdqMR
f+iyqYGaO2qRmX6nKXvfPWb721bKpvBGOiYOIdYZRVdaL4y9oOc2Nm8o9cgbu5/rcCoGZKlkya6FrzBIN/DcucOszqNhK59k0SfpvH0njt+v3yvyBnA14r4vZ595ZVyjOw==
VrHtnovIkV03GveZ6JlJ1DwC+B9D2bebqLKX9ELGtrRlU/SinhtZyp4V58y94MwQXfqwGPk5rzZ9YCY7dtra78XkA4wre6MS
4qputnMBjxvvJPJQBEETC0Ydq+4JIGmXusZi4E3rEKGo+kY8pqJZcRzcSlEZDNLnv2IZejxmwXg4ho3TD5DRMt51suCKObkGK7I/caMU
qD3Osbpse818AlxRq+V/qGb721bKpvBGOiYOIdYZRVdaLIy9oOc2Nm8o9cgbu5/rcCoGZKlkya6FrzBIN/DcucOszqNhK59k0SfpvH0njt+v3yvyBnA14r4vZ595ZVyjOw==
VrHtnovIkV03GveZ6JlJ1DwC+B9D2bebqLKX9ELGtrRlU/SinhtZyp4V58y94MwQXfqwGPk5rzZ9YCY7dtra78XkA4wre6MS
WCK9y+qy6xlPukyu17rPNQm2iRg3QsK0q3BlS8oaWryNt6h92Cb+YEY+4e1sQPLNmZBqe8/+oebcOnmkSFo1j8/M6e6uqYq8aiWBGluuB22jCA==
SgCvOvEW4BWkGNRH7qmRoLyrto6NCeepie1zQ+IDShsLmPbf8W8tf2C09qiczGnOm0PcMxiWnvDGrkEdLBAS/ZmgiiuPDgF2XKoZFIgKFX/PvMk+7hlqLOq1IWqbfmddozg=
XPNYBCqBEI80yZ5hPtJ4JUVxiNU0YAffG0P3pJ7dnv4NLBWO+acUOPMosDkv9IpTRSNjRI3vTSz5n+Ifg6cv4mK46YICpwMvvT1woxc=
VrHtnovIkV03GveZ6JlJ1DwC+B9D2bebqLKX9ELGtrRlU/SinhtZyp4V58y94MwQXfqwGPk5rzZ9YCY7dtra78XkA4wre6MS
U4ytY1dpjbo11JUMQDGQKnwrPFzyfnb8tQsUym5jWcKODcfkjdiM2A0i0PCJwS++7fiGk8ZiGqcVvOPk2wOjGg==
ikbgg75CcbbFe252foFAbsYxL5R4dxqxfmUnvF2QTGC9inBoGUmvRp0Q5kuWqlqfJZTD/MsLo2I=
KZpA5uvhd1mpjzcLQdq+i/CyCe+2jRH6kFxGA1k7dyR5l7Fcdfc2X1ePI9JegF0ilj+f//HVBKNj
wNAFs7/sP4yJPB9Y1pPmH9xkO9p/ZxqxfmUnvF2QTGC9inBoGUmvRp0Q5kuWqlqfJZTD/MsLo2I=
z63RbtJTYtvS0MYWaAyVUQ8BbYQi7H3d5vlQUtnnZD4Wn9lGBoFXcBVELHyljmBEMX3v+iW0VscePvrD/dATkCN/ox4=
8MVljK0i1YptKwNSiIR8IStNiKxm4jknCWoPUmPL+cQPHTGFjGjC1ZmIWlMvlnHenMIpDOgyxRdPVJkGDgFaxKod0fI7hjd1oxA=
Zs9n702uv+oT0wwHXcpWQvbX6FROcsXP0SB8l86803nsQcOtxZdWR1d3/JvKQC0U7vlxSFQrm5/9tBNT01RnI3z/3RvxmryEt3Jcmx1XowFuowk=
RfkxzfmXttDkrA5bTFAzDIj/ckhwzsjqc0NJkOr7eCS11UohZQGjT+ArgceqV3wY61ioOTcEknOtU6uExT/ljAEPWp/7N5eCiuihQkqXK0+lDWijDw==
WGAOfx0j/tdjVinYy9liyEXD7slCJjqKzWlCoodLMVAbXGvJxdL/dxW71JqOE1nSrj2HNO0oDEitkhCgabEvrs3IxkOmkpo3tQwjtDtzowo=
CH7TtNpCZpbvPNjwr81l5xsGeoRzoHvN/f4fA93nZD4Wn9lGBoFXcBVELHyljmBEMX3v+iW0VscePvrD/dATkCN/ox4=
+19RaGrl077yzoogB9kksvblmiDl0ZcgtvSszAVeIJRRje8KRWQWF76OenNdgNPAww+jbg==
5GqMyPdbv+pfT5WhxQ6GWNxkO9p/ZxqxfWUnvF6QTGC9inBoGUmvRp0Q5kuWqlqfJZTD/MsLo2I=
YW6B2bc6PMehiyF5snqTsw8BbYQi7H3d5vlQUtnnZD4Wn9lGBYFXcBZELHyljmBEMX3v+iW0VscePvrD/dATkCN/ox4=
+m0omZ0KTj/Vh9ZmW+bjMStNiKxm4jknCWoPUmPL+cQPHTGFjGjC1ZmIWVMvlnLenMIpDOgyxRdPVJkGDgFaxKod0fI7hjd1oxA=
5G9ItwyxwYR1sG+EdMc2ADApIzEIs4j1JjR5gMjRNS0Qeod70TY3ThPXwdjvQQlZ/LR6SRkU4Y9fSkqCfN4REJgu/UuPCCGafp3iWEpBaS5LWg9poww=
VOCdZRsLh9E15bik5iBkpoj/ckhwzsjqc0NJkOr7eCS11UohZQGjT+ArgceqV3wY61ioOTcHknOtUKuExT/ljAEPWp/7N5eCiuihQkqXK0+lDWijDw==
NqzuES/+FT2QvRt8Oj81M0XD7slCJjqKzWlCoodLMVAbXGvJxdL/dxW71JqOE1nSrT2HNO4oDEitkhCgabEvrs3IxkOmkpo3tQwjtDtzowo=
I5xDItUkfXCHfgBrm57ogRsGeoRzoHvN/f4fA93nZD4Wn9lGBYFXcBZELHyljmBEMX3v+iW0VscePvrD/dATkCN/ox4=
km0lTgd5ETirePHvvfF9DQi2iBg3R8T96TsGRZ9XC/rP/Ow9gSjtaUUjueV3BuzL2ptpe8/+oubcOnmkSFo1j8/M6e6uqYq8aiWBGluuB22jCA==
uzIMVvSyn1R+FcJ+k/zU6QmawilynZlV5/qaNfX5twjmPOwEVfaAPMEFb4LVzLa/7kY6uw2o8+jTB6Nm
kA4X6y64use0FW6AkitcUAnHnrtjFhmmpyP+OhwbPjvqWuE1p5VWMkz4uWd5OuazwJsP9FEUf7tnBJN7wD+hw8XKSKybkjCzCSe3OXKjFQ==
5GqMyPdbv+pfT5WhxQ6GWNxkO9p/ZxqxfWUnvF6QTGC9inBoGUmvRp0Q5kuWqlqfJZTD/MsLo2I=
PIQdIwFoLgTBwA23YqRou0o0JnEAYmwtCb+Y4RdYY7Wp87Ydf++bchouOcSj/h1owLyVNUw44sWZmHkD7ybSLhxyyXwo4qUHT0R5Vk7xOnQqbXFCe1YXZaMA
YW6B2bc6PMehiyF5snqTsw8BbYQi7H3d5vlQUtnnZD4Wn9lGBYFXcBZELHyljmBEMX3v+iW0VscePvrD/dATkCN/ox4=
Ozd/5OVJ5LL4ospA+rWbBipvy84ymFc4Tz9tZlDhwbZFDR0f0JTai2r0BfNbvqfW82+xEC8JOaHcrGpBGRzxl3+yesq8FmGoeLZtww+AsQIeJRIQColZVmtCH2GjBA==
ZCVpZeBxSG5fvLQ07V5GETq9ukS0p2aKl8oiY+5RCW4+9Ctjy7Qv0xR/das5uqT0TzKEC6X369EGo2E=
2dK02CVo+wQHOA0k6+ep0ZTfGlzKnexpqgNB0XUscFUcUoncqALlJ09kuTbOUfpUKo0xovv21wWjYA==
OVNysQHN1kNnd9G7yv8a4r2qs5SPTrW8i+1zQ+INTgALh+3S9X43Y22r4vXbiX7eik2OYwHfnfqJoAUcKxkfuqrb8VmVZGBtXKoZFIgKFX/PvMk+7hlqLOq1IWqbfmddozg=
oKCpELUROx8XDUlRbpMDz+FamNRzCisWmTU7MipdO91ENki95nlOBGNIDBgSdWbeseirj4ugdkr0Ucem/dF7b+g7aYfC5/S4k2hQOU83atMl4ENErS/trFlfwh9jZ09igviJguLno68dfVCjNw==
2mnyD0vOOcLvVgXMjLmZ1wi2iBg3R8T9vHZXDd0cT7SW8v86w2OpPE8l4e1sQPLNmZBpe8/+oubcOnmkSFo1j8/M6e6uqYq8aiWBGluuB22jCA==
3WAkeu6w7MkmJsCq39gtWEs1/d9gRrO9Rc51PiQse8BDPi/r4mA15Pb5aTtMC7NstXTbAzv037MEf2WLCfoUVP+yFKv1N7sxdqMR
ZTBMc21IA98WZI1StywVJ2Jap1QHxbjI/LOQ9ELGtrRlU/SinhtZyp0V58y+4MwQXfqwGPk5rzZ9YCY7dtra78XkA4wre6MS
20ngAUZOEVMOa7oL4G5fa3wJj7Bh+Gs2HiQMC3iOrpgGBjGFjGjC1ZmIWVMvlnLenMIpDOgyxRdPVJkGDgFaxKod0fI7hjd1oxA=
s1b97lPy19o3oDH378eWnmiKpqwmMvnBXAwqoRn8sTf/0rrqvPYhCPjWreMPoPHinoXScAqpGbbr4t8Bo2Q=
YUhc43cZWrz0x2D7qrVkLHE9PFzyfnb8tQsUym5jWcKNDcfkjtiM2A0i0PCJwS++7fiGk8ZiGqcVvOPk2wOjGg==
JC/PitxEau/s6sVY1XzRI7bEdh74739P20bIVquXX0z4AUIfC5Th07QjX0gNEt7q2xSggNZGQPZPwmVUIIDtibyEmnkZJAG/H5qqEvxOsUDY3t07j/gB6r5NQsjK0Ql+i2pvWaM8
+DfcSoUU/J68yNkpJHI7px9+pIMkWru9VMx6eCYgL40DeGXv4mA15Pb5aTtMC7NstXTbAzv037MEf2WLCfoUVP+yFKv1N7sxdqMR
3WAkeu6w7MkmJsCq39gtWEs1/d9gRrO9Rc51PiQse8BDPi/r4mA15Pb5aTtMC7NstXTbAzv037MEf2WLCfoUVP+yFKv1N7sxdqMR
ZTBMc21IA98WZI1StywVJ2Jap1QHxbjI/LOQ9ELGtrRlU/SinhtZyp0V58y+4MwQXfqwGPk5rzZ9YCY7dtra78XkA4wre6MS
20ngAUZOEVMOa7oL4G5fa3wJj7Bh+Gs2HiQMC3iOrpgGBjGFjGjC1ZmIWVMvlnLenMIpDOgyxRdPVJkGDgFaxKod0fI7hjd1oxA=
YUhc43cZWrz0x2D7qrVkLHE9PFzyfnb8tQsUym5jWcKNDcfkjtiM2A0i0PCJwS++7fiGk8ZiGqcVvOPk2wOjGg==
JC/PitxEau/s6sVY1XzRI7bEdh74739P20bIVquXX0z4AUIfC5Th07QjX0gNEt7q2xSggNZGQPZPwmVUIIDtibyEmnkZJAG/H5qqEvxOsUDY3t07j/gB6r5NQsjK0Ql+i2pvWaM8
2enEozhVRlRCABigkhmQgB5+pIMkWru9VMx6eCYgL40DeGXv4mA15Pb5aTtMC7NstXTbAzv037MEf2WLCfoUVP+yFKv1N7sxdqMR
20ngAUZOEVMOa7oL4G5fa3wJj7Bh+Gs2HiQMC3iOrpgGBjGFjGjC1ZmIWVMvlnLenMIpDOgyxRdPVJkGDgFaxKod0fI7hjd1oxA=
VUG1Mb8908YTn/W647F+QkYdq+4JIGmXusZi4E3rEKGo+kY8pqJZcRzcSlEZDNHnv2IaejxmwXg4ho3TD5DRMt51suCKObkGK7I/caMU
3WAkeu6w7MkmJsCq39gtWEs1/d9gRrO9Rc51PiQse8BDPi/r4mA15Pb5aTtMC7NstXTbAzv037MEf2WLCfoUVP+yFKv1N7sxdqMR
YUhc43cZWrz0x2D7qrVkLHE9PFzyfnb8tQsUym5jWcKNDcfkjtiM2A0i0PCJwS++7fiGk8ZiGqcVvOPk2wOjGg==
iu4VQFmvRca9jjvmUuAk/OFamNRzCisWmTU7MipdO91ENki95nlOBGNIDBgSdWbetvOtjpGgZ0/zAtmm/YYzc60/dciT4/S4k2hQOU83atMl4ENErS/trFlfwh9jZ09igviJguLno68dfVCjNw==
2enEozhVRlRCABigkhmQgB5+pIMkWru9VMx6eCYgL40DeGXv4mA15Pb5aTtMC7NstXTbAzv037MEf2WLCfoUVP+yFKv1N7sxdqMR
20ngAUZOEVMOa7oL4G5fa3wJj7Bh+Gs2HiQMC3iOrpgGBjGFjGjC1ZmIWVMvlnLenMIpDOgyxRdPVJkGDgFaxKod0fI7hjd1oxA=
VUG1Mb8908YTn/W647F+QkYdq+4JIGmXusZi4E3rEKGo+kY8pqJZcRzcSlEZDNHnv2IaejxmwXg4ho3TD5DRMt51suCKObkGK7I/caMU
3WAkeu6w7MkmJsCq39gtWEs1/d9gRrO9Rc51PiQse8BDPi/r4mA15Pb5aTtMC7NstXTbAzv037MEf2WLCfoUVP+yFKv1N7sxdqMR
YUhc43cZWrz0x2D7qrVkLHE9PFzyfnb8tQsUym5jWcKNDcfkjtiM2A0i0PCJwS++7fiGk8ZiGqcVvOPk2wOjGg==
aUZVwO39yprqEHSj6C++h9da4U7UVqM8trg9P5qAXfT++WErpGtLPG00Y7NjFLdDjP/tO6FazCQH8sz7zReTIX6jGQ==
+DfcSoUU/J68yNkpJHI7px9+pIMkWru9VMx6eCYgL40DeGXv4mA15Pb5aTtMC7NstXTbAzv037MEf2WLCfoUVP+yFKv1N7sxdqMR
fo4mnsLGKKMPLy9Ip2G0CmC1c8FJrYNBt8JvcPjZ5UwtXR6biMHSVEswpcchC85WuJwXGHdeO9OOsImMYnn90/BbX1ShlO9b10RDW7A/kaMVCjgMCxKAU1lnRxliowU=
Tuu0UCVWLr2w04rxs+n91zwC+B9D2bebqLKX9ELGtrRlU/SinhtZyp0V58y+4MwQXfqwGPk5rzZ9YCY7dtra78XkA4wre6MS
w6DITiLCHU9T7H014+zfGXwrPFzyfnb8tQsUym5jWcKNDcfkjtiM2A0i0PCJwS++7fiGk8ZiGqcVvOPk2wOjGg==
QAst6COc4vHrlCY3GQO58HsXdPgqj9ldxYDouXy+0XAYTj1rjyhhev59orhKYSmOy/rPCaNs
OSezkGIT7xFJHPKE/E1G9vHgT+mqzkiK4Cc0GTNabCR5l7Fcdfc2X1ePI9JegF0ilj+f//HVBKNj
2dK02CVo+wQHOA0k6+ep0ZTfGlzKnexpqgNB0XUscFUcUoncqALlJ09kuTbOUfpUKo0xovv21wWjYA==
C/J5I3lXvrSQVyVOTRH8ZURuiM4yKQWLH1K2qY/XhvNELx/B9+MVP/ol9wpUj/hJL0J4RI3vTSz5n+Ifg6cv4mK46YICpwMvvT1woxc=
mK7fuph8tVjMTYqnyWjvyWb721bKpvBGOiYOIdYZRldbMJOlo/k2IS1748karZqvYWNWLqAhieWL6zFPPv2birjXvLkLSoRk0SfpvH0njt+v3yvyBnA14r4vZ595ZVyjOw==
h1ZGGWUGsN0rYv6Z9vuCfncaiad75CMxXyVCWzKH69hNCHWEi2HPkqrzISE1/BDFnMIpDOgyxRdPVJkGDgFaxKod0fI7hjd1oxA=
RP8JiribRRx3LCUzCs9V0Zus2cPS/xuQjUBFvKt535qq+zE5FcQgjVyK2XQIqlWfz9wJnm75Kgzq1eHKG54nfaMY
ElCZTISVLZR9p+/9T6SuVMYxL5R4dxqxfWUnvF6QTGC9inBoGUmvRp0Q5kuWqlqfJZTD/MsLo2I=
is9adDJ+O2F4gK1EuiXKs46KDhLNjexpqgNB0XUscFUcUoncqALlJ09kuTbOUfpUKo0xovv21wWjYA==
2dK02CVo+wQHOA0k6+ep0ZTfGlzKnexpqgNB0XUscFUcUoncqALlJ09kuTbOUfpUKo0xovv21wWjYA==
OVNysQHN1kNnd9G7yv8a4r2qs5SPTrW8i+1zQ+INTgALh+3S9X43Y22r4vXbiX7eik2OYwHfnfqJoAUcKxkfuqrb8VmVZGBtXKoZFIgKFX/PvMk+7hlqLOq1IWqbfmddozg=
GMyJvuQv6tpDlO4gUqko0d/5HEwfuGD5U9sZe+/ZaoPKgosBYVht4KPx3d1eD3Pn2jxq6+LJ+WHpSFl2WUbj11v46h09E826tD8snOUu4CTxXe/a5dTWZ17e+qM9cJNwY1+jPg==
V81+6e5opHk9VCKSrXz4PGADh+N7+CYwGjoMSjHa/tgMQm+RgG3P29qDWVMvlnLenMIpDOgyxRdPVJkGDgFaxKod0fI7hjd1oxA=
5Q/wfDctuTDvyX9myPGNIzK0gQ+K7bMcKDkUJMsJE1kecMuroOlwcjdkpt4du47gYioTaeA0jqHM9jZPce7a+sivzqNhKJ9k0SfpvH0njt+v3yvyBnA14r4vZ595ZVyjOw==
/sCCd1mBxzIAcosrsinL+GFSOqVa/6Ev3+qKony+0XAYTj1rjyhhev59orhKYSmOy/rPCaNs
5GqMyPdbv+pfT5WhxQ6GWNxkO9p/ZxqxfWUnvF6QTGC9inBoGUmvRp0Q5kuWqlqfJZTD/MsLo2I=
U6fWBEdcX9LcbBwTug6XfkD32RdzR86vvGUWWo8NSLOT/69g1GW+KAB05e1sQPLNmZBpe8/+oubcOnmkSFo1j8/M6e6uqYq8aiWBGluuB22jCA==
LRv5UfzKCmtWCtSB/d4uQYednOqDLTuz/pR5s3/o+pOEVjoUzQkICgtims6ai4mudXhLP6/KHWa5zm/DQefRqPdbGCgv4NS5y7/WQ0lYp6QJd4EchZcGXycvk5KuoO2ixh+Pv2F1VKMz
PIQdIwFoLgTBwA23YqRou0o0JnEAYmwtCb+Y4RdYY7Wp87Ydf++bchouOcSj/h1owLyVNUw44sWZmHkD7ybSLhxyyXwo4qUHT0R5Vk7xOnQqbXFCe1YXZaMA
YW6B2bc6PMehiyF5snqTsw8BbYQi7H3d5vlQUtnnZD4Wn9lGBYFXcBZELHyljmBEMX3v+iW0VscePvrD/dATkCN/ox4=
Ozd/5OVJ5LL4ospA+rWbBipvy84ymFc4Tz9tZlDhwbZFDR0f0JTai2r0BfNbvqfW82+xEC8JOaHcrGpBGRzxl3+yesq8FmGoeLZtww+AsQIeJRIQColZVmtCH2GjBA==
I5xDItUkfXCHfgBrm57ogRsGeoRzoHvN/f4fA93nZD4Wn9lGBYFXcBZELHyljmBEMX3v+iW0VscePvrD/dATkCN/ox4=
AaDq9UjZuOWTwDOkHT4SdaT3A+O4gA76jV9GA1k4dyR5l7Fcdfc2X1ePI9JegF0ilj+f//HVBKNj
5GqMyPdbv+pfT5WhxQ6GWNxkO9p/ZxqxfWUnvF6QTGC9inBoGUmvRp0Q5kuWqlqfJZTD/MsLo2I=
Uo11zOCeQhOJFkHvdNwQW6JubmBFZyldIZENCIvzzFgbOLg5J+fisx3wWwRVn7VMUS9qnwtXR0LaCDHC+vfbD5UteKMf
CzqjnoA279Kd2O9qNcrz5A408MVnXbW9Rc51PiQse8BDPi/r4mA15Pb5aTtMC7NstXTbAzv037MEf2WLCfoUVP+yFKv1N7sxdqMR
w6DITiLCHU9T7H014+zfGXwrPFzyfnb8tQsUym5jWcKNDcfkjtiM2A0i0PCJwS++7fiGk8ZiGqcVvOPk2wOjGg==
j/hk3fy+4xbZnBgFDMVP7lJ54PvDHeZj2hTHDf13tv1GEreyyaYo+qB/dsPpmMek6TfhnCXXJl9Hb3MSDmDNoubf7z+BNXSjEw==
5py/obAq+r8a+swFi8TTxEu8/S7aYoFbwmy8fXyj6jsnolxFWg/B35866jL8LnGgWH4dW48YQUo+LQIoyvHJ3guKL3mjHA==
a8wjb8gWbSx/Iv7Zm6RskWoDiap78CcxESteDzHa7N9AH3XCkmHEydqDWVMvlnLenMIpDOgyxRdPVJkGDgFaxKod0fI7hjd1oxA=
06jRU16IAV+BFHVddZCtBC1Xx7QTXQZjnI7+XrQB3WG3Y0DQgNpMFQSbmkUVqXdYRoxstPUmwOyh9W9ytRz2b072ugut+DO4M3ejFg==
pTRNDe8xNLz0cKP8CWeXOEy++nrMb4BW1XH1KWHtpD48olxFWg/B35866jL8LnGgWH4dW48YQUo+LQIoyvHJ3guKL3mjHA==
a8wjb8gWbSx/Iv7Zm6RskWoDiap78CcxESteDzHa7N9AH3XCkmHEydqDWVMvlnLenMIpDOgyxRdPVJkGDgFaxKod0fI7hjd1oxA=
a8wjb8gWbSx/Iv7Zm6RskWoDiap78CcxESteDzHa7N9AH3XCkmHEydqDWVMvlnLenMIpDOgyxRdPVJkGDgFaxKod0fI7hjd1oxA=
fR1TzLK+yGVBGtyyBLBnZ1qx+kifPJNZyHKlMnTwpCs591BZNwyE/dZyuDP8LnGgWH4dW48YQUo+LQIoyvHJ3guKL3mjHA==
uN5kbiH1pfDOZZmSq6MIiFqx+kifPJNZyHanPHTwpCs591BZNwyE/dZyuDP8LnGgWH4dW48YQUo+LQIoyvHJ3guKL3mjHA==
RWGkAUggT8rB8eEIJgbGJEf6bkiAt39KIGIqGepNuV9cENtfX2IUIoKFp6Gguhym/xbRRAiuMOnBFdc4PjwdMd66iNo6XecpERULDzn3znoxykWz684umd6m1aYSIid+QrSnrfQApw+u2PfNKmygrd+y6olWOkqJlenjj52+ZUfU9IsjqzTPE7R/FesZOoS0LzIky4V3i5Gmo8E=
N8q5bmc/fgIaYuXUL8rv0JdW/wLJQ/Agt/t9Y47JX////zl11i4dZHk0Y7NjFLdDjP/tO6FazCQH8sz7zReTIX6jGQ==
B61MJ8AcaIpZLbMmIDvPiujmkBegqlVZtjZBFwsoc8zNsNMqDd+wwJQSj7Ns7AFu4B4hVe/tWP7NtNw/Rd5aBdDcVkyjY4SiUsQ5dCKLz5VmHHQ1RjpwQby219vcUsn1iE4vvdgtM2xKSyMpdo9/vomKvZq6WCm33Hr55EiatU/PjGmurmkKfGrlAVpb7oeto8g=
clZTcq6U2FcFjeCGgsTK8x9hpJUnE6jvXt87ajVlP4YeKiey9ikh7+/oJFluRv0NpHTbAzv037MEf2WLCfoUVP+yFKv1N7sxdqMR
khplHQGIT7S8Pa1B/Gy0FTfV4vL36NM2V8nVOpp5U2epHx8aHX/Ntemwg0BOVRSlRuRRb28l1JRBTSVcOzqu3ahyWBdPYmB6teI6BHXfVcwx70qf6xfnwnpI0cLaN3uPdW1Yoz8=
cJXqNGeSe47gRSQyCsq3mvaEJ1eNrSoBhh6IHc/VDwesVF1eWt65kPkuSkoYFZvhkQm2gJ9cU/lIlmdcdNDki7mXkHk3LESdVtL4E/xOsUDY3t07j/gB6r5NQsjK0Ql+i2pvWaM8
5SCy4a7ETYnhmVruWW0y1Bd+YCxRRiViWuLBrAkSMvb4qeNdYbXOPF9gK8W4qh9glOycN0kr6MW3kDwhpm6ALxxyyXwo4qUOTkR5Vk7xOnQqbXFCe1YXZaMA
dlf5rM1sXXS6BJqP3gs+Pippy9cvmVEZQ08tZlrmybgZBhoS2M3LiTHhBvgfpOOR6H63BDQINKPZv2BBNxS0tTb6KMu8FmGoeLZtyg6AsQIeJRIQColZVmtCH2GjBA==
ogwcnGzcTBIYNOGbNVeD9gNa5PIeq3ADdE8tZlrmybgZBhoS2M3LiTHhBvgfpOOR6H63BDQINKPZv2BBNxS0tTb6KMu8FmGoeLZtyg6AsQIeJRIQColZVmtCH2GjBA==
sdxOEWeXI08KZtc14+qMGHM1mRjFp93noeDaZE02kZyGhEg/f/eJC6qevwaHPwDEy7LEWmB9AfUsh/dWcHt+oPQd7CSVlgCcgexuYpVsNt8uZjqbTUhzSBNnowY=
FWxbJ38aRBNXGocpRqHLTNQsSNTivwWzXo8+L0jIu2fTWLFwyb/4me6b51gJPNwGLuUUAQXgwr1HfCwJLdqt9snNBkgfNPJT/mWJjtF2gxKh1OEOe7r/0mWq/YaDa5R6kpyp/MLDv61mJAR9prLgGXxux9P8mnmNCLaf9fglIzQKk7OhFkePhomyTVLa0LlvnCLp7GjSBb5O9NlmjmEapKq9kdK7pveVo/A=
22s3zyQx7Pw7zOHyy/Inpx9hpJQnE6jvXt87ajVlP4YeKiey9ikh7+/oJFluRv0NpHTbAzv037MNfmWLCfoUVP+yFKv1N7sxdqMR
gZHv88D/6JoXQtvVJ/kcxDPWhDtMX0/JmR9yGleWIf9YeSi5vRKB7RsLXz7SBtc4DlvNjHX4eWGNKOXiPOPpdbmcGDpxRxKXU7IjBUqMPoH4zfwhQh13N5e3sOYqb8XpbNPrlERKcC1L3QteN6tiv6hb/VKMFeXB6qx5N1bzP+nGGXXyUYZrAWxKjlpH6E9MizhFhEE0W21QAEKChV5qFatn5uoYrx4UxAOMEAvRNCzNp2hY4wfg46eOGs1fw/5RWwzJvBHAojbdtSwc5a7gpPHU7lrlVNbnXl76Iz3wk/Bj36O+
lbi7Bu/5ri9Y7uMV6NV0IKGW7p5HQQJuNSdchFRluZigtafz1wW2RIukhaRXS/EDDGx80ZGGhkp4nUafCoHUGnH+FNypqez5W7ua3CHKMop8bLbciPu8Lc44aazyQWruUmsTys/stsFUsyGBJvYsOsoN5fKgCWpwNdHY8I6bCmR4FVW/Ixe6huPWBZEF+z85yZXTH+GXJiq5ik3DA67W6SamLdbqQs8OSvQv/Rxgfx92WC/d8syI/Vfy4jn+GnI5LelbP6WezffcNAPzg5SXA+X+TftB2uxkp/IsO+2X82Heo7k=
zw16NPSEULDqlZ0KZk6fR9UcXHu9c9WLhYwZBaPte+lFSBsTcsE/qu3ph6RlkvXYaECcy3K600nhbzXPAfwUnf43lT8EzJg37zvsG4FJszqeeSvzlm4Lpx0RzqZ7NFmLQix9PHXPWajWtfjFqb3yTMBDfs0GnHjDHaqQXWYuJkxkuZrgw8C6TA+4e4fZJuX1sbeluQtKmtfSisRymo2JLuGTVPDIn2z386jlRvoNJcRqqtjDErDwD5XbTN8uGBiEaOfyr/9Xc7hrvqZfjttI2cgwWrcO9g6PJVZ8X8QZIMewqY5hibtydv53r74Ye9kVQ0ZkPgl7ILlD6KOwysN5tfH+3u16NWypozYaXXqUf2ZvoDhFKnh/HvYzLBlAE5W4jkkeEl5E+55MeZYIwbFMqJLLpkxMlWGXj8emXnc2cWl5C1PR3VVHN80nmhINKlmbn/46gdKm2b4GElNWXlSbxaDQUzfimDs1njz0BSMSduHiyt4RGWlvFwnO0a9IVPeLf+R7a/G+2dNtalBcE1I443FHn4mqo80=
Hl9rCz7mY5O/oURtfRb/SZzP1f2lgahi60QQV2o4xWRT0IE4u+j0co6HP3j4jbGlXsS0O5Fo+kbI/rP3aWKJ45ULitZhwDZh95/d1F/NPWZx5mitheKt2a7GfVZlf3CsnDwp4cDEUupfpCJNMXlDLiWH/lPf17OpfJV5dv5Bq9FmY46ndcOu/DBnZnScmmH+XvDnQouspwRKl83ZvjVkjeWszAK/Ld4XT1G9qGwkgL1VkDa59rF9/RBddT5P3WlZkJ0G62trIQDn7tLQWgf56WOdC3tME2nBtkPV7qJNCZMxxeWTxbePlqsPfOVzrrgfYywnUFpNwCYbTYOoPPLG/Qu897KyByPFRTEDWJJ7O91s6vQcHLHbpfjyhH2HXY/X+zDa7eXnvAEURlSXPddOBml52sEXT3IjtUxtpNO3aIA+dGt6B0rfomVa3fZDuzTqEgzJrALz351mFGRNZuKAifz+ZwM86ll9CMa/Bbh1g6SKA1NxVndvtomCrWKaAFn/HLJJvCgiJc5OBPkWTrG6NCot8YJ7lpelo8A=
vAHbOqB1l177N0nFXYW70xgueL9qpfK0ltLX5GW4KUYWE22jx4UZrMcPhTD35k9nh9R2YS/PUhsjPIwMBQMN8PbWbsr7QO4xX2eSo7iwzUXpIR4uxE2sf3cRcud5pcu7fr/bmak+jJHphyzusdPf+dyiYeQDL9CkH4iP7yOcNP2qYTMtqIgSK3w5PNzCN5/CQpk8PjxoNvF4VLlgQHhtsGmjg/Z/cSNfZ80xSqCjEGJW9gBd0wrzmzbEMj8WQxHgt2LgHX8AuMJaN6jwyvuXs54bdIiCIDqvEJuFd4kMCTY0+9QLUt3a2JjDtHa0++e+blveyXpjIiHs1XObCEIcP/0aguuD0ZEuZsozO5pNwYBxdJDTY5GjtjxZAJWWncE+CHkgROXi/Uj6MRB4RWo0276d2sPPnJxBfCak5IEqrjHELNuhFmxAoyS49tVbY42vdJotpuvNK0Ox5ad1vYOvrwi2V/pDn40W+PVoJmPKxPpBUkSEwWEyWDGDGLhBAXx0pqG5giwlMKLc5SMp1eOLpgNrEkTtry2smd+LHiPnD2JCeEmComfjr139kKP3
vGAF2jx7vHg83zUshXicCL6kgfRChQcfLCFF8nfxnLH7i5jxYGhNwTwEigHnbX3B4Q1Xm/mtR5Ov6Bogx3aerxlxbIcja/xLHfHN5EYd3D7pTttHli8jGasIw8O3qhOWRyn1EtES4MlVJsXtrvIVkrUb+Fg8SOEF0MC63h8QysmhnYtaBXP2Nw8T2x38IRGyLiWjJUYXRkPlR0ZIcFOOcIx+qYr+BG8mW2jPMEqjpR1uUex5RdgE5q8pNiMP5VUs/MBIyXVkPt0mdRVJkOkd+p+5Ya2w6c4P++/JtKfaOtRK4zGdw2mDH5zXAfW2d70qcimBZ5GxLXfVs2ei67uUYeNKcGtD2C80iomokpv562zsls4JK8g/ViKDy3EFBetcgp/zqcwefHjMdbOR+MbsuVc5ByNbRBIJ9eNUNVTyvBOtM4ZySY3SpceLGpc1+AVgA9NgdB4Ao56XzjcWJW418lNf/J6y+EHI0je3qWYgDIm2hgh9XIqv5yzusUlIcleBKJFL0Kr3WxWGswcCCTbFpkpkUQs8xoFYuKbNeg4wERJeVXJAitl55qtS/5Gj9A==
vGAF2jx7vHg83zUshXicCL6kgfRChQcfLCFF8nfxnLH7i5jxYGhNwTwEigHnbX3B4Q1Xm/mtR5Ov6Bogx3aerxlxbIcja/xLHfHN5EYd3D7pTttHli8jGasIw8O3qhOWRyn1EtES4MlVJsXtrvIVkrUb+Fg8SOEF0MC63h8QysmhnYtaBXP2Nw8T2x38IRGyLiWjJUYXRkPlR0ZIcFOOcIx+qYr+BG8mW2jPMEqjpR1uUex5RdgE5q8pNiMP5VUs/MBIyXVkPt0mdRVJkOkd+p+5Ya2w6c4P++/JtKfaOtRK4zGdw2mDH5zXAfW2d70qcimBZ5GxLXfVs2ei67uUYeNKcGtD2C80iomokpv562zsls4JK8g/ViKDy3EFBetcgp/zqcwefHjMdbOR+MbsuVc5ByNbRBIJ9eNUNVTyvBOtM4ZySY3SpceLGpc1+AVgA9NgdB4Ao56XzjcWJW418lNf/J6y+EHI0je3qWYgDIm2hgh9XIqv5yzusUlIcleBKJFL0Kr3WxWGswcCCTbFpkpkUQs8xoFYuKbNeg4wERJeVXJAitl55qtS/5Gj9A==
QptzEDg5gWQFFGz0LxjjrfacgV+7JWz0NDJDgY/LHrXDVetnPyaUUpt99iThqmVvPeVuATxpIhTHyhWhsVSvjr1rT0IGutXXTDEOtXOlA1q0PNmCpIQM2dRIIxOkH+1EWWMueIH0Hcm0ZuwSxfPIwkbwP/r+j2kv58S1CXKhd7EHUzzrRZTGN6/bVg2idb2F+iaQ+fr2BAwFVI6+q3BjitM+Sqmx+0YDIMcVAqCQN6tKja+P4eq08qTXRZ46y95XSYfQo8lc9yvt0yBzqrkjrfVax/DO0kIRHcMzU8fJJLWdezb9KUza+81ZQesJgc2xm4zLUaAnK/gc9fOiq6LyK3TcWzO/SgSEwvc70ttgekF3H+Wvn9oK7V93vKS4LvSXr5/4zPhff2vLnQuetn9tYSib9JgI1eUBamx5d9azP6lGWXWy0cZrQewKjprHKE+MC/hFRMH0W63QwELCBR5qVSsn5qqY7x5UREOM0IsRNOxNZ2iYY8fgIydOGo3fg/4R20zJ/JGAonZd9SzcZW7gZHEU7ppllNYn3p76Y72wk7Djn6P+
BM5je2Zhd0cLsLen1Bazt5o4hbK1y72ImJiq1LlIZ5ihvEIyEeLdN86KLvIBLPfqNsroQNlwio2fV7yE+M50N2//+Kw4//+Li70LvncL4t9oe/Z3S3VlYapMeVeWU78Jhjl10hFm66GsKo66B0jPLEsYRaSBVNvNEOBC4kX+6vXrR+bKWE+etARjjPBLcbRMDYdoeCNnYEPnbhqtn2N+sRssyZxRICKWHdUs/KUOYMQx9O56JTRWRx6++kP9UBMQI/+jng==
qlZQDRH1MkKMO3FOsB/guT0yKF+CEo71CFcZQd+q8mwyNevWMBJuaTljQq4Pp/u9WneTHuyeowNXhMzHwQwj0bW7a/VI0z77FwA1B8tb4W9CEvgMqgod4xtdz5N+6QRoA4gQaXj6WGsZ3t3EVOU+4+tE8LFg7iCkjmYygej0v0EyVOwz2LAyVR9r8T/YognGD5UH8y0to7U5y7Pf5O5z2idn4QZEfawmp0J46i2qIKTlOd4oLcuceEXJ4MSK+V3iCB2cMqDtZ6kR63c2r1M2pIl3ARwFl49epy8Tki6gbaJGHw+/4XXUo7M=
o9ySb1gf/XhZtUFK/CkCKz0yKF+CEo71CFcZQd+q8mwyNevWMBJuaTljQq4Pp/u9WneTHuyeowNQhszHwQwj0bW7avVI0z77FwA1B8tb4W9CEvgMqgod4xtdz5N+6QRoA4gQaXj6WGsZ3t3EVOU+4+tE8LFg7iCkjmYygej0v0EyVOwz2LAyVR9r8T/YognGD5UH8y0to7U5y7Pf5O5z2idn4QZEfawmp0J46i2qIKTlOd4oLcuceEXJ4MSK+V3iCB2cMqDtZ6kR63c2r1M2pIl3ARwFl49epy8Tki6gbaJGHw+/4XXUo7M=
DYPHvKlzm6x+5mIBHdkMhD0yKF+CEo71CFcZQd+q8mwyNevWMBJuaTljQq4Pp/u9WneTHuyeowNXhMzHwQwj0bW7ZfVI0z77FwA1B8tb4W9CEvgMqgod4xtdz5N+6QRoA4gQaXj6WGsZ3t3EVOU+4+tE8LFg7iCkjmYygej0v0EyVOwz2LAyVR9r8T/YognGD5UH8y0to7U5y7Pf5O5z2idn4QZEfawmp0J46i2qIKTlOd4oLcuceEXJ4MSK+V3iCB2cMqDtZ6kR63c2r1M2pIl3ARwFl49epy8Tki6gbaJGHw+/4XXUo7M=
bhdSmwBQ6vPP39Py69DnUj0yKF+CEo71CFcZQd+q8mwyNevWMBJuaTljQq4Pp/u9WneTHuyeowNQhszHwQwj0bW7ZPVI0z77FwA1B8tb4W9CEvgMqgod4xtdz5N+6QRoA4gQaXj6WGsZ3t3EVOU+4+tE8LFg7iCkjmYygej0v0EyVOwz2LAyVR9r8T/YognGD5UH8y0to7U5y7Pf5O5z2idn4QZEfawmp0J46i2qIKTlOd4oLcuceEXJ4MSK+V3iCB2cMqDtZ6kR63c2r1M2pIl3ARwFl49epy8Tki6gbaJGHw+/4XXUo7M=
cdK/ZrBwXpUIG91SHYMzAj0yKF+CEo71CFcZQd+q8mwyNevWMBJuaTljQq4Pp/u9WneTHuyeowNXhMzHwQwj0bW7Z/VI0z77FwA1B8tb4W9CEvgMqgod4xtdz5N+6QRoA4gQaXj6WGsZ3t3EVOU+4+tE8LFg7iCkjmYygej0v0EyVOwz2LAyVR9r8T/YognGD5UH8y0to7U5y7Pf5O5z2idn4QZEfawmp0J46i2qIKTlOd4oLcuceEXJ4MSK+V3iCB2cMqDtZ6kR63c2r1M2pIl3ARwFl49epy8Tki6gbaJGHw+/4XXUo7M=
HUZAFJ+V7f1vgNShHX7B8T0yKF+CEo71CFcZQd+q8mwyNevWMBJuaTljQq4Pp/u9WneTHuyeowNQhszHwQwj0bW7ZvVI0z77FwA1B8tb4W9CEvgMqgod4xtdz5N+6QRoA4gQaXj6WGsZ3t3EVOU+4+tE8LFg7iCkjmYygej0v0EyVOwz2LAyVR9r8T/YognGD5UH8y0to7U5y7Pf5O5z2idn4QZEfawmp0J46i2qIKTlOd4oLcuceEXJ4MSK+V3iCB2cMqDtZ6kR63c2r1M2pIl3ARwFl49epy8Tki6gbaJGHw+/4XXUo7M=
055Eq774w859yZvJl4nfCD0yKF+CEo71CFcZQd+q8mwyNevWMBJuaTljQq4Pp/u9WneTHuyeowNXhMzHwQwj0bW7YfVI0z77FwA1B8tb4W9CEvgMqgod4xtdz5N+6QRoA4gQaXj6WGsZ3t3EVOU+4+tE8LFg7iCkjmYygej0v0EyVOwz2LAyVR9r8T/YognGD5UH8y0to7U5y7Pf5O5z2idn4QZEfawmp0J46i2qIKTlOd4oLcuceEXJ4MSK+V3iCB2cMqDtZ6kR63c2r1M2pIl3ARwFl49epy8Tki6gbaJGHw+/4XXUo7M=
eGDjWXdjs4hI5UbS4P6wTz0yKF+CEo71CFcZQd+q8mwyNevWMBJuaTljQq4Pp/u9WneTHuyeowNQhszHwQwj0bW7YPVI0z77FwA1B8tb4W9CEvgMqgod4xtdz5N+6QRoA4gQaXj6WGsZ3t3EVOU+4+tE8LFg7iCkjmYygej0v0EyVOwz2LAyVR9r8T/YognGD5UH8y0to7U5y7Pf5O5z2idn4QZEfawmp0J46i2qIKTlOd4oLcuceEXJ4MSK+V3iCB2cMqDtZ6kR63c2r1M2pIl3ARwFl49epy8Tki6gbaJGHw+/4XXUo7M=
kZUVUcw+AhlMRGYOk+1dEj0yKF+CEo71CFcZQd+q8mwyNevWMBJuaTljQq4Pp/u9WneTHuyeowNXhMzHwQwj0bW7Y/VI0z77FwA1B8tb4W9CEvgMqgod4xtdz5N+6QRoA4gQaXj6WGsZ3t3EVOU+4+tE8LFg7iCkjmYygej0v0EyVOwz2LAyVR9r8T/YognGD5UH8y0to7U5y7Pf5O5z2idn4QZEfawmp0J46i2qIKTlOd4oLcuceEXJ4MSK+V3iCB2cMqDtZ6kR63c2r1M2pIl3ARwFl49epy8Tki6gbaJGHw+/4XXUo7M=
jWkuloFxkMqaGJO/TLk+bz0yKF+CEo71CFcZQd+q8mwyNevWMBJuaTljQq4Pp/u9WneTHuyeowNQhszHwQwj0bW7YvVI0z77FwA1B8tb4W9CEvgMqgod4xtdz5N+6QRoA4gQaXj6WGsZ3t3EVOU+4+tE8LFg7iCkjmYygej0v0EyVOwz2LAyVR9r8T/YognGD5UH8y0to7U5y7Pf5O5z2idn4QZEfawmp0J46i2qIKTlOd4oLcuceEXJ4MSK+V3iCB2cMqDtZ6kR63c2r1M2pIl3ARwFl49epy8Tki6gbaJGHw+/4XXUo7M=
dRvu1ZMQESWoacsYxDEHOj0yKF+CEo71CFcZQd+q8mwyNevWMBJuaTljQq4Pp/u9WneTHuyeowNXhMzHwQwj0bW7a/RI0z77FwA1B8tb4W9CEvgMqgod4xtdz5N+6QRoA4gQaXj6WGsZ3t3EVOU+4+tE8LFg7iCkjmYygej0v0EyVOwz2LAyVR9r8T/YognGD5UH8y0to7U5y7Pf5O5z2idn4QZEfawmp0J46i2qIKTlOd4oLcuceEXJ4MSK+V3iCB2cMqDtZ6kR63c2r1M2pIl3ARwFl49epy8Tki6gbaJGHw+/4XXUo7M=
MPKqcrB8/ZZgLZwLg+wXPz0yKF+CEo71CFcZQd+q8mwyNevWMBJuaTljQq4Pp/u9WneTHuyeowNQhszHwQwj0bW7avRI0z77FwA1B8tb4W9CEvgMqgod4xtdz5N+6QRoA4gQaXj6WGsZ3t3EVOU+4+tE8LFg7iCkjmYygej0v0EyVOwz2LAyVR9r8T/YognGD5UH8y0to7U5y7Pf5O5z2idn4QZEfawmp0J46i2qIKTlOd4oLcuceEXJ4MSK+V3iCB2cMqDtZ6kR63c2r1M2pIl3ARwFl49epy8Tki6gbaJGHw+/4XXUo7M=
HHJKV+/b7HkoQMFQfJGJ/j0yKF+CEo71CFcZQd+q8mwyNevWMBJuaTljQq4Pp/u9WneTHuyeowNXhMzHwQwj0bW7ZfRI0z77FwA1B8tb4W9CEvgMqgod4xtdz5N+6QRoA4gQaXj6WGsZ3t3EVOU+4+tE8LFg7iCkjmYygej0v0EyVOwz2LAyVR9r8T/YognGD5UH8y0to7U5y7Pf5O5z2idn4QZEfawmp0J46i2qIKTlOd4oLcuceEXJ4MSK+V3iCB2cMqDtZ6kR63c2r1M2pIl3ARwFl49epy8Tki6gbaJGHw+/4XXUo7M=
pYaEkEVuWtQY3GUIWcMmoz0yKF+CEo71CFcZQd+q8mwyNevWMBJuaTljQq4Pp/u9WneTHuyeowNQhszHwQwj0bW7ZPRI0z77FwA1B8tb4W9CEvgMqgod4xtdz5N+6QRoA4gQaXj6WGsZ3t3EVOU+4+tE8LFg7iCkjmYygej0v0EyVOwz2LAyVR9r8T/YognGD5UH8y0to7U5y7Pf5O5z2idn4QZEfawmp0J46i2qIKTlOd4oLcuceEXJ4MSK+V3iCB2cMqDtZ6kR63c2r1M2pIl3ARwFl49epy8Tki6gbaJGHw+/4XXUo7M=
P2zpVUMs5wsPC0/Lw49K3j0yKF+CEo71CFcZQd+q8mwyNevWMBJuaTljQq4Pp/u9WneTHuyeowNXhMzHwQwj0bW7Z/RI0z77FwA1B8tb4W9CEvgMqgod4xtdz5N+6QRoA4gQaXj6WGsZ3t3EVOU+4+tE8LFg7iCkjmYygej0v0EyVOwz2LAyVR9r8T/YognGD5UH8y0to7U5y7Pf5O5z2idn4QZEfawmp0J46i2qIKTlOd4oLcuceEXJ4MSK+V3iCB2cMqDtZ6kR63c2r1M2pIl3ARwFl49epy8Tki6gbaJGHw+/4XXUo7M=
PK5aU9iG3Hw6VxBrec8w2D0yKF+CEo71CFcZQd+q8mwyNevWMBJuaTljQq4Pp/u9WneTHuyeowNQhszHwQwj0bW7ZvRI0z77FwA1B8tb4W9CEvgMqgod4xtdz5N+6QRoA4gQaXj6WGsZ3t3EVOU+4+tE8LFg7iCkjmYygej0v0EyVOwz2LAyVR9r8T/YognGD5UH8y0to7U5y7Pf5O5z2idn4QZEfawmp0J46i2qIKTlOd4oLcuceEXJ4MSK+V3iCB2cMqDtZ6kR63c2r1M2pIl3ARwFl49epy8Tki6gbaJGHw+/4XXUo7M=
AhS/JlOJPNPDbrhLHbkfgT0yKF+CEo71CFcZQd+q8mwyNevWMBJuaTljQq4Pp/u9WneTHuyeowNXhMzHwQwj0bW7YfRI0z77FwA1B8tb4W9CEvgMqgod4xtdz5N+6QRoA4gQaXj6WGsZ3t3EVOU+4+tE8LFg7iCkjmYygej0v0EyVOwz2LAyVR9r8T/YognGD5UH8y0to7U5y7Pf5O5z2idn4QZEfawmp0J46i2qIKTlOd4oLcuceEXJ4MSK+V3iCB2cMqDtZ6kR63c2r1M2pIl3ARwFl49epy8Tki6gbaJGHw+/4XXUo7M=
nTmSFY3wGZw8GS45h2PZFT0yKF+CEo71CFcZQd+q8mwyNevWMBJuaTljQq4Pp/u9WneTHuyeowNQhszHwQwj0bW7YPRI0z77FwA1B8tb4W9CEvgMqgod4xtdz5N+6QRoA4gQaXj6WGsZ3t3EVOU+4+tE8LFg7iCkjmYygej0v0EyVOwz2LAyVR9r8T/YognGD5UH8y0to7U5y7Pf5O5z2idn4QZEfawmp0J46i2qIKTlOd4oLcuceEXJ4MSK+V3iCB2cMqDtZ6kR63c2r1M2pIl3ARwFl49epy8Tki6gbaJGHw+/4XXUo7M=
cdShqXnIhHHeBSp0041aBz0yKF+CEo71CFcZQd+q8mwyNevWMBJuaTljQq4Pp/u9WneTHuyeowNXhMzHwQwj0bW7Y/RI0z77FwA1B8tb4W9CEvgMqgod4xtdz5N+6QRoA4gQaXj6WGsZ3t3EVOU+4+tE8LFg7iCkjmYygej0v0EyVOwz2LAyVR9r8T/YognGD5UH8y0to7U5y7Pf5O5z2idn4QZEfawmp0J46i2qIKTlOd4oLcuceEXJ4MSK+V3iCB2cMqDtZ6kR63c2r1M2pIl3ARwFl49epy8Tki6gbaJGHw+/4XXUo7M=
ukF2Zd+B4miid/AE6yAJ3j0yKF+CEo71CFcZQd+q8mwyNevWMBJuaTljQq4Pp/u9WneTHuyeowNQhszHwQwj0bW7YvRI0z77FwA1B8tb4W9CEvgMqgod4xtdz5N+6QRoA4gQaXj6WGsZ3t3EVOU+4+tE8LFg7iCkjmYygej0v0EyVOwz2LAyVR9r8T/YognGD5UH8y0to7U5y7Pf5O5z2idn4QZEfawmp0J46i2qIKTlOd4oLcuceEXJ4MSK+V3iCB2cMqDtZ6kR63c2r1M2pIl3ARwFl49epy8Tki6gbaJGHw+/4XXUo7M=
wxpKMKBgKaVXG3KXzKCWd0Ecy90/bS2acsn2+AjY+SoAK+MJt9I2b1fnJi3ppVotld240IKtGV29eXV8claXZq93XhJZX4RjvDZA3v4qWLnL46dkXrZfvAT1h1+10Jfx2332AkLsa7Jk8erUbzXDo6IR0Mi3EGw5NNJMaw32kZQofYpDP704jnKGVO07zr5xNEzrIUZM0OMUWKbViwO9b+S6/SbbLVuDoYUXdc0jv++4lid6k/8d1ohVuCazarQ60TKUBLFBghghI2i48WFstNZBiQL8BaBi7IXzKYUDu+aTS0LE3c/d7Ik/Ox7TRx+i8li5AvKHc++tXcCjpw==
rLw2gi3klyDWbo3+Ivi3oT0yKF+CEo71CFcZQd+q8mwyNevWMBJuaTljQq4Pp/u9WneTHuyeowNQhszHwQwj0bW7a/tI0z77FwA1B8tb4W9CEvgMqgod4xtdz5N+6QRoA4gQaXj6WGsZ3t3EVOU+4+tE8LFg7iCkjmYygej0v0EyVOwz2LAyVR9r8T/YognGD5UH8y0to7U5y7Pf5O5z2idn4QZEfawmp0J46i2qIKTlOd4oLcuceEXJ4MSK+V3iCB2cMqDtZ6kR63c2r1M2pIl3ARwFl49epy8Tki6gbaJGHw+/4XXUo7M=
eTrid0aGtUevLY2GXe4i/Iaz72uldUfwtbBJ8foStx5ApPrEmjFPg88H3/DyLH65Y/MfM5DjojTYNrcs+v1HIbnfo+oUULxr2M8+HNl6YnD2wF3ZehmirmaLA2tEzGOO38U76cBc7rn9i3Dd655QLFj/h2NbBJNd+j3U9V24OFOt8waySU1S5cfLmlc1OIUgA5PgtB7AI16XjrdWJa61MlMffN6yuMEI0vc36WZgjEm2Rog9XMovpywuMYlIMtfBKFHLEKo321WG84fCCfZF5kok0cs8BgGYuOZNOg7wkdJeFfIAipn5JquSf9GjtA==
95P5BERGo3rqLgD44lgo9wyWxxoKVKZa9MzR/CUay//VUbhuCEVDd5ASGbjrQWOHrdav0fsRDeI1Jibsn1OnNrmA3qekRa5i6JMIUITjDma1+D023yLAYZvgPxRyNFVm21mq23aAXpEPHST+p1A3L6dvcD6a96WxXMvrjHQSELX7BcuGB7MC5xjDfco8TYXZ2nS57+ZrX7H2AXXqYd4LmdySToJ38C8UO6DFHPFsO3Vg2IJaNcYKTZt/5vIo936MdNtMyDvJVHR9P+jAU1+A+5dW2hXvW54JaxTJpCGYwq5tbezE1baA/EFMbsJVDLb/boY6+41o86hTx6Om
eTrid0aGtUevLY2GXe4i/Iaz72uldUfwtbBJ8foStx5ApPrEmjFPg88H3/DyLH65Y/MfM5DjojTYNrcs+v1HIbnfo+oUULxr2M8+HNl6YnD2wF3ZehmirmaLA2tEzGOO38U76cBc7rn9i3Dd655QLFj/h2NbBJNd+j3U9V24OFOt8waySU1S5cfLmlc1OIUgA5PgtB7AI16XjrdWJa61MlMffN6yuMEI0vc36WZgjEm2Rog9XMovpywuMYlIMtfBKFHLEKo321WG84fCCfZF5kok0cs8BgGYuOZNOg7wkdJeFfIAipn5JquSf9GjtA==
v1JqJ+uzdnb6KiXxVR9+wEEcy90/bS2acsn2+AjY+SoAK+MJt9I2b1fnJi3ppVotld240IKtGV29eXV8claXZq93XhJZX4RjvDZA3v4gWL3B4qduX7tfvAT1h1+10Jfx2332AkLsa7Jk8erUbzXDo6IR0Mi3EGw5NNJMaw32kZQofYpDP704jnKGVO07zr5xNEzrIUZM0OMUWKbViwO9b+S6/SbbLVuDoYUXdc0jv++4lid6k/8d1ohVuCazarQ60TKUBLFBghghI2i48WFstNZBiQL8BaBi7IXzKYUDu+aTS0LE3c/d7Ik/Ox7TRx+i8li5AvKHc++tXcCjpw==
eTrid0aGtUevLY2GXe4i/Iaz72uldUfwtbBJ8foStx5ApPrEmjFPg88H3/DyLH65Y/MfM5DjojTYNrcs+v1HIbnfo+oUULxr2M8+HNl6YnD2wF3ZehmirmaLA2tEzGOO38U76cBc7rn9i3Dd655QLFj/h2NbBJNd+j3U9V24OFOt8waySU1S5cfLmlc1OIUgA5PgtB7AI16XjrdWJa61MlMffN6yuMEI0vc36WZgjEm2Rog9XMovpywuMYlIMtfBKFHLEKo321WG84fCCfZF5kok0cs8BgGYuOZNOg7wkdJeFfIAipn5JquSf9GjtA==
GsiYmafeGwXKtDFQRJcH9UEcy90/bS2acsn2+AjY+SoAK+MJt9I2b1fnJi3ppVotld240IKtGV29eXV8claXZq93XhJZX4RjvDZA3v4hVL3M6qxrUbdfvAT1h1+10Jfx2332AkLsa7Jk8erUbzXDo6IR0Mi3EGw5NNJMaw32kZQofYpDP704jnKGVO07zr5xNEzrIUZM0OMUWKbViwO9b+S6/SbbLVuDoYUXdc0jv++4lid6k/8d1ohVuCazarQ60TKUBLFBghghI2i48WFstNZBiQL8BaBi7IXzKYUDu+aTS0LE3c/d7Ik/Ox7TRx+i8li5AvKHc++tXcCjpw==
eTrid0aGtUevLY2GXe4i/Iaz72uldUfwtbBJ8foStx5ApPrEmjFPg88H3/DyLH65Y/MfM5DjojTYNrcs+v1HIbnfo+oUULxr2M8+HNl6YnD2wF3ZehmirmaLA2tEzGOO38U76cBc7rn9i3Dd655QLFj/h2NbBJNd+j3U9V24OFOt8waySU1S5cfLmlc1OIUgA5PgtB7AI16XjrdWJa61MlMffN6yuMEI0vc36WZgjEm2Rog9XMovpywuMYlIMtfBKFHLEKo321WG84fCCfZF5kok0cs8BgGYuOZNOg7wkdJeFfIAipn5JquSf9GjtA==
qaPRH9Kap5pQukpSYUgVTEEcy90/bS2acsn2+AjY+SoAK+MJt9I2b1fnJi3ppVotld240IKtGV29eXV8claXZq93XhJZX4RjvDZA3v4hULnB6qlqUbNcvAT1h1+10Jfx2332AkLsa7Jk8erUbzXDo6IR0Mi3EGw5NNJMaw32kZQofYpDP704jnKGVO07zr5xNEzrIUZM0OMUWKbViwO9b+S6/SbbLVuDoYUXdc0jv++4lid6k/8d1ohVuCazarQ60TKUBLFBghghI2i48WFstNZBiQL8BaBi7IXzKYUDu+aTS0LE3c/d7Ik/Ox7TRx+i8li5AvKHc++tXcCjpw==
eTrid0aGtUevLY2GXe4i/Iaz72uldUfwtbBJ8foStx5ApPrEmjFPg88H3/DyLH65Y/MfM5DjojTYNrcs+v1HIbnfo+oUULxr2M8+HNl6YnD2wF3ZehmirmaLA2tEzGOO38U76cBc7rn9i3Dd655QLFj/h2NbBJNd+j3U9V24OFOt8waySU1S5cfLmlc1OIUgA5PgtB7AI16XjrdWJa61MlMffN6yuMEI0vc36WZgjEm2Rog9XMovpywuMYlIMtfBKFHLEKo321WG84fCCfZF5kok0cs8BgGYuOZNOg7wkdJeFfIAipn5JquSf9GjtA==
e0V6g8f5hn0Kf7Mb7jI5twyWxxoKVKZa9MzR/CUay//VUbhuCEVDd5ASGbjrQWOHrdav0fsRDeI1Jibsn1OnNrmA3qekRa5i6JMIUITlC2S6+TUw0SHAYZvgPxRyNFVm21mq23aAXpEPHST+p1A3L6dvcD6a96WxXMvrjHQSELX7BcuGB7MC5xjDfco8TYXZ2nS57+ZrX7H2AXXqYd4LmdySToJ38C8UO6DFHPFsO3Vg2IJaNcYKTZt/5vIo936MdNtMyDvJVHR9P+jAU1+A+5dW2hXvW54JaxTJpCGYwq5tbezE1baA/EFMbsJVDLb/boY6+41o86hTx6Om
eTrid0aGtUevLY2GXe4i/Iaz72uldUfwtbBJ8foStx5ApPrEmjFPg88H3/DyLH65Y/MfM5DjojTYNrcs+v1HIbnfo+oUULxr2M8+HNl6YnD2wF3ZehmirmaLA2tEzGOO38U76cBc7rn9i3Dd655QLFj/h2NbBJNd+j3U9V24OFOt8waySU1S5cfLmlc1OIUgA5PgtB7AI16XjrdWJa61MlMffN6yuMEI0vc36WZgjEm2Rog9XMovpywuMYlIMtfBKFHLEKo321WG84fCCfZF5kok0cs8BgGYuOZNOg7wkdJeFfIAipn5JquSf9GjtA==
zkGaxb+buKh7YhzIedb+yQyWxxoKVKZa9MzR/CUay//VUbhuCEVDd5ASGbjrQWOHrdav0fsRDeI1Jibsn1OnNrmA3qekRa5i6JMIUITkAGO++DIx0CbAYZvgPxRyNFVm21mq23aAXpEPHST+p1A3L6dvcD6a96WxXMvrjHQSELX7BcuGB7MC5xjDfco8TYXZ2nS57+ZrX7H2AXXqYd4LmdySToJ38C8UO6DFHPFsO3Vg2IJaNcYKTZt/5vIo936MdNtMyDvJVHR9P+jAU1+A+5dW2hXvW54JaxTJpCGYwq5tbezE1baA/EFMbsJVDLb/boY6+41o86hTx6Om
eTrid0aGtUevLY2GXe4i/Iaz72uldUfwtbBJ8foStx5ApPrEmjFPg88H3/DyLH65Y/MfM5DjojTYNrcs+v1HIbnfo+oUULxr2M8+HNl6YnD2wF3ZehmirmaLA2tEzGOO38U76cBc7rn9i3Dd655QLFj/h2NbBJNd+j3U9V24OFOt8waySU1S5cfLmlc1OIUgA5PgtB7AI16XjrdWJa61MlMffN6yuMEI0vc36WZgjEm2Rog9XMovpywuMYlIMtfBKFHLEKo321WG84fCCfZF5kok0cs8BgGYuOZNOg7wkdJeFfIAipn5JquSf9GjtA==
U0pr3ZqPfwI64AabysSslUEcy90/bS2acsn2+AjY+SoAK+MJt9I2b1fnJi3ppVotld240IKtGV29eXV8claXZq93XhJZX4RjvDZA3v4qWLTP66xpULNcvAT1h1+10Jfx2332AkLsa7Jk8erUbzXDo6IR0Mi3EGw5NNJMaw32kZQofYpDP704jnKGVO07zr5xNEzrIUZM0OMUWKbViwO9b+S6/SbbLVuDoYUXdc0jv++4lid6k/8d1ohVuCazarQ60TKUBLFBghghI2i48WFstNZBiQL8BaBi7IXzKYUDu+aTS0LE3c/d7Ik/Ox7TRx+i8li5AvKHc++tXcCjpw==
eTrid0aGtUevLY2GXe4i/Iaz72uldUfwtbBJ8foStx5ApPrEmjFPg88H3/DyLH65Y/MfM5DjojTYNrcs+v1HIbnfo+oUULxr2M8+HNl6YnD2wF3ZehmirmaLA2tEzGOO38U76cBc7rn9i3Dd655QLFj/h2NbBJNd+j3U9V24OFOt8waySU1S5cfLmlc1OIUgA5PgtB7AI16XjrdWJa61MlMffN6yuMEI0vc36WZgjEm2Rog9XMovpywuMYlIMtfBKFHLEKo321WG84fCCfZF5kok0cs8BgGYuOZNOg7wkdJeFfIAipn5JquSf9GjtA==
zKRQ/KMFsLlb08kQQfgfy0Ecy90/bS2acsn2+AjY+SoAK+MJt9I2b1fnJi3ppVotld240IKtGV29eXV8claXZq93XhJZX4RjvDZA3v4tUrXN66psWrdfvAT1h1+10Jfx2332AkLsa7Jk8erUbzXDo6IR0Mi3EGw5NNJMaw32kZQofYpDP704jnKGVO07zr5xNEzrIUZM0OMUWKbViwO9b+S6/SbbLVuDoYUXdc0jv++4lid6k/8d1ohVuCazarQ60TKUBLFBghghI2i48WFstNZBiQL8BaBi7IXzKYUDu+aTS0LE3c/d7Ik/Oh7TRx+i8li5AvKHc++tXcCjpw==
OSX6xvWJw+FafXffZqhU84az72uldUfwtbBJ8foStx5ApPrEmjFPg88H3/DyLH65Y/MfM5DjojTYNrcs+v1HIbnfo+oUULxr2M8+HNl6YnD2wF3ZehmirmaLA2tEzGOO38U76cBc7rn9i3Dd655QLFj/h2NbBJNd+j3U9V24OFOt8waySU1S5cfLmlc1OIUgA5PgtB7AI16XjrdWJa61MlMffN6yuMEI0vc36WZgjEm2Rog9XMovpywuMYlIMtfBKFHLEKo321WG84fCCfZF5kok0cs8BgGYuOZNOw7wkdJeFfIAipn5JquSf9GjtA==
OxLeis2vK15/Gh6HOytKvnsXdPgqj9ldxYDouXy+0XAYTj1jjyhpev59orhKYSmOy/rPCaNs
gBXHcACDJFREedyrGCy27zggLQm+JTDl8UwV3yAvarn1f92O7MOM2A0i0PCJyy++5fiGk8ZiGqcVvOPk2wOjGg==
ORDeHNONCdXkdU6cDa9taXsXdPgqj9ldxYDouXy+0XAYTj1kjihgf/59orhKYSmOy/rPCaNs
hzmbFp81nyNRktw28GTBCI6KDhLNjexpqgNB0XUscFUcUoncqALlKU5kuDPOUfpUKo0xovv21wWjYA==
rVclkmeAxuTuZ64NAdc4J/blmiDl0ZcgtvSszAVeIJRRge4KRmEWF76OenNdgNPAww+jbg==
Fyu9NMbA1fO4GNa35codvcYxL5R4dxqxfWUnvF6QTGC9inBoGUauRp4V5kuWqlqfJZTD/MsLo2I=
eunIfIq3+Vr1Pb+MbcSxlVFGMdc+5mDc+eRQFIbhfjcMhdtOU70ePEZFLHyljmBEMXHp+ia2VsAePvrD/dATkCN/ox4=
MgR49n/2fD0FNFoqhOLqEh+uc/tIdCC7oi1e1YGxc7/9P09szyysZLHnSTydZ6LZzxyJcuEwFeLe78cfmSV8oxs=
TFWqTBjCkhAE6viV27/DnTT2+FW7pmre2fVRTaACL1wk9Ctjy7Qv0xh5dag7uqP0TzKEC6X369EGo2E=
yjcLsbgB7hbwHkKShXLLGYYgOMJxdxrhIlhu8h+NTGC9inBoGUWpRp4S5kyWqlqfJZTD/MsLo2I=
uk4kaIfK/MoZ80qij+H+s5zP1f2lgahi60QQV2o4xWRT0IE4u+j0co6HP3j4jbGlXsS0O5Fo+kbI/rP3aWKJ4pULitZhwDZh95/d1F/NPWZx5mitheKt2a7GfVZlf3CsnDwp4cDEUupfpCJNMXlDLiWH/lPf17OpfJV5dv5Bq9FmY46ndcOu/DBnZnScmmH+XvDnQouspwRKl83ZvjVkjeWszAK/Ld4XT1G9qGwkgL1VkDa59rF9/RBddT5P3WlZkJ0G62trIQDn7tLQWgf56WOdC3tME2nBtkPV7qJNCZMxxeWTxbePlqsPfOVzrrgfYywnUFpNwCYbTYOoPPLG/Qu897KyByPFRTEDWJJ7O91s6vQcHLHbpfjyhH2HXY/X+zDa7eXnvAEURlSXPddOBml52sEXT3IjtUxtpNO3aIA+dGt6B0rfomVa3fZDuzTqEgzJrALz351mFGRNZuKAifz+ZwM86ll9CMa/Bbh1g6SKA1NxVndvtomCrWKaAFn/HLJJvCgiJchJBPoUTra6NCot8YJ7lpelo8A=
Lhjfhg8frzA8QsWGmpAKJ3YE3SD07GeCw85aClHIM0DeavX6916UBbhJ3gA+7P+leYeiQtXI610H6fNsqQDybIo7o7IqvC6tnFF7+Omd9VBKB1afg4sQo/XpZ+LCKQcbom4/TzFBkn6vlC0zvpwRlKEPDcD6RcS9nV0mFJyTkmVyHIxrcfpMhTJOErRYybYIF4Du5OMIBz8thrGtbWeJ0T9Krr/+Whgqzi19lp0juFic37gf39jZvs5tcRy2+rRr5jCEp3kLEIf6+Cz8VBfex6uXpxAHDlrn+nucAZRgdl869jpnCQYghxC5VH9MGeLJXXsmHtKHk8Ysmw1NH5aIln371BEvuH9onqNNTc2O8gWudTgBT4Zm5Y40Kz6zcBQtHnhLdtrj8EEUs2EA8vnyugoEL3ZgCarw9dEYcE6byuS4FRU/Yxf6BqPWRRFF+3+5iZWTn6GXZqp5io1Dw64Waeam7VYqQg+OivTvfVxgP582WG9dsszIfRfyorm+GjK5bembv2WeDXccNMNzQ5RXgyP5jXiD2ivk5/Jsu62Xs+Geo/k=
NZA9nSONPnaxLrxWu77njlqx+kifPJNZyHKlMnTwpCs591BZNwyE/dZyuDP8LnGgWH4dUIgYQkg+KgIoyvHJ3guKL3mjHA==
cY6qFuTmpibXW4Q3IpsiQ1tHhw9+e7RTVOrjDlm/Gho+f3+yRloVcyswviU24OGcl0eSAjXqgWsXXoLRuqax7r6y26aGlKPVqLALh0oY08VGHPwVW1IuUWoqJsExaUdHca5ZH5CUD5t3xCMbmzhxYLeKX0wrEmCT+ecnWUKjJQ==
MXcVmKc+7CbmuGKW+EEneHM1mRjFp93noeDaZE02kZyGhEg/f/eJC6qevwaHPwDAybzEWmB9AfUsh/dWcHt+oPQd7CSVlgCcge5oYpZuNtguZjqbTUhzSBNnowY=
VcSsgAM1eWicbiJUHpsJpgNa5PIeq3ADdE8tZlrmybgZBhoS2M3LiTHhBvgfpOOR6Hq1CjQINKPZv2BBNxS0tTb6KMu8FmGoeLZtyAiAsgAeIhIQColZVmtCH2GjBA==
+uWCrU8fWwhcOo9rU6YOECppy9cvmVEZQ08tZlrmybgZBhoS2M3LiTHhBvgfpOOR6Hq1CjQINKPZv2BBNxS0tTb6KMu8FmGoeLZtyAiAsgAeIhIQColZVmtCH2GjBA==
VJ4sYWAjU4tt78lJgR4b4Rd+YCxRRiViWuLBrAkSMvb4qeNdYbXOPF9gK8W4rh1ulOycN0kr6MW3kDwhpm6ALxxyyXwo4qUMSER6VE72OnQqbXFCe1YXZaMA
sHuO4ri/Bj0rvbwdM/QaSvaEJ1eNrSoBhh6IHc/VDwesVF1eWt65kPkuSkoYFZvhkQm2gJ9cU/lIkmVSdNDki7mXkHk3LESdVtL4E/xOsUDY3t0wiPgC6L5KQsjK0Ql+i2pvWaM8
P2Nj67fGHwAXrDwmB4lUWTfV4vL36NM2V8nVOpp5U2epHx8aHX/Ntemwg0BOVRSlRuRRb28l1JRFTytcOzqu3ahyWBdPYmB6teI6BHXfVcwx70GY6xTlwn1I0cLaN3uPdW1Yoz8=
8snzQqWjldzX/LzQJ1lFI6G2XuaErOPgmHuCj6yZtkNAzNSumqFqNXP4yxRsJE6aRbkuOLzQ3110K0FceLfCmtV2RNUnDzA2YhLrIVhU4p5d2rp5QxPmluDL7pgMF2xME5WkAOUTqGRbo9AvL1o6UQfHrr0z+ElAaSTSOpUhTMB9avAIWeKo5t5yZqxWClo/5XRDnIuro8I=
nQPVtG/6Svz6CUzRtZfc1e3Gqw31jDM+uon+BXMQWs7wtWUvJQdpky/bDlCkP+wtk6yVAxsnDAn68zVKXpu4hRL0S6NrNI+T/nhVaFs6wzRvMmRLRXdLEWajAQ==
OPmxAyRFSFKo9F3kVno7Xy/O4PUwNKDVFRghuAix0xWynNv7vPYhCPjWrekIoPLgnoLScAqpGbbr4t8Bo2Q=
OPmxAyRFSFKo9F3kVno7Xy/O4PUwNKDVFRghuAix0xWynNv7vPYhCPjWrekIoPLgnoLScAqpGbbr4t8Bo2Q=
