8IW2UA0yiZ1qwK4oqYFkm8yPsNsEQouveVUnZWsB6jmvUyohOXxXejLLqfzZTZWvFooCNKwL9m5vqhbqJ1lN5MtxgE4hamYBQsW1fqv5iWxc0pFnFD8qCfcyVxRKVuTDkdE0BFEBYpgB4wi4USGMNPYBKQKcxYDiDMVTKSXD20azC4LEfQj9bOn/mB8zBz0ilpjZA1HHhmWHnaqp3Q==
K3JwHjgagA1GtVTe1ySSyUvglfGistAqt5+9qMRZGnPgrf7JxP19vbRx3LVChgE+ttKQsj/I7A1mT/kxNoK0i7UFh2yukJ+scFPokG8H0RdtoOCeVAEAMS8uu6Wc0r/vDKYBscgK50kImVsI6q/Lneb79zoJDjXuCuzBc3wellCYbn0Bj8ihWH5ZYhhLAul7QZCPo6nW
JBkhL14oAP/yonxEaA6MndnN8LvYFm3XBpeqlxogxT4QTQ5q35gsbjrTeu1QgwDW4/hOhj0w2g1PNllZBoNcwD0pCH7hiNlwdpTgV/4Q6KqFV+BD1SqDbr0fBVaesmb/Fv73BlDZBGkzHm3Vj3RqvgfXQvMcERF+8ZTsGgLbpx1itMdtVIAHz87Y143K7MBt/7IKSTa66sl16YNPPR6FB5T0q2RLtK/Tnn/1q7u6IPTPMwcLMP1h0Yyp+w==
PNCn4v9NsGhGP9SxMToVj8YNp6B5EesPRGIlYSpzpJvRL0zvWD7fMJ3cHnzk6P8OID8+Md0bxpSIib0Lk5aOtvP+SI0sWj9xjbWFTlQE1IeMw7eQ388sBEMtROhViyjsy1twh18C+pnX/87VA+BJSHlc0hJl2QyIKtIQ4Ol7L25NisYHJlKb9DVZKf67uanQ
6bOwje+Fnhe5IQICotama2mcSMmRHGDm0bzj65BnnWLY4Itv/Pu5/EInZFcJCzzzUMv/HOWYzoBMfH+CuNuObZUvJniwja03e0LO+qtauBGkLp/ddXHVMnwQ1IuUp4dMF3tMaPup1FQ93+ggE38Am1f22rWvux4pq3TJxOG4Yk4t7exkEtYA3AGvbyIVLjabriY7WM2deYKTranc
fpHjEVA0JDWenSroVADyKmmcSMmRHGDm0bzj65BnnWLY8YNh+vS4rkInZFcJCzzzUMj/HOWYzoBMfH+CuNuObZUvJniwja03e0LO+qtauBGkLp/ddXHVMnwQ1IuUp4dMF3tMaPup1FQ93+ggE38Am1f22rWvux4pq3TJxOG4Yk4t7exkEtYA3AGvbyIVLjabriY7WM2deYKTranc
ZiX7oZjRMPat4o8BI6IDQAoo0F+zgwSiyEcAZZhFIGHqacx+ocjoRSl4sDq9mO2ByKcmHBFlpmpQkfyyalOku5GPzE8YHd8Q3Xye3KTI/y5gn76RnTvGtMgpPavTto6Ws17ILWx6P1HNFQXuFCTUp8xjNzCf7ywkA43ESBWrKMyL+/AnHyL6uZdfTnVDwEloOfxSsiX5DKhqcpBAqVsvTg0qRqdmcpvUdfmpXvuZqfA=
L2mmP65TMeZ7nTAxfnQ0t1fxbkae5GVbP3V+Su8I9wAZNak+KHgdMJaUwJeekAjqp1eDAzWqI67dH+UWPjIGP/b+18YwWeQpEx4NFS/0yn5n12KzvJFxvtGUzNpiWwddQrSnrfQApw+u2PfNKmygrd+y6olWOkqJlenjj52eZUf09IskqzTPE75/FesbOoC0LzMny5B9gZGsqds=
j2f3/11IjWeqsljWA/X3K4zE0DpEYAfNgUFw6tql5cLuV3ce/MRoqLWqPGIKY6SrsX+MH/irX4B9DF4MxPj/PkBv/sF9i0YkaFn9e7OGjoaTroh9jMq/wW1lxT50FNS37JN3YH9frLSj/QSYdZso3KsLsHf/knopNy+OpSPwSXgZDBLixUmMOMoCUJDJay9eLdoG94bCG0TViWmOm6mp4A==
xpBD3W6wx77cJ7bWcRV5/5GcussYSoj8Y1c5dXhG9hqvXipOXxI+YDvcsPTme7jIXsZTZ/VP43Jl4hvfI1p46tBzgE4hamYBQsW1fqv5iWxc0pFnFD8qCfcyVxRKVuTDkdE0BFEBYpgB4wi4USGMNPYBKQKcxYDiDMVTKSXD20azC4LEfQj9bOn/mB8zBz0ilpjZA1HHhmWHnaqp3Q==
OgDlAnElIlK1wM/ilA/w3bGpUPLKreX6nn+XxrOG5gJAiZz6muskE0HX7EcoYR/4TeR+FNTw/wYwRx4ZLcOG3NgxXeMjDg4+YwboJVwC/7ldjeUmZBzUj5y7l7gvF2xME5WkAOUTqGRbo9AvL1o6UQfHrr0z+ElAaSTyOpUBTMB6avAIWeOv5t1yZq9WCls85WFJlouhqdg=
3hHnsC4tR9wZMi9xYEUNhn1jZBSibTLWKnu825eK1EAeFEgn9vCwGngQ+1PtSgu+1R/tBhZSXu8OPo+2iLkMmZueheWHVLLOvxda4+Sxma7ZlMTKintfDXp0fx2MoA//Jlh/fcKMGN2HchJZDlpimZ3p65+1fr0XjLRT1BNUp6M2/52bs5p4BHdzHxtIXemBpKnT
fOcY45amlRoL4FqE8ViY6Mj1kg4F52rXZ9n4GJM2u14AMRhoGTudr5YupdxWQpaAo0wodH7rIGg2lpigvX8LUh3S499baoDKuENIDmm6jqHaVS3+M2kRDPQCWSdczwJpz8JvFHKm3KO5IXxEmdHK+JlzkDjJsRSUHtFhQlT16ML09Ssp3fOjZls7ygS1WJXMcW8An6uXpcI+yJHDmbeuhb/tkqnl
oIrcrTJU2x2r2iRiMHXYDZU7oYFr9bWs4lnZ7zATZmglL0STcdASaVZqcatJ+GjOnlS0KSnZcZz1SxXPA94cuQUZYe3AeZTjyAzXsG3mxX/U9mb4n2WZKnm5/kNer0csCeyQ65L0Rup2vmv/wwSsNHqjrBjK7nzBWGfXwtHaJ18fYsxa5Fss7g1C8lFWnSk+t6EdPEi6fQf4V955A0qrFLYuELNludhkvWl2yJW7FPjNeZhkYikFojDttFK4/W+pGftv9ocjLmRRIGm8/ScE3y/fqfKCcLXjPS/ylfNl1qmh
2/ITTPxHM2LjQmPz1PgkjL3qrBc777/jTzsviLZftASSXN6Xot22mbZeTznGeSL3ZHgTpvrbJCMh5yz3SNGZSS1UviS0wP82UHfeqU1zBmy4gZ3TQz4ODgM2KJU8sn8JPT0lFgQs1L/8i1cIT6fs/HMlZDCFI6hUO5MQn0/quuFnd26NU8hJcAkUMor1scxwGtowODnTr9a9QqYfNrrbjIXRiabrkano
F4Gaa4EcnmRkgNO/IbYDJxMmZT0VNtyj46N/JwcH/9yOs9QgekDuY7rRtp2+ol8tPlUCE0wk45KiF2Rn6Vt8I/C9ee1FyA5QLEx/stgLTj0136YIEF3tZ5tyzspLCvjBBF4fLdUhFeIcINS79HdHHLeLzBhbeZQE3e/oEPMvQEv3hlpFD+ve+ctEyfSBaKIejR1sFLIGQIzhn28S9X52Sw5Wu6htzblS852p7A==
Zn7Y234Q0NfCIaFCYfZfkHZ5gstKj52wNl00j5aV9GtReCxsqfD7cuY0VjYcPCHbkLjaioq2r29nPKD09lvICI5mwuFEL1OyNcLr31N6qKpgkzDOsco2QbLlpX67mbmsDLIB52Sf2kmn0mcUera0g2FxRITBYTJYMYMYuEEBfHSmobmCLCUwotzlIynV44uGA2syRO2oLayZ34gfI+cNYkZ4SYOhZ/alV/2aqe0=
v3aSLuhxAHr61GUYrilRBvWQwhg/4CFoJInPRR8F42nXxvKl5FJufvZptte2n7qsVxciIxIBODrb+E4xRIXNdZR5zGsJ35G21ppgij/wHEUGx2lpdlqkg5XNNxQuaC/kUFv4yK/fQZ+NaJCmVDlw+c+mK31ciq/nLO6xSUhyV4EokUvQqvdbFYazBwIJNsWmamRRKzzGhli4ps15DzAREF5RckCL2nnzoVj/m6nu
evEDujgkFRd3CR3QNXCbrEla+4io2wpegvRpWzljaBbuEfVKfRMEUhodo/jS1ARf0uC0Eg82JpupOq8mWZ9hnrKimqdSHnO+jKkoYVfeyV1jxDZGA/eGq6CBfbbVlMjSbksbRaaUw5UIMOtHahizheacHNV7Uk4RyqrGARFpZwcRDvnfUJQv3BdEg9t6P1Ej1wr8jMsTQ9OMbY2ZqKnf
zbIOi8LKN1bjz6DJon32eT3w7QE6kpih6f+bZbo8qJKic/HLwfSmBQQxJfEEnQQYKiSZ0gZeCD6/RHSB1qNhnVYubGcFSd+gblzH4EC/MLwPK8n7Xaz4klQNGD0fwqOJ/P5nAzzqWX0Ixr8FuHWDpIoDU3FWd2+2iYKtYroAWd8csk68KCIlzU8E+RROtbo0Ky7xl3Gcl6+p2g==
jpP3yZDsdSc2XgtXyrCAkov4PkYG/UgbFHQOUURlDRUUmQwNCvBRFlY6oKo/0NzlhmepSXY6ZGMVrff0LghvBNA7uCiv/wE/DcjQhlQZMFlPBmtdXGrvh6wO8SlIkpfhqHGLsKrXm7UGE8ciCRYFBurEkQs8pka4OMYNmQ9QUfDeMTKgi/o5UyH4v7upzg==
ol7J71vpeB5/qPOS/N2wJX+k7p1g2o6g6/zA9NabaIgupufia++zMlUCC98zOkgqANMQzpGKlsESpYV+W9nZLOxyYeeEX3rJBxJHFFp2FAPBsaSEoaHS2FHD+LhhQdz0BuGZggxlUCI8pUMpNSPrBuOrEkTNaI0sOR+oH0Mn7eImOKmDwSdWJfe9uqnN
6KNfwQOqIoA67R8GhajPm4n4PlcE60wbFHQOUURlDRUUmQwPCvBRFlY6oKo/0NzlhmepSXY6ZGMVrff0LghvBNA7uCiv/wE/DcjQhlQZMFlPBmtdXGrvh6wO8SlIkpfhqHGLsKrXm7UGE8ciCRYFBurEkQs8pka4OMYNmQ9QUfDeMTKgi/o5UyH4v7upzg==
rnLM03M+OKeduixB2i8YpX+k6It8x46g6/zA9NabaIgupuHia++zMlUCC98zOkgqANMQzpGKlsESpYV+W9nZLOxyYeeEX3rJBxJHFFp2FAPBsaSEoaHS2FHD+LhhQdz0BuGZggxlUCI8pUMpNSPrBuOrEkTNaI0sOR+oH0Mn7eImOKmDwSdWJfe9uqnN
iGA6w5EQQ4WB33SabokBOH+k6Z1uwo6g6/zA9NabaIgupuDia++zMlUCC98zOkgqANMQzpGKlsESpYV+W9nZLOxyYeeEX3rJBxJHFFp2FAPBsaSEoaHS2FHD+LhhQdz0BuGZggxlUCI8pUMpNSPrBuOrEkTNaI0sOR+oH0Mn7eImOKmDwSdWJfe9uqnN
DiEKq/6XYFETQo5yi4EeDxYDqJuixQ1blL0nXyVlLhDuH6UZaxsfQRsagfjS1ARf0uC0EgUwKJupOq8mWZ9hnrKimqdSHnO+jKkoYVfeyV1jxDZGA/eGq6CBfbbVlMjSbksbRaaUw5UIMOtHahizheacHNV7Uk4RyqrGARFpZwcRDvnfUJQv3BdEg9t8P1Ej1wr8jMsTQ9OMbY2ZqKnf
ioDPiva0bxCJ8WK2/ASQS4Gg4L/kOxEse6T+qqR/ZRUHP+Tq0mfuDl9jWXk67um1greNzJlsHhCGlNB3rtC4ChvQHONl6vOOrR8VNm7y1l9mfmemgJnUSQMeHTXfNLrel1fyE2zRIV7hlPw6MhvX/dI0Vw2EwFcvvtjnrRqsEM1vMnrphvoaqWXpk69N3jWnZHQ7xBt0//OofwXLa3pwFF+zt2vAvVHxnKnr
/B4OZDSkG7njbclvoYHinaLR23K9ew4luTwEdP/rrsiaW1+LaBFC5Ues75sfj0ymBRGLCAIsQlcUr2LcYBO1eC7J/lI+Tdfa7Pn2SCGzLGAydheoNqqNzT9MCRWKXkuuhInwEf9eoe27pD5Wezde2yghBWb9lOACFuuTNX5Uu4UAUDP3Apgb9T68FMVDEpahQkp+UflpD9epbnFvCFQXzB9k2yvUv7mTj+r0nDNTGyMEzXXJgKn3
/B4OZDSkG7njbclvoYHinaLR23K9ew4luTwEdP/rrsiaW1+LaBFC5Ues75sfj0ymBRGLCAIsQlcUr2LcYBO1eC7J/lI+Tdfa7Pn2SCGzLGAydheoNqqNzT9MCRWKXkuuhInwEf9eoe27pD5Wezde2yghBWb9lOACFuuTNX5Uu4UAUDP3Apgb9T68FMVDEpahQkp+UflpD9epbnFvCFQXzB9k2yvUv7mTj+r0nDNTGyMEzXXJgKn3
NZhS0kR++IwVMxQ0nwFpksnrjlfFBl7792JI8SbD2xw6Tk7XWvC45r9Z5zPlygQyBbXk2dAsG4PyJgx68QoK7Whx52armT+iT7qLX9zEuOhJRXjTGnywCvRu8gDCnT6DkkazkpvQvsrnQmOaAVZBZI4qKYXjXAVtTj7PNki5zBnbnsVlx1RyTn8XGmOksdkuGZQESsp7H406dL+dTKBPf2ZYP/0CjNhdx3JS2U5aohld6asf9X59l0y0k1RTVOcj/f9dG3OaOIQ3c9+biF0pAeSpkw==
Yu231MEpeAz3m2ZLb+ofK5RibbqW5pcmPSWuDAgiASxXcNj/0npH5yczJNnvieFbMyvra5l3MMMe55fCkVpnX9/iDFok2+zuzcIyUZYd6T53Id08iDq9BzjXHnnDymsUdq7Qs6U5GGR96bbIVTvU+A35WGSiqcWi8G10Unh9r6lZey/2x6NuZBGgKby9p0/fb1/p8sLw9eN9r7KVs+WWqeE=
XaabCuiU8HqVNJAT1iDjwNg7T3IHhMgdeLPYvKzojmGDYYjyn4DVhb1EY0wrfOUiJ9qw9YtJMUaWyoC6P8D8FUY3yfn2ysQzVZ0X5C4YDzQQ6xhYL0/h70248JZUCRApD9aL7dwaT1dsPpE5SIJ30eghK0AqZ/vlxuPnMgkGJfYqlPG7vFbm6Hj27YIPQDHAHuGS0AtK2YNhiJ+rqd4=
uWgDS8wVwqMjX4ivxdrx1N/4242Yog+Y1FQMv6lj2N23iAxpRuYQl1yK3nQIqlWfz9wJnG79Kgzr1uHfEZQnd6kC
zAANwOqPAx6aB40+Slq66bXuoB8+2+z5QQZgmKwW1wbBZuK5k8ilibUbCSbQOmj3bGwYhbeCdAUVyhauPYHFF3FUpzX53coyU0LQsk9zBmy4gZ3TQz4ODgM2KJU8sn8JPT0lFgQs1L/8i1cIT6fs/HMlZDCFI6hUO5MQn0/quuFnd26NU8hJcAkUMor1scxwGtowODnZr9a9QqYfNrrbjIXRiabrkano
S8lkCPa63WyUNEDv3Lnk1YowLMF+pFjDtYbKxLai1adZl+ddizMkHpL8pdkNWx9U+7kohBk4FxQUKaJMj1JsaEv6krw6P2P6d20eVEnMaqJPKZ/taxaauucstej+H5zPg4M3iwqVu+I6AqK3Ot7bDlTJIDHvXrGNa+TuNuu3rrvYYfUGDZQQYuarY1WO1Cvl0BDjlxKYC9Xu/MRl05ImAfIKTnHJaT/3ma7Bz7jUh2xPpIsLwb6pc98qpHyj02vDdA0FKfCphw==
x5aQuvpMvNnZa92secZcZR5hpJUnE6jvXt87ajVlP4YeKiey9ikh7+/oJFluRv0NpHTbBDv037MNfmWLC/oQVP+zF6vgPbExfKkL
INFDJg8zgDBVrLu9VEqY2DfV4vL36NM2V8nVOpp5U2epHx8aHX/Ntemwg0BOVRSlRuRRb28l1JRBTSVcOzqu3ahyWBdPYmB6teI6BHXYVcwx70Oe6xflwn5I0cPZN26Ff21SqSU=
0GEVcPeQHXZH+jwt3wZtFfaEJ1eNrSoBhh6IHc/VDwesVF1eWt65kPkuSkoYFZvhkQm2gJ9cU/lIlmdcdNDki7mXkHk3LESdVtL4E/xOtkDY3t0yjvgB6L5JQsjL0glrgWBvU6km
q8dAlUJsSicUFD7KNod8Wxd+YCxRRiViWuLBrAkSMvb4qeNdYbXOPF9gK8W4qh9glOycN0kr6MW3kDwhpm6ALxxyznwo4qUOTkR5VE71OnQrbnFXcVwXb6ka
9Xiv1+sLM7bnViVxvOwziippy9cvmVEZQ08tZlrmybgZBhoS2M3LiTHhBvgfpOOR6H63BDQINKPZv2BBNxS0tTb6KMu8FmaoeLZtyg6AsQAeIRIQC4pZQ2FIH2upHg==
FNm6XMWz7lQNltu9s81l1QNa5PIeq3ADdE8tZlrmybgZBhoS2M3LiTHhBvgfpOOR6H63BDQINKPZv2BBNxS0tTb6KMu8FmaoeLZtyg6AsQAeIRIQC4pZQ2FIH2upHg==
E/1bWSV7cIVnrW63n1YI3nM1mRjFp93noeDaZE02kZyGhEg/f/eJC6qevwaHPwDEy7LEWmB9AfUsh/dWcHt+oPQd7CSSlgCcge1uYpVuNtsuZjuYTV15QhNtqRw=
n16lrpnTP/nCG5oe+Qz7saLR23K9ew4luTwEdP/rrsiaW1+LaBFC5Ues75sfj0ymBRGLCAIsQlcUr2LcYBO1eC7J/lI+Tdfa7Pn2SCGzLGAydheoNqqNzT9MCRWKXkuuhInwEf9eoe27pD5Wezde2yghBWb9lOACFuuTNX5Uu4UAUDP3Apgb9T68FMVDEpahQkp+UflpD9epbnFvCFQXzB9k2yvQvrmTj+r0nDNTGyMEzXXJgKn3
Woqm+FkDCbVgLrWzQBkcWh5hpJQnE6jvXt87ajVlP4YeKiey9ikh7+/oJFluRv0NpHTbBDv037MMfmWLC/oQVP+zF6vgPbExfKkL
jf9jKaLlq1d1kWXI29/+n5YjUjBEyVTMPiImRLHwVzy4pAXrhloYEkvEq56V8hNxfCZFAt8e7kEe2j+w42GavlpLfDgAAgX82ufGCOEpc6Oc4m6saJKF/Ek0XaSOpZrkq/4Rh7Fsd1+pKg==
b2xEMiSGwi/KG7qun6iu+3d3eqplXSNlZgvpKkNrTm62yn12aX1jvd/APwIgx7HQSWhQ9vQthka23uR6fIskLoWyirE+jXG+77G1nHCK9UfwB0YZ6zpTFE5e+NP96dAkNVlOaD2rTHiVafCEGtmNYjg9LHKQTdepoUtH1h9zJiTZUJHcFTfdWffLAVK6QD0jNf9qdZuVrqnZ
LZ072yhv0I1zGPzmxNmKgsyAp8ABV5qSeVUnZWgH6jmvUypOUhJRBlW1p/2bCMOyTJ8VMO0Q/GZopQLGMlZ46tBzgE4hamYBQsW1fqv5iWxc0pFnFD8qCfcyVxRKVuTDkdE0BFEBYpgB4wi4USGMNPYBKQKcxYDiDMVTKSXD20azC4LEfQj9bOn/mRkzAz0ilpjZA1HHhmWHnaqp3Q==
EUh5vGUNTe51ZlEE8YeGVoowLMF+pFjDtYbKxLai1adZl+ddizMkHpL8pdkNWx9U+7kohBk4FxQUKaJMj1JsaEv6krw6P2P6d20eVEnMaqJPKZ/taxaauucstej+H5zPg4M3iwqVu+I6AqK3Ot7bDlTJIDHvXrGNa+TuNuu3rrvYYfUGDZQQYuarY1WO1Cvl0BDjlxKYC9Xu/MRl05ImAfIKTnHJaT/3ma7Bz7jUh2xPpIsLw7mpd98qpHyj02vDdA0FKfCphw==
vyohN4cdqkfy5kUKFakiKHPZcpjICSn826Dl6YVpvTLVpcYrqNqKwCswbSp6cEbhCYqoBLqH2o0LZWaTtNuObZUvJniwja03e0LO+qtauBGkLp/ddXHVMnwQ1IuUp4dMF3tMaPup1FQ93+ggE38Am1f22rWvux4pq3TJxOG4Yk4t7exkEtYA3AGuaSIRLjabriY7WM2deYKTranc
QTvpvPLA67kB0L8+5Ib+R6LR1Xq5JQsipGtQe7CSj+Cgc2ykWzhC5EvtoJxanFWxGBCLAQ1lQlMYkS23YB64FjPO5yEtXdHc8bquW3+gZ3Q+ThqxKIaYwgpCEheKXkuuhInwEf9eoe27pD5Wezde2yghBWb9lOACFuuTNX5Uu4UAUDP3Apgb9T68FMVDEpahQkp+UflpD9epbnFvCFQXzB9k2yvTubmXj+r0nDNTGyMEzXXJgKn3
YkOW8OIoPt6FdGRq4/CQqhs5itVqN2DPYuwcLuwW3x7FRFshHWVSc8jR/Rfwngi2w47XAV1d4bwB+h67DyD3FO4OSlE4hoii2oJC9xreu840SYDxz15RzYtkTvbLt857eOFVRu2U8CJGK8OV7tQLJXCQA9fymCsVTnykpbOSBkESiq4x6WkfN/kuoQ+Y1GcsryQrS+O5ybe/qgQ8g9OLg9SNpemQqec=
CgtQRuInH6MZGYKr46nGmZ/ynh8Z8mrAatDvAMknslJBJR9lUHfS2Ycj4o4aQvnmzSU/fQOYWxIkz93wpSAURhCV+sZKZoDKuENIDmm6jqHaVS3+M2kRDPQCWSdczwJpz8JvFHKm3KO5IXxEmdHK+JlzkDjJsRSUHtFhQlT16ML09Ssp3fOjZls7ygS1WJXMcW8BmauTpcI+yJHDmbeuhb/tkqnl
fowimvyE3U8Sy2pdbxeiHykfg7V99BhiED4MWyvL4NAOT3mBjHjJ3trEDWZhzSvPnMIuDOgyxRxJVJ0EDgVaxKse0ecxjDd/qQo=
oXsUx3i4026kZw4IWtTvZJwFinpShUtEvq4hDSOE/4nRUkElUpK3nMVBh6C58gJnOILtBiBPQPjTQ6t6c0OPXc7Z4sQ9iL1sqX/ZGXODfSLWGBkDkUdGZUcdaqkd
oaMMvbAX5hRmEaNSLcyJmikFhbdm5hhiED4MWyvL4NAOT3mBjHjJ3trEDWZhzSvPnMIuDOgyxRxJVJ0EDgVaxKse0ecxjDd/qQo=
Bar/PBkukVip07igApAz6ykfg7d6/hliED4MWyvL4NAOT3mBjHjJ3trEDWZhzSvPnMIuDOgyxRxJVJ0EDgVaxKse0ecxjDd/qQo=
BFUKC0zHKLZfqJusVPVRp4i5Iw03ga37LxQJwKb5fie37A8gMQKqB+Aylcb4H3gY+1OjentTpz32CbqExTjljAEPUZn7M5WCjuihQ0mXPkWvDWKpFQ==
s4/u8HcVsXRjJ2Ow7L8XDSgFhbdm5hhiED4MWyvL4NAOT3mBjHjJ3trEDWZhzSvPnMIuDOgyxRxJVJ0EDgVaxKse0ecxjDd/qQo=
zdRwE0kNKony21gfyBKfxysFhbdm5hhiED4MWyvL4NAOT3mBjHjJ3trEDWZhzSvPnMIuDOgyxRxJVJ0EDgVaxKse0ecxjDd/qQo=
35CykuvWTrFvxYU8BRK8Dg+ewy7QctQXm2e4PG6j4S089FFSWkiV6tFhsyP8LnagWH4dUYkYRUg+KQIoy/LJywGAL3OpBg==
5WMS5JnVW+94pQjVQEyDqg6ewy7QctQXm2e4PG6j4S089FFSWkiV6tFhsyP8LnagWH4dUYkYRUg+KQIoy/LJywGAL3OpBg==
MEjhB8585527Z4406KuRhw2ewy7QctQXm2e4PG6j4S089FFSWkiV6tFhsyP8LnagWH4dUYkYRUg+KQIoy/LJywGAL3OpBg==
08j2Hnj46qE1GiQzv6n78wyewy7QctQXm2e4PG6j4S089FFSWkiV6tFhsyP8LnagWH4dUYkYRUg+KQIoy/LJywGAL3OpBg==
uwJeOfll8dDMGf36/bTaVSgfg7V99BhiED4MWyvL4NAOT3mBjHjJ3trEDWZhzSvPnMIuDOgyxR1JVJ0EDgVaxKse0ecxjDd/qQo=
EMes1MBrYooYJsT4ciGw4FMf55a13gpSlqdzUSVlagPgMaVHOF5ABjsuv5HF3XksqZqmS0dgP8S2LqJhQIZwkrKimqdSHnO+jKkoYVfeyV1jxDZGA/eGq6CBfbbVlMjSbksbRaaUw5UIMOtHahizheacHNV7Uk4RyqrGARFpZwcRDvnfUJQv3BdEg9t6OVEn1wr8jMsTQ9OMbY2ZqKnf
55tyOWGB5v1u31aTXSYRj5oiLP3C85A9OTiuSE0tG2VUf97JmzsGrn56BdaB7fs9R1CXYpg3eZABuIjWnB1+Rs7uDFok2+zuzcIyUZYd6T53Id08iDq9BzjXHnnDymsUdq7Qs6U5GGR96bbIVTvU+A35WGSiqcWi8G10Unh9r6lZey/2x6NuZBGgKby9p0TZb1vp8sLw9eN9r7KVs+WWqeE=
Bs7Dg2rsZ4j1+kfxZiFCqjEf6a2D2F+aDWanrqs/88SrmOXR9VFdCqWdBpPYYmp4W4jtkgrIpll5Mmg8yr86tXtdZqvE425V5RfmwMA1TY8L+k5C2+JYqdSWX+UFSTUKDCjUs+SfZ3RnQ4zQixE07E1naJhjx+AjJ04ajd+D/hHbTMn8kYCCdl3VLNxibuBkcRfpmmGW1iPenvtgvaWZuuOVqeQ=
eVvR1K9xZS7Q+XzJA/4tJIJAtL98Wnw057ShKevKr5rl1/lbRRSxjzbl5JhCFn9qjbTm4t5njQA46hblcnu/H6ZtiKm2i7FFFna8j6Uhb1juJHcI4NdgZM9zmdO9hIiqVDVoFf/q89E8JjdrnALpBYg+D20YnVP8ytuDWTZfn46Jul1K2iiJB1zqnlSISpU1yXxN/O7d6uzrdqG/kbTnl6ni
9BzXXgT0VwYJnlSgkYLd5d+n0IGQuBjZnk9Prqxh75LAmBB6W/0El1yK3nQIqlWVydwNnG79Kgzr1uHfEZQnd6kC
7GiVqXU9Vdtodoq5CbRU4UXqcONGZCDrpCFDyIaNc+C7Nl930i6+ZLHgSTydZ6TZzxuJcuIwFePd79IVkyV2qQE=
8Rn0Xr/uwelqZQM3r6+pIV3EjPVvHBG6vHD/PVVMdjHxU+k0rZBKPU3wqFE9IPXq8c9cslAUf7xnBJN7yjmhx8fKTKybkzOzHC29OXipDw==
m8M9yRiLoB5x8y9Mf2S0WmnMw+sVDObiixt2HmKLiuFkymVkPo72JhOBz9B2zWPgq9Yvt4KODuQhgLl8TUeU2b/72bJSkIVjLY8CVaMFZqkR
mVYSVc86BZQKIydMdBlJWUcS/q1WOmDYvIVm6FbiROzovQxzrqQXPkTNVx5AFIjW6zFcezxmxng4ho3ZCZDVMN5xsuCLOrkTIbg/e6kO
wkehKRmYdxujkoJXxjGHsGnMw+sFG/v2nRs3Cy7KwupvgypgPo72JhOBz9B2zWPgq9Yvt4KODuQhgLl8TUeU2b/72bJSkIVjLY8CVaMFZqkR
Z8fTFRYP4mCy48ZqsVMSa3cEgaxjsWhrGiRFFzzJ5NcOAH/K1HnfmsCQAGJ7xTTfnMIuDOgyxR1JVJ0EDgVaxKse0ecxjDd/qQo=
MNu86m7EUgByS4KK6jSxMVJx9r6GWrpq1xPCAOY+vuZbUffwnr174LMmR5e63sak6TDhnCXXLFlHa3ESCmDNo+Xf+jWLNX6pCQ==
zWbR3C7feTchRg4LQRF6oUBwmNEiORbdWlS5ppGS0bRKZlqG/+lbYOI1/2A3rrsHFmZiRI3oTSz5n+gZg6Mt4ma46YMBpxYltz16qQ0=
wkehKRmYdxujkoJXxjGHsGnMw+sFG/v2nRs3Cy7KwupvgypgPo72JhOBz9B2zWPgq9Yvt4KODuQhgLl8TUeU2b/72bJSkIVjLY8CVaMFZqkR
Z8fTFRYP4mCy48ZqsVMSa3cEgaxjsWhrGiRFFzzJ5NcOAH/K1HnfmsCQAGJ7xTTfnMIuDOgyxR1JVJ0EDgVaxKse0ecxjDd/qQo=
MNu86m7EUgByS4KK6jSxMVJx9r6GWrpq1xPCAOY+vuZbUffwnr174LMmR5e63sak6TDhnCXXLFlHa3ESCmDNo+Xf+jWLNX6pCQ==
c4GOq6h5MNI1koo1vI9dAOA2fyARInlUMpYCRse5gwAKJfdgP77T5062WgRVmLVMUS9gmQtTRULeCDHD+ffOBZ8tcqkF
gnY3luT/Oqs2uKV6IA6ybt+n0IGQuBjZnlVJrrB57pLAmAp8W+EcllyK3nQIqlWVydwNnG79Kgzr1uHfEZQnd6kC
3pmjdKqcRSFNEx/3unhfaUXqcONGZCDrvidD1J6Mc+C7LFl3zja/ZLHgSTydZ6TZzxuJcuIwFePd79IVkyV2qQE=
FYyMvOwl9oPGqibUdUWF3UZAu6RUKGDDrMprphynA6antAp26LkRYgDVdh5AFJLQ6y1Eejxmxng4ho3ZCZDVMN5xsuCLOrkTIbg/e6kO
DnVAetjIBs2G5GDPIx8ptw+DvoRbNjvEx24XpstGPh5dVTqF1s72a1e/lc2SXADK7grTe7AoDEiqkhCgabsprsnKxkemkps0tRkpvjt5qRA=
LN8jK5bgooljeeYy739++UVh3Y1tMwzEGRGyoZTe0r4EaFWO/uUQeaQ0/2A3tL0HCn5jRI3oTSz5n+gZg6Mt4ma46YMBpxYltz16qQ0=
Kp5CIRBb8AvfnLfX2UKiXA+DvoRLISbQ0W5Ws4cHdhVWHHWB1s72a1e/lc2SXADK7grTe7AoDEiqkhCgabsprsnKxkemkps0tRkpvjt5qRA=
dJVRJ3FbdTbqAwtRDnplQUhx6bTKWbAm3BTHQawwse5aXbzp2Lx74LM8QZemxsek6TDhnCXXLFlHa3ESCmDNo+Xf+jWLNX6pCQ==
KvLQYLwj1NJEiCKpverjvSYc7x4Xj/aN5rSV+QaGtrMnV7X1glQA0t4is4Pg4MwQWvqwGPkzqTZ5YiY/dtrb7MXxCYYrcakI
HocG0jQ/wtAX6wErTrsWIxpxpIxtR6q9VMFycnRmcoQDPiip5iFi+LmgcXh7X/wytXTbBDv037MOeWWPC/oQVP+zF6vgPbExfKkL
Kp5CIRBb8AvfnLfX2UKiXA+DvoRLISbQ0W5Ws4cHdhVWHHWB1s72a1e/lc2SXADK7grTe7AoDEiqkhCgabsprsnKxkemkps0tRkpvjt5qRA=
dJVRJ3FbdTbqAwtRDnplQUhx6bTKWbAm3BTHQawwse5aXbzp2Lx74LM8QZemxsek6TDhnCXXLFlHa3ESCmDNo+Xf+jWLNX6pCQ==
KvLQYLwj1NJEiCKpverjvSYc7x4Xj/aN5rSV+QaGtrMnV7X1glQA0t4is4Pg4MwQWvqwGPkzqTZ5YiY/dtrb7MXxCYYrcakI
SqAWGN54Az0pLhngqBCkpDwQt0Vfz6uB/47Z7lGHs6khQ87kghFDg8Aus5r6/8wQWvqwGPkzqTZ5YiY/dtrb7MXxCYYrcakI
vOr0gsNdn472PW3Ubn0T2XNXx70VSkcsh4PrRbdyiTrpK1PNyd9+UBqdwwdIkiMOApNstPImwOyh/2lysR72a072uwit7TmyM32pDA==
wyiqN8lY3Q3hcaOw04m/xHNXz7UVSkcsh4PrRbdyiTrpK1PNyd9+UBqdwwdIkiMOApNstPImwOyh/2lysR72a072uwit7TmyM32pDA==
MXaydMOk+NyiR+fNubCvuElsZX5VZmpjTeLHpwdVevLwu+hcLOnDMQszO/jx5F1pg+vVJXZ+/s+D0SQ4u3CWMRxyznwo4qUNSUR9VE71OnQrbnFXcVwXb6ka
vjvvXzd2pD7pZdh7Lu70iiVk2k3escr26vyZckg33paCxwpiffDBEaCTtw6XIkmKibvTXSlvPqA6jcMXaGJjvuID7CSSlgCcge9pYpFuNtsuZjuYTV15QhNtqRw=
jr4N2V4gQdz4XtEhjDYThHD4hhijuiIWMc7vhSB1bGK/35d9+DYAJ7vtrc0LB0Br0Lv4UhncLqPywh3Xb7xIJJnQUdzVtxxZN0tBUvrAfSN1fyp1WxVuqRk=
kqz8Y54YiA9u3U4jg+Q7ACVk2k3Optfi/PzYZwR2lp2JjkVmffDBEaCTtw6XIkmKibvTXSlvPqA6jcMXaGJjvuID7CSSlgCcge9pYpFuNtsuZjuYTV15QhNtqRw=
DMcurR64VZu8o+U4hvGtcNa4JxYy1t3yOB8Zzef3Yy2szkxnd1X5Hb9vnMusE2wirUSiI35aqSf7FLSExTjljAEPUJn7M5WCjuihQ0mXPkWvDWKpFQ==
jEvyB9Dwwwela1qadZGn1+vuwXoUnrb1WUYFrq2YYfkwGzeGB8rp4llzk5X5Bx5IKoXDH3iKQ9Yyy6zsQv6gdBFn6eoBhpaz/q57UJ01WaoDZakU
RIDG0BXng0eEXE8hi+xy4LeZqLG3+s1lDCzB5bMrKkaVzLHFeN/3yt9+mT7xFzM5gZOONKIBQ5Pg/vNKWm9MgPoq8MjZI6kmWbJm79ZKW3xlIUlWC2GpGA==
kqz8Y54YiA9u3U4jg+Q7ACVk2k3Optfi/PzYZwR2lp2JjkVmffDBEaCTtw6XIkmKibvTXSlvPqA6jcMXaGJjvuID7CSSlgCcge9pYpFuNtsuZjuYTV15QhNtqRw=
DMcurR64VZu8o+U4hvGtcNa4JxYy1t3yOB8Zzef3Yy2szkxnd1X5Hb9vnMusE2wirUSiI35aqSf7FLSExTjljAEPUJn7M5WCjuihQ0mXPkWvDWKpFQ==
jEvyB9Dwwwela1qadZGn1+vuwXoUnrb1WUYFrq2YYfkwGzeGB8rp4llzk5X5Bx5IKoXDH3iKQ9Yyy6zsQv6gdBFn6eoBhpaz/q57UJ01WaoDZakU
oJYG0spizBIa+WLOxy1EE07Gr8tLc2qOxXRRrchHd0JPBjmWgc/zcVGr7tySGUOb8AbTYqo3DEiqkhCgabsprsnKxkemkps0tRkpvjt5qRA=
8aHPo/ijQ/gBFVxNiG37pN+n0IGQuBjZnk9Prqxh75LAmRB6W/0El1yK3nQIqlWVydwNnG79Kgzr1uHfEZQnd6kC
z7ifE3yhdflljTS0tmm4hkXqcONGZCDrpCFDyIaNc+C6Nl930i6+ZLHgSTydZ6TZzxuJcuIwFePd79IVkyV2qQE=
jDrCd2TavIUcPxfUre9GqV/EjPVvHBG6vHD/PVVMdjHxU+k0rZBKPU3wqFE9IPTq8c9cslAUf7xnBJN7yjmhx8fKTKybkzOzHC29OXipDw==
RCbAUIg+bU1niFuFeLCJSWnMw+sVDObiixt2HmKLiuFkymVkPo72JhOBz9J2zWPgqtYvt4KODuQhgLl8TUeU2b/72bJSkIVjLY8CVaMFZqkR
PRRwFgNdXtdNld/gFa8ev0cS/q1WOmDYvIVm6FbiROzovQxzrqQXPkbNVx5AFYjW6zFcezxmxng4ho3ZCZDVMN5xsuCLOrkTIbg/e6kO
nojwoLIjXHz0ocUbWY70nGnMw+sFG/v2nRs3Cy7KwupvgypgPo72JhOBz9J2zWPgqtYvt4KODuQhgLl8TUeU2b/72bJSkIVjLY8CVaMFZqkR
9Imr/r8C5UJPCE8VvpVPVXcEgaxjsWhrGiRFFzzJ5NcOAH/K1nnfmsCRAGJ7xTTfnMIuDOgyxR1JVJ0EDgVaxKse0ecxjDd/qQo=
BPartBMmdhkP/fD6wuh3TlJx9r6GWrpq1xPCAOY+vuZbUffynr174LImR5e63sak6TDhnCXXLFlHa3ESCmDNo+Xf+jWLNX6pCQ==
WaR8fWQefaw4eVYOeYn2BOA2fyARInlUMpYCRse5gwIKJfdgPr7T5062WgRVmLVMUS9gmQtTRULeCDHD+ffOBZ8tcqkF
ropeCr9/v53fBEXbOd/5AUBwmNEiORbdWlS5ppGS0bRKZlqG/+lbYuI1/2A2rrsHFmZiRI3oTSz5n+gZg6Mt4ma46YMBpxYltz16qQ0=
nojwoLIjXHz0ocUbWY70nGnMw+sFG/v2nRs3Cy7KwupvgypgPo72JhOBz9J2zWPgqtYvt4KODuQhgLl8TUeU2b/72bJSkIVjLY8CVaMFZqkR
9Imr/r8C5UJPCE8VvpVPVXcEgaxjsWhrGiRFFzzJ5NcOAH/K1nnfmsCRAGJ7xTTfnMIuDOgyxR1JVJ0EDgVaxKse0ecxjDd/qQo=
BPartBMmdhkP/fD6wuh3TlJx9r6GWrpq1xPCAOY+vuZbUffynr174LImR5e63sak6TDhnCXXLFlHa3ESCmDNo+Xf+jWLNX6pCQ==
WaR8fWQefaw4eVYOeYn2BOA2fyARInlUMpYCRse5gwIKJfdgPr7T5062WgRVmLVMUS9gmQtTRULeCDHD+ffOBZ8tcqkF
L/6AbZkW2HuOgUYUYAizcd+n0IGQuBjZnk9Prqxh75LAmhB6W/0El1yK3nQIqlWVydwNnG79Kgzr1uHfEZQnd6kC
3EX5O1nAVfAH9r4qEt39X0XqcONGZCDrpCFDyIaNc+C5Nl930i6+ZLHgSTydZ6TZzxuJcuIwFePd79IVkyV2qQE=
XiUuI8fNO3YjVFOntzx0qlnEjPVvHBG6vHD/PVVMdjHxU+k0rZBKPU3wqFE9IPfq8c9cslAUf7xnBJN7yjmhx8fKTKybkzOzHC29OXipDw==
JFWtjql5dN8ksnTvpaCQyGnMw+sVDObiixt2HmKLiuFkymVkPo72JhOBz9R2zWPgqdYvt4KODuQhgLl8TUeU2b/72bJSkIVjLY8CVaMFZqkR
F+0OE+kwzQh+3DjhZOSIGPwoOCAZInlUMpYCRse5gwQKJfdgPb7T5062WgRVmLVMUS9gmQtTRULeCDHD+ffOBZ8tcqkF
W8PQRh10VFTXLupG2LjoE0cS/q1WOmDYvIVm6FbiROzovQxzrqQXPkDNVx5AFojW6zFcezxmxng4ho3ZCZDVMN5xsuCLOrkTIbg/e6kO
KyBojnMyQQUHQuRpDFn6VGnMw+sFG/v2nRs3Cy7KwupvgypgPo72JhOBz9R2zWPgqdYvt4KODuQhgLl8TUeU2b/72bJSkIVjLY8CVaMFZqkR
kkkunlq9rsUonHUfrhFoCncEgaxjsWhrGiRFFzzJ5NcOAH/K0HnfmsCSAGJ7xTTfnMIuDOgyxR1JVJ0EDgVaxKse0ecxjDd/qQo=
fc1T9G1yf7kedE1JAu4polJx9r6GWrpq1xPCAOY+vuZbUff0nr174LEmR5e63sak6TDhnCXXLFlHa3ESCmDNo+Xf+jWLNX6pCQ==
AHMqXYjl2UGjPQKN88cFbkBwmNEiORbdWlS5ppGS0bRKZlqG/+lbZOI1/2A1rrsHFmZiRI3oTSz5n+gZg6Mt4ma46YMBpxYltz16qQ0=
KyBojnMyQQUHQuRpDFn6VGnMw+sFG/v2nRs3Cy7KwupvgypgPo72JhOBz9R2zWPgqdYvt4KODuQhgLl8TUeU2b/72bJSkIVjLY8CVaMFZqkR
kkkunlq9rsUonHUfrhFoCncEgaxjsWhrGiRFFzzJ5NcOAH/K0HnfmsCSAGJ7xTTfnMIuDOgyxR1JVJ0EDgVaxKse0ecxjDd/qQo=
fc1T9G1yf7kedE1JAu4polJx9r6GWrpq1xPCAOY+vuZbUff0nr174LEmR5e63sak6TDhnCXXLFlHa3ESCmDNo+Xf+jWLNX6pCQ==
Xp1J3XmVSq5oBz8DVL6gPuA2fyARInlUMpYCRse5gwQKJfdgPb7T5062WgRVmLVMUS9gmQtTRULeCDHD+ffOBZ8tcqkF
DcvR1MfusfkxbfsL50+fcb/RtxrrmSVtq52/BzATR9v+8i0rLRVikmKHWUn3JbFzkruCDwIaQxjs4zAGR5+ViBr0S6RrNI+T/nlVb1s6wDRvM2dLUH1BEWypGw==
UPoA91V0ynBk5/zlP0tdWy9QRg0QZWJsVP7M71cCJbW69OFaKa/EMVdoO9jx5F1pg+vVJXZ+/s+D0SQ4u3CWMRxyznwo4qUNSUR9VE71OnQrbnFXcVwXb6ka
ZQ1Sc0/nR+0hw12FOFaLtayR40z9jjk6vYqxGjATR9v+8i0rLRVikmKHWUn3JbFzkruCDwIaQxjs4zAGR5+ViBr0S6RrNI+T/nlVb1s6wDRvM2dLUH1BEWypGw==
dN+xEnb6s0Swd0SFturnOiV72UKatd616ujXdlZ1y5aOxwpiffDBEaCTtw6XIkmKibvTXSlvPqA6jcMXaGJjvuID7CSSlgCcge9pYpFuNtsuZjuYTV15QhNtqRw=
atNCItPAVcxPUEjSS/DmNMIjTGtA0jqZaGJ+A6vtTSST6ALnh0hLHhDEr5GG1B5jcGBBCulf5EFXmBuosTT9+QN7NXU2Th7/g+HECPsgdqGc4m6saJKF/Uk0XaSOpZrkq/4Rh7Fsd1+pKg==
dmnG5hVHWf7ToKrviQYI//bB8OS3oJB2SyfO/vJtYEKVzLHFeN/3yt9+mT7xFzM5gZOONKIBQ5Pg/vNKWm9MgPoq8MjZI6kmWbJm79ZKW3xlIUlWC2GpGA==
cwlVzsdedwInYjH1dnXWlgmomFlmQtX9+jxRAskXVLnX4KtgkTztIUMjpf1WBu7Hg9k0QJuo5vncOn6kSFo1hcnM7eyurYq8ayaBD1GkB2epEg==
7t+SPSU4pFXSrlyicRS5z6+SvA31inYoo5i+SjNKXcyypykrLRVikmKHWUn3JbFzkruCDwIaQxjs4zAGR5+ViBr0S6RrNI+T/nlVb1s6wDRvM2dLUH1BEWypGw==
D3jQZplAhzO8e6myuPx+1l3+YjujlapSJ3qp5K5HFUP5xRaqrscVsUN1ZdvuGx5nturXgGBjvJ7T7yFghlS3DD/kO+syuRlXr2qU3FNTe2MkTVUJYKkX
6JvW1mt92frPTas2bgq+Vq+RvA31inYoo5i+SjNKXcyypykrLRVikmKHWUn3JbFzkruCDwIaQxjs4zAGR5+ViBr0S6RrNI+T/nlVb1s6wDRvM2dLUH1BEWypGw==
70OZ2XGOcmGErX7qRmMSw13/YjujlapSJ3qp5K5HFUP5xRaqrscVsUN1ZdvuGx5nturXgGBjvJ7T7yFghlS3DD/kO+syuRlXr2qU3FNTe2MkTVUJYKkX
3H28/3O59hLk7l/pkaCSNa+QvA31inYoo5i+SjNKXcyypykrLRVikmKHWUn3JbFzkruCDwIaQxjs4zAGR5+ViBr0S6RrNI+T/nlVb1s6wDRvM2dLUH1BEWypGw==
9bPYmhDP69qjEzuQhJuweV34YjujlapSJ3qp5K5HFUP5xRaqrscVsUN1ZdvuGx5nturXgGBjvJ7T7yFghlS3DD/kO+syuRlXr2qU3FNTe2MkTVUJYKkX
CIQE1ppzYBEII+v1bK3E5a+XvA31inYoo5i+SjNKXcyypykrLRVikmKHWUn3JbFzkruCDwIaQxjs4zAGR5+ViBr0S6RrNI+T/nlVb1s6wDRvM2dLUH1BEWypGw==
vPYMMPEsWBzmJN0dkEFEluvuwXoUnrb+VkMfrq2YYfkwGzeGB8rp4llzk5X5Bx5IKoXDH3iKQ9Yyy6zsQv6gdBFn6eoBhpaz/q57UJ01WaoDZakU
oJYG0spizBIa+WLOxy1EE07Gr8tLc2qOxXRRrchHd0JPBjmWgc/zcVGr7tySGUOb8AbTYqo3DEiqkhCgabsprsnKxkemkps0tRkpvjt5qRA=
gXhW8GdeWiis8Kb6S2BtITMqIS4J/NbjY3QimdrYOTYZY5x9lyRjFEGIhcXjR01JxvJmQwNdvLQLHA6dfN4WEJgu/UGJCCWYfpniWEtCaTtBUA9jqRY=
dN+xEnb6s0Swd0SFturnOiV72UKatd616ujXdlZ1y5aOxwpiffDBEaCTtw6XIkmKibvTXSlvPqA6jcMXaGJjvuID7CSSlgCcge9pYpFuNtsuZjuYTV15QhNtqRw=
atNCItPAVcxPUEjSS/DmNMIjTGtA0jqZaGJ+A6vtTSST6ALnh0hLHhDEr5GG1B5jcGBBCulf5EFXmBuosTT9+QN7NXU2Th7/g+HECPsgdqGc4m6saJKF/Uk0XaSOpZrkq/4Rh7Fsd1+pKg==
Chrh2Y+mWxHu5pnNEV9G0Geu7mYV4PFYiZas8gXZK2oyf20j4UNTqZzxhjeSF51bA+zqg18pT1AXSQQKW3QKKFuf9/1Y9iAn261NTatHYGswe1jSuRzOo5KCvVfP/CgkuRDxXLV3/FkXC+HSGgAdI1W/yvU7VU6pOQ==
atNCItPAVcxPUEjSS/DmNMIjTGtA0jqZaGJ+A6vtTSST6ALnh0hLHhDEr5GG1B5jcGBBCulf5EFXmBuosTT9+QN7NXU2Th7/g+HECPsgdqGc4m6saJKF/Uk0XaSOpZrkq/4Rh7Fsd1+pKg==
dmnG5hVHWf7ToKrviQYI//bB8OS3oJB2SyfO/vJtYEKVzLHFeN/3yt9+mT7xFzM5gZOONKIBQ5Pg/vNKWm9MgPoq8MjZI6kmWbJm79ZKW3xlIUlWC2GpGA==
oJYG0spizBIa+WLOxy1EE07Gr8tLc2qOxXRRrchHd0JPBjmWgc/zcVGr7tySGUOb8AbTYqo3DEiqkhCgabsprsnKxkemkps0tRkpvjt5qRA=
tQXPOgId5ZoQnJ9N1+3/nBzF4cFGPyqHx3lYrodUKwYYVjDL2MH+alv0iIuTXADI9AzTZ6gpDEiqkhCgabsprsnKxkemkps0tRkpvjt5qRA=
/bAd1fgURocCq6ygtCQO9jj4r4YqHxm1pWz0dQUbKXa7HOAyqNZNPRGsqHE9IPfq8c9cslAUf7xnBJN7yjmhx8fKTKybkzOzHC29OXipDw==
4V3Gi160yZnezIxgqGd8ww+DvoRLISbQ0W5Ws4dUKwYYVjDL2MH+alv0iIuTXADI9AzTZ6gpDEiqkhCgabsprsnKxkemkps0tRkpvjt5qRA=
Iv3QsGv87SjjqOT37LRzdxc3vrrAWedh0FqNBOY+vuZbUff0nr174LEmR5e63sak6TDhnCXXLFlHa3ESCmDNo+Xf+jWLNX6pCQ==
Qn81E6h1m2BTccxODXzNbmCzjQG+vWwcNoHnyz1rIzH+24py4SpDLKD8t8BWXk5my7GnNE7da+ChxhfXar5WJJnQUdzVtxxZN0tBUvrAfSN1fyp1WxVuqRk=
QP+iIjMCjGoPOnNMRxoN9FQKcIDdzP7AabhIYlCWlQ05TNBhNSD/+gmvdIII1Adsz6QLC0K5KXdfKiR8I9Prw/QNhSlwqQc=
ydSodrSjn0o0ZBnyNLI5MBQ3vrrAWedh0FqNBOY+vuZbUff0nr174LEmR5e63sak6TDhnCXXLFlHa3ESCmDNo+Xf+jWLNX6pCQ==
dFNoJ9sK4Tb2ksbUCmd9HltoZTtTaGotXPXHogcCIfrpteVHJrbYclxzKsL8uQRnjvDfehAp/4rAgiAyu3WULxxyznwo4qUNSUR9VE71OnQrbnFXcVwXb6ka
7zc+YoBPUW1OaH2XFFGUDiZnywPLuM61/PzcdEc0n4yViFkjee3OCLzQvBWGOETX0LXeRiMwWPc7yIBEbGhju+Ad7CSSlgCcge9pYpFuNtsuZjuYTV15QhNtqRw=
QP+iIjMCjGoPOnNMRxoN9FQKcIDdzP7AabhIYlCWlQ05TNBhNSD/+gmvdIII1Adsz6QLC0K5KXdfKiR8I9Prw/QNhSlwqQc=
3SqxtYUC6RYP+jJqHAH8HhU3vrrAWedh0FqNBOY+vuZbUff0nr174LEmR5e63sak6TDhnCXXLFlHa3ESCmDNo+Xf+jWLNX6pCQ==
Qn81E6h1m2BTccxODXzNbmCzjQG+vWwcNoHnyz1rIzH+24py4SpDLKD8t8BWXk5my7GnNE7da+ChxhfXar5WJJnQUdzVtxxZN0tBUvrAfSN1fyp1WxVuqRk=
X+3JP3vbyqWw+aLdd0GfCzVYmbocCRNhhsC8BaZIhGewJV7Ww4AYBxvYgFRMmCMLAI1stPImwOyh/2lysR72a072uwit7TmyM32pDA==
QP+iIjMCjGoPOnNMRxoN9FQKcIDdzP7AabhIYlCWlQ05TNBhNSD/+gmvdIII1Adsz6QLC0K5KXdfKiR8I9Prw/QNhSlwqQc=
ydSodrSjn0o0ZBnyNLI5MBQ3vrrAWedh0FqNBOY+vuZbUff0nr174LEmR5e63sak6TDhnCXXLFlHa3ESCmDNo+Xf+jWLNX6pCQ==
QP+iIjMCjGoPOnNMRxoN9FQKcIDdzP7AabhIYlCWlQ05TNBhNSD/+gmvdIII1Adsz6QLC0K5KXdfKiR8I9Prw/QNhSlwqQc=
3SqxtYUC6RYP+jJqHAH8HhU3vrrAWedh0FqNBOY+vuZbUff0nr174LEmR5e63sak6TDhnCXXLFlHa3ESCmDNo+Xf+jWLNX6pCQ==
dFNoJ9sK4Tb2ksbUCmd9HltoZTtTaGotXPXHogcCIfrpteVHJrbYclxzKsL8uQRnjvDfehAp/4rAgiAyu3WULxxyznwo4qUNSUR9VE71OnQrbnFXcVwXb6ka
4HMfjRAAeNEs1X66C98jHCZkywPLuM61/PzcdEc0n4yViFkjee3OCLzQvBWGOETX0LXeRiMwWPc7yIBEbGhju+Ad7CSSlgCcge9pYpFuNtsuZjuYTV15QhNtqRw=
QP+iIjMCjGoPOnNMRxoN9FQKcIDdzP7AabhIYlCWlQ05TNBhNSD/+gmvdIII1Adsz6QLC0K5KXdfKiR8I9Prw/QNhSlwqQc=
Xp1J3XmVSq5oBz8DVL6gPuA2fyARInlUMpYCRse5gwQKJfdgPb7T5062WgRVmLVMUS9gmQtTRULeCDHD+ffOBZ8tcqkF
yLKuUH2JdvWlbMKIJ3R38hc3vrrAWedh0FqNBOY+vuZbUffynr174LImR5e63sak6TDhnCXXLFlHa3ESCmDNo+Xf+jWLNX6pCQ==
V/47nJXFqfLRASJ+O3fmxWCzjQG+vWwcNoHnyz1rIzH+24py4SpDLKD8t8BWXk5my7GnMk7da+CixhfXar5WJJnQUdzVtxxZN0tBUvrAfSN1fyp1WxVuqRk=
PniqTXICmAwy5NmDo0q4ylQKcIDdzP7AabhIYlCWlQ05StBhNSD8+gmvdIII1Adsz6QLC0K5KXdfKiR8I9Prw/QNhSlwqQc=
eSRNPQ/8COpG6UMmYoUENxzF4cFGPyqHx3lYrodUKwYYVjDL2MH+alv0jouTXADL9AzTZ6gpDEiqkhCgabsprsnKxkemkps0tRkpvjt5qRA=
zxKopV0CuO89bKP0SC7Tdjj4r4YqHxm1pWz0dQUbKXa7HOAyqNZNPRGqqHE9IPTq8c9cslAUf7xnBJN7yjmhx8fKTKybkzOzHC29OXipDw==
sSmxf/CBJAXBBe+DX7+VPw+DvoRLISbQ0W5Ws4dUKwYYVjDL2MH+alv0jouTXADL9AzTZ6gpDEiqkhCgabsprsnKxkemkps0tRkpvjt5qRA=
mseDUT0oMebBs6eMlREqFBQ3vrrAWedh0FqNBOY+vuZbUffynr174LImR5e63sak6TDhnCXXLFlHa3ESCmDNo+Xf+jWLNX6pCQ==
PljlaqWSJOM2ygmp9RC7hFtoZTtTaGotXPXHogcCIfrpteVHJrbYclxzKsL8uQRnjvDfehYp/4rAgSAyu3WULxxyznwo4qUNSUR9VE71OnQrbnFXcVwXb6ka
eOY6dJQ2Urg+7mF1GIpnriZlywPLuM61/PzcdEc0n4yViFkjee3OCLzQvBWGOETX0LXeRiMwXvc7yIBHbGhju+Ad7CSSlgCcge9pYpFuNtsuZjuYTV15QhNtqRw=
PniqTXICmAwy5NmDo0q4ylQKcIDdzP7AabhIYlCWlQ05StBhNSD8+gmvdIII1Adsz6QLC0K5KXdfKiR8I9Prw/QNhSlwqQc=
X7TNl1KHxu10NLWIz5OfMxU3vrrAWedh0FqNBOY+vuZbUffynr174LImR5e63sak6TDhnCXXLFlHa3ESCmDNo+Xf+jWLNX6pCQ==
PljlaqWSJOM2ygmp9RC7hFtoZTtTaGotXPXHogcCIfrpteVHJrbYclxzKsL8uQRnjvDfehYp/4rAgSAyu3WULxxyznwo4qUNSUR9VE71OnQrbnFXcVwXb6ka
y5/EBIcqvJ37aa9vnG90ciZiywPLuM61/PzcdEc0n4yViFkjee3OCLzQvBWGOETX0LXeRiMwXvc7yIBHbGhju+Ad7CSSlgCcge9pYpFuNtsuZjuYTV15QhNtqRw=
PniqTXICmAwy5NmDo0q4ylQKcIDdzP7AabhIYlCWlQ05StBhNSD8+gmvdIII1Adsz6QLC0K5KXdfKiR8I9Prw/QNhSlwqQc=
WaR8fWQefaw4eVYOeYn2BOA2fyARInlUMpYCRse5gwIKJfdgPr7T5062WgRVmLVMUS9gmQtTRULeCDHD+ffOBZ8tcqkF
Csrxu4Cndmjasx1Y8Rs+RSHP6echNbGGC1s27kDk8gCrneTqvPYmCPjWrekJoPXgnoHScAuqGaPh6N8LqX4=
gI31FGfQDidU6UG8zoON7YmPygYPiaMydBTPYAeU7cd6nhPEHUgd7Mm/+BmTw92itth5A7EHpuXn3QqpfQ==
1Lbd7n5pCOqYm4TLWbNK+ClC1uw/+CxiCyRFWzKH6tgGAXOBzT/emsCQGmR72SzenMIuDOgyxR1JVJ0EDgVaxKse0ecxjDd/qQo=
RvAfAFMVywd6wtcFGrKJudJmFysAiC/JPiMmFu2/FmHJpUa+wRVTCwiP+sbWhkB2fD9CB+4R+0tfiUW9+COq+AZhM2FNXx66wLDaBPs5bL6c4m6saJKF/Uk0XaSOpZrkq/4Rh7Fsd1+pKg==
gqga4UQHq77w9cOGITkFuldc7K5dPXvfrIVs6B+tTamo9wJ8pqUbdV2LVh5AFJLQ6y1Eejxmxng4ho3ZCZDVMN5xsuCLOrkTIbg/e6kO
dNvmaNsZr86ASBs3mITXdku062ufJd1RyC+yNGbt6y19s0YWQByC6Mt1tDL8LnagWH4dUYkYRUg+KQIoy/LJywGAL3OpBg==
uabx3K4auklWV+v4Y6I9ww0fP8s0qSqB7uIWH5/jJWkK0IBeRrYDP0hELHyijmBEMXfp+iG2VsMePvvA/cUZmiN1qQQ=
hiWlLfK1WU79udA6ige+CShC1uw/+CxiCyRFWzKH6tgGAXOBzT/emsCQGmR72SzenMIuDOgyxR1JVJ0EDgVaxKse0ecxjDd/qQo=
+ZM0BU7KEfBDhyWp5GhjDryrto6NCeepie1zQ+IDShsIh+DR9nAxdGilsr+OiWvD3wHVJRib2rDGqQMZbUcOssC4yhzbQVx2XKoeFIgKFXXJvM087h1qLOu2IX+RdGdXqSI=
xDqBrm7uKCZ5pZh/VU7B2VJt5qiGFv0vmlPIRKwwse5aXbzp2Lx74LM8QZemxsek6TDhnCXXLFlHa3ESCmDNo+Xf+jWLNX6pCQ==
dNvmaNsZr86ASBs3mITXdku062ufJd1RyC+yNGbt6y19s0YWQByC6Mt1tDL8LnagWH4dUYkYRUg+KQIoy/LJywGAL3OpBg==
uabx3K4auklWV+v4Y6I9ww0fP8s0qSqB7uIWH5/jJWkK0IBeRrYDP0hELHyijmBEMXfp+iG2VsMePvvA/cUZmiN1qQQ=
AOria6CxpC4GyCNrwD2o9K6oiX5Snev+Xg9Kqq2YYfkwGzeGB8rp4llzk5X5Bx5IKoXDH3iKQ9Yyy6zsQv6gdBFn6eoBhpaz/q57UJ01WaoDZakU
zADJ0n6vKLuJSFEqmBzNIQa511knDYq7sDhRAskXVLnX4KtgkTztIUMjpf1WBu7Hg9k0QJuo5vncOn6kSFo1hcnM7eyurYq8ayaBD1GkB2epEg==
jagqqD8c8dT+hL46tEa0HDYimQLavNvh5vjKN0s7n9vOgUBmffDBEaCTtw6XIkmKibvTXSlvPqA6jcMXaGJjvuID7CSSlgCcge9pYpFuNtsuZjuYTV15QhNtqRw=
tt+jM5N4nOVvHHvJ+zTgI19cu0BwAn+f0HznjX5p6fk+hXIG6kGsg9FvB11YhbDi17Hyh1AEKT45qywFF9zTXGGAlZ2jn93BpjqWewNlTHxrlJ5FPIYGGLhmTbkJcJVQXpHygIsa+bOhGH9bqS4=
6pTCxE8tAykiitUAvah8Dlt1YTFUf35lSrHHoQdVevPw8OFaKa/EMVdoO9jx5F1pg+vVJXZ+/s+D0SQ4u3CWMRxyznwo4qUNSUR9VE71OnQrbnFXcVwXb6ka
Jn41gG/2EasiWM61yr2yFE3wwFInDYq7sDhRAskXVLnX4KtgkTztIUMjpf1WBu7Hg9k0QJuo5vncOn6kSFo1hcnM7eyurYq8ayaBD1GkB2epEg==
oJYG0spizBIa+WLOxy1EE07Gr8tLc2qOxXRRrchHd0JPBjmWgc/zcVGr7tySGUOb8AbTYqo3DEiqkhCgabsprsnKxkemkps0tRkpvjt5qRA=
/Ljb+izhaprjdadtCdOeTjA2M29Y8cbjY3QimdrYOTYZY5x9lyRjFEGIhcXjR01JxvJmQwNdvLQLHA6dfN4WEJgu/UGJCCWYfpniWEtCaTtBUA9jqRY=
FvzJdZPH+vKW528lPPCgGd7BFUZzsjVvGWKe02v4gWlUGw4SphBjwpZaUuU0fQAYWk47a+KA0ujjz5+dwEaop1Nd1e0DFxgraEtwMkEMxqOaksU358zw5EHAWfwtB3TZn7t5MvLQpWMNz6LVA0VGqTE=
nu5aEBK4Oc0hQa3DRjKCqcykKAp+mZD7flgWyOf3Yy2szkxnd1X5Hb9vnMusE2wirUSiI35aqSf7FLSExTjljAEPUJn7M5WCjuihQ0mXPkWvDWKpFQ==
Jn41gG/2EasiWM61yr2yFE3wwFInDYq7sDhRAskXVLnX4KtgkTztIUMjpf1WBu7Hg9k0QJuo5vncOn6kSFo1hcnM7eyurYq8ayaBD1GkB2epEg==
ZoBdL+tQQ3jnFV+OSrfmVTA1M29Y8cbjY3QimdrYOTYZY5x9lyRjFEGIhcXjR01JxvJmQwNdvLQLHA6dfN4WEJgu/UGJCCWYfpniWEtCaTtBUA9jqRY=
m1FtvvF37OCTvmWHGhjQDt7BFUZzsjVvGWKe02v4gWlUGw4RphBjwpZaUuU0fQAYWk47a+KA0ujjz5+dwEaop1Nd1e0DFxgraEtwMkEMxqOaksU358zw5EHAWfwtB3TZn7t5MvLQpWMNz6LVA0VGqTE=
nu5aEBK4Oc0hQa3DRjKCqcykKAp+mZD7flgWyOf3Yy2szkxnd1X5Hb9vnMusE2wirUSiI35aqSf7FLSExTjljAEPUJn7M5WCjuihQ0mXPkWvDWKpFQ==
Jn41gG/2EasiWM61yr2yFE3wwFInDYq7sDhRAskXVLnX4KtgkTztIUMjpf1WBu7Hg9k0QJuo5vncOn6kSFo1hcnM7eyurYq8ayaBD1GkB2epEg==
0FYUbZt+Vs14b69oOzw0hzA0M29Y8cbjY3QimdrYOTYZY5x9lyRjFEGIhcXjR01JxvJmQwNdvLQLHA6dfN4WEJgu/UGJCCWYfpniWEtCaTtBUA9jqRY=
laEwnQmW92JzURjReso7St7BFUZzsjVvGWKe02v4gWlUGw4QphBjwpZaUuU0fQAYWk47a+KA0ujjz5+dwEaop1Nd1e0DFxgraEtwMkEMxqOaksU358zw5EHAWfwtB3TZn7t5MvLQpWMNz6LVA0VGqTE=
nu5aEBK4Oc0hQa3DRjKCqcykKAp+mZD7flgWyOf3Yy2szkxnd1X5Hb9vnMusE2wirUSiI35aqSf7FLSExTjljAEPUJn7M5WCjuihQ0mXPkWvDWKpFQ==
Jn41gG/2EasiWM61yr2yFE3wwFInDYq7sDhRAskXVLnX4KtgkTztIUMjpf1WBu7Hg9k0QJuo5vncOn6kSFo1hcnM7eyurYq8ayaBD1GkB2epEg==
zYwUh3Q1aNEZyPMAquc7kzAzM29Y8cbjY3QimdrYOTYZY5x9lyRjFEGIhcXjR01JxvJmQwNdvLQLHA6dfN4WEJgu/UGJCCWYfpniWEtCaTtBUA9jqRY=
bVsMgqtX6pbGAnjTBb89tN7BFUZzsjVvGWKe02v4gWlUGw4XphBjwpZaUuU0fQAYWk47a+KA0ujjz5+dwEaop1Nd1e0DFxgraEtwMkEMxqOaksU358zw5EHAWfwtB3TZn7t5MvLQpWMNz6LVA0VGqTE=
nu5aEBK4Oc0hQa3DRjKCqcykKAp+mZD7flgWyOf3Yy2szkxnd1X5Hb9vnMusE2wirUSiI35aqSf7FLSExTjljAEPUJn7M5WCjuihQ0mXPkWvDWKpFQ==
Jn41gG/2EasiWM61yr2yFE3wwFInDYq7sDhRAskXVLnX4KtgkTztIUMjpf1WBu7Hg9k0QJuo5vncOn6kSFo1hcnM7eyurYq8ayaBD1GkB2epEg==
kz5ZhXSytsEa5ccJy4PsVyBgfWhN6N+xN2oimdrYOTYZY5x9lyRjFEGIhcXjR01JxvJmQwNdvLQLHA6dfN4WEJgu/UGJCCWYfpniWEtCaTtBUA9jqRY=
oJYG0spizBIa+WLOxy1EE07Gr8tLc2qOxXRRrchHd0JPBjmWgc/zcVGr7tySGUOb8AbTYqo3DEiqkhCgabsprsnKxkemkps0tRkpvjt5qRA=
zZ/dgiCYT+/MVSCKJLQ2TkcCquFfOX3Y/9dm8krhFu/i8wJ8pqUbdV2LVh5AFJLQ6y1Eejxmxng4ho3ZCZDVMN5xsuCLOrkTIbg/e6kO
01nJ+O2gT7mKlzagWpT/GdJoQ3tAxzrJOT89E/GvDGTbu1i/3gNdDBeT8c7HzUFqbjlDDa8SolAa3hm04yOq+AZhM2FNXx66wLDaBPs5bL6c4m6saJKF/Uk0XaSOpZrkq/4Rh7Fsd1+pKg==
mlrnMVWeKmv7LpVwBP3FnuLj85uMlbrNS2yC25GJiQGWlkUtOjVW/dmOlxV9NF9DNfjez9+nx4wGsvp4de5bzX5KVjePq4XhWviAdhY+o3dYbGzUMsZATGHfaVJxvnaLjpa76O2NuRJzXaks
GKY7PS+suKjhuKAoMzhHfW0EnqYvsmIwGj5ZFGOD6tgGAXOBzT/emsCQGmR72SzenMIuDOgyxR1JVJ0EDgVaxKse0ecxjDd/qQo=
uabx3K4auklWV+v4Y6I9ww0fP8s0qSqB7uIWH5/jJWkK0IBeRrYDP0hELHyijmBEMXfp+iG2VsMePvvA/cUZmiN1qQQ=
D6MiRMpxNebD+hS73i0xmTwA5Vtf3/+H7P3a/QaGtrMnV7X1glQA0t4is4Pg4MwQWvqwGPkzqTZ5YiY/dtrb7MXxCYYrcakI
usREkHrfScFkx8JS1HARR0h2+6mGEeAv1h6ODqgwse5aXbzp2Lx74LM8QZemxsek6TDhnCXXLFlHa3ESCmDNo+Xf+jWLNX6pCQ==
XWjm6zgaWzKl7gokGVohy1yDzvs6XkD7+Gr3dVUbMT+4Fq48p95MMVqx7nA9IPXw989AqlEUf7xnBJN7yjmhx8fKTKybkzOzHC29OXipDw==
Pb9A8NTKC0i13/mpyxEqd9PSxrPDZnjp7ItjtmL4qYbCFmMEzQdET1MgiJLI2ZilZ3heMuaaWmnw2HveTPDR7rodHGl4/Jvg0/zhFwYGp6QJcIEchZcMWScrkZKqoO2jxR+atWt1Xqkp
l2JIRwPQeB6o9vNV98vIIHMCwahaRgkvzMn5RaJU2i2+KlbXz8sFQRrYgFZWniMXGIxstPImwOyh/2lysR72a072uwit7TmyM32pDA==
cCAVMJz6XC1xCip2/KRcaVJx9r6GWrpp0BjbXqwwse5aXbzp2Lx74LM8QZemxsek6TDhnCXXLFlHa3ESCmDNo+Xf+jWLNX6pCQ==
uabx3K4auklWV+v4Y6I9ww0fP8s0qSqB7uIWH5/jJWkK0IBeRrYDP0hELHyijmBEMXfp+iG2VsMePvvA/cUZmiN1qQQ=
1Lbd7n5pCOqYm4TLWbNK+ClC1uw/+CxiCyRFWzKH6tgGAXOBzT/emsCQGmR72SzenMIuDOgyxR1JVJ0EDgVaxKse0ecxjDd/qQo=
lbFk9IzXXub9esgPWJJ5hPHyyz9czr//Uw9Kqq2YYfkwGzeGB8rp4llzk5X5Bx5IKoXDH3iKQ9Yyy6zsQv6gdBFn6eoBhpaz/q57UJ01WaoDZakU
JLCg+hJG4EPQSSSv/gBkXksrJ35We3hiGePNu1IZIbW69OFaKa/EMVdoO9jx5F1pg+vVJXZ+/s+D0SQ4u3CWMRxyznwo4qUNSUR9VE71OnQrbnFXcVwXb6ka
ql6LgcnebzYGlE/jSJ9vbqEK1T1tlwgWIxkJwDhaE3CNzkHE4hI4LznVfN2yY4V2YjvW8IzZ35uWttOwjUM1A1lF9mrOxzVx4/UFGw4bficWanfAAGNcXnNvgaBmVNdM32SbqxK5+RfP6jQcc1Nbo8TNNUlAqTc=
eRXAtJk7anth8Kc0ObjGAaEK1T1tlwgWIxkJwDhaE3CNzkHE4RI4LznVfN2yY4V2YjvW8IzZ35uWttOwjUM1A1lF9mrOxzVx4/UFGw4bficWanfAAGNcXnNvgaBmVNdM32SbqxK5+RfP6jQcc1Nbo8TNNUlAqTc=
muLXKAbnNfvAvZuRV5Fil6EK1T1tlwgWIxkJwDhaE3CNzkHE4BI4LznVfN2yY4V2YjvW8IzZ35uWttOwjUM1A1lF9mrOxzVx4/UFGw4bficWanfAAGNcXnNvgaBmVNdM32SbqxK5+RfP6jQcc1Nbo8TNNUlAqTc=
A6AuxzVa4BQNuUQAG/umtqEK1T1tlwgWIxkJwDhaE3CNzkHE5xI4LznVfN2yY4V2YjvW8IzZ35uWttOwjUM1A1lF9mrOxzVx4/UFGw4bficWanfAAGNcXnNvgaBmVNdM32SbqxK5+RfP6jQcc1Nbo8TNNUlAqTc=
59fvdp2KE8bh1Sg6SSn8FHYxn9kkqOHEuqhwfSxkNDJiigwR4umdjoExo/k7PLy99xM2Txme2dHyjv62i/z5lpnDXJ2XRCO0wSjF5eOnDSlGEqZjA318VIt8Tn18/lawGI69IYno5Tj+OSJ4SyKp28EwT0OpNg==
Rec3F2DSEpVAXH9HtCvOJHRua2QZvpmxcm4+1ovcOTYZY5x9lyRjFEGIhcXjR01JxvJmQwNdvLQLHA6dfN4WEJgu/UGJCCWYfpniWEtCaTtBUA9jqRY=
oJYG0spizBIa+WLOxy1EE07Gr8tLc2qOxXRRrchHd0JPBjmWgc/zcVGr7tySGUOb8AbTYqo3DEiqkhCgabsprsnKxkemkps0tRkpvjt5qRA=
lbFk9IzXXub9esgPWJJ5hPHyyz9czr//Uw9Kqq2YYfkwGzeGB8rp4llzk5X5Bx5IKoXDH3iKQ9Yyy6zsQv6gdBFn6eoBhpaz/q57UJ01WaoDZakU
IDQJrfFUwDV4GiIpvNMCFiZnywPLuM616uzYcVYwy5aOxwpiffDBEaCTtw6XIkmKibvTXSlvPqA6jcMXaGJjvuID7CSSlgCcge9pYpFuNtsuZjuYTV15QhNtqRw=
FvzJdZPH+vKW528lPPCgGd7BFUZzsjVvGWKe02v4gWlUGw4SphBjwpZaUuU0fQAYWk47a+KA0ujjz5+dwEaop1Nd1e0DFxgraEtwMkEMxqOaksU358zw5EHAWfwtB3TZn7t5MvLQpWMNz6LVA0VGqTE=
nu5aEBK4Oc0hQa3DRjKCqcykKAp+mZD7flgWyOf3Yy2szkxnd1X5Hb9vnMusE2wirUSiI35aqSf7FLSExTjljAEPUJn7M5WCjuihQ0mXPkWvDWKpFQ==
Sw4XiVWFMfMZE64Byo/WheRanMp2CicAnC47JStNeYAZch33tW0NQXBNHRFGdi+b9qi+iM/na030HtTn74UhPbd/dIvEo+SC1XRaIwZqUYdzpFxErSjtrFlfyBljY01ihviJg+HntqUXfVqpLQ==
Jn41gG/2EasiWM61yr2yFE3wwFInDYq7sDhRAskXVLnX4KtgkTztIUMjpf1WBu7Hg9k0QJuo5vncOn6kSFo1hcnM7eyurYq8ayaBD1GkB2epEg==
oJYG0spizBIa+WLOxy1EE07Gr8tLc2qOxXRRrchHd0JPBjmWgc/zcVGr7tySGUOb8AbTYqo3DEiqkhCgabsprsnKxkemkps0tRkpvjt5qRA=
ZoBdL+tQQ3jnFV+OSrfmVTA1M29Y8cbjY3QimdrYOTYZY5x9lyRjFEGIhcXjR01JxvJmQwNdvLQLHA6dfN4WEJgu/UGJCCWYfpniWEtCaTtBUA9jqRY=
m1FtvvF37OCTvmWHGhjQDt7BFUZzsjVvGWKe02v4gWlUGw4RphBjwpZaUuU0fQAYWk47a+KA0ujjz5+dwEaop1Nd1e0DFxgraEtwMkEMxqOaksU358zw5EHAWfwtB3TZn7t5MvLQpWMNz6LVA0VGqTE=
nu5aEBK4Oc0hQa3DRjKCqcykKAp+mZD7flgWyOf3Yy2szkxnd1X5Hb9vnMusE2wirUSiI35aqSf7FLSExTjljAEPUJn7M5WCjuihQ0mXPkWvDWKpFQ==
Sw4XiVWFMfMZE64Byo/WheRanMp2CicAnC47JStNeYAZch33tW0NQXBNHRFGdi+b9qi+iM/na030HtTn74UhPbd/dIvEo+SC1XRaIwZqUYdzpFxErSjtrFlfyBljY01ihviJg+HntqUXfVqpLQ==
nu5aEBK4Oc0hQa3DRjKCqcykKAp+mZD7flgWyOf3Yy2szkxnd1X5Hb9vnMusE2wirUSiI35aqSf7FLSExTjljAEPUJn7M5WCjuihQ0mXPkWvDWKpFQ==
Jn41gG/2EasiWM61yr2yFE3wwFInDYq7sDhRAskXVLnX4KtgkTztIUMjpf1WBu7Hg9k0QJuo5vncOn6kSFo1hcnM7eyurYq8ayaBD1GkB2epEg==
0FYUbZt+Vs14b69oOzw0hzA0M29Y8cbjY3QimdrYOTYZY5x9lyRjFEGIhcXjR01JxvJmQwNdvLQLHA6dfN4WEJgu/UGJCCWYfpniWEtCaTtBUA9jqRY=
laEwnQmW92JzURjReso7St7BFUZzsjVvGWKe02v4gWlUGw4QphBjwpZaUuU0fQAYWk47a+KA0ujjz5+dwEaop1Nd1e0DFxgraEtwMkEMxqOaksU358zw5EHAWfwtB3TZn7t5MvLQpWMNz6LVA0VGqTE=
nu5aEBK4Oc0hQa3DRjKCqcykKAp+mZD7flgWyOf3Yy2szkxnd1X5Hb9vnMusE2wirUSiI35aqSf7FLSExTjljAEPUJn7M5WCjuihQ0mXPkWvDWKpFQ==
Jn41gG/2EasiWM61yr2yFE3wwFInDYq7sDhRAskXVLnX4KtgkTztIUMjpf1WBu7Hg9k0QJuo5vncOn6kSFo1hcnM7eyurYq8ayaBD1GkB2epEg==
oJYG0spizBIa+WLOxy1EE07Gr8tLc2qOxXRRrchHd0JPBjmWgc/zcVGr7tySGUOb8AbTYqo3DEiqkhCgabsprsnKxkemkps0tRkpvjt5qRA=
zYwUh3Q1aNEZyPMAquc7kzAzM29Y8cbjY3QimdrYOTYZY5x9lyRjFEGIhcXjR01JxvJmQwNdvLQLHA6dfN4WEJgu/UGJCCWYfpniWEtCaTtBUA9jqRY=
bVsMgqtX6pbGAnjTBb89tN7BFUZzsjVvGWKe02v4gWlUGw4XphBjwpZaUuU0fQAYWk47a+KA0ujjz5+dwEaop1Nd1e0DFxgraEtwMkEMxqOaksU358zw5EHAWfwtB3TZn7t5MvLQpWMNz6LVA0VGqTE=
nu5aEBK4Oc0hQa3DRjKCqcykKAp+mZD7flgWyOf3Yy2szkxnd1X5Hb9vnMusE2wirUSiI35aqSf7FLSExTjljAEPUJn7M5WCjuihQ0mXPkWvDWKpFQ==
Sw4XiVWFMfMZE64Byo/WheRanMp2CicAnC47JStNeYAZch33tW0NQXBNHRFGdi+b9qi+iM/na030HtTn74UhPbd/dIvEo+SC1XRaIwZqUYdzpFxErSjtrFlfyBljY01ihviJg+HntqUXfVqpLQ==
nu5aEBK4Oc0hQa3DRjKCqcykKAp+mZD7flgWyOf3Yy2szkxnd1X5Hb9vnMusE2wirUSiI35aqSf7FLSExTjljAEPUJn7M5WCjuihQ0mXPkWvDWKpFQ==
Jn41gG/2EasiWM61yr2yFE3wwFInDYq7sDhRAskXVLnX4KtgkTztIUMjpf1WBu7Hg9k0QJuo5vncOn6kSFo1hcnM7eyurYq8ayaBD1GkB2epEg==
0FYUbZt+Vs14b69oOzw0hzA0M29Y8cbjY3QimdrYOTYZY5x9lyRjFEGIhcXjR01JxvJmQwNdvLQLHA6dfN4WEJgu/UGJCCWYfpniWEtCaTtBUA9jqRY=
Sw4XiVWFMfMZE64Byo/WheRanMp2CicAnC47JStNeYAZch33tW0NQXBNHRFGdi+b9qi+iM/na030HtTn74UhPbd/dIvEo+SC1XRaIwZqUYdzpFxErSjtrFlfyBljY01ihviJg+HntqUXfVqpLQ==
Jn41gG/2EasiWM61yr2yFE3wwFInDYq7sDhRAskXVLnX4KtgkTztIUMjpf1WBu7Hg9k0QJuo5vncOn6kSFo1hcnM7eyurYq8ayaBD1GkB2epEg==
oJYG0spizBIa+WLOxy1EE07Gr8tLc2qOxXRRrchHd0JPBjmWgc/zcVGr7tySGUOb8AbTYqo3DEiqkhCgabsprsnKxkemkps0tRkpvjt5qRA=
lbFk9IzXXub9esgPWJJ5hPHyyz9czr//Uw9Kqq2YYfkwGzeGB8rp4llzk5X5Bx5IKoXDH3iKQ9Yyy6zsQv6gdBFn6eoBhpaz/q57UJ01WaoDZakU
Csrxu4Cndmjasx1Y8Rs+RSHP6echNbGGC1s27kDk8gCrneTqvPYmCPjWrekJoPXgnoHScAuqGaPh6N8LqX4=
BblkDn+yQRoIstQCp7RbXZPa3kgImaMydBTPYAeU7cd6nhPEHUgd7Mm/+BmTw92itth5A7EHpuXn3QqpfQ==
BB/73UtXPsB0BNEK/thnX0gQO5kfVteed2j4UQ0gxcohj6zSwJTPHDfE45vaObHn94qczGsToxOs7e3ZCKl/
bLqsR5xrucgJ46u3Ly1NkG/f96UoKPSFBB037kDk6AargfzrvPYmCPjWrekJoPXgnoHScAuqGaPh6N8LqX4=
Csrxu4Cndmjasx1Y8Rs+RSHP6echNbGGC1s27kDk8gCrneTqvPYmCPjWrekJoPXgnoHScAuqGaPh6N8LqX4=
BblkDn+yQRoIstQCp7RbXZPa3kgImaMydBTPYAeU7cd6nhPEHUgd7Mm/+BmTw92itth5A7EHpuXn3QqpfQ==
lHheOtAOjf+/qr+xyUhDgUN07LrIHLMxiw3dDbtnsOtAW6iSybw+o+IiTZe/3Nik6TDhnCXXLFlHa3ESCmDNo+Xf+jWLNX6pCQ==
+WIf5y+iHP275N92oqoTwkAk5oxjXLTuEYwpaSdlYdMCOzKv8lpz+PzjIGZ3X+UoqnTbBDv037MOeWWPC/oQVP+zF6vgPbExfKkL
Csrxu4Cndmjasx1Y8Rs+RSHP6echNbGGC1s27kDk8gCrneTqvPYmCPjWrekJoPXgnoHScAuqGaPh6N8LqX4=
gI31FGfQDidU6UG8zoON7YmPygYPiaMydBTPYAeU7cd6nhPEHUgd7Mm/+BmTw92itth5A7EHpuXn3QqpfQ==
ePiYzC1tSlUQPeARqrmjoVqx+kifPJNZyHKlMnTwpCs591BZNwyE/dZyuDP8LnagWH4dUYkYRUg+KQIoy/LJywGAL3OpBg==
mxpkKAlkSyfc0d4eFb4GtVqx+kifPJNZyHanPHTwpCs591BZNwyE/dZyuDP8LnagWH4dUYkYRUg+KQIoy/LJywGAL3OpBg==
U7rR0sj7RYdMsNvPa/8fm7XuoB8+2+z5QQZgmKwW1wbBZuK5k8ilibUbCSbQOmj3bGwYhbeCdAUVyhauPYHFF3FUpzX53coyU0LQsk9zBmy4gZ3TQz4ODgM2KJU8sn8JPT0lFgQs1L/8i1cIT6fs/HMlZDCFI6hUO5MQn0/quuFnd26NU8hJcAkUMor1scxwGtowODnTqda5QqYfNrrbjIXRiabrkano
4iaf6MINw3Hn2FT3PklZ+JdW/wLJQ/Agt/t9Y47JX////zl11i4dZHk0Y7RjFLdDhvntP6NayCQH88/72B2ZIXSpAw==
H5yVChsR/5Kq55IMBWvvzxkJ4Iyu0Q1R1bo2RgQsaw7mO6VHOF5ABjsuv5HF3XksqZqmS0dgP8S2LqJhQIZwkrKimqdSHnO+jKkoYVfeyV1jxDZGA/eGq6CBfbbVlMjSbksbRaaUw5UIMOtHahizheacHNV7Uk4RyqrGARFpZwcRDvnfUJQv3BdEg9t6OVEn1wr8jMsTQ9OMbY2ZqKnf
YWqdwlrg0Eapn2/7aft8pDT2+FW7pmre2fVRTaACL1wk9Ctky7Qv0x55da87uqD0TzOHC7D94dEMqXs=
d/mAWmCc8zM48HoWZuohYYYgOMJxdxrhIlhu8h+NTGC6inBoGUOpRpkS5k+WqlucJYHJ9ssBqXg=
s7q0YwxAT1qKA+0RCeR9oIUS8c5aeMP0fABLmmTXXY7IwLyyv0M7v9UJQXPuSiBUxz1ny5XQeTHaELOYvcBm4eCIRQKGDKnSoKgwP2nuRUX8MKOcoGYN4e05wbYwLhWkN2x0j/Yr4SuF38DVcbYIKsBTUM7RClbB0iXFfptZGSys8iHnRN86yUeShxSa9lQDgTFkhOEhktiRQzi4IcEc9MZh2YJM5ZAifCUDKfWjKwajK9JEDejNLHmfbB4DoK3i5rhpg4GnliU3PfqpjQ==
QA0XMwRXBPDIYwSuVLdDoquxTf7eAPpeqlPJVILLwrG6wFUqi85jpFPJZHmolO9ak1qWuHWRysZI6n7PjQPq6KoZ+thGGyK1v+5g/NmPwj4kDwDshUaDlEZH8Fzo9C65x8n9sN/e9eW1ltgRFtNBLdbeDFfF2T/wboyncACP0MyPm+kLHTxYwlRduK1fMoM5fI6HM3x6Oa0Ill+VeEXjVAqzcwGW589miVIN8npweW+cQi6M6LLFmU7UnoQOhVpEq57RZzEMN/+pig==
QA0XMwRXBPDIYwSuVLdDoquxTf7eAPpeqlPJVILLwrG6wFUqi85jpFPJZHmolO9ak1qWuHWRysZI6n7PjQPq6KoZ+thGGyK1v+5g/NmPwj4kDwDshUaDlEZH8Fzo9C65x8n9sN/e9eW1ltgRFtNBLdbeDFfF2T/wboyncACP0MyPm+kLHTxYwlRduK1fMoM5fI6HM3x6Oa0Ill+VeEXjVAqzcwGW589miVIN8npweW+cQi6M6LLFmU7UnoQOhVpEq57RZzEMN/+pig==
QA0XMwRXBPDIYwSuVLdDoquxTf7eAPpeqlPJVILLwrG6wFUqi85jpFPJZHmolO9ak1qWuHWRysZI6n7PjQPq6KoZ+thGGyK1v+5g/NmPwj4kDwDshUaDlEZH8Fzo9C65x8n9sN/e9eW1ltgRFtNBLdbeDFfF2T/wboyncACP0MyPm+kLHTxYwlRduK1fMoM5fI6HM3x6Oa0Ill+VeEXjVAqzcwGW589miVIN8npweW+cQi6M6LLFmU7UnoQOhVpEq57RZzEMN/+pig==
QA0XMwRXBPDIYwSuVLdDoquxTf7eAPpeqlPJVILLwrG6wFUqi85jpFPJZHmolO9ak1qWuHWRysZI6n7PjQPq6KoZ+thGGyK1v+5g/NmPwj4kDwDshUaDlEZH8Fzo9C65x8n9sN/e9eW1ltgRFtNBLdbeDFfF2T/wboyncACP0MyPm+kLHTxYwlRduK1fMoM5fI6HM3x6Oa0Ill+VeEXjVAqzcwGW589miVIN8npweW+cQi6M6LLFmU7UnoQOhVpEq57RZzEMN/+pig==
QA0XMwRXBPDIYwSuVLdDoquxTf7eAPpeqlPJVILLwrG6wFUqi85jpFPJZHmolO9ak1qWuHWRysZI6n7PjQPq6KoZ+thGGyK1v+5g/NmPwj4kDwDshUaDlEZH8Fzo9C65x8n9sN/e9eW1ltgRFtNBLdbeDFfF2T/wboyncACP0MyPm+kLHTxYwlRduK1fMoM5fI6HM3x6Oa0Ill+VeEXjVAqzcwGW589miVIN8npweW+cQi6M6LLFmU7UnoQOhVpEq57RZzEMN/+pig==
6wk3y/JQDzEckOt7BZ0WoIUS8c5aeMP0fABLmmTXXY7IwLyyv0M7v9UJQXPuSiBUxz1ny5XQeTHaELOYvcBm4eCIRQKGDKnSoKgwP2nuRUX8MKOcoGYN4e05wbYwLhWkN2x0j/Yr4SuF38DVcbYIKsBTUM7RClbB0iXFfptZGSys8iHnRN86yUeShxSa9lQDgTFkhOEhktiRQzi4IcEc9MZh2YJM5ZAifCUDKfWjKwajK9JEDejNLHmfahkDr63i5rhpg4GnliU3PfqpjQ==
a+b9O4ecjxeEpe4JqxYeNKuxTf7eAPpeqlPJVILLwrG6wFUqi85jpFPJZHmolO9ak1qWuHWRysZI6n7PjQPq6KoZ+thGGyK1v+5g/NmPwj4kDwDshUaDlEZH8Fzo9C65x8n9sN/e9eW1ltgRFtNBLdbeDFfF2T/wboyncACP0MyPm+kLHTxYwlRduK1fMoM5fI6HM3x6Oa0Ill+VeEXjVAqzcwGW589miVIN8npweW+cQi6M6LLFn0nUkYQOhVpEq57RZzEMN/+pig==
a+b9O4ecjxeEpe4JqxYeNKuxTf7eAPpeqlPJVILLwrG6wFUqi85jpFPJZHmolO9ak1qWuHWRysZI6n7PjQPq6KoZ+thGGyK1v+5g/NmPwj4kDwDshUaDlEZH8Fzo9C65x8n9sN/e9eW1ltgRFtNBLdbeDFfF2T/wboyncACP0MyPm+kLHTxYwlRduK1fMoM5fI6HM3x6Oa0Ill+VeEXjVAqzcwGW589miVIN8npweW+cQi6M6LLFn0nUkYQOhVpEq57RZzEMN/+pig==
a+b9O4ecjxeEpe4JqxYeNKuxTf7eAPpeqlPJVILLwrG6wFUqi85jpFPJZHmolO9ak1qWuHWRysZI6n7PjQPq6KoZ+thGGyK1v+5g/NmPwj4kDwDshUaDlEZH8Fzo9C65x8n9sN/e9eW1ltgRFtNBLdbeDFfF2T/wboyncACP0MyPm+kLHTxYwlRduK1fMoM5fI6HM3x6Oa0Ill+VeEXjVAqzcwGW589miVIN8npweW+cQi6M6LLFn0nUkYQOhVpEq57RZzEMN/+pig==
a+b9O4ecjxeEpe4JqxYeNKuxTf7eAPpeqlPJVILLwrG6wFUqi85jpFPJZHmolO9ak1qWuHWRysZI6n7PjQPq6KoZ+thGGyK1v+5g/NmPwj4kDwDshUaDlEZH8Fzo9C65x8n9sN/e9eW1ltgRFtNBLdbeDFfF2T/wboyncACP0MyPm+kLHTxYwlRduK1fMoM5fI6HM3x6Oa0Ill+VeEXjVAqzcwGW589miVIN8npweW+cQi6M6LLFn0nUkYQOhVpEq57RZzEMN/+pig==
TtVfMxjMt5A9p/jhQpIpP4US8c5aeMP0fABLmmTXXY7IwLyyv0M7v9UJQXPuSiBUxz1ny5XQeTHaELOYvcBm4eCIRQKGDKnSoKgwP2nuRUX8MKOcoGYN4e05wbYwLhWkN2x0j/Yr4SuF38DVcbYIKsBTUM7RClbB0iXFfptZGSys8iHnRN86yUeShxSa9lQDgTFkhOEhktiRQzi4IcEc9MZh2YJM5ZAifCUDKfWjKwajK9JEDejNLHmfaBkDr63i5rhpg4GnliU3PfqpjQ==
JvAOreOtZNmCKqng7lkuQKuxTf7eAPpeqlPJVILLwrG6wFUqi85jpFPJZHmolO9ak1qWuHWRysZI6n7PjQPq6KoZ+thGGyK1v+5g/NmPwj4kDwDshUaDlEZH8Fzo9C65x8n9sN/e9eW1ltgRFtNBLdbeDFfF2T/wboyncACP0MyPm+kLHTxYwlRduK1fMoM5fI6HM3x6Oa0Ill+VeEXjVAqzcwGW589miVIN8npweW+cQi6M6LLFnUnUkYQOhVpEq57RZzEMN/+pig==
JvAOreOtZNmCKqng7lkuQKuxTf7eAPpeqlPJVILLwrG6wFUqi85jpFPJZHmolO9ak1qWuHWRysZI6n7PjQPq6KoZ+thGGyK1v+5g/NmPwj4kDwDshUaDlEZH8Fzo9C65x8n9sN/e9eW1ltgRFtNBLdbeDFfF2T/wboyncACP0MyPm+kLHTxYwlRduK1fMoM5fI6HM3x6Oa0Ill+VeEXjVAqzcwGW589miVIN8npweW+cQi6M6LLFnUnUkYQOhVpEq57RZzEMN/+pig==
JvAOreOtZNmCKqng7lkuQKuxTf7eAPpeqlPJVILLwrG6wFUqi85jpFPJZHmolO9ak1qWuHWRysZI6n7PjQPq6KoZ+thGGyK1v+5g/NmPwj4kDwDshUaDlEZH8Fzo9C65x8n9sN/e9eW1ltgRFtNBLdbeDFfF2T/wboyncACP0MyPm+kLHTxYwlRduK1fMoM5fI6HM3x6Oa0Ill+VeEXjVAqzcwGW589miVIN8npweW+cQi6M6LLFnUnUkYQOhVpEq57RZzEMN/+pig==
JvAOreOtZNmCKqng7lkuQKuxTf7eAPpeqlPJVILLwrG6wFUqi85jpFPJZHmolO9ak1qWuHWRysZI6n7PjQPq6KoZ+thGGyK1v+5g/NmPwj4kDwDshUaDlEZH8Fzo9C65x8n9sN/e9eW1ltgRFtNBLdbeDFfF2T/wboyncACP0MyPm+kLHTxYwlRduK1fMoM5fI6HM3x6Oa0Ill+VeEXjVAqzcwGW589miVIN8npweW+cQi6M6LLFnUnUkYQOhVpEq57RZzEMN/+pig==
JvAOreOtZNmCKqng7lkuQKuxTf7eAPpeqlPJVILLwrG6wFUqi85jpFPJZHmolO9ak1qWuHWRysZI6n7PjQPq6KoZ+thGGyK1v+5g/NmPwj4kDwDshUaDlEZH8Fzo9C65x8n9sN/e9eW1ltgRFtNBLdbeDFfF2T/wboyncACP0MyPm+kLHTxYwlRduK1fMoM5fI6HM3x6Oa0Ill+VeEXjVAqzcwGW589miVIN8npweW+cQi6M6LLFnUnUkYQOhVpEq57RZzEMN/+pig==
aQK0icgn45vqY7rFzMSEm4US8c5aeMP0fABLmmTXXY7IwLyyv0M7v9UJQXPuSiBUxz1ny5XQeTHaELOYvcBm4eCIRQKGDKnSoKgwP2nuRUX8MKOcoGYN4e05wbYwLhWkN2x0j/Yr4SuF38DVcbYIKsBTUM7RClbB0iXFfptZGSys8iHnRN86yUeShxSa9lQDgTFkhOEhktiRQzi4IcEc9MZh2YJM5ZAifCUDKfWjKwajK9JEDejNLHmfah4Dr63i5rhpg4GnliU3PfqpjQ==
NAZEp/FbkJF1GasPrQR9wquxTf7eAPpeqlPJVILLwrG6wFUqi85jpFPJZHmolO9ak1qWuHWRysZI6n7PjQPq6KoZ+thGGyK1v+5g/NmPwj4kDwDshUaDlEZH8Fzo9C65x8n9sN/e9eW1ltgRFtNBLdbeDFfF2T/wboyncACP0MyPm+kLHTxYwlRduK1fMoM5fI6HM3x6Oa0Ill+VeEXjVAqzcwGW589miVIN8npweW+cQi6M6LLFn07UkYQOhVpEq57RZzEMN/+pig==
NAZEp/FbkJF1GasPrQR9wquxTf7eAPpeqlPJVILLwrG6wFUqi85jpFPJZHmolO9ak1qWuHWRysZI6n7PjQPq6KoZ+thGGyK1v+5g/NmPwj4kDwDshUaDlEZH8Fzo9C65x8n9sN/e9eW1ltgRFtNBLdbeDFfF2T/wboyncACP0MyPm+kLHTxYwlRduK1fMoM5fI6HM3x6Oa0Ill+VeEXjVAqzcwGW589miVIN8npweW+cQi6M6LLFn07UkYQOhVpEq57RZzEMN/+pig==
NAZEp/FbkJF1GasPrQR9wquxTf7eAPpeqlPJVILLwrG6wFUqi85jpFPJZHmolO9ak1qWuHWRysZI6n7PjQPq6KoZ+thGGyK1v+5g/NmPwj4kDwDshUaDlEZH8Fzo9C65x8n9sN/e9eW1ltgRFtNBLdbeDFfF2T/wboyncACP0MyPm+kLHTxYwlRduK1fMoM5fI6HM3x6Oa0Ill+VeEXjVAqzcwGW589miVIN8npweW+cQi6M6LLFn07UkYQOhVpEq57RZzEMN/+pig==
NAZEp/FbkJF1GasPrQR9wquxTf7eAPpeqlPJVILLwrG6wFUqi85jpFPJZHmolO9ak1qWuHWRysZI6n7PjQPq6KoZ+thGGyK1v+5g/NmPwj4kDwDshUaDlEZH8Fzo9C65x8n9sN/e9eW1ltgRFtNBLdbeDFfF2T/wboyncACP0MyPm+kLHTxYwlRduK1fMoM5fI6HM3x6Oa0Ill+VeEXjVAqzcwGW589miVIN8npweW+cQi6M6LLFn07UkYQOhVpEq57RZzEMN/+pig==
mQySscBsREPrC5vJW9gdtIUS8c5aeMP0fABLmmTXXY7IwLyyv0M7v9UJQXPuSiBUxz1ny5XQeTHaELOYvcBm4eCIRQKGDKnSoKgwP2nuRUX8MKOcoGYN4e05wbYwLhWkN2x0j/Yr4SuF38DVcbYIKsBTUM7RClbB0iXFfptZGSys8iHnRN86yUeShxSa9lQDgTFkhOEhktiRQzi4IcEc9MZh2YJM5ZAifCUDKfWjKwajK9JEDejNLHmfahkDrq3i5rhpg4GnliU3PfqpjQ==
5zJ2hkPDBKs82lWb5MROjquxTf7eAPpeqlPJVILLwrG6wFUqi85jpFPJZHmolO9ak1qWuHWRysZI6n7PjQPq6KoZ+thGGyK1v+5g/NmPwj4kDwDshUaDlEZH8Fzo9C65x8n9sN/e9eW1ltgRFtNBLdbeDFfF2T/wboyncACP0MyPm+kLHTxYwlRduK1fMoM5fI6HM3x6Oa0Ill+VeEXjVAqzcwGW589miVIN8npweW+cQi6M6LLFn0nUkIQOhVpEq57RZzEMN/+pig==
Y7OVVh+qQ/p6VViWesNxAoUS8c5aeMP0fABLmmTXXY7IwLyyv0M7v9UJQXPuSiBUxz1ny5XQeTHaELOYvcBm4eCIRQKGDKnSoKgwP2nuRUX8MKOcoGYN4e05wbYwLhWkN2x0j/Yr4SuF38DVcbYIKsBTUM7RClbB0iXFfptZGSys8iHnRN86yUeShxSa9lQDgTFkhOEhktiRQzi4IcEc9MZh2YJM5ZAifCUDKfWjKwajK9JEDejNLHmfaxgDrq3i5rhpg4GnliU3PfqpjQ==
DI8mgwkvfn9GymwPwQn4zauxTf7eAPpeqlPJVILLwrG6wFUqi85jpFPJZHmolO9ak1qWuHWRysZI6n7PjQPq6KoZ+thGGyK1v+5g/NmPwj4kDwDshUaDlEZH8Fzo9C65x8n9sN/e9eW1ltgRFtNBLdbeDFfF2T/wboyncACP0MyPm+kLHTxYwlRduK1fMoM5fI6HM3x6Oa0Ill+VeEXjVAqzcwGW589miVIN8npweW+cQi6M6LLFnkjUkIQOhVpEq57RZzEMN/+pig==
GZcv9rfHHJMUdWOORo/Oe4US8c5aeMP0fABLmmTXXY7IwLyyv0M7v9UJQXPuSiBUxz1ny5XQeTHaELOYvcBm4eCIRQKGDKnSoKgwP2nuRUX8MKOcoGYN4e05wbYwLhWkN2x0j/Yr4SuF38DVcbYIKsBTUM7RClbB0iXFfptZGSys8iHnRN86yUeShxSa9lQDgTFkhOEhktiRQzi4IcEc9MZh2YJM5ZAifCUDKfWjKwajK9JEDejNLHmfaR8Drq3i5rhpg4GnliU3PfqpjQ==
4xAMUGaeRlDZNSTg/Kdx0auxTf7eAPpeqlPJVILLwrG6wFUqi85jpFPJZHmolO9ak1qWuHWRysZI6n7PjQPq6KoZ+thGGyK1v+5g/NmPwj4kDwDshUaDlEZH8Fzo9C65x8n9sN/e9eW1ltgRFtNBLdbeDFfF2T/wboyncACP0MyPm+kLHTxYwlRduK1fMoM5fI6HM3x6Oa0Ill+VeEXjVAqzcwGW589miVIN8npweW+cQi6M6LLFnE/UkIQOhVpEq57RZzEMN/+pig==
y9C3Iw7htICNVxCPVBRKZoUS8c5aeMP0fABLmmTXXY7IwLyyv0M7v9UJQXPuSiBUxz1ny5XQeTHaELOYvcBm4eCIRQKGDKnSoKgwP2nuRUX8MKOcoGYN4e05wbYwLhWkN2x0j/Yr4SuF38DVcbYIKsBTUM7RClbB0iXFfptZGSys8iHnRN86yUeShxSa9lQDgTFkhOEhktiRQzi4IcEc9MZh2YJM5ZAifCUDKfWjKwajK9JEDejNLHmfYhsDp6zi5rhpg4GnliU3PfqpjQ==
m9cfDvUYi8oI4bkUiNoQwauxTf7eAPpeqlPJVILLwrG6wFUqi85jpFPJZHmolO9ak1qWuHWRysZI6n7PjQPq6KoZ+thGGyK1v+5g/NmPwj4kDwDshUaDlEZH8Fzo9C65x8n9sN/e9eW1ltgRFtNBLdbeDFfF2T/wboyncACP0MyPm+kLHTxYwlRduK1fMoM5fI6HM3x6Oa0Ill+VeEXjVAqzcwGW589miVIN8npweW+cQi6M6LLFl0vUmYUOhVpEq57RZzEMN/+pig==
lfpHlXDRQjFBDNJkJIzfboUS8c5aeMP0fABLmmTXXY7IwLyyv0M7v9UJQXPuSiBUxz1ny5XQeTHaELOYvcBm4eCIRQKGDKnSoKgwP2nuRUX8MKOcoGYN4e05wbYwLhWkN2x0j/Yr4SuF38DVcbYIKsBTUM7RClbB0iXFfptZGSys8iHnRN86yUeShxSa9lQDgTFkhOEhktiRQzi4IcEc9MZh2YJM5ZAifCUDKfWjKwajK9JEDejNLHmfaRoDp6zi5rhpg4GnliU3PfqpjQ==
0ZqpVVSxvDYILKG0KkZycauxTf7eAPpeqlPJVILLwrG6wFUqi85jpFPJZHmolO9ak1qWuHWRysZI6n7PjQPq6KoZ+thGGyK1v+5g/NmPwj4kDwDshUaDlEZH8Fzo9C65x8n9sN/e9eW1ltgRFtNBLdbeDFfF2T/wboyncACP0MyPm+kLHTxYwlRduK1fMoM5fI6HM3x6Oa0Ill+VeEXjVAqzcwGW589miVIN8npweW+cQi6M6LLFnErUmYUOhVpEq57RZzEMN/+pig==
BOJwxcIp7ivqUH37zVIZgoUS8c5aeMP0fABLmmTXXY7IwLyyv0M7v9UJQXPuSiBUxz1ny5XQeTHaELOYvcBm4eCIRQKGDKnSoKgwP2nuRUX8MKOcoGYN4e05wbYwLhWkN2x0j/Yr4SuF38DVcbYIKsBTUM7RClbB0iXFfptZGSys8iHnRN86yUeShxSa9lQDgTFkhOEhktiRQzi4IcEc9MZh2YJM5ZAifCUDKfWjKwajK9JEDejNLHmfaBkDp6zi5rhpg4GnliU3PfqpjQ==
hWnZOXc14d1w2fpvLlsh76uxTf7eAPpeqlPJVILLwrG6wFUqi85jpFPJZHmolO9ak1qWuHWRysZI6n7PjQPq6KoZ+thGGyK1v+5g/NmPwj4kDwDshUaDlEZH8Fzo9C65x8n9sN/e9eW1ltgRFtNBLdbeDFfF2T/wboyncACP0MyPm+kLHTxYwlRduK1fMoM5fI6HM3x6Oa0Ill+VeEXjVAqzcwGW589miVIN8npweW+cQi6M6LLFnUnUmYUOhVpEq57RZzEMN/+pig==
XjaU+iNeVY16HnNi8FIKJoUS8c5aeMP0fABLmmTXXY7IwLyyv0M7v9UJQXPuSiBUxz1ny5XQeTHaELOYvcBm4eCIRQKGDKnSoKgwP2nuRUX8MKOcoGYN4e05wbYwLhWkN2x0j/Yr4SuF38DVcbYIKsBTUM7RClbB0iXFfptZGSys8iHnRN86yUeShxSa9lQDgTFkhOEhktiRQzi4IcEc9MZh2YJM5ZAifCUDKfWjKwajK9JEDejNLHmfaBsDpqzi5rhpg4GnliU3PfqpjQ==
ASqCF9NeDmezjMZJr/yQyauxTf7eAPpeqlPJVILLwrG6wFUqi85jpFPJZHmolO9ak1qWuHWRysZI6n7PjQPq6KoZ+thGGyK1v+5g/NmPwj4kDwDshUaDlEZH8Fzo9C65x8n9sN/e9eW1ltgRFtNBLdbeDFfF2T/wboyncACP0MyPm+kLHTxYwlRduK1fMoM5fI6HM3x6Oa0Ill+VeEXjVAqzcwGW589miVIN8npweW+cQi6M6LLFnUvUmIUOhVpEq57RZzEMN/+pig==
54chU2Hb6LOc5XIauPCQK4US8c5aeMP0fABLmmTXXY7IwLyyv0M7v9UJQXPuSiBUxz1ny5XQeTHaELOYvcBm4eCIRQKGDKnSoKgwP2nuRUX8MKOcoGYN4e05wbYwLhWkN2x0j/Yr4SuF38DVcbYIKsBTUM7RClbB0iXFfptZGSys8iHnRN86yUeShxSa9lQDgTFkhOEhktiRQzi4IcEc9MZh2YJM5ZAifCUDKfWjKwajK9JEDejNLHmfaBoDpqzi5rhpg4GnliU3PfqpjQ==
Q3H4L31/xV78x1wFc9RLUauxTf7eAPpeqlPJVILLwrG6wFUqi85jpFPJZHmolO9ak1qWuHWRysZI6n7PjQPq6KoZ+thGGyK1v+5g/NmPwj4kDwDshUaDlEZH8Fzo9C65x8n9sN/e9eW1ltgRFtNBLdbeDFfF2T/wboyncACP0MyPm+kLHTxYwlRduK1fMoM5fI6HM3x6Oa0Ill+VeEXjVAqzcwGW589miVIN8npweW+cQi6M6LLFnUrUmIUOhVpEq57RZzEMN/+pig==
vcC5ygTy2gkiIxIkW66q84US8c5aeMP0fABLmmTXXY7IwLyyv0M7v9UJQXPuSiBUxz1ny5XQeTHaELOYvcBm4eCIRQKGDKnSoKgwP2nuRUX8MKOcoGYN4e05wbYwLhWkN2x0j/Yr4SuF38DVcbYIKsBTUM7RClbB0iXFfptZGSys8iHnRN86yUeShxSa9lQDgTFkhOEhktiRQzi4IcEc9MZh2YJM5ZAifCUDKfWjKwajK9JEDejNLHmfaxsDoqzi5rhpg4GnliU3PfqpjQ==
VRgAJe1g2Bm+XiN8HL5ar6uxTf7eAPpeqlPJVILLwrG6wFUqi85jpFPJZHmolO9ak1qWuHWRysZI6n7PjQPq6KoZ+thGGyK1v+5g/NmPwj4kDwDshUaDlEZH8Fzo9C65x8n9sN/e9eW1ltgRFtNBLdbeDFfF2T/wboyncACP0MyPm+kLHTxYwlRduK1fMoM5fI6HM3x6Oa0Ill+VeEXjVAqzcwGW589miVIN8npweW+cQi6M6LLFnkvUnIUOhVpEq57RZzEMN/+pig==
m4nY4GfeJUOFX6I99lRyd4US8c5aeMP0fABLmmTXXY7IwLyyv0M7v9UJQXPuSiBUxz1ny5XQeTHaELOYvcBm4eCIRQKGDKnSoKgwP2nuRUX8MKOcoGYN4e05wbYwLhWkN2x0j/Yr4SuF38DVcbYIKsBTUM7RClbB0iXFfptZGSys8iHnRN86yUeShxSa9lQDgTFkhOEhktiRQzi4IcEc9MZh2YJM5ZAifCUDKfWjKwajK9JEDejNLHmfaBsDoqzi5rhpg4GnliU3PfqpjQ==
138m6U7ULbqaUe9RDjX9uKuxTf7eAPpeqlPJVILLwrG6wFUqi85jpFPJZHmolO9ak1qWuHWRysZI6n7PjQPq6KoZ+thGGyK1v+5g/NmPwj4kDwDshUaDlEZH8Fzo9C65x8n9sN/e9eW1ltgRFtNBLdbeDFfF2T/wboyncACP0MyPm+kLHTxYwlRduK1fMoM5fI6HM3x6Oa0Ill+VeEXjVAqzcwGW589miVIN8npweW+cQi6M6LLFnUvUnIUOhVpEq57RZzEMN/+pig==
DqxJCwrsKJ+8WVilQTFBkIUS8c5aeMP0fABLmmTXXY7IwLyyv0M7v9UJQXPuSiBUxz1ny5XQeTHaELOYvcBm4eCIRQKGDKnSoKgwP2nuRUX8MKOcoGYN4e05wbYwLhWkN2x0j/Yr4SuF38DVcbYIKsBTUM7RClbB0iXFfptZGSys8iHnRN86yUeShxSa9lQDgTFkhOEhktiRQzi4IcEc9MZh2YJM5ZAifCUDKfWjKwajK9JEDejNLHmfbRsDoqzi5rhpg4GnliU3PfqpjQ==
TaxGJyVJA5LSkswjqTNEdKuxTf7eAPpeqlPJVILLwrG6wFUqi85jpFPJZHmolO9ak1qWuHWRysZI6n7PjQPq6KoZ+thGGyK1v+5g/NmPwj4kDwDshUaDlEZH8Fzo9C65x8n9sN/e9eW1ltgRFtNBLdbeDFfF2T/wboyncACP0MyPm+kLHTxYwlRduK1fMoM5fI6HM3x6Oa0Ill+VeEXjVAqzcwGW589miVIN8npweW+cQi6M6LLFmEvUnIUOhVpEq57RZzEMN/+pig==
JR9PR8TGxUW/UbwdUhTfp4US8c5aeMP0fABLmmTXXY7IwLyyv0M7v9UJQXPuSiBUxz1ny5XQeTHaELOYvcBm4eCIRQKGDKnSoKgwP2nuRUX8MKOcoGYN4e05wbYwLhWkN2x0j/Yr4SuF38DVcbYIKsBTUM7RClbB0iXFfptZGSys8iHnRN86yUeShxSa9lQDgTFkhOEhktiRQzi4IcEc9MZh2YJM5ZAifCUDKfWjKwajK9JEDejNLHmfYhkDoqzi5rhpg4GnliU3PfqpjQ==
ePkhJ1//qHKTGfWNT2jX1auxTf7eAPpeqlPJVILLwrG6wFUqi85jpFPJZHmolO9ak1qWuHWRysZI6n7PjQPq6KoZ+thGGyK1v+5g/NmPwj4kDwDshUaDlEZH8Fzo9C65x8n9sN/e9eW1ltgRFtNBLdbeDFfF2T/wboyncACP0MyPm+kLHTxYwlRduK1fMoM5fI6HM3x6Oa0Ill+VeEXjVAqzcwGW589miVIN8npweW+cQi6M6LLFl0nUnIUOhVpEq57RZzEMN/+pig==
QsGi6ApRZGMt5t8P+7XZRYUS8c5aeMP0fABLmmTXXY7IwLyyv0M7v9UJQXPuSiBUxz1ny5XQeTHaELOYvcBm4eCIRQKGDKnSoKgwP2nuRUX8MKOcoGYN4e05wbYwLhWkN2x0j/Yr4SuF38DVcbYIKsBTUM7RClbB0iXFfptZGSys8iHnRN86yUeShxSa9lQDgTFkhOEhktiRQzi4IcEc9MZh2YJM5ZAifCUDKfWjKwajK9JEDejNLHmfbxgDoqzi5rhpg4GnliU3PfqpjQ==
IZDYPnC6jdNqEgBY4Mc8k6uxTf7eAPpeqlPJVILLwrG6wFUqi85jpFPJZHmolO9ak1qWuHWRysZI6n7PjQPq6KoZ+thGGyK1v+5g/NmPwj4kDwDshUaDlEZH8Fzo9C65x8n9sN/e9eW1ltgRFtNBLdbeDFfF2T/wboyncACP0MyPm+kLHTxYwlRduK1fMoM5fI6HM3x6Oa0Ill+VeEXjVAqzcwGW589miVIN8npweW+cQi6M6LLFmkjUnIUOhVpEq57RZzEMN/+pig==
/rjkrlpMQyus00afUAzoyoUS8c5aeMP0fABLmmTXXY7IwLyyv0M7v9UJQXPuSiBUxz1ny5XQeTHaELOYvcBm4eCIRQKGDKnSoKgwP2nuRUX8MKOcoGYN4e05wbYwLhWkN2x0j/Yr4SuF38DVcbYIKsBTUM7RClbB0iXFfptZGSys8iHnRN86yUeShxSa9lQDgTFkhOEhktiRQzi4IcEc9MZh2YJM5ZAifCUDKfWjKwajK9JEDejNLHmfbR8Doqzi5rhpg4GnliU3PfqpjQ==
pYHuZ8/qOk8SZPqy0XEQKauxTf7eAPpeqlPJVILLwrG6wFUqi85jpFPJZHmolO9ak1qWuHWRysZI6n7PjQPq6KoZ+thGGyK1v+5g/NmPwj4kDwDshUaDlEZH8Fzo9C65x8n9sN/e9eW1ltgRFtNBLdbeDFfF2T/wboyncACP0MyPm+kLHTxYwlRduK1fMoM5fI6HM3x6Oa0Ill+VeEXjVAqzcwGW589miVIN8npweW+cQi6M6LLFmE/UnIUOhVpEq57RZzEMN/+pig==
bwaHPwaoKl3LCxXJ34OhfoUS8c5aeMP0fABLmmTXXY7IwLyyv0M7v9UJQXPuSiBUxz1ny5XQeTHaELOYvcBm4eCIRQKGDKnSoKgwP2nuRUX8MKOcoGYN4e05wbYwLhWkN2x0j/Yr4SuF38DVcbYIKsBTUM7RClbB0iXFfptZGSys8iHnRN86yUeShxSa9lQDgTFkhOEhktiRQzi4IcEc9MZh2YJM5ZAifCUDKfWjKwajK9JEDejNLHmfaBoDr6zi5rhpg4GnliU3PfqpjQ==
Sz75wiqchiUEYfPr5BOKVquxTf7eAPpeqlPJVILLwrG6wFUqi85jpFPJZHmolO9ak1qWuHWRysZI6n7PjQPq6KoZ+thGGyK1v+5g/NmPwj4kDwDshUaDlEZH8Fzo9C65x8n9sN/e9eW1ltgRFtNBLdbeDFfF2T/wboyncACP0MyPm+kLHTxYwlRduK1fMoM5fI6HM3x6Oa0Ill+VeEXjVAqzcwGW589miVIN8npweW+cQi6M6LLFnUrUkYUOhVpEq57RZzEMN/+pig==
GOLOtzaa0D+KEibTy4/KHIUS8c5aeMP0fABLmmTXXY7IwLyyv0M7v9UJQXPuSiBUxz1ny5XQeTHaELOYvcBm4eCIRQKGDKnSoKgwP2nuRUX8MKOcoGYN4e05wbYwLhWkN2x0j/Yr4SuF38DVcbYIKsBTUM7RClbB0iXFfptZGSys8iHnRN86yUeShxSa9lQDgTFkhOEhktiRQzi4IcEc9MZh2YJM5ZAifCUDKfWjKwajK9JEDejNLHmfYhgDpavi5rhpg4GnliU3PfqpjQ==
asZpukXDtr1jTBozVfmls6uxTf7eAPpeqlPJVILLwrG6wFUqi85jpFPJZHmolO9ak1qWuHWRysZI6n7PjQPq6KoZ+thGGyK1v+5g/NmPwj4kDwDshUaDlEZH8Fzo9C65x8n9sN/e9eW1ltgRFtNBLdbeDFfF2T/wboyncACP0MyPm+kLHTxYwlRduK1fMoM5fI6HM3x6Oa0Ill+VeEXjVAqzcwGW589miVIN8npweW+cQi6M6LLFl0jUm4IOhVpEq57RZzEMN/+pig==
vayJEM9wmc2PLB875Qd1tIUS8c5aeMP0fABLmmTXXY7IwLyyv0M7v9UJQXPuSiBUxz1ny5XQeTHaELOYvcBm4eCIRQKGDKnSoKgwP2nuRUX8MKOcoGYN4e05wbYwLhWkN2x0j/Yr4SuF38DVcbYIKsBTUM7RClbB0iXFfptZGSys8iHnRN86yUeShxSa9lQDgTFkhOEhktiRQzi4IcEc9MZh2YJM5ZAifCUDKfWjKwajK9JEDejNLHmfbBsDpKvi5rhpg4GnliU3PfqpjQ==
6p0Kd7tAsYpmUhG3t3LS4KuxTf7eAPpeqlPJVILLwrG6wFUqi85jpFPJZHmolO9ak1qWuHWRysZI6n7PjQPq6KoZ+thGGyK1v+5g/NmPwj4kDwDshUaDlEZH8Fzo9C65x8n9sN/e9eW1ltgRFtNBLdbeDFfF2T/wboyncACP0MyPm+kLHTxYwlRduK1fMoM5fI6HM3x6Oa0Ill+VeEXjVAqzcwGW589miVIN8npweW+cQi6M6LLFmUvUmoIOhVpEq57RZzEMN/+pig==
5dmLY9MnuOmbxGyJiBBhs4US8c5aeMP0fABLmmTXXY7IwLyyv0M7v9UJQXPuSiBUxz1ny5XQeTHaELOYvcBm4eCIRQKGDKnSoKgwP2nuRUX8MKOcoGYN4e05wbYwLhWkN2x0j/Yr4SuF38DVcbYIKsBTUM7RClbB0iXFfptZGSys8iHnRN86yUeShxSa9lQDgTFkhOEhktiRQzi4IcEc9MZh2YJM5ZAifCUDKfWjKwajK9JEDejNLHmfaRoDpKvi5rhpg4GnliU3PfqpjQ==
VNK/No+62kCVLlsX9fQ74KuxTf7eAPpeqlPJVILLwrG6wFUqi85jpFPJZHmolO9ak1qWuHWRysZI6n7PjQPq6KoZ+thGGyK1v+5g/NmPwj4kDwDshUaDlEZH8Fzo9C65x8n9sN/e9eW1ltgRFtNBLdbeDFfF2T/wboyncACP0MyPm+kLHTxYwlRduK1fMoM5fI6HM3x6Oa0Ill+VeEXjVAqzcwGW589miVIN8npweW+cQi6M6LLFnErUmoIOhVpEq57RZzEMN/+pig==
S5CxjnO7qN7d+mQ2meWphoUS8c5aeMP0fABLmmTXXY7IwLyyv0M7v9UJQXPuSiBUxz1ny5XQeTHaELOYvcBm4eCIRQKGDKnSoKgwP2nuRUX8MKOcoGYN4e05wbYwLhWkN2x0j/Yr4SuF38DVcbYIKsBTUM7RClbB0iXFfptZGSys8iHnRN86yUeShxSa9lQDgTFkhOEhktiRQzi4IcEc9MZh2YJM5ZAifCUDKfWjKwajK9JEDejNLHmfaRgDpKvi5rhpg4GnliU3PfqpjQ==
bzhoTf9cEvPtVY0qO/M5gauxTf7eAPpeqlPJVILLwrG6wFUqi85jpFPJZHmolO9ak1qWuHWRysZI6n7PjQPq6KoZ+thGGyK1v+5g/NmPwj4kDwDshUaDlEZH8Fzo9C65x8n9sN/e9eW1ltgRFtNBLdbeDFfF2T/wboyncACP0MyPm+kLHTxYwlRduK1fMoM5fI6HM3x6Oa0Ill+VeEXjVAqzcwGW589miVIN8npweW+cQi6M6LLFnEjUmoIOhVpEq57RZzEMN/+pig==
9RbX+txRfyw7uVAgNlnl9IUS8c5aeMP0fABLmmTXXY7IwLyyv0M7v9UJQXPuSiBUxz1ny5XQeTHaELOYvcBm4eCIRQKGDKnSoKgwP2nuRUX8MKOcoGYN4e05wbYwLhWkN2x0j/Yr4SuF38DVcbYIKsBTUM7RClbB0iXFfptZGSys8iHnRN86yUeShxSa9lQDgTFkhOEhktiRQzi4IcEc9MZh2YJM5ZAifCUDKfWjKwajK9JEDejNLHmfYhgDpKvi5rhpg4GnliU3PfqpjQ==
+krqmW/dBvvZiTXMVyw6bauxTf7eAPpeqlPJVILLwrG6wFUqi85jpFPJZHmolO9ak1qWuHWRysZI6n7PjQPq6KoZ+thGGyK1v+5g/NmPwj4kDwDshUaDlEZH8Fzo9C65x8n9sN/e9eW1ltgRFtNBLdbeDFfF2T/wboyncACP0MyPm+kLHTxYwlRduK1fMoM5fI6HM3x6Oa0Ill+VeEXjVAqzcwGW589miVIN8npweW+cQi6M6LLFl0jUmoIOhVpEq57RZzEMN/+pig==
CY/LzfaoAtU6rkBcCChN1YUS8c5aeMP0fABLmmTXXY7IwLyyv0M7v9UJQXPuSiBUxz1ny5XQeTHaELOYvcBm4eCIRQKGDKnSoKgwP2nuRUX8MKOcoGYN4e05wbYwLhWkN2x0j/Yr4SuF38DVcbYIKsBTUM7RClbB0iXFfptZGSys8iHnRN86yUeShxSa9lQDgTFkhOEhktiRQzi4IcEc9MZh2YJM5ZAifCUDKfWjKwajK9JEDejNLHmfbR8DpKvi5rhpg4GnliU3PfqpjQ==
cDbE4+eHGkZLFuvfnj5N66uxTf7eAPpeqlPJVILLwrG6wFUqi85jpFPJZHmolO9ak1qWuHWRysZI6n7PjQPq6KoZ+thGGyK1v+5g/NmPwj4kDwDshUaDlEZH8Fzo9C65x8n9sN/e9eW1ltgRFtNBLdbeDFfF2T/wboyncACP0MyPm+kLHTxYwlRduK1fMoM5fI6HM3x6Oa0Ill+VeEXjVAqzcwGW589miVIN8npweW+cQi6M6LLFmE/UmoIOhVpEq57RZzEMN/+pig==
prwRIdJgkhZb1wxtIrVhQIUS8c5aeMP0fABLmmTXXY7IwLyyv0M7v9UJQXPuSiBUxz1ny5XQeTHaELOYvcBm4eCIRQKGDKnSoKgwP2nuRUX8MKOcoGYN4e05wbYwLhWkN2x0j/Yr4SuF38DVcbYIKsBTUM7RClbB0iXFfptZGSys8iHnRN86yUeShxSa9lQDgTFkhOEhktiRQzi4IcEc9MZh2YJM5ZAifCUDKfWjKwajK9JEDejNLHmfah4DpKvi5rhpg4GnliU3PfqpjQ==
4NRantrlr2T4wpRyxKxisauxTf7eAPpeqlPJVILLwrG6wFUqi85jpFPJZHmolO9ak1qWuHWRysZI6n7PjQPq6KoZ+thGGyK1v+5g/NmPwj4kDwDshUaDlEZH8Fzo9C65x8n9sN/e9eW1ltgRFtNBLdbeDFfF2T/wboyncACP0MyPm+kLHTxYwlRduK1fMoM5fI6HM3x6Oa0Ill+VeEXjVAqzcwGW589miVIN8npweW+cQi6M6LLFn07UmoIOhVpEq57RZzEMN/+pig==
9xZU9xysMrBrv+wMKRCqToUS8c5aeMP0fABLmmTXXY7IwLyyv0M7v9UJQXPuSiBUxz1ny5XQeTHaELOYvcBm4eCIRQKGDKnSoKgwP2nuRUX8MKOcoGYN4e05wbYwLhWkN2x0j/Yr4SuF38DVcbYIKsBTUM7RClbB0iXFfptZGSys8iHnRN86yUeShxSa9lQDgTFkhOEhktiRQzi4IcEc9MZh2YJM5ZAifCUDKfWjKwajK9JEDejNLHmfYx4DpKvi5rhpg4GnliU3PfqpjQ==
FfNsKqF5fwZn0+e+h/nuq6uxTf7eAPpeqlPJVILLwrG6wFUqi85jpFPJZHmolO9ak1qWuHWRysZI6n7PjQPq6KoZ+thGGyK1v+5g/NmPwj4kDwDshUaDlEZH8Fzo9C65x8n9sN/e9eW1ltgRFtNBLdbeDFfF2T/wboyncACP0MyPm+kLHTxYwlRduK1fMoM5fI6HM3x6Oa0Ill+VeEXjVAqzcwGW589miVIN8npweW+cQi6M6LLFlk7UmoIOhVpEq57RZzEMN/+pig==
/D6TXnO3oeQRg6OooRenvIUS8c5aeMP0fABLmmTXXY7IwLyyv0M7v9UJQXPuSiBUxz1ny5XQeTHaELOYvcBm4eCIRQKGDKnSoKgwP2nuRUX8MKOcoGYN4e05wbYwLhWkN2x0j/Yr4SuF38DVcbYIKsBTUM7RClbB0iXFfptZGSys8iHnRN86yUeShxSa9lQDgTFkhOEhktiRQzi4IcEc9MZh2YJM5ZAifCUDKfWjKwajK9JEDejNLHmfYhsDo6vi5rhpg4GnliU3PfqpjQ==
di2hIuU2EY9NF4ISFrMlCquxTf7eAPpeqlPJVILLwrG6wFUqi85jpFPJZHmolO9ak1qWuHWRysZI6n7PjQPq6KoZ+thGGyK1v+5g/NmPwj4kDwDshUaDlEZH8Fzo9C65x8n9sN/e9eW1ltgRFtNBLdbeDFfF2T/wboyncACP0MyPm+kLHTxYwlRduK1fMoM5fI6HM3x6Oa0Ill+VeEXjVAqzcwGW589miVIN8npweW+cQi6M6LLFl0vUnYIOhVpEq57RZzEMN/+pig==
sb8oYPKKbx0iRnWLrni0wYUS8c5aeMP0fABLmmTXXY7IwLyyv0M7v9UJQXPuSiBUxz1ny5XQeTHaELOYvcBm4eCIRQKGDKnSoKgwP2nuRUX8MKOcoGYN4e05wbYwLhWkN2x0j/Yr4SuF38DVcbYIKsBTUM7RClbB0iXFfptZGSys8iHnRN86yUeShxSa9lQDgTFkhOEhktiRQzi4IcEc9MZh2YJM5ZAifCUDKfWjKwajK9JEDejNLHmfaxgDo6vi5rhpg4GnliU3PfqpjQ==
VQ9J2EKEhOH3WHRK2sk866uxTf7eAPpeqlPJVILLwrG6wFUqi85jpFPJZHmolO9ak1qWuHWRysZI6n7PjQPq6KoZ+thGGyK1v+5g/NmPwj4kDwDshUaDlEZH8Fzo9C65x8n9sN/e9eW1ltgRFtNBLdbeDFfF2T/wboyncACP0MyPm+kLHTxYwlRduK1fMoM5fI6HM3x6Oa0Ill+VeEXjVAqzcwGW589miVIN8npweW+cQi6M6LLFnkjUnYIOhVpEq57RZzEMN/+pig==
1jyYfm8DnoClEXTA8mt6foUS8c5aeMP0fABLmmTXXY7IwLyyv0M7v9UJQXPuSiBUxz1ny5XQeTHaELOYvcBm4eCIRQKGDKnSoKgwP2nuRUX8MKOcoGYN4e05wbYwLhWkN2x0j/Yr4SuF38DVcbYIKsBTUM7RClbB0iXFfptZGSys8iHnRN86yUeShxSa9lQDgTFkhOEhktiRQzi4IcEc9MZh2YJM5ZAifCUDKfWjKwajK9JEDejNLHmfaRgDo6vi5rhpg4GnliU3PfqpjQ==
MvCFIFi1sXBfZp8VsLK6Z6uxTf7eAPpeqlPJVILLwrG6wFUqi85jpFPJZHmolO9ak1qWuHWRysZI6n7PjQPq6KoZ+thGGyK1v+5g/NmPwj4kDwDshUaDlEZH8Fzo9C65x8n9sN/e9eW1ltgRFtNBLdbeDFfF2T/wboyncACP0MyPm+kLHTxYwlRduK1fMoM5fI6HM3x6Oa0Ill+VeEXjVAqzcwGW589miVIN8npweW+cQi6M6LLFnEjUnYIOhVpEq57RZzEMN/+pig==
eBIMIkYsctmrlwW3lnP8WoUS8c5aeMP0fABLmmTXXY7IwLyyv0M7v9UJQXPuSiBUxz1ny5XQeTHaELOYvcBm4eCIRQKGDKnSoKgwP2nuRUX8MKOcoGYN4e05wbYwLhWkN2x0j/Yr4SuF38DVcbYIKsBTUM7RClbB0iXFfptZGSys8iHnRN86yUeShxSa9lQDgTFkhOEhktiRQzi4IcEc9MZh2YJM5ZAifCUDKfWjKwajK9JEDejNLHmfbBgDo6vi5rhpg4GnliU3PfqpjQ==
+lo9eFcBqhkqXN7gFlo4o6uxTf7eAPpeqlPJVILLwrG6wFUqi85jpFPJZHmolO9ak1qWuHWRysZI6n7PjQPq6KoZ+thGGyK1v+5g/NmPwj4kDwDshUaDlEZH8Fzo9C65x8n9sN/e9eW1ltgRFtNBLdbeDFfF2T/wboyncACP0MyPm+kLHTxYwlRduK1fMoM5fI6HM3x6Oa0Ill+VeEXjVAqzcwGW589miVIN8npweW+cQi6M6LLFmUjUnYIOhVpEq57RZzEMN/+pig==
oZg9EKJmRNQS2pKAiKOChIUS8c5aeMP0fABLmmTXXY7IwLyyv0M7v9UJQXPuSiBUxz1ny5XQeTHaELOYvcBm4eCIRQKGDKnSoKgwP2nuRUX8MKOcoGYN4e05wbYwLhWkN2x0j/Yr4SuF38DVcbYIKsBTUM7RClbB0iXFfptZGSys8iHnRN86yUeShxSa9lQDgTFkhOEhktiRQzi4IcEc9MZh2YJM5ZAifCUDKfWjKwajK9JEDejNLHmfax8Do6vi5rhpg4GnliU3PfqpjQ==
2QA2rjE0fPX2DJRiHxi9oauxTf7eAPpeqlPJVILLwrG6wFUqi85jpFPJZHmolO9ak1qWuHWRysZI6n7PjQPq6KoZ+thGGyK1v+5g/NmPwj4kDwDshUaDlEZH8Fzo9C65x8n9sN/e9eW1ltgRFtNBLdbeDFfF2T/wboyncACP0MyPm+kLHTxYwlRduK1fMoM5fI6HM3x6Oa0Ill+VeEXjVAqzcwGW589miVIN8npweW+cQi6M6LLFnk/UnYIOhVpEq57RZzEMN/+pig==
YXeS6uQF28hdU8t5cDWutYUS8c5aeMP0fABLmmTXXY7IwLyyv0M7v9UJQXPuSiBUxz1ny5XQeTHaELOYvcBm4eCIRQKGDKnSoKgwP2nuRUX8MKOcoGYN4e05wbYwLhWkN2x0j/Yr4SuF38DVcbYIKsBTUM7RClbB0iXFfptZGSys8iHnRN86yUeShxSa9lQDgTFkhOEhktiRQzi4IcEc9MZh2YJM5ZAifCUDKfWjKwajK9JEDejNLHmfbR8Drqri5rhpg4GnliU3PfqpjQ==
M/o5ExpXpdVKE9qlSPIGNKuxTf7eAPpeqlPJVILLwrG6wFUqi85jpFPJZHmolO9ak1qWuHWRysZI6n7PjQPq6KoZ+thGGyK1v+5g/NmPwj4kDwDshUaDlEZH8Fzo9C65x8n9sN/e9eW1ltgRFtNBLdbeDFfF2T/wboyncACP0MyPm+kLHTxYwlRduK1fMoM5fI6HM3x6Oa0Ill+VeEXjVAqzcwGW589miVIN8npweW+cQi6M6LLFmE/UkIMOhVpEq57RZzEMN/+pig==
191QXUHnHkXYZIyczd4pq4US8c5aeMP0fABLmmTXXY7IwLyyv0M7v9UJQXPuSiBUxz1ny5XQeTHaELOYvcBm4eCIRQKGDKnSoKgwP2nuRUX8MKOcoGYN4e05wbYwLhWkN2x0j/Yr4SuF38DVcbYIKsBTUM7RClbB0iXFfptZGSys8iHnRN86yUeShxSa9lQDgTFkhOEhktiRQzi4IcEc9MZh2YJM5ZAifCUDKfWjKwajK9JEDejNLHmfYx4Drqri5rhpg4GnliU3PfqpjQ==
a6RIu0c3Ovtz2sqkUTG5t6uxTf7eAPpeqlPJVILLwrG6wFUqi85jpFPJZHmolO9ak1qWuHWRysZI6n7PjQPq6KoZ+thGGyK1v+5g/NmPwj4kDwDshUaDlEZH8Fzo9C65x8n9sN/e9eW1ltgRFtNBLdbeDFfF2T/wboyncACP0MyPm+kLHTxYwlRduK1fMoM5fI6HM3x6Oa0Ill+VeEXjVAqzcwGW589miVIN8npweW+cQi6M6LLFlk7UkIMOhVpEq57RZzEMN/+pig==
EIkIwbC2UUWUqios8uLO+oUS8c5aeMP0fABLmmTXXY7IwLyyv0M7v9UJQXPuSiBUxz1ny5XQeTHaELOYvcBm4eCIRQKGDKnSoKgwP2nuRUX8MKOcoGYN4e05wbYwLhWkN2x0j/Yr4SuF38DVcbYIKsBTUM7RClbB0iXFfptZGSys8iHnRN86yUeShxSa9lQDgTFkhOEhktiRQzi4IcEc9MZh2YJM5ZAifCUDKfWjKwajK9JEDejNLHmfahsDp6/i57hpg4GnliU3PfqpjQ==
SllLNe1PyDH1r0Gb+ntlGauxTf7eAPpeqlPJVILLwrG6wFUqi85jpFPJZHmolO9ak1qWuHWRysZI6n7PjQPq6KoZ+thGGyK1v+5g/NmPwj4kDwDshUaDlEZH8Fzo9C65x8n9sN/e9eW1ltgRFtNBLdbeDFfF2T/wboyncACP0MyPm+kLHTxYwlRduK1fMoM5fI6HM3x6Oa0Ill+VeEXjVAqzcwGW589miVIN8npweW+cQi6M6LLFn0vUmYYOhFpEq57RZzEMN/+pig==
yYVAgq8Sy78pB5b88Aqac4US8c5aeMP0fABLmmTXXY7IwLyyv0M7v9UJQXPuSiBUxz1ny5XQeTHaELOYvcBm4eCIRQKGDKnSoKgwP2nuRUX8MKOcoGYN4e05wbYwLhWkN2x0j/Yr4SuF38DVcbYIKsBTUM7RClbB0iXFfptZGSys8iHnRN86yUeShxSa9lQDgTFkhOEhktiRQzi4IcEc9MZh2YJM5ZAifCUDKfWjKwajK9JEDejNLHmfaRoDp6/i57hpg4GnliU3PfqpjQ==
EwKjbMSYKMGVoUCBYWoijKuxTf7eAPpeqlPJVILLwrG6wFUqi85jpFPJZHmolO9ak1qWuHWRysZI6n7PjQPq6KoZ+thGGyK1v+5g/NmPwj4kDwDshUaDlEZH8Fzo9C65x8n9sN/e9eW1ltgRFtNBLdbeDFfF2T/wboyncACP0MyPm+kLHTxYwlRduK1fMoM5fI6HM3x6Oa0Ill+VeEXjVAqzcwGW589miVIN8npweW+cQi6M6LLFnErUmYYOhFpEq57RZzEMN/+pig==
0afRq48IgR2FDHbB2n6G34US8c5aeMP0fABLmmTXXY7IwLyyv0M7v9UJQXPuSiBUxz1ny5XQeTHaELOYvcBm4eCIRQKGDKnSoKgwP2nuRUX8MKOcoGYN4e05wbYwLhWkN2x0j/Yr4SuF38DVcbYIKsBTUM7RClbB0iXFfptZGSys8iHnRN86yUeShxSa9lQDgTFkhOEhktiRQzi4IcEc9MZh2YJM5ZAifCUDKfWjKwajK9JEDejNLHmfbxkDp6/i57hpg4GnliU3PfqpjQ==
u6gDQQ0Uh1yvkvt7aGX+UquxTf7eAPpeqlPJVILLwrG6wFUqi85jpFPJZHmolO9ak1qWuHWRysZI6n7PjQPq6KoZ+thGGyK1v+5g/NmPwj4kDwDshUaDlEZH8Fzo9C65x8n9sN/e9eW1ltgRFtNBLdbeDFfF2T/wboyncACP0MyPm+kLHTxYwlRduK1fMoM5fI6HM3x6Oa0Ill+VeEXjVAqzcwGW589miVIN8npweW+cQi6M6LLFmknUmYYOhFpEq57RZzEMN/+pig==
6XsIsOV0W3tzs+7cErZUHYUS8c5aeMP0fABLmmTXXY7IwLyyv0M7v9UJQXPuSiBUxz1ny5XQeTHaELOYvcBm4eCIRQKGDKnSoKgwP2nuRUX8MKOcoGYN4e05wbYwLhWkN2x0j/Yr4SuF38DVcbYIKsBTUM7RClbB0iXFfptZGSys8iHnRN86yUeShxSa9lQDgTFkhOEhktiRQzi4IcEc9MZh2YJM5ZAifCUDKfWjKwajK9JEDejNLHmfbRgDp6/i57hpg4GnliU3PfqpjQ==
HgwTyecvnaQ0vbv5a5+R06uxTf7eAPpeqlPJVILLwrG6wFUqi85jpFPJZHmolO9ak1qWuHWRysZI6n7PjQPq6KoZ+thGGyK1v+5g/NmPwj4kDwDshUaDlEZH8Fzo9C65x8n9sN/e9eW1ltgRFtNBLdbeDFfF2T/wboyncACP0MyPm+kLHTxYwlRduK1fMoM5fI6HM3x6Oa0Ill+VeEXjVAqzcwGW589miVIN8npweW+cQi6M6LLFmEjUmYYOhFpEq57RZzEMN/+pig==
bFtHDZhKmMaH/2nHWmFzKYUS8c5aeMP0fABLmmTXXY7IwLyyv0M7v9UJQXPuSiBUxz1ny5XQeTHaELOYvcBm4eCIRQKGDKnSoKgwP2nuRUX8MKOcoGYN4e05wbYwLhWkN2x0j/Yr4SuF38DVcbYIKsBTUM7RClbB0iXFfptZGSys8iHnRN86yUeShxSa9lQDgTFkhOEhktiRQzi4IcEc9MZh2YJM5ZAifCUDKfWjKwajK9JEDejNLHmfYx4Dp6/i57hpg4GnliU3PfqpjQ==
9YJyI4lgBOThPlIq1rxF26uxTf7eAPpeqlPJVILLwrG6wFUqi85jpFPJZHmolO9ak1qWuHWRysZI6n7PjQPq6KoZ+thGGyK1v+5g/NmPwj4kDwDshUaDlEZH8Fzo9C65x8n9sN/e9eW1ltgRFtNBLdbeDFfF2T/wboyncACP0MyPm+kLHTxYwlRduK1fMoM5fI6HM3x6Oa0Ill+VeEXjVAqzcwGW589miVIN8npweW+cQi6M6LLFlk7UmYYOhFpEq57RZzEMN/+pig==
mvDKO/cdJWy19gUZlH7Hi4US8c5aeMP0fABLmmTXXY7IwLyyv0M7v9UJQXPuSiBUxz1ny5XQeTHaELOYvcBm4eCIRQKGDKnSoKgwP2nuRUX8MKOcoGYN4e05wbYwLhWkN2x0j/Yr4SuF38DVcbYIKsBTUM7RClbB0iXFfptZGSys8iHnRN86yUeShxSa9lQDgTFkhOEhktiRQzi4IcEc9MZh2YJM5ZAifCUDKfWjKwajK9JEDejNLHmfbRgDpq/i57hpg4GnliU3PfqpjQ==
4d6bb2c/SicTooekwNltJ6uxTf7eAPpeqlPJVILLwrG6wFUqi85jpFPJZHmolO9ak1qWuHWRysZI6n7PjQPq6KoZ+thGGyK1v+5g/NmPwj4kDwDshUaDlEZH8Fzo9C65x8n9sN/e9eW1ltgRFtNBLdbeDFfF2T/wboyncACP0MyPm+kLHTxYwlRduK1fMoM5fI6HM3x6Oa0Ill+VeEXjVAqzcwGW589miVIN8npweW+cQi6M6LLFmEjUmIYOhFpEq57RZzEMN/+pig==
nFm65ndT+KwgR72/Z8dsfYUS8c5aeMP0fABLmmTXXY7IwLyyv0M7v9UJQXPuSiBUxz1ny5XQeTHaELOYvcBm4eCIRQKGDKnSoKgwP2nuRUX8MKOcoGYN4e05wbYwLhWkN2x0j/Yr4SuF38DVcbYIKsBTUM7RClbB0iXFfptZGSys8iHnRN86yUeShxSa9lQDgTFkhOEhktiRQzi4IcEc9MZh2YJM5ZAifCUDKfWjKwajK9JEDejNLHmfbx4Dpq/i57hpg4GnliU3PfqpjQ==
k9WZZ72z2oj+8F98W1MaGauxTf7eAPpeqlPJVILLwrG6wFUqi85jpFPJZHmolO9ak1qWuHWRysZI6n7PjQPq6KoZ+thGGyK1v+5g/NmPwj4kDwDshUaDlEZH8Fzo9C65x8n9sN/e9eW1ltgRFtNBLdbeDFfF2T/wboyncACP0MyPm+kLHTxYwlRduK1fMoM5fI6HM3x6Oa0Ill+VeEXjVAqzcwGW589miVIN8npweW+cQi6M6LLFmk7UmIYOhFpEq57RZzEMN/+pig==
Kh69MOik1cx1R7qev4Z664US8c5aeMP0fABLmmTXXY7IwLyyv0M7v9UJQXPuSiBUxz1ny5XQeTHaELOYvcBm4eCIRQKGDKnSoKgwP2nuRUX8MKOcoGYN4e05wbYwLhWkN2x0j/Yr4SuF38DVcbYIKsBTUM7RClbB0iXFfptZGSys8iHnRN86yUeShxSa9lQDgTFkhOEhktiRQzi4IcEc9MZh2YJM5ZAifCUDKfWjKwajK9JEDejNLHmfbhsDpa/i57hpg4GnliU3PfqpjQ==
tzu6jDl1z1xLLQ8rGsxHwauxTf7eAPpeqlPJVILLwrG6wFUqi85jpFPJZHmolO9ak1qWuHWRysZI6n7PjQPq6KoZ+thGGyK1v+5g/NmPwj4kDwDshUaDlEZH8Fzo9C65x8n9sN/e9eW1ltgRFtNBLdbeDFfF2T/wboyncACP0MyPm+kLHTxYwlRduK1fMoM5fI6HM3x6Oa0Ill+VeEXjVAqzcwGW589miVIN8npweW+cQi6M6LLFm0vUm4YOhFpEq57RZzEMN/+pig==
iG6+Cwls6bLOa5SnVy1nboUS8c5aeMP0fABLmmTXXY7IwLyyv0M7v9UJQXPuSiBUxz1ny5XQeTHaELOYvcBm4eCIRQKGDKnSoKgwP2nuRUX8MKOcoGYN4e05wbYwLhWkN2x0j/Yr4SuF38DVcbYIKsBTUM7RClbB0iXFfptZGSys8iHnRN86yUeShxSa9lQDgTFkhOEhktiRQzi4IcEc9MZh2YJM5ZAifCUDKfWjKwajK9JEDejNLHmfbRkDpa/i57hpg4GnliU3PfqpjQ==
a9xERZRUwnxAwcbK4qcMIquxTf7eAPpeqlPJVILLwrG6wFUqi85jpFPJZHmolO9ak1qWuHWRysZI6n7PjQPq6KoZ+thGGyK1v+5g/NmPwj4kDwDshUaDlEZH8Fzo9C65x8n9sN/e9eW1ltgRFtNBLdbeDFfF2T/wboyncACP0MyPm+kLHTxYwlRduK1fMoM5fI6HM3x6Oa0Ill+VeEXjVAqzcwGW589miVIN8npweW+cQi6M6LLFmEnUm4YOhFpEq57RZzEMN/+pig==
CDEV7Aeqm74/mSppD7761qao4tCIm9TITHGZjNHW0ln1iRh4fGUL6p3a2kY2UV9cIvzK2urmgsxOsMxncu5+zyNnEGOFpMS2CLfOZgM1vnRWbWzUMsZATGHYaFJ3vHaKjpa76O2NuRJzXaks
ZzXL4YpL+sXj+q5jFklLZagXK2rYoOn/WO32BMo7cLZB+80CGzdp2WD1bZTJnbj5U4hTYtETDHsISwqEZuoeblYKHfbJPUO9vwDfgoAHkdCpKPB2VG1mRtYeRPrcS0QupfIqMV7Nkb7PcRUckMqVR9BHppmL+nMUbp6YUx2p8CRVGa7onWtseHUpkAS6ma1iWP2M8jCNt6lBC+dWvzPGJPmQMVz197tY142j0tuA3SMVPwr1e9WOqfk=
rY2TABdq9nS4O7jGnmm0D2ujnMfOqKJMH+MSMnsGPYzGoH20iZ+btDhqP90RJB7C1lqJgfuH1YM49XhrljGsvFISV77NYE5mTsPF1Bj+HsEivxeLJvkgbeavuVE2ovQrNaXHjK7wXwzw8yiwb+cRd+1AoL5UIUDRr057RZzyf0+MBsHRyOqn6Yg5Gyjqz4t9Zps3Ggku9Y6KDIETfD7W8BjOPeaIqGP6/viiOEviKRvBcM+DqfY=
YafWxdHBW4K3iDSjyl/8VaKEgpiC5thFGK6ZzdussFQ/2yJ6u07N9CY47TwJFwssWJJPFVHsLvr2QpmJ+4/FmxjNSKPW+dxEMorHNk3o3v6uuzWc2LYu+QKnB4Mm8TB1xpeJGfbqBFPVPVcELnjPlJALWHgvLyFPzViwtlQpUMmPdkuN3DoPt+yeUVlIYjdxaEHrYCqHu0VGgycSCSbllqo0sVu8diaI+Fatbggg82KeANLwCyoZI+Fo34up/g==
jy5DHe0Fk50GN/4UnLmF7bxM+1bTUcAS0a8ZbORAk5+qbgftFkiLYOHeDh7JHikJFzZAhFsHQeIi8P5EnYv78Tnh4Lu80SaXMC7a7CNUrbYCpHbt4c4I+OKzyuHDweZPjM9+IT2rRkSo+X2b86aO5lMOCJ3M6r+hrcVF3jQ01NcsM/eAP3+s1GNdhHg1uyi8a6swl7+yekn3jw5FY9BJGNmskgKFaYxYCqLQcIlMKD7veIYWxuIbJBUp6W7biamA
yqke1n7R4Cf/+GcvYocRLO+aP3zLCZjqfQbntcYAS9hRdq6GWZap8WfeIFwLzwHaEtjeXI2D+4nJiQDjbJnmL4CGenSz3C1OckwWNbEGSMDSm+r508nmN3ynnnnt44b8GFHdA2MuDh4j5mhFnCL/mZ3tZcYkPNSv3FsX2O83bGzT9STgpTOoRBtDUE/vejpxx6cuXXPYSWApxHJaVSFM4LoKcOgZxKjGn5DmzpYqWxwlAcl2y4Gp+A==
eWSCqfsAJy85L96p5eIjV+MeIW2ItOzkQfulQ9AgZ6NB+80CGzdp2WD1bZTJnbj5U4hTYtETDHsISwqEZuoeblYKHfbJPUO9vwDfgoAHkdCpKPB2VG1mRtYeRPrcS0QupfIqMV7Nkb7PcRUckMqVR9BHppmL+nMUbp6YUx2p8CRVGa7onWtseHUpkAS6ma1iWP2M8jCNt6lBC+dWvzPGJPmQMVz197tY142j0tuA3SMVPwr1e9WOqfk=
Y35qmvGCHr+i75/AIBs2i++aInDNG4PjTQbntcYAS9hRdq6GWZap8WfeIFwLzwHaEtjeXI2D+4nJiQDjbJnmL4CGenSz3C1OckwWNbEGSMDSm+r508nmN3ynnnnt44b8GFHdA2MuDh4j5mhFnCL/mZ3tZcYkPNSv3FsX2O83bGzT9STgpTOoRBtDUE/vejpxx6cuXXPYSWApxHJaVSFM4LoKcOgZxKjGn5DmzpYqWxwlAcl2y4Gp+A==
J8agwOZLRGRQeDtxwfA05XHaVeBR4GP5epllG6nUfK1P3Wooz6faBlsyNYjWRBVAyWvzUKjut2mxkNaGBj5h9fvzPefosbDfNoUkOML2P0qNlCaCXsfN4DjK1oXy2///po3ICTbrcWUWlvwvJUGveO4EN+hgd6AEz1PZMz0kSMpUVai1fwqz8TxG98sc4qkliB7PDZg9ExzK+0M5tv/fbolaHepaSEknXAre9AgqVRLIXAsebnwqjOtW4V8RFCf3qYI=
I4IPiV+Z2N2/i6KNxJK3yGntcKQGOMD1UY0EaNWadwF+rOu8uQpe0oHaaTUvAnCocyNh/jrk7kiVj/uNwZUQ11S1xsvoegqg6xBtCroQxkFJaqhkeidabUtFZrP0Ow7NVU8mmPAtLVe7Ys7aazo4seTOn7210VXSPDDUq9RHB+zXG0yIuwlUNP3/6ADTH4A7Fxba1W8bnsnrVMnkoVji7u2N7IRSdoC8wYhoAtdMtjruxjs4DT35YtONqfw=
eF6rghL5ng5GEZspWxV+gWjkbbMAO4nnAYMYYtDbQ09ytuOpuQpe0oHaaTUvAnCocyNh/jrk7kiVj/uNwZUQ11S1xsvoegqg6xBtCroQxkFJaqhkeidabUtFZrP0Ow7NVU8mmPAtLVe7Ys7aazo4seTOn7210VXSPDDUq9RHB+zXG0yIuwlUNP3/6ADTH4A7Fxba1W8bnsnrVMnkoVji7u2N7IRSdoC8wYhoAtdMtjruxjs4DT35YtONqfw=
/b9JxdBAMY7OhB5t+wbmZzT2+FW7pmre2fVRTaACL1wk9Ctky7Qv0xl4dak5uqH0TzOHC7D94dEMqXs=
g25fXNSV1hhd97xXzGPid4YgOMJxdxrhIlhu8h+NTGC6inBoGUSoRp8Q5k6WqlucJYHJ9ssBqXg=
RXDGq0gNqVPbkLbP0XU9CtG70I+EsA6KxURPr7Y22NeMyQs5SvgaglyK3nQIqlWSyNwLnm78Kgzr1uHfEZQnd6kC
CDEV7Aeqm74/mSppD7761qao4tCIm9TITHGZjNHW0ln1iRh4fGUL6p3a2kY2UV9cIvzK2urmgsxOsMxncu5+zyNnEGOFpMS2CLfOZgM1vnRWbWzUMsZATGHYaFJ3vHaKjpa76O2NuRJzXaks
ZzXL4YpL+sXj+q5jFklLZagXK2rYoOn/WO32BMo7cLZB+80CGzdp2WD1bZTJnbj5U4hTYtETDHsISwqEZuoeblYKHfbJPUO9vwDfgoAHkdCpKPB2VG1mRtYeRPrcS0QupfIqMV7Nkb7PcRUckMqVR9BHppmL+nMUbp6YUx2p8CRVGa7onWtseHUpkAS6ma1iWP2M8jCNt6lBC+dWvzPGJPmQMVz197tY142j0tuA3SMVPwr1e9WOqfk=
rY2TABdq9nS4O7jGnmm0D2ujnMfOqKJMH+MSMnsGPYzGoH20iZ+btDhqP90RJB7C1lqJgfuH1YM49XhrljGsvFISV77NYE5mTsPF1Bj+HsEivxeLJvkgbeavuVE2ovQrNaXHjK7wXwzw8yiwb+cRd+1AoL5UIUDRr057RZzyf0+MBsHRyOqn6Yg5Gyjqz4t9Zps3Ggku9Y6KDIETfD7W8BjOPeaIqGP6/viiOEviKRvBcM+DqfY=
YafWxdHBW4K3iDSjyl/8VaKEgpiC5thFGK6ZzdussFQ/2yJ6u07N9CY47TwJFwssWJJPFVHsLvr2QpmJ+4/FmxjNSKPW+dxEMorHNk3o3v6uuzWc2LYu+QKnB4Mm8TB1xpeJGfbqBFPVPVcELnjPlJALWHgvLyFPzViwtlQpUMmPdkuN3DoPt+yeUVlIYjdxaEHrYCqHu0VGgycSCSbllqo0sVu8diaI+Fatbggg82KeANLwCyoZI+Fo34up/g==
jy5DHe0Fk50GN/4UnLmF7bxM+1bTUcAS0a8ZbORAk5+qbgftFkiLYOHeDh7JHikJFzZAhFsHQeIi8P5EnYv78Tnh4Lu80SaXMC7a7CNUrbYCpHbt4c4I+OKzyuHDweZPjM9+IT2rRkSo+X2b86aO5lMOCJ3M6r+hrcVF3jQ01NcsM/eAP3+s1GNdhHg1uyi8a6swl7+yekn3jw5FY9BJGNmskgKFaYxYCqLQcIlMKD7veIYWxuIbJBUp6W7biamA
yqke1n7R4Cf/+GcvYocRLO+aP3zLCZjqfQbntcYAS9hRdq6GWZap8WfeIFwLzwHaEtjeXI2D+4nJiQDjbJnmL4CGenSz3C1OckwWNbEGSMDSm+r508nmN3ynnnnt44b8GFHdA2MuDh4j5mhFnCL/mZ3tZcYkPNSv3FsX2O83bGzT9STgpTOoRBtDUE/vejpxx6cuXXPYSWApxHJaVSFM4LoKcOgZxKjGn5DmzpYqWxwlAcl2y4Gp+A==
eWSCqfsAJy85L96p5eIjV+MeIW2ItOzkQfulQ9AgZ6NB+80CGzdp2WD1bZTJnbj5U4hTYtETDHsISwqEZuoeblYKHfbJPUO9vwDfgoAHkdCpKPB2VG1mRtYeRPrcS0QupfIqMV7Nkb7PcRUckMqVR9BHppmL+nMUbp6YUx2p8CRVGa7onWtseHUpkAS6ma1iWP2M8jCNt6lBC+dWvzPGJPmQMVz197tY142j0tuA3SMVPwr1e9WOqfk=
Y35qmvGCHr+i75/AIBs2i++aInDNG4PjTQbntcYAS9hRdq6GWZap8WfeIFwLzwHaEtjeXI2D+4nJiQDjbJnmL4CGenSz3C1OckwWNbEGSMDSm+r508nmN3ynnnnt44b8GFHdA2MuDh4j5mhFnCL/mZ3tZcYkPNSv3FsX2O83bGzT9STgpTOoRBtDUE/vejpxx6cuXXPYSWApxHJaVSFM4LoKcOgZxKjGn5DmzpYqWxwlAcl2y4Gp+A==
J8agwOZLRGRQeDtxwfA05XHaVeBR4GP5epllG6nUfK1P3Wooz6faBlsyNYjWRBVAyWvzUKjut2mxkNaGBj5h9fvzPefosbDfNoUkOML2P0qNlCaCXsfN4DjK1oXy2///po3ICTbrcWUWlvwvJUGveO4EN+hgd6AEz1PZMz0kSMpUVai1fwqz8TxG98sc4qkliB7PDZg9ExzK+0M5tv/fbolaHepaSEknXAre9AgqVRLIXAsebnwqjOtW4V8RFCf3qYI=
I4IPiV+Z2N2/i6KNxJK3yGntcKQGOMD1UY0EaNWadwF+rOu8uQpe0oHaaTUvAnCocyNh/jrk7kiVj/uNwZUQ11S1xsvoegqg6xBtCroQxkFJaqhkeidabUtFZrP0Ow7NVU8mmPAtLVe7Ys7aazo4seTOn7210VXSPDDUq9RHB+zXG0yIuwlUNP3/6ADTH4A7Fxba1W8bnsnrVMnkoVji7u2N7IRSdoC8wYhoAtdMtjruxjs4DT35YtONqfw=
eF6rghL5ng5GEZspWxV+gWjkbbMAO4nnAYMYYtDbQ09ytuOpuQpe0oHaaTUvAnCocyNh/jrk7kiVj/uNwZUQ11S1xsvoegqg6xBtCroQxkFJaqhkeidabUtFZrP0Ow7NVU8mmPAtLVe7Ys7aazo4seTOn7210VXSPDDUq9RHB+zXG0yIuwlUNP3/6ADTH4A7Fxba1W8bnsnrVMnkoVji7u2N7IRSdoC8wYhoAtdMtjruxjs4DT35YtONqfw=
/b9JxdBAMY7OhB5t+wbmZzT2+FW7pmre2fVRTaACL1wk9Ctky7Qv0xl4dak5uqH0TzOHC7D94dEMqXs=
g25fXNSV1hhd97xXzGPid4YgOMJxdxrhIlhu8h+NTGC6inBoGUSoRp8Q5k6WqlucJYHJ9ssBqXg=
RXDGq0gNqVPbkLbP0XU9CtG70I+EsA6KxURPr7Y22NeMyQs5SvgaglyK3nQIqlWSyNwLnm78Kgzr1uHfEZQnd6kC
CDEV7Aeqm74/mSppD7761qao4tCIm9TITHGZjNHW0ln1iRh4fGUL6p3a2kY2UV9cIvzK2urmgsxOsMxncu5+zyNnEGOFpMS2CLfOZgM1vnRWbWzUMsZATGHYaFJ3vHaKjpa76O2NuRJzXaks
ZzXL4YpL+sXj+q5jFklLZagXK2rYoOn/WO32BMo7cLZB+80CGzdp2WD1bZTJnbj5U4hTYtETDHsISwqEZuoeblYKHfbJPUO9vwDfgoAHkdCpKPB2VG1mRtYeRPrcS0QupfIqMV7Nkb7PcRUckMqVR9BHppmL+nMUbp6YUx2p8CRVGa7onWtseHUpkAS6ma1iWP2M8jCNt6lBC+dWvzPGJPmQMVz197tY142j0tuA3SMVPwr1e9WOqfk=
rY2TABdq9nS4O7jGnmm0D2ujnMfOqKJMH+MSMnsGPYzGoH20iZ+btDhqP90RJB7C1lqJgfuH1YM49XhrljGsvFISV77NYE5mTsPF1Bj+HsEivxeLJvkgbeavuVE2ovQrNaXHjK7wXwzw8yiwb+cRd+1AoL5UIUDRr057RZzyf0+MBsHRyOqn6Yg5Gyjqz4t9Zps3Ggku9Y6KDIETfD7W8BjOPeaIqGP6/viiOEviKRvBcM+DqfY=
YafWxdHBW4K3iDSjyl/8VaKEgpiC5thFGK6ZzdussFQ/2yJ6u07N9CY47TwJFwssWJJPFVHsLvr2QpmJ+4/FmxjNSKPW+dxEMorHNk3o3v6uuzWc2LYu+QKnB4Mm8TB1xpeJGfbqBFPVPVcELnjPlJALWHgvLyFPzViwtlQpUMmPdkuN3DoPt+yeUVlIYjdxaEHrYCqHu0VGgycSCSbllqo0sVu8diaI+Fatbggg82KeANLwCyoZI+Fo34up/g==
jy5DHe0Fk50GN/4UnLmF7bxM+1bTUcAS0a8ZbORAk5+qbgftFkiLYOHeDh7JHikJFzZAhFsHQeIi8P5EnYv78Tnh4Lu80SaXMC7a7CNUrbYCpHbt4c4I+OKzyuHDweZPjM9+IT2rRkSo+X2b86aO5lMOCJ3M6r+hrcVF3jQ01NcsM/eAP3+s1GNdhHg1uyi8a6swl7+yekn3jw5FY9BJGNmskgKFaYxYCqLQcIlMKD7veIYWxuIbJBUp6W7biamA
yqke1n7R4Cf/+GcvYocRLO+aP3zLCZjqfQbntcYAS9hRdq6GWZap8WfeIFwLzwHaEtjeXI2D+4nJiQDjbJnmL4CGenSz3C1OckwWNbEGSMDSm+r508nmN3ynnnnt44b8GFHdA2MuDh4j5mhFnCL/mZ3tZcYkPNSv3FsX2O83bGzT9STgpTOoRBtDUE/vejpxx6cuXXPYSWApxHJaVSFM4LoKcOgZxKjGn5DmzpYqWxwlAcl2y4Gp+A==
eWSCqfsAJy85L96p5eIjV+MeIW2ItOzkQfulQ9AgZ6NB+80CGzdp2WD1bZTJnbj5U4hTYtETDHsISwqEZuoeblYKHfbJPUO9vwDfgoAHkdCpKPB2VG1mRtYeRPrcS0QupfIqMV7Nkb7PcRUckMqVR9BHppmL+nMUbp6YUx2p8CRVGa7onWtseHUpkAS6ma1iWP2M8jCNt6lBC+dWvzPGJPmQMVz197tY142j0tuA3SMVPwr1e9WOqfk=
Y35qmvGCHr+i75/AIBs2i++aInDNG4PjTQbntcYAS9hRdq6GWZap8WfeIFwLzwHaEtjeXI2D+4nJiQDjbJnmL4CGenSz3C1OckwWNbEGSMDSm+r508nmN3ynnnnt44b8GFHdA2MuDh4j5mhFnCL/mZ3tZcYkPNSv3FsX2O83bGzT9STgpTOoRBtDUE/vejpxx6cuXXPYSWApxHJaVSFM4LoKcOgZxKjGn5DmzpYqWxwlAcl2y4Gp+A==
J8agwOZLRGRQeDtxwfA05XHaVeBR4GP5epllG6nUfK1P3Wooz6faBlsyNYjWRBVAyWvzUKjut2mxkNaGBj5h9fvzPefosbDfNoUkOML2P0qNlCaCXsfN4DjK1oXy2///po3ICTbrcWUWlvwvJUGveO4EN+hgd6AEz1PZMz0kSMpUVai1fwqz8TxG98sc4qkliB7PDZg9ExzK+0M5tv/fbolaHepaSEknXAre9AgqVRLIXAsebnwqjOtW4V8RFCf3qYI=
I4IPiV+Z2N2/i6KNxJK3yGntcKQGOMD1UY0EaNWadwF+rOu8uQpe0oHaaTUvAnCocyNh/jrk7kiVj/uNwZUQ11S1xsvoegqg6xBtCroQxkFJaqhkeidabUtFZrP0Ow7NVU8mmPAtLVe7Ys7aazo4seTOn7210VXSPDDUq9RHB+zXG0yIuwlUNP3/6ADTH4A7Fxba1W8bnsnrVMnkoVji7u2N7IRSdoC8wYhoAtdMtjruxjs4DT35YtONqfw=
i83ztO+8TM5IdDNcYgot/2jkbbMAO4nnAYMYYtDbQ09ytuOpuQpe0oHaaTUvAnCocyNh/jrk7kiVj/uNwZUQ11S1xsvoegqg6xBtCroQxkFJaqhkeidabUtFZrP0Ow7NVU8mmPAtLVe7Ys7aazo4seTOn7210VXSPDDUq9RHB+zXG0yIuwlUNP3/6ADTH4A7Fxba1W8bnsnrVMnkoVji7u2N7IRSdoC8wYloAtdMtjruxjs4DT35YtONqfw=
WXD2qzUnwSSB7rKmDw0W+zT2+FW7pmre2fVRTaACL1wk9Ctky7Qv0xh4dak5uqH0TzOHC7D94dEMqXs=
q6qR1Dg+50i9Ejv+RQgei4YgOMJxdxrhIlhu8h+NTGC6inBoGUWoRp8Q5k6WqlucJYHJ9ssBqXg=
8di/bnXScp0auVINivWqI9G70I+EsA6KxURPr7Y22NeMyQs5SvgaglyK3nQIqlWTyNwLnm78Kgzr1uHfEZQnd6kC
9q64SkzbtJ5I6LmXPWl8Olqx+kifPJNZyHKlMnTwpCs591BZNwyE/dZyuDP8LnagWH4dU48YQ0o+KAIoy/LJywGAL3OpBg==
OCgGLSOXtL66i1hdiK/Ygn97D+KBXUlebzoLTiH8j1AuX3KLBSiO8Gxsf5KYq87ddb+m6NA9bcdbUs7qi6p4ocS+H02VwZVCXADUm7TXx/z368z4mxkUpB3P6DAzj8ArN2ZaJU8LXlmLZMnUwcgi/s19bPRyZsAsIb1vMjfc9irOtrvILS058rO9qcw=
pQd3uafZH1tIFyhDRLRosDT2+FW7pmre2fVRTaACL1wk9Ctky7Qv0xx/dak5uqH0TzOHC7D94dEMqXs=
OePA8XkbnVT+lcBtsvghioYgOMJxdxrhIlhu8h+NTGC6inBoGUGvRp8Q5k6WqlucJYHJ9ssBqXg=
pQd3uafZH1tIFyhDRLRosDT2+FW7pmre2fVRTaACL1wk9Ctky7Qv0xx/dak5uqH0TzOHC7D94dEMqXs=
OePA8XkbnVT+lcBtsvghioYgOMJxdxrhIlhu8h+NTGC6inBoGUGvRp8Q5k6WqlucJYHJ9ssBqXg=
/sKm4Jr2PiRU7DgJSM5gNnM1mRjFp93noeDaZE02kZyGhEg/f/eJC6qevwaHPwDAybzEWmB9AfUsh/dWcHt+oPQd7CSSlgCcge1vYpdsNtouZjuYTV15QhNtqRw=
iaOnFyAud7ywETTr966yQwNa5PIeq3ADdE8tZlrmybgZBhoS2M3LiTHhBvgfpOOR6Hq1CjQINKPZv2BBNxS0tTb6KMu8FmaoeLZtyw+AswIeIBIQC4pZQ2FIH2upHg==
gdllRhsPcVAh4DQnBYSDPCppy9cvmVEZQ08tZlrmybgZBhoS2M3LiTHhBvgfpOOR6Hq1CjQINKPZv2BBNxS0tTb6KMu8FmaoeLZtyw+AswIeIBIQC4pZQ2FIH2upHg==
w+beinYw7KNifQylS/mwNxd+YCxRRiViWuLBrAkSMvb4qeNdYbXOPF9gK8W4rh1ulOycN0kr6MW3kDwhpm6ALxxyznwo4qUPT0R7Vk70OnQrbnFXcVwXb6ka
A1hwLTV4r/jq56Xq2jToffaEJ1eNrSoBhh6IHc/VDwesVF1eWt65kPkuSkoYFZvhkQm2gJ9cU/lIkmVSdNDki7mXkHk3LESdVtL4E/xOtkDY3t0zj/gD6r5IQsjL0glrgWBvU6km
T0N8VqRx8jzZdr2VjEywNzfV4vL36NM2V8nVOpp5U2epHx8aHX/Ntemwg0BOVRSlRuRRb28l1JRFTytcOzqu3ahyWBdPYmB6teI6BHXYVcwx70Kf6xXnwn9I0cPZN26Ff21SqSU=
rZZWsvzf6Lr1N0Dp/2/H1pGv1VJQ6mDNPtr+BtIjp11BJxl4FHHT/NNvrMdaENP0o0ElG3fjJxsljJSqun8LUh3S499baoDKuENIDmm6jqHaVS3+M2kRDPQCWSdczwJpz8JvFHKm3KO5IXxEmdHK+JlzkDjJsRSUHtFhQlT16ML09Ssp3fOjZls7ygS1WJXMcW8Cn6uVp8I/yJHDmbeuhb/tkqnl
XsJBQPWkVJI4ExA5357Fye3Gqw31jDM+uon+BXMQWs7wtWUvJQdpky/bDlCkP+wtk6yVAxsnDAn68zVKXpu4hRL0S6RrNI+T/H9VaVk6wTRvM2dLUH1BEWypGw==
