fkx8tMX014b7FU2un7Aq/tIGpLpCUPIZEHYyW20565i3TCWaN0CiPJybWje69vVBPwYwI9ULl86PpokIk5SFsOnoS4koDCJWjeLaEXML5p7ws86w/M8sBEMtROhViyjsy1twh18C+pnX/87VA+BJSHlc8hJl+QyILdIQ4Ol7KG5MjcYDJVKZ9zVMI/S7oq7J
t/naCkAoG/PSFwFXEV0oj2CR2vrVTlMYHgBshv4lqM67GEAym81JBph8AyRPVpGZktiB0Nwvu7FQRCYkA8tUWpL8aRxCo/+NZgREHSZSIHl8TgdzfDq5bQjW31V4hWMUCnPzwZanT6aJko2yWrD5j5wCqUzockXdSBQYww7B2YSp3VEyO8a3pK7T
lXqh8H2+/PppzQJFWYNG/anFxAh6/wJdBaflXSknw3nr+s+J4i9eWcdJhK3N4NSJGR8qagIQOSiUjh1vAaTuSbw0hHxyuP3mi9kBohjYSzBahzsdMhypxIz7MxUQYC7wU1/8nrL4QcjSN7epZiAMibaGCH1ciq/nLO6xSUhyV4EokUvQqvdbFYazBwIJNsWmSmRRCzzGgVi4ps15CDAQF15VcUCJ2Xnmq1L/gK73
8a+5ZKyM6ZJOqvdyE6mpkzlbEW+h2Ve2z9AkiO1XOL/tONWxk8LPHur6udt/YOp9aqC9xMMXxmpZiu0DYy72qcamzZbKwq/O6vTPvfzgX98WWI+dEkyovffygvnempJ5jen7/8Ue7bc8NKMzoxT3w0b4rbpkWoynx/GMew0X06Gvrto=
G19yKFoG1CksmtAJ6h2npssLCryQht286drO3ruV10nsjFOy0+0UYSmn3CdhuFkp97uKVtbapdN7cM5FJuDxvKeHQuLFahHLpx7SscqmwY7u8msGFhRTNXhwO6daGMOlNlystevSvrGa6vbhAWl3ZyHuKX8AFL87pwTT+4o4YUKAyggvW5HwM0kn97mjrtY=
zoTgSTYx310mcuTFVgU2SMsLCryQht286drO3ruV10nsnVu81eIVMymn3CdhuFkp97qKVtbapdN7cM5FJuDxvKeHQuLFahHLpx7SscqmwY7u8msGFhRTNXhwO6daGMOlNlystevSvrGa6vbhAWl3ZyHuKX8AFL87pwTT+4o4YUKAyggvW5HwM0kn97mjrtY=
p+9ikDOPn45hdJubkl1afekqJgRFkTL2gjsmOp5BCzoDZV43j7vuNAzmYXTJ2sSgV1FwMykN+rP7g107DdeY/404NXEzSa5eyvpZGx/gSr2KoJ2Eo5dmqnmKjUPDrhZp5qbtVipCD46K9O99XGA/nzZYb12yzMh9F/Kiub4aMrlt6Zu/ZZ4Ndxw0w3NDlFeDJviNeoTaLOfn8Wy7rZez4Y+u+g==
oPMN+9iwy9QUuPMAX9DN6s22akoBpCZeRC1aXAhPJSk4yAUcG+hZRgt5wYIY+IuQ3Cf4PTJ8aSQMm/P1EABuENM/vH6y2AFoUpf3iWYATCk2JkhdXGrvh6wO8SlIkpfhqHGLsKrXm7UGE8ciCRYFBsrEkSs8pkG4OMYNmQhQUPfeNTGgifk5Rivyv6Cu1w==
OSIhPAaYvQLJ9SbJTPmG8HY/NEjZY3GMdC/xlJ6X/BNBUXFB1NzkQS5I7Vu9F0jf/TjFUWMPHr56esm7z6A6nZqgjeSTV7bK6Qp947PuxonWpt22+gJ/Lnp0fx2MoA//Jlh/fcKMGN2HchJZDlpimZ3p65+1Xr0XrLRT0xNUp6M2+J2atJp8B3dxHBtdV+OBv67K
LPUM3h0a8LAfgeyueJJ+JI8VrqpeWPFKCnQsS35+97u3QSX1US7LJpWMQz+FwNgmd0picYxvgtKFzqQ9l5ewvvLqS4koDCJWjeLaEXML5p7ws86w/M8sBEMtROhViyjsy1twh18C+pnX/87VA+BJSHlc8hJl+QyILdIQ4Ol7KG5MjcYDJVKZ9zVMI/S7oq7J
fBK3/niQ3JcCPy9UW+iakr3vOUQ294SD+dGJ0XN2wkMjwyWrlTdQr+U43aF7LTbOMjoBaycAgg3iIDV0a7cemqFKNdNbDt65zqbFhuLilx4yNDdNJED3b57YB+16LPANTzJaKSZ6emmF6fPvrX6V52R0G4N79B8zznglCsz61Ne/sdQrNTf7saeu0g==
iO34zW6RpYIGkkjK/zliDO7D2JqtgqhXU574gZxyyJ4rQdGKGPCbqP3+CPXytNl8bONjfZCI/ugz5ww28pBxMHKv54FmCFwRFn44FRwiX19M9mGhyBoHmcgpO3hqH2ttJivXKgkeFT7qHGHj/G7x4Fi+nRGI2MAPPu2B6MmxSR4Lyq+ort8=
pYEAfQMr0jKsDlRUHyfH5sG3ZkcY5W8WWzoDUUQQens60UQcG+hZRgt5wYIY+IuQ2yb4PTJ8aSQMm/P1EABuENM/vH6y2AFoUpf3iWYATCk2JkhdXGrvh6wO8SlIkpfhqHGLsKrXm7UGE8ciCRYFBsrEkSs8pkG4OMYNmQhQUPfeNTGgifk5Rivyv6Cu1w==
9hHWjeKgJmyUYgbdlqqXz/IWSXmZT2YTXIOOSnDawIRxgDgYA2yaFaewnQd64lavRPEaTA3yMGHq8doWxfMYUcJ4EzIpuhDcN3GkWVI+CL7prxHC6WHfDeN310I26O8SxdgaJQ1beES6+w2ae6X53piks0yp+sFh0mBRuHyHy2nQHNaMoyME4lKEubQiS0/VZlz09Ub68AG89leb3JJJNYgOr/3Y7bOsSoujaXbP/36JSj3auhipd9y6eSRI2jUFyEzoa64piTxppYGaWy4H/K6L
6UdpqvByJhXYC3U1q4PARE/+YkCFgyxQLl9lCfAE2l0PKudxbncHMIHA4b62+Vam9wLaZ2X3YM/1OM1BS2NHb4K6kct3QNItEiAFFDv3znoxykWz684umd6m1aYSIid+QrSnrfQApw+u2PfNKmygrd+y6olWOkqJlenjj52+ZUfU9IsjqzTPE754FeocOoS3LzEky4V3i5G3rsI=
dx5Wrzxkx0ozSWWmmvVAzxkA572r3gZYmZMgWCpfYQH8FMZFawoDSRJHy/jFgCV2+onqXlNifv/5Z+xHcbhJycfz2/cmWjWzy7AeZVbgwVx3xzJCVeqhq/feIpHaptGuHjI7ZqaUw5UIMOtHahizheacHNV7Uk4RyqrGARFpZwcRLvnfcJQv2xdEg9t6OFEi0Ar4j8sRQNOZZ4eZs67G
67uY1NAxuSVjtGdLZRBCYcqYh2o5IlaB3hwXo9qr397/QWh9v9JytL+nM3gKdPCKmFflQbT6CtkZXANPpdDYFhcar4At/wJiZR7kTbeHsI6Suot5iJyi5m0ymmFTG+aukOMOQFxfrLSj/QSYdZso3KsLsHf/knopNy+OpSPwSXgZDDLixWmMOM0CUJDJayheLN0G84XCGUfVnGOEm7Ku+Q==
thfdhf5ooDSW/ZhTUeIZptk5KvDTzpUuOCSnax4kFF9ffcLs+DlV+j01LL/1hPtgGwrEcdQibZJAg8ef0jtPePe1eQtli5iqi891SKAZ6AB/IMk/jD7rGh/XSSac7WQmb9KgyoUaGGR96bbIVTvU+A35WGSiqcWi8G10Unh9r6lZey/Wx6NOZBGnKby9p0TYb17u8sbz9eF+r6efueWNrvg=
WMvbWIsA4jQ0l/3RTh6x9ri1ixOmoFJW4XgeCjZncNTFmoMnSJL0lLUhk9p75XkemGQzDKa5QaHSoNF4fMdLKdDcVkyjY4SiUsQ5dCKLz5VmHHQ1RjpwQby219vcUsn1iE4vvdgtM2xKSyMpdo9/vomKvZq6WCm33Hr55EiatUXIjGirrmkJfGnlAVpb7oe8rss=
aAqTXmuVhCWvZY6nhV9huWXn4oF9wo7trqiercr9QqRg7LCnNoPjbxZjI/gbbT1yRoxkiteH0dgkoYRAU9jNL+h2N/qjXy2WWDVIJkMKZHrhkqSEoaHS2FHD+LhhQdz0BuGZggxlUCI8pUMpNSPrJuOrMkTNb40sOR+oGEMm6uIiO6mBwidDL/29oa7U
vuxz+EEqVrvGsB1xRAsmj2cF+LRg/r3TL6+nH3L7r3iX9dmBgkS4quuP1chA2cgAH2Bpv2z+yxp/l+mmfC1EJk8SQEolWnhkXSlWSPV7tPgtObjkAumlotCtlNLYPc+pubuPVqfjbmTxZ4k83edk2I+eTnKms9Xhnm8HH9mlra7Y
XlsUAw2WBu0dlCdSTbQ4R5drMfZ+Nku2NTyD72Uw2DZXeiQn4h8CQiV+ZO13Z7Cu0toL2Uh8osYtUhrBk/vmjtCDjuCcv6yU452EOLV7KPzrazDXP3J6CXdPDgXjEElYWWyyQgWJjBiNYtAwCYsofmy9hlNFIhlnlfzjJFtSrtk=
5EzVku9NYq8W0I+X1b3XZWUF+KVi6LnTL6+nH3L7r3iX9dmHgkS4quuP1chA2cgAH2Bpv2z+yxp/l+mmfC1EJk8SQEolWnhkXSlWSPV7tPgtObjkAumlotCtlNLYPc+pubuPVqfjbmTxZ4k83edk2I+eTnKms9Xhnm8HH9mlra7Y
F7Gsf52uZ0BnOFu2d3FJ4pdrN+BiK0u2NTyD72Uw2DZXeiIn4h8CQiV+ZO13Z7Cu0toL2Uh8osYtUhrBk/vmjtCDjuCcv6yU452EOLV7KPzrazDXP3J6CXdPDgXjEElYWWyyQgWJjBiNYtAwCYsofmy9hlNFIhlnlfzjJFtSrtk=
C1rO40EC5hj1oJ/ecznLgZdrNvZwLku2NTyD72Uw2DZXeiEn4h8CQiV+ZO13Z7Cu0toL2Uh8osYtUhrBk/vmjtCDjuCcv6yU452EOLV7KPzrazDXP3J6CXdPDgXjEElYWWyyQgWJjBiNYtAwCYsofmy9hlNFIhlnlfzjJFtSrtk=
qvfDMljQA1Ksj40DHdiao+fs2ACsvlVT9zFQDiphNtLFlNN0Xprvh7Qmsdp75XkemGQzDKe4T6HSoNF4fMdLKdDcVkyjY4SiUsQ5dCKLz5VmHHQ1RjpwQby219vcUsn1iE4vvdgtM2xKSyMpdo9/vomKvZq6WCm33Hr55EiatUPIjGirrmkJfGnlAVpb7oe8rss=
xwVfjgLuxUE/ZWAtdyB3b8glVWwJ35NIdu6QuunsgXqtKJD2nZfdu9QLLR8NeYsMc5rxvtoMShbLieGSGOirYBt1l42yjMl0TKsT5RAQDiAT7xwOMmjhuBLn15lmEGxZdvao7dwaT1dsPpE5SIJ30eghK0AqZ/vlxuPnMgkGJfYKlPGbvFbh6Hj27Y8IQDDHHuWR0AlJ2ZZrgp+wrsc=
smyjtdx/lol/3HkJqJhjbNQsSNTivwWzXo8+L0jIu2fTWLFwyb/4me6b51gJPNwGLuUUAQXgwr1HfCwJLdqt9snNBkgfNPJT/mWJjtF2gxKh1OEOe7r/0mWq/YaDa5R6kpyp/MLDv61mJAR9prLgGXxux9P8mnmNCLaf9fglIzQKk7OhFkePhomyTVLa0LlvnCLp7GjSBbhI9NhjjmEZpKm9kdK7pveErvM=
smyjtdx/lol/3HkJqJhjbNQsSNTivwWzXo8+L0jIu2fTWLFwyb/4me6b51gJPNwGLuUUAQXgwr1HfCwJLdqt9snNBkgfNPJT/mWJjtF2gxKh1OEOe7r/0mWq/YaDa5R6kpyp/MLDv61mJAR9prLgGXxux9P8mnmNCLaf9fglIzQKk7OhFkePhomyTVLa0LlvnCLp7GjSBbhI9NhjjmEZpKm9kdK7pveErvM=
gtUQM0pZr/ek7Rld1j1xS/jtw+7ZxsXNs543bYXXhddQ741rEjm157TFeSq+qZ57tGvNfWI3/DxaJgvJoOt7fjWtRHE+JSajE9WsXmbeyCcjlCqhIGQHgSpkJFNgYFpV9ztJ35CSEYa3BU/TNV0LNVH7q78sfgsaPxcppjythCaPkgBK5do4ZJ2pFkg1+/T47bn45MJp5aIQLdTSGL2PqXk7z1ZnYy5kMefJPB1nINhPHg5yZjOV4V7vRx8ZJe2umA==
EEkpimI1kqXE7cG1EFxDb+mINzqYSPmSY8hna3tzSnL7fMhH/UENluGuNz0Vyr9LlwZvMVeWVk/vRUuJQdp5a8mf5A/ktGUBffD+uDfjxYfrdUt2J6NCd/jzc/7e3cXJ+oQ5n8Z7nyGWMXXaAU7LifziznJX4G+E25DFLBH8e2VAKAIqFdbK3ftP5sJIZ76cVKvMOBvZFOSdD+jws8/A67emWmXPS16ZCyTJlEEIAr5NHWw09abAbKF7aPK0mfbvTXa5i614Mzgz5q6V
GlHdjdFcEl/KM+M2pxShGYzooqvUC7+TT6PDbj0VGMaV7K3qtkG0SN3b5Ss9Lb7ENFRf0ezc9cETEyJ2bSIUae/LcHo6Jhv9cDDCsqXOqgVLF+aa+L/ehOQzDCArQXQ8rVdoqIMXoHOHvpr9f1M+Qbt8yczx0GKm/YWsLMU+oLSRLOiqhEGWd31ueRMdYFPgg76uzQ==
/juyoID9nkxZ2apZLdYMjiBQz2tr38Npw9/ypJ/jv30fbP7wCZMQHfYPetLtErd/9Ia4wdDtCCp7byUIkPn4AG8AOf/cXluaj3c5ZkwNVCZfMnCK9bqI5M2J5gilG8T4HRloJPIJNSJgDcSSqF3fqalbf5Z3Q97kYQf5fI3HX9h/fp6yFhNFYe4PV1/phb2uyA==
FGzjnEojpo86nUzHwgf/Md/4242Yog+Y1FQMv6lj2N23iAxpRuYQl1yK2XQIqlWTz9wIm275KQzp1eHKG54nbK4b
Ijo0zS0nzXulKj9buBMxfUf6bkiAt39KIGIqGepNuV9cENtfX2IUIoKFp6Gguhym/xbRRAiuMOnBFdc4PjwdMd66iNo6XecpERULDzn3znoxykWz684umd6m1aYSIid+QrSnrfQApw+u2PfNKmygrd+y6olWOkqJlenjj52+ZUfU9IsjqzTPE7h/FeocOoS3LzEky4V3i5G3rsI=
ixTdpBcxd5Y13YK2+BZw5TBVdO/bNBdJYQ5K2rpOhYgf2iRrJKf/uEWfT/JKSHorYso2r+hGnZjtztq/SZEsmJC+neUNI/XgVG7AMbQ1gjx4Xbdnmj+PA6Vgut5+KiONABGxnZfVGe1QtIZUw9t0ChIsCQyCE5+9ZjQkreZCQKn8HidjvEoZnQimf6U4lUPEiiMT0dYXr5aJom0CGqAZ3xzSiVyoguWoT+S4s87R+dQpDTEi+3bXlK7j
2dC0I1q2ELzlfnkz6otUeTPWhDtMX0/JmR9yGleWIf9YeSi5vRKB7RsLXz7SBtc4DlvNjHX4eWGNKOXiPOPpdbmcGDpxRxKXU7IjBUqMPoH4zfwhQh13N5e3sOYqb8XpbNPrlERKcC1L3QteN6tiv6hb/VKMFeXB6qx5N1bzP+nGGXXyUYZrAWxKjlpH6E9MizhFhEE0W21QAEKChV5qFatn5uoYrx4UxAOMEAvRNCzNp2hY4wfg46eOGs1fw/5RWwzJvBHAojbdtSwc5a7gpPHT71rkUdbnXV75Iz3wk/Bjzq69
Pm/2nqHl86I6baZUKhTSk6GW7p5HQQJuNSdchFRluZigtafz1wW2RIukhaRXS/EDDGx80ZGGhkp4nUafCoHUGnH+FNypqez5W7ua3CHKMop8bLbciPu8Lc44aazyQWruUmsTys/stsFUsyGBJvYsOsoN5fKgCWpwNdHY8I6bCmR4FVW/Ixe6huPWBZEF+z85yZXTH+GXJiq5ik3DA67W6SamLdbqQs8OSvQv/Rxgfx92WC/d8syI/Vfy4jn+GnI5LelbP6WezffcNAPzg5SXA+L/TfpE2uxnp/EsO+2X82HPrro=
pDx0SCkk+DJtI8cJztI2TR5hpJUnE6jvXt87ajVlP4YeKiey9ikh7+/oJFluRv0NpHTbAzv037MKf2WKDPoUV/+xFKv1N7sxZ64S
3geDCVnqFEWlRybUeTJToTfV4vL36NM2V8nVOpp5U2epHx8aHX/Ntemwg0BOVRSlRuRRb28l1JRBTSVcOzqu3ahyWBdPYmB6teI6BHXfVcwx70Sf6xbiwnpL0cHaN3uPdW1Jrjw=
K1USdgWgD4GhaqyqIkKPQ/aEJ1eNrSoBhh6IHc/VDwesVF1eWt65kPkuSkoYFZvhkQm2gJ9cU/lIlmdcdNDki7mXkHk3LESdVtL4E/xOsUDY3t01j/gA775NQcjJ0Ql+i2pvSK4/
HmxMjQGRUv/yIeSW6gBA0xd+YCxRRiViWuLBrAkSMvb4qeNdYbXOPF9gK8W4qh9glOycN0kr6MW3kDwhpm6ALxxyyXwo4qUJT0R4U07xOXQpbXFCe1YXdK4D
dtiyAeaLzy/dwVjpbgCnaCppy9cvmVEZQ08tZlrmybgZBhoS2M3LiTHhBvgfpOOR6H63BDQINKPZv2BBNxS0tTb6KMu8FmGoeLZtzQ+AsAceJREQCYlZVmtCH3CuBw==
lnLDPnw1g/6wJT87WIM7GANa5PIeq3ADdE8tZlrmybgZBhoS2M3LiTHhBvgfpOOR6H63BDQINKPZv2BBNxS0tTb6KMu8FmGoeLZtzQ+AsAceJREQCYlZVmtCH3CuBw==
/mhkkfC4mK5d2zdiC1BB13M1mRjFp93noeDaZE02kZyGhEg/f/eJC6qevwaHPwDEy7LEWmB9AfUsh/dWcHt+oPQd7CSVlgCcgeRvYpRpNt8tZjmbTUhzSBN2rgU=
oRIpArtFuBGZzySJfWnwXNQsSNTivwWzXo8+L0jIu2fTWLFwyb/4me6b51gJPNwGLuUUAQXgwr1HfCwJLdqt9snNBkgfNPJT/mWJjtF2gxKh1OEOe7r/0mWq/YaDa5R6kpyp/MLDv61mJAR9prLgGXxux9P8mnmNCLaf9fglIzQKk7OhFkePhomyTVLa0LlvnCLp7GjSBbZP9NhjjmEZpKm9kdK7pveErvM=
xYOtGRLLvK94lYVXPnwf7h5hpJQnE6jvXt87ajVlP4YeKiey9ikh7+/oJFluRv0NpHTbAzv037MFf2WKDPoUV/+xFKv1N7sxZ64S
1Ny9LThM0ycIHFYyN2xMCNUcXHu9c9WLhYwZBaPte+lFSBsTcsE/qu3ph6RlkvXYaECcy3K600nhbzXPAfwUnf43lT8EzJg37zvsG4FJszqeeSvzlm4Lpx0RzqZ7NFmLQix9PHXPWajWtfjFqb3yTMBDfs0GnHjDHaqQXWYuJkxkuZrgw8C6TA+4e4fZJuX1sbeluQtKmtfSisRymo2JLuGTVPDIn2z386jlRvoNJcRqqtjDErDwD5XbTN8uGBiEaOfyr/9Xc7hrvqZfjttI2cgwWrcO9g6PJVZ8X8QZIMewqY5hibtydv53r74Ye9kVQ0ZkPgl7ILlD6KOwysN5tfH+3u16NWypozYaXXqUf2ZvoDhFKnh/HvYzLBlAE5W4jkkeEl5E+55MeZYIwbFMqJLLpkxMlWGXj8emXnc2cWl5C1PR3VVHN80nmhINKlmbn/46gdKm2b4GElNWXlSbxaDQUzfimDs1njz0BSMSduHiyt4RGWlvFwnO0a9IVPeLf+R7a/m/2dJoalBfE1E443FHn4m7rs4=
I/5zdgShDjzubI1XiwURx5zP1f2lgahi60QQV2o4xWRT0IE4u+j0co6HP3j4jbGlXsS0O5Fo+kbI/rP3aWKJ45ULitZhwDZh95/d1F/NPWZx5mitheKt2a7GfVZlf3CsnDwp4cDEUupfpCJNMXlDLiWH/lPf17OpfJV5dv5Bq9FmY46ndcOu/DBnZnScmmH+XvDnQouspwRKl83ZvjVkjeWszAK/Ld4XT1G9qGwkgL1VkDa59rF9/RBddT5P3WlZkJ0G62trIQDn7tLQWgf56WOdC3tME2nBtkPV7qJNCZMxxeWTxbePlqsPfOVzrrgfYywnUFpNwCYbTYOoPPLG/Qu897KyByPFRTEDWJJ7O91s6vQcHLHbpfjyhH2HXY/X+zDa7eXnvAEURlSXPddOBml52sEXT3IjtUxtpNO3aIA+dGt6B0rfomVa3fZDuzTqEgzJrALz351mFGRNZuKAifz+ZwM86ll9CMa/Bbh1g6SKA1NxVndvtomCrWKaAFn/HLJJvCgiJcZPBPgTTrG5NCkt8YJ7lpe0rsM=
faYH+SmWmXkOLBln5Gq++hgueL9qpfK0ltLX5GW4KUYWE22jx4UZrMcPhTD35k9nh9R2YS/PUhsjPIwMBQMN8PbWbsr7QO4xX2eSo7iwzUXpIR4uxE2sf3cRcud5pcu7fr/bmak+jJHphyzusdPf+dyiYeQDL9CkH4iP7yOcNP2qYTMtqIgSK3w5PNzCN5/CQpk8PjxoNvF4VLlgQHhtsGmjg/Z/cSNfZ80xSqCjEGJW9gBd0wrzmzbEMj8WQxHgt2LgHX8AuMJaN6jwyvuXs54bdIiCIDqvEJuFd4kMCTY0+9QLUt3a2JjDtHa0++e+blveyXpjIiHs1XObCEIcP/0aguuD0ZEuZsozO5pNwYBxdJDTY5GjtjxZAJWWncE+CHkgROXi/Uj6MRB4RWo0276d2sPPnJxBfCak5IEqrjHELNuhFmxAoyS49tVbY42vdJotpuvNK0Ox5ad1vYOvrwi2V/pDn40W+PVoJmPKxPpBUkSEwWEyWDGDGLhBAXx0pqG5giwlMKLc5SMp1eOLpgNrEkTtry2smd+DHyPmCmJCe0mBomfjr139ga70
S/gsBrnMyusRXk0BFaKEb76kgfRChQcfLCFF8nfxnLH7i5jxYGhNwTwEigHnbX3B4Q1Xm/mtR5Ov6Bogx3aerxlxbIcja/xLHfHN5EYd3D7pTttHli8jGasIw8O3qhOWRyn1EtES4MlVJsXtrvIVkrUb+Fg8SOEF0MC63h8QysmhnYtaBXP2Nw8T2x38IRGyLiWjJUYXRkPlR0ZIcFOOcIx+qYr+BG8mW2jPMEqjpR1uUex5RdgE5q8pNiMP5VUs/MBIyXVkPt0mdRVJkOkd+p+5Ya2w6c4P++/JtKfaOtRK4zGdw2mDH5zXAfW2d70qcimBZ5GxLXfVs2ei67uUYeNKcGtD2C80iomokpv562zsls4JK8g/ViKDy3EFBetcgp/zqcwefHjMdbOR+MbsuVc5ByNbRBIJ9eNUNVTyvBOtM4ZySY3SpceLGpc1+AVgA9NgdB4Ao56XzjcWJW418lNf/J6y+EHI0je3qWYgDIm2hgh9XIqv5yzusUlIcleBKJFL0Kr3WxWGswcCCTbFpkpkUQs8xoFYuKbNcg8wEBdeVXFAidl55qtS/4Cu9w==
AynJoVw3UIrAmCgBYJLBJJo4hbK1y72ImJiq1LlIZ5ihvEIyEeLdN86KLvIBLPfqNsroQNlwio2fV7yE+M50N2//+Kw4//+Li70LvncL4t9oe/Z3S3VlYapMeVeWU78Jhjl10hFm66GsKo66B0jPLEsYRaSBVNvNEOBC4kX+6vXrR+bKWE+etARjjPBLcbRMDYdoeCNnYEPnbhqtn2N+sRssyZxRICKWHdUs/KUOYMQx/O96JDFWRx2++UP9UBMQI+6unQ==
XiNqNAROoU994ijGFnrPqT0yKF+CEo71CFcZQd+q8mwyNevWMBJuaTljQq4Pp/u9WneTHuyeowNXhMzHwQwj0bW7a/VI0z77FwA1B8tb4W9CEvgMqgod4xtdz5N+6QRoA4gQaXj6WGsZ3t3EVOU+4+tE8LFg7iCkjmYygej0v0EyVOwz2LAyVR9r8T/YognGD5UH8y0to7U5y7Pf5O5z2idn4QZEfawmp0J46i2qIKTlOd4oLcuceEXJ4MSK+V3iCB2cMqDtZ6kR63c2r1M2pIl3ARwFl4dfpy4Wki6jbaFGHw+/4XXFrrA=
Ot41UoX4YXbQ3hEmWH73Uj0yKF+CEo71CFcZQd+q8mwyNevWMBJuaTljQq4Pp/u9WneTHuyeowNQhszHwQwj0bW7avVI0z77FwA1B8tb4W9CEvgMqgod4xtdz5N+6QRoA4gQaXj6WGsZ3t3EVOU+4+tE8LFg7iCkjmYygej0v0EyVOwz2LAyVR9r8T/YognGD5UH8y0to7U5y7Pf5O5z2idn4QZEfawmp0J46i2qIKTlOd4oLcuceEXJ4MSK+V3iCB2cMqDtZ6kR63c2r1M2pIl3ARwFl4dfpy4Wki6jbaFGHw+/4XXFrrA=
SoULg2sU36/vOQmwhcAQUj0yKF+CEo71CFcZQd+q8mwyNevWMBJuaTljQq4Pp/u9WneTHuyeowNXhMzHwQwj0bW7ZfVI0z77FwA1B8tb4W9CEvgMqgod4xtdz5N+6QRoA4gQaXj6WGsZ3t3EVOU+4+tE8LFg7iCkjmYygej0v0EyVOwz2LAyVR9r8T/YognGD5UH8y0to7U5y7Pf5O5z2idn4QZEfawmp0J46i2qIKTlOd4oLcuceEXJ4MSK+V3iCB2cMqDtZ6kR63c2r1M2pIl3ARwFl4dfpy4Wki6jbaFGHw+/4XXFrrA=
dN4Gr2ZibR07oWfaxzUrAz0yKF+CEo71CFcZQd+q8mwyNevWMBJuaTljQq4Pp/u9WneTHuyeowNQhszHwQwj0bW7ZPVI0z77FwA1B8tb4W9CEvgMqgod4xtdz5N+6QRoA4gQaXj6WGsZ3t3EVOU+4+tE8LFg7iCkjmYygej0v0EyVOwz2LAyVR9r8T/YognGD5UH8y0to7U5y7Pf5O5z2idn4QZEfawmp0J46i2qIKTlOd4oLcuceEXJ4MSK+V3iCB2cMqDtZ6kR63c2r1M2pIl3ARwFl4dfpy4Wki6jbaFGHw+/4XXFrrA=
bcDLUvXszQ/OTDIvFnfjKT0yKF+CEo71CFcZQd+q8mwyNevWMBJuaTljQq4Pp/u9WneTHuyeowNXhMzHwQwj0bW7Z/VI0z77FwA1B8tb4W9CEvgMqgod4xtdz5N+6QRoA4gQaXj6WGsZ3t3EVOU+4+tE8LFg7iCkjmYygej0v0EyVOwz2LAyVR9r8T/YognGD5UH8y0to7U5y7Pf5O5z2idn4QZEfawmp0J46i2qIKTlOd4oLcuceEXJ4MSK+V3iCB2cMqDtZ6kR63c2r1M2pIl3ARwFl4dfpy4Wki6jbaFGHw+/4XXFrrA=
UVXRYYXSDULpu4TlYbbNXT0yKF+CEo71CFcZQd+q8mwyNevWMBJuaTljQq4Pp/u9WneTHuyeowNQhszHwQwj0bW7ZvVI0z77FwA1B8tb4W9CEvgMqgod4xtdz5N+6QRoA4gQaXj6WGsZ3t3EVOU+4+tE8LFg7iCkjmYygej0v0EyVOwz2LAyVR9r8T/YognGD5UH8y0to7U5y7Pf5O5z2idn4QZEfawmp0J46i2qIKTlOd4oLcuceEXJ4MSK+V3iCB2cMqDtZ6kR63c2r1M2pIl3ARwFl4dfpy4Wki6jbaFGHw+/4XXFrrA=
GBfGc08wo4eTfrLpEDkbXT0yKF+CEo71CFcZQd+q8mwyNevWMBJuaTljQq4Pp/u9WneTHuyeowNXhMzHwQwj0bW7YfVI0z77FwA1B8tb4W9CEvgMqgod4xtdz5N+6QRoA4gQaXj6WGsZ3t3EVOU+4+tE8LFg7iCkjmYygej0v0EyVOwz2LAyVR9r8T/YognGD5UH8y0to7U5y7Pf5O5z2idn4QZEfawmp0J46i2qIKTlOd4oLcuceEXJ4MSK+V3iCB2cMqDtZ6kR63c2r1M2pIl3ARwFl4dfpy4Wki6jbaFGHw+/4XXFrrA=
AfNIM7ke7VZrtT/DqUXAJz0yKF+CEo71CFcZQd+q8mwyNevWMBJuaTljQq4Pp/u9WneTHuyeowNQhszHwQwj0bW7YPVI0z77FwA1B8tb4W9CEvgMqgod4xtdz5N+6QRoA4gQaXj6WGsZ3t3EVOU+4+tE8LFg7iCkjmYygej0v0EyVOwz2LAyVR9r8T/YognGD5UH8y0to7U5y7Pf5O5z2idn4QZEfawmp0J46i2qIKTlOd4oLcuceEXJ4MSK+V3iCB2cMqDtZ6kR63c2r1M2pIl3ARwFl4dfpy4Wki6jbaFGHw+/4XXFrrA=
/pGJVohNB9BVFnZWo/a22j0yKF+CEo71CFcZQd+q8mwyNevWMBJuaTljQq4Pp/u9WneTHuyeowNXhMzHwQwj0bW7Y/VI0z77FwA1B8tb4W9CEvgMqgod4xtdz5N+6QRoA4gQaXj6WGsZ3t3EVOU+4+tE8LFg7iCkjmYygej0v0EyVOwz2LAyVR9r8T/YognGD5UH8y0to7U5y7Pf5O5z2idn4QZEfawmp0J46i2qIKTlOd4oLcuceEXJ4MSK+V3iCB2cMqDtZ6kR63c2r1M2pIl3ARwFl4dfpy4Wki6jbaFGHw+/4XXFrrA=
FaS/6ZLS5SvGEsSRh7aVjD0yKF+CEo71CFcZQd+q8mwyNevWMBJuaTljQq4Pp/u9WneTHuyeowNQhszHwQwj0bW7YvVI0z77FwA1B8tb4W9CEvgMqgod4xtdz5N+6QRoA4gQaXj6WGsZ3t3EVOU+4+tE8LFg7iCkjmYygej0v0EyVOwz2LAyVR9r8T/YognGD5UH8y0to7U5y7Pf5O5z2idn4QZEfawmp0J46i2qIKTlOd4oLcuceEXJ4MSK+V3iCB2cMqDtZ6kR63c2r1M2pIl3ARwFl4dfpy4Wki6jbaFGHw+/4XXFrrA=
jqpwYE6rX3ifWYchYWQXQD0yKF+CEo71CFcZQd+q8mwyNevWMBJuaTljQq4Pp/u9WneTHuyeowNXhMzHwQwj0bW7a/RI0z77FwA1B8tb4W9CEvgMqgod4xtdz5N+6QRoA4gQaXj6WGsZ3t3EVOU+4+tE8LFg7iCkjmYygej0v0EyVOwz2LAyVR9r8T/YognGD5UH8y0to7U5y7Pf5O5z2idn4QZEfawmp0J46i2qIKTlOd4oLcuceEXJ4MSK+V3iCB2cMqDtZ6kR63c2r1M2pIl3ARwFl4dfpy4Wki6jbaFGHw+/4XXFrrA=
0+OuknE13ussSXBQECZV7T0yKF+CEo71CFcZQd+q8mwyNevWMBJuaTljQq4Pp/u9WneTHuyeowNQhszHwQwj0bW7avRI0z77FwA1B8tb4W9CEvgMqgod4xtdz5N+6QRoA4gQaXj6WGsZ3t3EVOU+4+tE8LFg7iCkjmYygej0v0EyVOwz2LAyVR9r8T/YognGD5UH8y0to7U5y7Pf5O5z2idn4QZEfawmp0J46i2qIKTlOd4oLcuceEXJ4MSK+V3iCB2cMqDtZ6kR63c2r1M2pIl3ARwFl4dfpy4Wki6jbaFGHw+/4XXFrrA=
fQEwhllz3aK1yOeYSYeGFz0yKF+CEo71CFcZQd+q8mwyNevWMBJuaTljQq4Pp/u9WneTHuyeowNXhMzHwQwj0bW7ZfRI0z77FwA1B8tb4W9CEvgMqgod4xtdz5N+6QRoA4gQaXj6WGsZ3t3EVOU+4+tE8LFg7iCkjmYygej0v0EyVOwz2LAyVR9r8T/YognGD5UH8y0to7U5y7Pf5O5z2idn4QZEfawmp0J46i2qIKTlOd4oLcuceEXJ4MSK+V3iCB2cMqDtZ6kR63c2r1M2pIl3ARwFl4dfpy4Wki6jbaFGHw+/4XXFrrA=
RjgZEGUa6vTv3KcZZALW4z0yKF+CEo71CFcZQd+q8mwyNevWMBJuaTljQq4Pp/u9WneTHuyeowNQhszHwQwj0bW7ZPRI0z77FwA1B8tb4W9CEvgMqgod4xtdz5N+6QRoA4gQaXj6WGsZ3t3EVOU+4+tE8LFg7iCkjmYygej0v0EyVOwz2LAyVR9r8T/YognGD5UH8y0to7U5y7Pf5O5z2idn4QZEfawmp0J46i2qIKTlOd4oLcuceEXJ4MSK+V3iCB2cMqDtZ6kR63c2r1M2pIl3ARwFl4dfpy4Wki6jbaFGHw+/4XXFrrA=
b2OVYrFmmkTduAQmYETtSEEcy90/bS2acsn2+AjY+SoAK+MJt9I2b1fnJi3ppVotld240IKtGV29eXV8claXZq93XhVeWY9vvTZA3v4gULjA46ZvX7ZfvAT1h1+10Jfx2332AkLsa7Jk8erUbzXDo6IR0Mi3EGw5NNJMaw32kZQofYpDP704jnKGVO07zr5xNEzrIUZM0OMUWKbViwO9b+S6/SbbLVuDoYUXdc0jv++4lid6k/8d1ohVuCazarQ60TKUBLFBghghI2i48WFstNZBiQL8BaBi7IXzKYUDu+aTS0LE3c/d7Ik/Mx/TRhqi8lu5AfKHc++tXdGupA==
9frWcMBdmTLVJcP+PmY17z0yKF+CEo71CFcZQd+q8mwyNevWMBJuaTljQq4Pp/u9WneTHuyeowNQhszHwQwj0bW7Z/RI0z77FwA1B8tb4W9CEvgMqgod4xtdz5N+6QRoA4gQaXj6WGsZ3t3EVOU+4+tE8LFg7iCkjmYygej0v0EyVOwz2LAyVR9r8T/YognGD5UH8y0to7U5y7Pf5O5z2idn4QZEfawmp0J46i2qIKTlOd4oLcuceEXJ4MSK+V3iCB2cMqDtZ6kR63c2r1M2pIl3ARwFl4dfpy4Wki6jbaFGHw+/4XXFrrA=
KG5QE2SUYEiOuixBRM5MsYaz72uldUfwtbBJ8foStx5ApPrEmjFPg88H3/DyLH65Y/MfM5DjojTYNrcs+v1HIbnfo+oUULxr2M8+HNl6YnD2wF3ZehmirmaLA2tEzGOO38U76cBc7rn9i3Dd655QLFj/h2NbBJNd+j3U9V24OFOt8waySU1S5cfLmlc1OIUgA5PgtB7AI16XjrdWJa61MlMffN6yuMEI0vc36WZgjEm2Rog9XMovpywuMYlIMtfBKFHLEKo321WG84fCCfZF5kok0cs8BgGYuOZNMg/wkNdeFfEAiZn5JquSf8Cutw==
b2OVYrFmmkTduAQmYETtSEEcy90/bS2acsn2+AjY+SoAK+MJt9I2b1fnJi3ppVotld240IKtGV29eXV8claXZq93XhVeWY9vvTZA3v4gULjA46ZvX7ZfvAT1h1+10Jfx2332AkLsa7Jk8erUbzXDo6IR0Mi3EGw5NNJMaw32kZQofYpDP704jnKGVO07zr5xNEzrIUZM0OMUWKbViwO9b+S6/SbbLVuDoYUXdc0jv++4lid6k/8d1ohVuCazarQ60TKUBLFBghghI2i48WFstNZBiQL8BaBi7IXzKYUDu+aTS0LE3c/d7Ik/Mx/TRhqi8lu5AfKHc++tXdGupA==
KG5QE2SUYEiOuixBRM5MsYaz72uldUfwtbBJ8foStx5ApPrEmjFPg88H3/DyLH65Y/MfM5DjojTYNrcs+v1HIbnfo+oUULxr2M8+HNl6YnD2wF3ZehmirmaLA2tEzGOO38U76cBc7rn9i3Dd655QLFj/h2NbBJNd+j3U9V24OFOt8waySU1S5cfLmlc1OIUgA5PgtB7AI16XjrdWJa61MlMffN6yuMEI0vc36WZgjEm2Rog9XMovpywuMYlIMtfBKFHLEKo321WG84fCCfZF5kok0cs8BgGYuOZNMg/wkNdeFfEAiZn5JquSf8Cutw==
b2OVYrFmmkTduAQmYETtSEEcy90/bS2acsn2+AjY+SoAK+MJt9I2b1fnJi3ppVotld240IKtGV29eXV8claXZq93XhVeWY9vvTZA3v4gULjA46ZvX7ZfvAT1h1+10Jfx2332AkLsa7Jk8erUbzXDo6IR0Mi3EGw5NNJMaw32kZQofYpDP704jnKGVO07zr5xNEzrIUZM0OMUWKbViwO9b+S6/SbbLVuDoYUXdc0jv++4lid6k/8d1ohVuCazarQ60TKUBLFBghghI2i48WFstNZBiQL8BaBi7IXzKYUDu+aTS0LE3c/d7Ik/Mx/TRhqi8lu5AfKHc++tXdGupA==
KG5QE2SUYEiOuixBRM5MsYaz72uldUfwtbBJ8foStx5ApPrEmjFPg88H3/DyLH65Y/MfM5DjojTYNrcs+v1HIbnfo+oUULxr2M8+HNl6YnD2wF3ZehmirmaLA2tEzGOO38U76cBc7rn9i3Dd655QLFj/h2NbBJNd+j3U9V24OFOt8waySU1S5cfLmlc1OIUgA5PgtB7AI16XjrdWJa61MlMffN6yuMEI0vc36WZgjEm2Rog9XMovpywuMYlIMtfBKFHLEKo321WG84fCCfZF5kok0cs8BgGYuOZNMg/wkNdeFfEAiZn5JquSf8Cutw==
b2OVYrFmmkTduAQmYETtSEEcy90/bS2acsn2+AjY+SoAK+MJt9I2b1fnJi3ppVotld240IKtGV29eXV8claXZq93XhVeWY9vvTZA3v4gULjA46ZvX7ZfvAT1h1+10Jfx2332AkLsa7Jk8erUbzXDo6IR0Mi3EGw5NNJMaw32kZQofYpDP704jnKGVO07zr5xNEzrIUZM0OMUWKbViwO9b+S6/SbbLVuDoYUXdc0jv++4lid6k/8d1ohVuCazarQ60TKUBLFBghghI2i48WFstNZBiQL8BaBi7IXzKYUDu+aTS0LE3c/d7Ik/Mx/TRhqi8lu5AfKHc++tXdGupA==
KG5QE2SUYEiOuixBRM5MsYaz72uldUfwtbBJ8foStx5ApPrEmjFPg88H3/DyLH65Y/MfM5DjojTYNrcs+v1HIbnfo+oUULxr2M8+HNl6YnD2wF3ZehmirmaLA2tEzGOO38U76cBc7rn9i3Dd655QLFj/h2NbBJNd+j3U9V24OFOt8waySU1S5cfLmlc1OIUgA5PgtB7AI16XjrdWJa61MlMffN6yuMEI0vc36WZgjEm2Rog9XMovpywuMYlIMtfBKFHLEKo321WG84fCCfZF5kok0cs8BgGYuOZNMg/wkNdeFfEAiZn5JquSf8Cutw==
b2OVYrFmmkTduAQmYETtSEEcy90/bS2acsn2+AjY+SoAK+MJt9I2b1fnJi3ppVotld240IKtGV29eXV8claXZq93XhVeWY9vvTZA3v4gULjA46ZvX7ZfvAT1h1+10Jfx2332AkLsa7Jk8erUbzXDo6IR0Mi3EGw5NNJMaw32kZQofYpDP704jnKGVO07zr5xNEzrIUZM0OMUWKbViwO9b+S6/SbbLVuDoYUXdc0jv++4lid6k/8d1ohVuCazarQ60TKUBLFBghghI2i48WFstNZBiQL8BaBi7IXzKYUDu+aTS0LE3c/d7Ik/Mx/TRhqi8lu5AfKHc++tXdGupA==
KG5QE2SUYEiOuixBRM5MsYaz72uldUfwtbBJ8foStx5ApPrEmjFPg88H3/DyLH65Y/MfM5DjojTYNrcs+v1HIbnfo+oUULxr2M8+HNl6YnD2wF3ZehmirmaLA2tEzGOO38U76cBc7rn9i3Dd655QLFj/h2NbBJNd+j3U9V24OFOt8waySU1S5cfLmlc1OIUgA5PgtB7AI16XjrdWJa61MlMffN6yuMEI0vc36WZgjEm2Rog9XMovpywuMYlIMtfBKFHLEKo321WG84fCCfZF5kok0cs8BgGYuOZNMg/wkNdeFfEAiZn5JquSf8Cutw==
b2OVYrFmmkTduAQmYETtSEEcy90/bS2acsn2+AjY+SoAK+MJt9I2b1fnJi3ppVotld240IKtGV29eXV8claXZq93XhVeWY9vvTZA3v4gULjA46ZvX7ZfvAT1h1+10Jfx2332AkLsa7Jk8erUbzXDo6IR0Mi3EGw5NNJMaw32kZQofYpDP704jnKGVO07zr5xNEzrIUZM0OMUWKbViwO9b+S6/SbbLVuDoYUXdc0jv++4lid6k/8d1ohVuCazarQ60TKUBLFBghghI2i48WFstNZBiQL8BaBi7IXzKYUDu+aTS0LE3c/d7Ik/Mx/TRhqi8lu5AfKHc++tXdGupA==
KG5QE2SUYEiOuixBRM5MsYaz72uldUfwtbBJ8foStx5ApPrEmjFPg88H3/DyLH65Y/MfM5DjojTYNrcs+v1HIbnfo+oUULxr2M8+HNl6YnD2wF3ZehmirmaLA2tEzGOO38U76cBc7rn9i3Dd655QLFj/h2NbBJNd+j3U9V24OFOt8waySU1S5cfLmlc1OIUgA5PgtB7AI16XjrdWJa61MlMffN6yuMEI0vc36WZgjEm2Rog9XMovpywuMYlIMtfBKFHLEKo321WG84fCCfZF5kok0cs8BgGYuOZNMg/wkNdeFfEAiZn5JquSf8Cutw==
b2OVYrFmmkTduAQmYETtSEEcy90/bS2acsn2+AjY+SoAK+MJt9I2b1fnJi3ppVotld240IKtGV29eXV8claXZq93XhVeWY9vvTZA3v4gULjA46ZvX7ZfvAT1h1+10Jfx2332AkLsa7Jk8erUbzXDo6IR0Mi3EGw5NNJMaw32kZQofYpDP704jnKGVO07zr5xNEzrIUZM0OMUWKbViwO9b+S6/SbbLVuDoYUXdc0jv++4lid6k/8d1ohVuCazarQ60TKUBLFBghghI2i48WFstNZBiQL8BaBi7IXzKYUDu+aTS0LE3c/d7Ik/Mx/TRhqi8lu5AfKHc++tXdGupA==
KG5QE2SUYEiOuixBRM5MsYaz72uldUfwtbBJ8foStx5ApPrEmjFPg88H3/DyLH65Y/MfM5DjojTYNrcs+v1HIbnfo+oUULxr2M8+HNl6YnD2wF3ZehmirmaLA2tEzGOO38U76cBc7rn9i3Dd655QLFj/h2NbBJNd+j3U9V24OFOt8waySU1S5cfLmlc1OIUgA5PgtB7AI16XjrdWJa61MlMffN6yuMEI0vc36WZgjEm2Rog9XMovpywuMYlIMtfBKFHLEKo321WG84fCCfZF5kok0cs8BgGYuOZNMg/wkNdeFfEAiZn5JquSf8Cutw==
KG5QE2SUYEiOuixBRM5MsYaz72uldUfwtbBJ8foStx5ApPrEmjFPg88H3/DyLH65Y/MfM5DjojTYNrcs+v1HIbnfo+oUULxr2M8+HNl6YnD2wF3ZehmirmaLA2tEzGOO38U76cBc7rn9i3Dd655QLFj/h2NbBJNd+j3U9V24OFOt8waySU1S5cfLmlc1OIUgA5PgtB7AI16XjrdWJa61MlMffN6yuMEI0vc36WZgjEm2Rog9XMovpywuMYlIMtfBKFHLEKo321WG84fCCfZF5kok0cs8BgGYuOZNMg/wkNdeFfEAiZn5JquSf8Cutw==
deICAgzHmSmWqXjH+wQCIlFGMdc+5mDc+eRQFIbhfjcMhdtOU70ePEZFLHyljmBEMXbr+iaxVscdPvnD/dATkCNurh0=
H1MAzbmZ3KQSe8gpFKtg7h+uc/tIdCC7oi1e1YGxc7/9P09szyysZLHnSTydZ6XbzxyOcuYzFeHe78cfmSVtrhg=
Ne5KWudPm8J0pOJQoOU0xDT2+FW7pmre2fVRTaACL1wk9Ctjy7Qv0x97dag8uqT3TzGEC6X369EXrmI=
8PDtCvGvDXg3ScxXW2OlvIYgOMJxdxrhIlhu8h+NTGC9inBoGUKrRp4V5kuVqlmfJZTD/MsarmE=
Np6pP1UP0FA2T+chWZxyfJzP1f2lgahi60QQV2o4xWRT0IE4u+j0co6HP3j4jbGlXsS0O5Fo+kbI/rP3aWKJ4pULitZhwDZh95/d1F/NPWZx5mitheKt2a7GfVZlf3CsnDwp4cDEUupfpCJNMXlDLiWH/lPf17OpfJV5dv5Bq9FmY46ndcOu/DBnZnScmmH+XvDnQouspwRKl83ZvjVkjeWszAK/Ld4XT1G9qGwkgL1VkDa59rF9/RBddT5P3WlZkJ0G62trIQDn7tLQWgf56WOdC3tME2nBtkPV7qJNCZMxxeWTxbePlqsPfOVzrrgfYywnUFpNwCYbTYOoPPLG/Qu897KyByPFRTEDWJJ7O91s6vQcHLHbpfjyhH2HXY/X+zDa7eXnvAEURlSXPddOBml52sEXT3IjtUxtpNO3aIA+dGt6B0rfomVa3fZDuzTqEgzJrALz351mFGRNZuKAifz+ZwM86ll9CMa/Bbh1g6SKA1NxVndvtomCrWKaAFn/HLJJvCgiJc1LBPoTTrG5NCkt8YJ7lpe0rsM=
KGS/PEJMAp3hdmhn08S2sK0o5HUwfrrwvbLs0uo15HxiIdhSyDLUGtAKA0sIADNP9KFpG0QQITgf6pJVJMbFhdIDUAHfqalAhuiZ8lpHF0WJmpcPgRDBDMwzHXAhXy58ifgN3ax6zHbtH/i2fgx/vjZDOXs/GNWtmg0HBf/vvG/NGFajN0f26QoZDXFCWlA9srrU2F0IbprDXJO+qwJKrbn3Vhc42zVmiHwH33Jx78spJuSmfAslOtJnruOxO1AnQdBnv3VPgJcC1ZNZTSYHNIaeksVFn9N3r+XUgeVHNvkhQMrv1UVhjyFt/cWjcIsVaOt7rMQpkwZDDoKfjGDbtzfGlBBaa5s2cwzKtc9jJWvXlto5BytcgNACBKPXo/jI8FNvf9OBK/qek10VEGe03MAZtVWysBnTPh9PHb7l9TZZSvvVdJYufm9E/3izhIWAibiLeYicouZtMpphUxvmrpDjDkBcX6y0o/0EmHWbKNyrC7B3/5J6KTcvjqUj8El4GQwy4sVpjDjNAlCQyWsrXi7dBvOFwhlH1ZxjhJuyrvk=
qsEH0MPEJrsyqXY9YhtyOlqx+kifPJNZyHKlMnTwpCs591BZNwyE/dZyuDP8LnGgWH4dW4sYQk8+LQEoyfHJ3guKL2iuHw==
7lU/9xNV0AtTa1l/XnJL+VtHhw9+e7RTVOrjDlm/Gho+f3+yRloVcyswviU24OGcl0eSAjXqgWsXXoLRuqax7r6y26aGlKPVqLALh0oY08VGHPwVW1IuUWoqJsExaUdHca5ZH5CUD5t3xCMbkDtxYLCKWE8rEWCT+ecnWVOuJg==
64jBHIbyZvFd6NXZtKZX5XM1mRjFp93noeDaZE02kZyGhEg/f/eJC6qevwaHPwDAybzEWmB9AfUsh/dWcHt+oPQd7CSVlgCcgeVrYpZpNt8tZjmbTUhzSBN2rgU=
z0+Ytml0MXu9/hxrNjxpawNa5PIeq3ADdE8tZlrmybgZBhoS2M3LiTHhBvgfpOOR6Hq1CjQINKPZv2BBNxS0tTb6KMu8FmGoeLZtwwuAsgceJREQCYlZVmtCH3CuBw==
l2F+pDR/mTUGDyBSOHvk8Sppy9cvmVEZQ08tZlrmybgZBhoS2M3LiTHhBvgfpOOR6Hq1CjQINKPZv2BBNxS0tTb6KMu8FmGoeLZtwwuAsgceJREQCYlZVmtCH3CuBw==
6AKqzG+7hhBraQkofEDEvBd+YCxRRiViWuLBrAkSMvb4qeNdYbXOPF9gK8W4rh1ulOycN0kr6MW3kDwhpm6ALxxyyXwo4qUHS0R6U07xOXQpbXFCe1YXdK4D
khE6Fx8IesDdu+8MFsF5RvaEJ1eNrSoBhh6IHc/VDwesVF1eWt65kPkuSkoYFZvhkQm2gJ9cU/lIkmVSdNDki7mXkHk3LESdVtL4E/xOsUDY3t07i/gC775NQcjJ0Ql+i2pvSK4/
KtUGd4hl6/e253qqKcwpNjfV4vL36NM2V8nVOpp5U2epHx8aHX/Ntemwg0BOVRSlRuRRb28l1JRFTytcOzqu3ahyWBdPYmB6teI6BHXfVcwx70qb6xTiwnpL0cHaN3uPdW1Jrjw=
aDDR/0OTLDnmGGDq1WGfwqG2XuaErOPgmHuCj6yZtkNAzNSumqFqNXP4yxRsJE6aRbkuOLzQ3110K0FceLfCmtV2RNUnDzA2YhLrIVhU4p5d2rp5QxPmluDL7pgMF2xME5WkAOUTqGRbo9AvL1o6UQfHrr0z+ElAaSTSOpUhTMB9avAIWemr5t51ZqtVClk/5XRDnIu6rsE=
amzQ+0m/0cL3lcIADY3Tp+3Gqw31jDM+uon+BXMQWs7wtWUvJQdpky/bDlCkP+wtk6yVAxsnDAn68zVKXpu4hRL0S6NrNI+T9HtVaFw6xDdvMWRLRXdLEXeuAg==
