lx4Q+dBb+pY3SqldLrUqt8yPsNsEQouveVUnZWsB6jmvUyohOXxXejLLqfzZTZWvFooCNKwL9m5vqhbqJ1lN5MtxgE4hamYBQsW1fqv5iWxc0pFnFD8qCfcyVxRKVuTDkdE0BFEBYpgB4wi4USGMNPYBKQKcxYDiDMVTKSXD20azC4LEfQj9bOn/nh8zBz0ilpjZA1HHhmWHnaqp3Q==
8494dtDoLa02APPOymW3yUvglfGistAqt5+9qMRZGnPgrf7JxP19vbRx3LVChgE+ttKQsj/I7A1mT/kxNoK0i7UFh2yukJ+scFPokG8H0RdtoOCeVAEAMS8uu6Wc0r/vDKYBscgK50kImVsI6q/Lneb79zoJDjXuCuzBc3wellCYbn0Hj8ihWH5ZYhhLAul7QZCPo6nW
Oh4Vc8PGNhecv+64FmriQ9nN8LvYFm3XBpeqlxogxT4QTQ5q35gsbjrTeu1QgwDW4/hOhj0w2g1PNllZBoNcwD0pCH7hiNlwdpTgV/4Q6KqFV+BD1SqDbr0fBVaesmb/Fv73BlDZBGkzHm3Vj3RqvgfXQvMcERF+8ZTsGgLbpx1itMdtVIAHz87Y143K7MBt/7IKSTa66sl16YNPPR6FB5T0q2RLtK/TmH/1q7u6IPTPMwcLMP1h0Yyp+w==
1zIvRgzewJPOYf8cnUuawcYNp6B5EesPRGIlYSpzpJvRL0zvWD7fMJ3cHnzk6P8OID8+Md0bxpSIib0Lk5aOtvP+SI0sWj9xjbWFTlQE1IeMw7eQ388sBEMtROhViyjsy1twh18C+pnX/87VA+BJSHlc0hJl2QyIKtIQ4Ol9L25NisYHJlKb9DVZKf67uanQ
eFWRWRJNcvbqxRcOna0VX2mcSMmRHGDm0bzj65BnnWLY4Itv/Pu5/EInZFcJCzzzUMv/HOWYzoBMfH+CuNuObZUvJniwja03e0LO+qtauBGkLp/ddXHVMnwQ1IuUp4dMF3tMaPup1FQ93+ggE38Am1f22rWvux4pq3TJxOG4Yk4t7exkEtYA3AGpbyIVLjabriY7WM2deYKTranc
AUuBWTwe6nj5libw8d8wBGmcSMmRHGDm0bzj65BnnWLY8YNh+vS4rkInZFcJCzzzUMj/HOWYzoBMfH+CuNuObZUvJniwja03e0LO+qtauBGkLp/ddXHVMnwQ1IuUp4dMF3tMaPup1FQ93+ggE38Am1f22rWvux4pq3TJxOG4Yk4t7exkEtYA3AGpbyIVLjabriY7WM2deYKTranc
SH0JaZf1tbdmLoiZ6nuMLgoo0F+zgwSiyEcAZZhFIGHqacx+ocjoRSl4sDq9mO2ByKcmHBFlpmpQkfyyalOku5GPzE8YHd8Q3Xye3KTI/y5gn76RnTvGtMgpPavTto6Ws17ILWx6P1HNFQXuFCTUp8xjNzCf7ywkA43ESBWrKMyL+/AnHyL6uZdfTnVDwEloOfxSsiX5DKhqcpBAqV0vTg0qRqdmcpvUdfmpXvuZqfA=
89PayCARn8lzmJyOWxERuFfxbkae5GVbP3V+Su8I9wAZNak+KHgdMJaUwJeekAjqp1eDAzWqI67dH+UWPjIGP/b+18YwWeQpEx4NFS/0yn5n12KzvJFxvtGUzNpiWwddQrSnrfQApw+u2PfNKmygrd+y6olWOkqJlenjj52eZUf09IskqzTPE7h/FesbOoC0LzMny5B9gZGsqds=
8GOMUNlKSP6x3i+OXj9XpozE0DpEYAfNgUFw6tql5cLuV3ce/MRoqLWqPGIKY6SrsX+MH/irX4B9DF4MxPj/PkBv/sF9i0YkaFn9e7OGjoaTroh9jMq/wW1lxT50FNS37JN3YH9frLSj/QSYdZso3KsLsHf/knopNy+OpSPwSXgZDBLixUmMOMoCUJDJbS9eLdoG94bCG0TViWmOm6mp4A==
aA72+ffsatAUi+gHnJkUWZGcussYSoj8Y1c5dXhG9hqvXipOXxI+YDvcsPTme7jIXsZTZ/VP43Jl4hvfI1p46tBzgE4hamYBQsW1fqv5iWxc0pFnFD8qCfcyVxRKVuTDkdE0BFEBYpgB4wi4USGMNPYBKQKcxYDiDMVTKSXD20azC4LEfQj9bOn/nh8zBz0ilpjZA1HHhmWHnaqp3Q==
FT+t1LLhJgT+GbDtIdnvtbGpUPLKreX6nn+XxrOG5gJAiZz6muskE0HX7EcoYR/4TeR+FNTw/wYwRx4ZLcOG3NgxXeMjDg4+YwboJVwC/7ldjeUmZBzUj5y7l7gvF2xME5WkAOUTqGRbo9AvL1o6UQfHrr0z+ElAaSTyOpUBTMB6avAIWeWv5t1yZq9WCls85WFJlouhqdg=
9aUdxBGxltQ486lUtehXE31jZBSibTLWKnu825eK1EAeFEgn9vCwGngQ+1PtSgu+1R/tBhZSXu8OPo+2iLkMmZueheWHVLLOvxda4+Sxma7ZlMTKintfDXp0fx2MoA//Jlh/fcKMGN2HchJZDlpimZ3p65+1fr0XjLRT1BNUp6Mw/52bs5p4BHdzHxtIXemBpKnT
uO3BkWaEskHwW4isUePQEm0J+rOTzx2lTHD6tKo50oOjhPyYuR4rG6jaVN/YDQwWMp/k73mz3EsgdzgklaAuuDxEf7rI425V5RfmwMA1TY8L+k5C2+JYqdSWX+UFSTUKDCjUs+SfZ3RnQ4zQixE07E1naJhjx+AjJ04ajd+D/hHbTMn8kYCCdl3VLNxibuBkcRHvmmWW1iPenvtgvaWZuuOVqeQ=
EogLN+MqQua7/S0JbQnihcj1kg4F52rXZ9n4GJM2u14AMRhoGTudr5UupdxWQpaAo0wodH7rIGg2lpigvX8LUh3S499baoDKuENIDmm6jqHaVS3+M2kRDPQCWSdczwJpz8JvFHKm3KO5IXxEmdHK+JlzkDjJsRSUHtFhQlT16ML09Ssp3fOjZls7ygS1WJXMcW8Gn6uXpcI+yJHDmbeuhb/tkqnl
cx5gf9VjdRViZutxXGnduJU7oYFr9bWs4lnZ7zATZmglL0STcdASaVZqcatJ+GjOnlS0KSnZcZz1SxXPA94cuQUZYe3AeZTjyAzXsG3mxX/U9mb4n2WZKnm5/kNer0csCeyQ65L0Rup2vmv/wwSsNHqjrBjK7nzBWGfXwtHaJ18fYsxa5Fss7g1C8lFWnSk+t6EdPEi6fQf4V955A0qrFLYuELNludhkvWl2yJW7FPjNeZhkYikFojDttFK4/W+pGftv9ocjLmRRIGm8/ScC3y/fqfKCcLXjPS/ylfNl1qmh
BmeHzqHBlgfPEklcOaKgtb3qrBc777/jTzsviLZftASSXN6Xot22mbZeTznGeSL3ZHgTpvrbJCMh5yz3SNGZSS1UviS0wP82UHfeqU1zBmy4gZ3TQz4ODgM2KJU8sn8JPT0lFgQs1L/8i1cIT6fs/HMlZDCFI6hUO5MQn0/quuFnd26NU8hJcAkUMor1scxwGtowODnVr9a9QqYfNrrbjIXRiabrkano
KIxs7pZzoJ/w+BrBBqVGP0la+4io2wpegvRpWzljaBbuEfVKfRMEUhodo/jS1ARf0uC0Eg82JpupOq8mWZ9hnrKimqdSHnO+jKkoYVfeyV1jxDZGA/eGq6CBfbbVlMjSbksbRaaUw5UIMOtHahizheacHNV7Uk4RyqrGARFpZwcRDvnfUJQv3BdEg9t8P1Ej1wr8jMsTQ9OMbY2ZqKnf
pj/hfO2tzoaYnQI1C8kiyz3w7QE6kpih6f+bZbo8qJKic/HLwfSmBQQxJfEEnQQYKiSZ0gZeCD6/RHSB1qNhnVYubGcFSd+gblzH4EC/MLwPK8n7Xaz4klQNGD0fwqOJ/P5nAzzqWX0Ixr8FuHWDpIoDU3FWd2+2iYKtYroAWd8csk68KCIly08E+RROtbo0Ky7xl3Gcl6+p2g==
+bX0imPEB2kDFGu4krXJ4ov4PkYG/UgbFHQOUURlDRUUmQwNCvBRFlY6oKo/0NzlhmepSXY6ZGMVrff0LghvBNA7uCiv/wE/DcjQhlQZMFlPBmtdXGrvh6wO8SlIkpfhqHGLsKrXm7UGE8ciCRYFBurEkQs8pka4OMYNnw9QUfDeMTKgi/o5UyH4v7upzg==
iglylBphlCrhyJni/fLXXX+k7p1g2o6g6/zA9NabaIgupufia++zMlUCC98zOkgqANMQzpGKlsESpYV+W9nZLOxyYeeEX3rJBxJHFFp2FAPBsaSEoaHS2FHD+LhhQdz0BuGZggxlUCI8pUMpNSPrBuOrEkTNaI0sOR+uH0Mn7eImOKmDwSdWJfe9uqnN
dByvIvqo8UUdFJ3IsIj8YIn4PlcE60wbFHQOUURlDRUUmQwPCvBRFlY6oKo/0NzlhmepSXY6ZGMVrff0LghvBNA7uCiv/wE/DcjQhlQZMFlPBmtdXGrvh6wO8SlIkpfhqHGLsKrXm7UGE8ciCRYFBurEkQs8pka4OMYNnw9QUfDeMTKgi/o5UyH4v7upzg==
/Va2wULw/vSlBXHUi49Yfn+k6It8x46g6/zA9NabaIgupuHia++zMlUCC98zOkgqANMQzpGKlsESpYV+W9nZLOxyYeeEX3rJBxJHFFp2FAPBsaSEoaHS2FHD+LhhQdz0BuGZggxlUCI8pUMpNSPrBuOrEkTNaI0sOR+uH0Mn7eImOKmDwSdWJfe9uqnN
UmlugIh8PVV32dAr/vO4Qn+k6Z1uwo6g6/zA9NabaIgupuDia++zMlUCC98zOkgqANMQzpGKlsESpYV+W9nZLOxyYeeEX3rJBxJHFFp2FAPBsaSEoaHS2FHD+LhhQdz0BuGZggxlUCI8pUMpNSPrBuOrEkTNaI0sOR+uH0Mn7eImOKmDwSdWJfe9uqnN
PJ8AXur9bTg/howjYoWWOE0xE+6JmXvuOZRFbYlczSDdiLKV/5fiQXsAxzhT3otsJnzeucQNXc30oXwlyRnhbvbicII/+Aw9Jh8ZobYSFFv1daecruC/XLADSADvl7HHrZCArlQxYAHv/ts1HEIfv8xWIcHI+sc5SEn7mGo/K82myxcKCT7V3kq8IeP8jjaA2B5d94+4gai+CcKIy5KJq4Gg75Op5g==
qYlr+rdTiJtqd19maqU5LalyMwFF33zgjjFoO6RAAy9XIRJV/cP4OB2qdHaIyNXjDUZ2IzsKv+G8zA9rTqbW36YbEyhGEu4Pvr4fFlj5fLmLnpWFt5Riri+XqkOU8UlO6ZT0Klo7L62K9O99XGA/nzZYb12yzMh9F/Kiub4aMrlt6Zu/Zb4Ndzw0w3RDlFeDIP+Ne4PaKOTn82+7uJ254ZSp4w==
Iecb24EhsH+h4KegQeG8AKlyMwFF33zgjjFoO6RAAy9XIRJV/cP4OB2qdHaIyNXjDUZ2IzsKv+G8zA9rTqbW36YbEyhGEu4Pvr4fFlj5fLmLnpWFt5Riri+XqkOU8UlO6ZT0Klo7L62K9O99XGA/nzZYb12yzMh9F/Kiub4aMrlt6Zu/Zb4Ndzw0w3RDlFeDIviNeYHaKeTn82+7uJ254ZSp4w==
INbgoH+6usfJtMLpqxlk+tZxBDRUhNMTPvbXpuXoh2e1KMmzubLyos5NellMStsIM4Hgq9wXdVOKwMi3CsT/IEgsy/n2ysQzVZ0X5C4YDzQQ6xhYL0/h70248JZUCRApD9aL7dwaT1dsPpE5SIJ30eghK0AqZ/vlxuPnMgkGJfYqlPG7vFbm6Hj27YoOQDPCHuCS0AtK2YNhiJ+rqd4=
